/opt/home/aracena/thesis_practica/tips_nibabel/3_recon-all_freesurfer/output/freesurfer/sub-04/mri
/home/aracena/freesurfer/bin/talairach_avi
--i orig_nu.mgz --xfm transforms/talairach.auto.xfm
talairach_avi 7.2.0
Linux daniela-MS-7760 5.11.0-41-generic #45-Ubuntu SMP Fri Nov 5 11:37:01 UTC 2021 x86_64 x86_64 x86_64 GNU/Linux
mar 28 dic 2021 02:04:24 -03
mri_convert orig_nu.mgz talsrcimg.img 
reading from orig_nu.mgz...
TR=0.00, TE=0.00, TI=0.00, flip angle=0.00
i_ras = (-1, -9.31323e-10, 0)
j_ras = (4.65661e-10, 1.62254e-09, -1)
k_ras = (-9.31323e-10, 1, -2.36469e-09)
writing to talsrcimg.img...
Analyze Output Matrix
-1.00000   0.00000  -0.00000   125.91116;
-0.00000   0.00000   1.00000  -128.78792;
 0.00000  -1.00000  -0.00000   105.80498;
 0.00000   0.00000   0.00000   1.00000;
--------------------
INFO: set hdr.hist.orient to -1
mpr2mni305 talsrcimg
mar 28 dic 2021 02:04:26 -03
/home/aracena/freesurfer/bin/mpr2mni305 talsrcimg
mpr2mni305 7.2.0
target=711-2C_as_mni_average_305

---------------------------------------------------------------------
analyzeto4dfp talsrcimg -O0 -y
---------------------------------------------------------------------

freesurfer ifh2hdr.c
Tue Dec 28 02:04:26 2021
Writing: talsrcimg.4dfp.hdr
freesurfer analyzeto4dfp.c
Reading: talsrcimg.hdr
header size 348 bytes
hdr.dime.datatype	offset=70	value=2
hdr.dime.bitpix		offset=72	value=8
hdr.hist.orient		offset=252	value=-1
dimensionality     4
dimensions       256       256       256         1
Reading: talsrcimg.img
Writing: talsrcimg.4dfp.img
Writing: talsrcimg.4dfp.ifh
ifh2hdr talsrcimg -r0to252
ori=2

---------------------------------------------------------------------
gauss_4dfp talsrcimg 1.1
---------------------------------------------------------------------

freesurfer gauss_4dfp.c
Reading: talsrcimg.4dfp.img
Writing: talsrcimg_g11.4dfp.img
image dimensions 256 256 256 padded to 288 288 288
processing volume 1freesurfer ifh2hdr.c
Tue Dec 28 02:04:39 2021
Writing: talsrcimg_g11.4dfp.hdr

Writing: talsrcimg_g11.4dfp.ifh
including: talsrcimg.4dfp.img.rec in talsrcimg_g11.4dfp.img.rec

---------------------------------------------------------------------
imgreg_4dfp /home/aracena/freesurfer/average/711-2C_as_mni_average_305 none talsrcimg_g11 none talsrcimg_to_711-2C_as_mni_average_305_t4 4355
---------------------------------------------------------------------

freesurfer imgreg_4dfp.c
/home/aracena/freesurfer/average/711-2C_as_mni_average_305.4dfp.img
       256       256       256         1
  1.000000  1.000000  1.000000
orientation T byte_order littleendian
Reading image: /home/aracena/freesurfer/average/711-2C_as_mni_average_305.4dfp.img
dimensions:      256       256       256
mmppix:       1.0000   -1.0000   -1.0000
center:     128.0000 -129.0000 -129.0000
talsrcimg_g11.4dfp.img
       256       256       256         1
  1.000000  1.000000  1.000000
orientation T byte_order littleendian
Reading image: talsrcimg_g11.4dfp.img
dimensions:      256       256       256
mmppix:       1.0000   -1.0000   -1.0000
center:     128.0000 -129.0000 -129.0000
t4_read: open error in t4_sub.f l:  41 t4_file(1:l)talsrcimg_to_711-2C_as_mni_average_305_t4 
t4_read: transform initialized to I4
rotation matrix determinant  1.000000
image alignment mode   4355 decimal     1103 hex
   -7.5000  -45.0000  -45.0000 7979.6353   13.5989
    0.0000  -45.0000  -45.0000 8289.0732   13.6184
    7.5000  -45.0000  -45.0000 7962.9185   13.6164
   -7.5000  -37.5000  -45.0000 8347.3213   13.4043
    0.0000  -37.5000  -45.0000 8676.8506   13.4178
    7.5000  -37.5000  -45.0000 8345.1406   13.4169
   -7.5000  -30.0000  -45.0000 9037.2754   13.0921
    0.0000  -30.0000  -45.0000 9410.8398   13.1106
    7.5000  -30.0000  -45.0000 9052.7393   13.1154
   -7.5000  -22.5000  -45.0000 9796.3037   12.8850
    0.0000  -22.5000  -45.000010219.9033   12.9100
    7.5000  -22.5000  -45.0000 9836.2969   12.9175
   -7.5000  -15.0000  -45.000010585.9971   12.8006
    0.0000  -15.0000  -45.000011072.8037   12.8298
    7.5000  -15.0000  -45.000010667.1699   12.8375
   -7.5000   -7.5000  -45.000011391.3535   12.7495
    0.0000   -7.5000  -45.000011920.5264   12.7756
    7.5000   -7.5000  -45.000011481.9697   12.7794
   -7.5000    0.0000  -45.000012160.9736   12.7298
    0.0000    0.0000  -45.000012736.5732   12.7481
    7.5000    0.0000  -45.000012253.2881   12.7477
   -7.5000    7.5000  -45.000012020.2793   12.8899
    0.0000    7.5000  -45.000012612.4111   12.9038
    7.5000    7.5000  -45.000012118.2842   12.9044
   -7.5000   15.0000  -45.000011702.7373   13.0933
    0.0000   15.0000  -45.000012286.6357   13.1100
    7.5000   15.0000  -45.000011807.3232   13.1139
   -7.5000   22.5000  -45.000011292.7588   13.2758
    0.0000   22.5000  -45.000011879.9326   13.3019
    7.5000   22.5000  -45.000011401.4199   13.3088
   -7.5000   30.0000  -45.000010828.6836   13.2731
    0.0000   30.0000  -45.000011373.4404   13.3034
    7.5000   30.0000  -45.000010912.8066   13.3099
   -7.5000   37.5000  -45.000010671.7549   13.4261
    0.0000   37.5000  -45.000011228.2383   13.4515
    7.5000   37.5000  -45.000010781.2549   13.4531
   -7.5000   45.0000  -45.000010182.2246   13.2291
    0.0000   45.0000  -45.000010711.7227   13.2427
    7.5000   45.0000  -45.000010273.7617   13.2380
   -7.5000  -45.0000  -37.5000 8208.3418   13.6055
    0.0000  -45.0000  -37.5000 8522.4521   13.6260
    7.5000  -45.0000  -37.5000 8209.3506   13.6261
   -7.5000  -37.5000  -37.5000 8620.1436   13.4130
    0.0000  -37.5000  -37.5000 8969.4893   13.4288
    7.5000  -37.5000  -37.5000 8638.3135   13.4301
   -7.5000  -30.0000  -37.5000 9380.2490   13.1025
    0.0000  -30.0000  -37.5000 9783.7041   13.1230
    7.5000  -30.0000  -37.5000 9425.4492   13.1295
   -7.5000  -22.5000  -37.500010183.5576   12.8920
    0.0000  -22.5000  -37.500010657.5078   12.9163
    7.5000  -22.5000  -37.500010281.0664   12.9250
   -7.5000  -15.0000  -37.500011024.9678   12.8041
    0.0000  -15.0000  -37.500011568.2881   12.8305
    7.5000  -15.0000  -37.500011162.4170   12.8395
   -7.5000   -7.5000  -37.500011875.5635   12.7518
    0.0000   -7.5000  -37.500012489.0791   12.7759
    7.5000   -7.5000  -37.500012026.8223   12.7814
   -7.5000    0.0000  -37.500012675.1689   12.7337
    0.0000    0.0000  -37.500013336.5020   12.7525
    7.5000    0.0000  -37.500012834.8945   12.7538
   -7.5000    7.5000  -37.500012545.4580   12.8966
    0.0000    7.5000  -37.500013188.8223   12.9129
    7.5000    7.5000  -37.500012688.3975   12.9153
   -7.5000   15.0000  -37.500012239.8906   13.0983
    0.0000   15.0000  -37.500012890.5693   13.1173
    7.5000   15.0000  -37.500012396.4072   13.1226
   -7.5000   22.5000  -37.500011846.4414   13.2792
    0.0000   22.5000  -37.500012490.9873   13.3044
    7.5000   22.5000  -37.500011990.0273   13.3128
   -7.5000   30.0000  -37.500011322.6230   13.2756
    0.0000   30.0000  -37.500011969.8857   13.3026
    7.5000   30.0000  -37.500011479.4883   13.3104
   -7.5000   37.5000  -37.500011138.8672   13.4278
    0.0000   37.5000  -37.500011784.4385   13.4499
    7.5000   37.5000  -37.500011300.3408   13.4523
   -7.5000   45.0000  -37.500010604.2119   13.2292
    0.0000   45.0000  -37.500011213.4990   13.2428
    7.5000   45.0000  -37.500010734.2861   13.2397
   -7.5000  -45.0000  -30.0000 8540.4492   14.1524
    0.0000  -45.0000  -30.0000 8897.8711   14.1729
    7.5000  -45.0000  -30.0000 8577.9873   14.1728
   -7.5000  -37.5000  -30.0000 9022.8438   13.9612
    0.0000  -37.5000  -30.0000 9396.3760   13.9773
    7.5000  -37.5000  -30.0000 9052.4170   13.9761
   -7.5000  -30.0000  -30.0000 9842.8643   13.6458
    0.0000  -30.0000  -30.000010278.8389   13.6656
    7.5000  -30.0000  -30.0000 9906.0654   13.6666
   -7.5000  -22.5000  -30.000010708.5547   13.4183
    0.0000  -22.5000  -30.000011237.6357   13.4407
    7.5000  -22.5000  -30.000010848.9570   13.4440
   -7.5000  -15.0000  -30.000011626.4492   13.3147
    0.0000  -15.0000  -30.000012242.9854   13.3388
    7.5000  -15.0000  -30.000011807.6660   13.3446
   -7.5000   -7.5000  -30.000012543.2139   13.2554
    0.0000   -7.5000  -30.000013227.5283   13.2783
    7.5000   -7.5000  -30.000012748.6123   13.2831
   -7.5000    0.0000  -30.000013379.8809   13.2419
    0.0000    0.0000  -30.000014142.0645   13.2608
    7.5000    0.0000  -30.000013623.7471   13.2617
   -7.5000    7.5000  -30.000013240.7490   13.4217
    0.0000    7.5000  -30.000014019.7920   13.4382
    7.5000    7.5000  -30.000013491.2305   13.4378
   -7.5000   15.0000  -30.000012956.8486   13.6346
    0.0000   15.0000  -30.000013733.1387   13.6527
    7.5000   15.0000  -30.000013195.4258   13.6523
   -7.5000   22.5000  -30.000012525.8174   13.8162
    0.0000   22.5000  -30.000013316.7227   13.8384
    7.5000   22.5000  -30.000012782.6826   13.8397
   -7.5000   30.0000  -30.000011989.7529   13.8029
    0.0000   30.0000  -30.000012751.0527   13.8256
    7.5000   30.0000  -30.000012234.2725   13.8284
   -7.5000   37.5000  -30.000011809.3018   13.9534
    0.0000   37.5000  -30.000012574.2998   13.9734
    7.5000   37.5000  -30.000012046.2363   13.9734
   -7.5000   45.0000  -30.000011198.2432   13.7581
    0.0000   45.0000  -30.000011892.9287   13.7723
    7.5000   45.0000  -30.000011397.0811   13.7679
   -7.5000  -45.0000  -22.5000 8883.6055   14.5930
    0.0000  -45.0000  -22.5000 9264.0820   14.6133
    7.5000  -45.0000  -22.5000 8939.9014   14.6115
   -7.5000  -37.5000  -22.5000 9415.1025   14.4017
    0.0000  -37.5000  -22.5000 9817.0234   14.4164
    7.5000  -37.5000  -22.5000 9452.7021   14.4112
   -7.5000  -30.0000  -22.500010310.6240   14.0827
    0.0000  -30.0000  -22.500010787.9316   14.1011
    7.5000  -30.0000  -22.500010378.8271   14.0950
   -7.5000  -22.5000  -22.500011248.2529   13.8441
    0.0000  -22.5000  -22.500011836.0000   13.8671
    7.5000  -22.5000  -22.500011384.8320   13.8632
   -7.5000  -15.0000  -22.500012223.7510   13.7291
    0.0000  -15.0000  -22.500012900.3857   13.7556
    7.5000  -15.0000  -22.500012431.0928   13.7565
   -7.5000   -7.5000  -22.500013198.6494   13.6636
    0.0000   -7.5000  -22.500013963.7500   13.6888
    7.5000   -7.5000  -22.500013471.2275   13.6910
   -7.5000    0.0000  -22.500014087.6211   13.6519
    0.0000    0.0000  -22.500014923.3184   13.6713
    7.5000    0.0000  -22.500014393.2998   13.6705
   -7.5000    7.5000  -22.500013967.5381   13.8438
    0.0000    7.5000  -22.500014800.1406   13.8590
    7.5000    7.5000  -22.500014250.7412   13.8543
   -7.5000   15.0000  -22.500013631.6006   14.0676
    0.0000   15.0000  -22.500014491.6475   14.0842
    7.5000   15.0000  -22.500013911.1709   14.0763
   -7.5000   22.5000  -22.500013140.8916   14.2518
    0.0000   22.5000  -22.500014022.9766   14.2740
    7.5000   22.5000  -22.500013460.6309   14.2665
   -7.5000   30.0000  -22.500012573.0977   14.2312
    0.0000   30.0000  -22.500013450.2061   14.2558
    7.5000   30.0000  -22.500012923.4150   14.2519
   -7.5000   37.5000  -22.500012407.0859   14.3806
    0.0000   37.5000  -22.500013279.0801   14.4028
    7.5000   37.5000  -22.500012758.2510   14.3993
   -7.5000   45.0000  -22.500011763.6279   14.1918
    0.0000   45.0000  -22.500012539.6230   14.2068
    7.5000   45.0000  -22.500012022.1748   14.1996
   -7.5000  -45.0000  -15.0000 9284.4697   14.8925
    0.0000  -45.0000  -15.0000 9698.8896   14.9148
    7.5000  -45.0000  -15.0000 9347.6396   14.9112
   -7.5000  -37.5000  -15.0000 9837.7197   14.6943
    0.0000  -37.5000  -15.000010267.2236   14.7108
    7.5000  -37.5000  -15.0000 9890.6543   14.7040
   -7.5000  -30.0000  -15.000010764.2373   14.3678
    0.0000  -30.0000  -15.000011276.5234   14.3884
    7.5000  -30.0000  -15.000010850.5488   14.3809
   -7.5000  -22.5000  -15.000011770.3330   14.1280
    0.0000  -22.5000  -15.000012374.7227   14.1551
    7.5000  -22.5000  -15.000011900.1572   14.1500
   -7.5000  -15.0000  -15.000012822.5527   14.0134
    0.0000  -15.0000  -15.000013507.9043   14.0453
    7.5000  -15.0000  -15.000012990.8301   14.0444
   -7.5000   -7.5000  -15.000013850.6484   13.9463
    0.0000   -7.5000  -15.000014641.9238   13.9757
    7.5000   -7.5000  -15.000014096.8750   13.9761
   -7.5000    0.0000  -15.000014788.7920   13.9309
    0.0000    0.0000  -15.000015636.8779   13.9527
    7.5000    0.0000  -15.000015050.7451   13.9503
   -7.5000    7.5000  -15.000014651.5508   14.1231
    0.0000    7.5000  -15.000015499.8545   14.1398
    7.5000    7.5000  -15.000014887.3672   14.1336
   -7.5000   15.0000  -15.000014269.0342   14.3537
    0.0000   15.0000  -15.000015167.0908   14.3719
    7.5000   15.0000  -15.000014562.4248   14.3623
   -7.5000   22.5000  -15.000013748.5029   14.5440
    0.0000   22.5000  -15.000014670.1123   14.5703
    7.5000   22.5000  -15.000014106.2090   14.5608
   -7.5000   30.0000  -15.000013156.4688   14.5278
    0.0000   30.0000  -15.000014065.0283   14.5587
    7.5000   30.0000  -15.000013527.4092   14.5526
   -7.5000   37.5000  -15.000012937.5361   14.6805
    0.0000   37.5000  -15.000013837.8955   14.7081
    7.5000   37.5000  -15.000013310.1152   14.7032
   -7.5000   45.0000  -15.000012266.1230   14.4961
    0.0000   45.0000  -15.000013064.4365   14.5134
    7.5000   45.0000  -15.000012551.1738   14.5048
   -7.5000  -45.0000   -7.5000 9685.5342   15.0349
    0.0000  -45.0000   -7.500010119.8506   15.0581
    7.5000  -45.0000   -7.5000 9759.4424   15.0544
   -7.5000  -37.5000   -7.500010261.5000   14.8260
    0.0000  -37.5000   -7.500010744.2578   14.8427
    7.5000  -37.5000   -7.500010345.3096   14.8382
   -7.5000  -30.0000   -7.500011238.4326   14.4879
    0.0000  -30.0000   -7.500011774.1094   14.5094
    7.5000  -30.0000   -7.500011341.3242   14.5079
   -7.5000  -22.5000   -7.500012315.8975   14.2531
    0.0000  -22.5000   -7.500012896.6699   14.2821
    7.5000  -22.5000   -7.500012420.7598   14.2835
   -7.5000  -15.0000   -7.500013428.5547   14.1488
    0.0000  -15.0000   -7.500014096.9609   14.1831
    7.5000  -15.0000   -7.500013562.0889   14.1866
   -7.5000   -7.5000   -7.500014521.6348   14.0863
    0.0000   -7.5000   -7.500015289.9453   14.1174
    7.5000   -7.5000   -7.500014717.0820   14.1191
   -7.5000    0.0000   -7.500015529.6016   14.0660
    0.0000    0.0000   -7.500016359.9463   14.0883
    7.5000    0.0000   -7.500015705.8193   14.0863
   -7.5000    7.5000   -7.500015410.7988   14.2496
    0.0000    7.5000   -7.500016293.9717   14.2665
    7.5000    7.5000   -7.500015618.6094   14.2632
   -7.5000   15.0000   -7.500015024.4131   14.4785
    0.0000   15.0000   -7.500016036.5859   14.4976
    7.5000   15.0000   -7.500015471.1221   14.4943
   -7.5000   22.5000   -7.500014442.6006   14.6748
    0.0000   22.5000   -7.500015426.7773   14.7039
    7.5000   22.5000   -7.500014906.0977   14.7023
   -7.5000   30.0000   -7.500013841.5283   14.6732
    0.0000   30.0000   -7.500014714.0049   14.7078
    7.5000   30.0000   -7.500014203.4189   14.7075
   -7.5000   37.5000   -7.500013598.2305   14.8359
    0.0000   37.5000   -7.500014450.5605   14.8662
    7.5000   37.5000   -7.500013942.1338   14.8645
   -7.5000   45.0000   -7.500012871.4580   14.6523
    0.0000   45.0000   -7.500013645.7207   14.6701
    7.5000   45.0000   -7.500013171.3828   14.6627
   -7.5000  -45.0000    0.000010037.0859   15.0659
    0.0000  -45.0000    0.000010521.2852   15.0887
    7.5000  -45.0000    0.000010136.8164   15.0875
   -7.5000  -37.5000    0.000010641.0244   14.8483
    0.0000  -37.5000    0.000011155.9297   14.8646
    7.5000  -37.5000    0.000010750.0137   14.8646
   -7.5000  -30.0000    0.000011643.5527   14.5019
    0.0000  -30.0000    0.000012199.9434   14.5236
    7.5000  -30.0000    0.000011780.5068   14.5297
   -7.5000  -22.5000    0.000012726.7803   14.2710
    0.0000  -22.5000    0.000013352.3691   14.2999
    7.5000  -22.5000    0.000012867.7334   14.3090
   -7.5000  -15.0000    0.000013873.1406   14.1757
    0.0000  -15.0000    0.000014595.2520   14.2091
    7.5000  -15.0000    0.000014028.7227   14.2184
   -7.5000   -7.5000    0.000014997.7764   14.1178
    0.0000   -7.5000    0.000015796.7080   14.1479
    7.5000   -7.5000    0.000015157.8701   14.1529
   -7.5000    0.0000    0.000016058.7305   14.0947
    0.0000    0.0000    0.000016892.8457   14.1161
    7.5000    0.0000    0.000016154.6445   14.1166
   -7.5000    7.5000    0.000015976.2422   14.2702
    0.0000    7.5000    0.000016925.1230   14.2869
    7.5000    7.5000    0.000016224.2422   14.2884
   -7.5000   15.0000    0.000015702.4932   14.4927
    0.0000   15.0000    0.000016743.9062   14.5127
    7.5000   15.0000    0.000016150.9453   14.5178
   -7.5000   22.5000    0.000015150.3320   14.6937
    0.0000   22.5000    0.000015925.9512   14.7239
    7.5000   22.5000    0.000015454.9160   14.7324
   -7.5000   30.0000    0.000014492.7500   14.7054
    0.0000   30.0000    0.000015114.4258   14.7402
    7.5000   30.0000    0.000014671.2676   14.7482
   -7.5000   37.5000    0.000014234.7051   14.8775
    0.0000   37.5000    0.000014922.0127   14.9067
    7.5000   37.5000    0.000014426.9746   14.9094
   -7.5000   45.0000    0.000013409.7637   14.6924
    0.0000   45.0000    0.000014123.0957   14.7086
    7.5000   45.0000    0.000013617.1787   14.7042
   -7.5000  -45.0000    7.5000 9607.1855   15.0958
    0.0000  -45.0000    7.500010084.7656   15.1195
    7.5000  -45.0000    7.5000 9723.9492   15.1204
   -7.5000  -37.5000    7.500010196.0781   14.8810
    0.0000  -37.5000    7.500010726.4062   14.8995
    7.5000  -37.5000    7.500010322.0732   14.9015
   -7.5000  -30.0000    7.500011162.5146   14.5362
    0.0000  -30.0000    7.500011746.7402   14.5600
    7.5000  -30.0000    7.500011300.5039   14.5677
   -7.5000  -22.5000    7.500012201.7852   14.3019
    0.0000  -22.5000    7.500012808.0449   14.3297
    7.5000  -22.5000    7.500012325.5850   14.3400
   -7.5000  -15.0000    7.500013286.2646   14.2033
    0.0000  -15.0000    7.500013941.2646   14.2334
    7.5000  -15.0000    7.500013406.3320   14.2440
   -7.5000   -7.5000    7.500014379.9512   14.1446
    0.0000   -7.5000    7.500015037.0596   14.1721
    7.5000   -7.5000    7.500014457.1465   14.1788
   -7.5000    0.0000    7.500015400.2744   14.1236
    0.0000    0.0000    7.500016071.0469   14.1454
    7.5000    0.0000    7.500015433.8926   14.1475
   -7.5000    7.5000    7.500015325.1904   14.3027
    0.0000    7.5000    7.500016116.9531   14.3217
    7.5000    7.5000    7.500015524.1738   14.3250
   -7.5000   15.0000    7.500015151.0322   14.5240
    0.0000   15.0000    7.500016127.9082   14.5461
    7.5000   15.0000    7.500015430.7695   14.5526
   -7.5000   22.5000    7.500014763.9414   14.7232
    0.0000   22.5000    7.500015580.0918   14.7521
    7.5000   22.5000    7.500014874.5684   14.7620
   -7.5000   30.0000    7.500014109.9326   14.7334
    0.0000   30.0000    7.500014841.4561   14.7642
    7.5000   30.0000    7.500014167.7012   14.7736
   -7.5000   37.5000    7.500013805.8945   14.9049
    0.0000   37.5000    7.500014559.1934   14.9303
    7.5000   37.5000    7.500013891.3271   14.9338
   -7.5000   45.0000    7.500012937.8652   14.7173
    0.0000   45.0000    7.500013630.9268   14.7333
    7.5000   45.0000    7.500013035.7998   14.7305
   -7.5000  -45.0000   15.0000 9074.3848   15.1229
    0.0000  -45.0000   15.0000 9541.7148   15.1455
    7.5000  -45.0000   15.0000 9194.8867   15.1462
   -7.5000  -37.5000   15.0000 9668.8623   14.9189
    0.0000  -37.5000   15.000010136.0820   14.9368
    7.5000  -37.5000   15.0000 9782.4170   14.9362
   -7.5000  -30.0000   15.000010597.5947   14.5823
    0.0000  -30.0000   15.000011089.8232   14.6042
    7.5000  -30.0000   15.000010705.8691   14.6060
   -7.5000  -22.5000   15.000011579.0723   14.3393
    0.0000  -22.5000   15.000012095.6465   14.3639
    7.5000  -22.5000   15.000011663.2227   14.3681
   -7.5000  -15.0000   15.000012608.8945   14.2285
    0.0000  -15.0000   15.000013159.7773   14.2550
    7.5000  -15.0000   15.000012660.4443   14.2618
   -7.5000   -7.5000   15.000013646.8770   14.1649
    0.0000   -7.5000   15.000014228.2461   14.1900
    7.5000   -7.5000   15.000013665.9277   14.1958
   -7.5000    0.0000   15.000014627.3496   14.1499
    0.0000    0.0000   15.000015306.3955   14.1708
    7.5000    0.0000   15.000014709.8750   14.1725
   -7.5000    7.5000   15.000014541.6582   14.3409
    0.0000    7.5000   15.000015354.6367   14.3593
    7.5000    7.5000   15.000014771.2725   14.3596
   -7.5000   15.0000   15.000014312.0791   14.5667
    0.0000   15.0000   15.000015217.8799   14.5869
    7.5000   15.0000   15.000014528.1123   14.5871
   -7.5000   22.5000   15.000013877.5547   14.7607
    0.0000   22.5000   15.000014731.4805   14.7852
    7.5000   22.5000   15.000013978.5752   14.7873
   -7.5000   30.0000   15.000013284.3555   14.7578
    0.0000   30.0000   15.000014100.6045   14.7829
    7.5000   30.0000   15.000013375.9043   14.7865
   -7.5000   37.5000   15.000013052.9746   14.9218
    0.0000   37.5000   15.000013852.5996   14.9438
    7.5000   37.5000   15.000013167.1211   14.9445
   -7.5000   45.0000   15.000012265.7266   14.7359
    0.0000   45.0000   15.000012968.3076   14.7517
    7.5000   45.0000   15.000012349.0244   14.7477
   -7.5000  -45.0000   22.5000 8484.9639   15.1507
    0.0000  -45.0000   22.5000 8886.0566   15.1721
    7.5000  -45.0000   22.5000 8602.6855   15.1710
   -7.5000  -37.5000   22.5000 9034.1875   14.9531
    0.0000  -37.5000   22.5000 9456.8076   14.9687
    7.5000  -37.5000   22.5000 9140.6885   14.9642
   -7.5000  -30.0000   22.5000 9949.4180   14.6229
    0.0000  -30.0000   22.500010384.9893   14.6425
    7.5000  -30.0000   22.500010015.8281   14.6369
   -7.5000  -22.5000   22.500010909.4531   14.3763
    0.0000  -22.5000   22.500011369.6582   14.4006
    7.5000  -22.5000   22.500010949.0957   14.3972
   -7.5000  -15.0000   22.500011885.7373   14.2578
    0.0000  -15.0000   22.500012405.8154   14.2859
    7.5000  -15.0000   22.500011942.7461   14.2874
   -7.5000   -7.5000   22.500012884.2051   14.1898
    0.0000   -7.5000   22.500013494.2803   14.2164
    7.5000   -7.5000   22.500012975.8955   14.2194
   -7.5000    0.0000   22.500013798.5850   14.1773
    0.0000    0.0000   22.500014509.6396   14.1978
    7.5000    0.0000   22.500013959.3574   14.1977
   -7.5000    7.5000   22.500013665.1836   14.3756
    0.0000    7.5000   22.500014434.7754   14.3919
    7.5000    7.5000   22.500013884.0332   14.3878
   -7.5000   15.0000   22.500013387.8555   14.6070
    0.0000   15.0000   22.500014135.6777   14.6247
    7.5000   15.0000   22.500013525.9600   14.6172
   -7.5000   22.5000   22.500012927.8135   14.7982
    0.0000   22.5000   22.500013575.7783   14.8217
    7.5000   22.5000   22.500012996.1309   14.8147
   -7.5000   30.0000   22.500012356.0801   14.7835
    0.0000   30.0000   22.500012966.1436   14.8095
    7.5000   30.0000   22.500012444.0205   14.8061
   -7.5000   37.5000   22.500012172.2617   14.9404
    0.0000   37.5000   22.500012790.3271   14.9638
    7.5000   37.5000   22.500012268.4932   14.9608
   -7.5000   45.0000   22.500011500.4707   14.7564
    0.0000   45.0000   22.500012070.6797   14.7723
    7.5000   45.0000   22.500011559.9570   14.7655
   -7.5000  -45.0000   30.0000 7902.4243   15.3058
    0.0000  -45.0000   30.0000 8281.5479   15.3293
    7.5000  -45.0000   30.0000 8004.7383   15.3261
   -7.5000  -37.5000   30.0000 8430.8291   15.1015
    0.0000  -37.5000   30.0000 8830.7188   15.1189
    7.5000  -37.5000   30.0000 8540.3232   15.1125
   -7.5000  -30.0000   30.0000 9300.7656   14.7652
    0.0000  -30.0000   30.0000 9741.6309   14.7868
    7.5000  -30.0000   30.0000 9413.9004   14.7798
   -7.5000  -22.5000   30.000010204.6631   14.5191
    0.0000  -22.5000   30.000010711.7148   14.5476
    7.5000  -22.5000   30.000010331.8271   14.5429
   -7.5000  -15.0000   30.000011104.0459   14.4030
    0.0000  -15.0000   30.000011704.2334   14.4365
    7.5000  -15.0000   30.000011268.2539   14.4361
   -7.5000   -7.5000   30.000012017.6396   14.3335
    0.0000   -7.5000   30.000012708.2812   14.3644
    7.5000   -7.5000   30.000012184.8770   14.3654
   -7.5000    0.0000   30.000012817.4443   14.3170
    0.0000    0.0000   30.000013556.3223   14.3400
    7.5000    0.0000   30.000013014.6602   14.3382
   -7.5000    7.5000   30.000012627.7764   14.5151
    0.0000    7.5000   30.000013374.0332   14.5328
    7.5000    7.5000   30.000012846.8535   14.5271
   -7.5000   15.0000   30.000012350.9531   14.7532
    0.0000   15.0000   30.000013015.8447   14.7725
    7.5000   15.0000   30.000012466.2617   14.7632
   -7.5000   22.5000   30.000011898.9990   14.9499
    0.0000   22.5000   30.000012473.1084   14.9776
    7.5000   22.5000   30.000011947.6709   14.9684
   -7.5000   30.0000   30.000011371.1787   14.9372
    0.0000   30.0000   30.000011923.2461   14.9696
    7.5000   30.0000   30.000011421.5684   14.9638
   -7.5000   37.5000   30.000011228.6035   15.0955
    0.0000   37.5000   30.000011749.2900   15.1243
    7.5000   37.5000   30.000011268.5195   15.1198
   -7.5000   45.0000   30.000010653.9229   14.9104
    0.0000   45.0000   30.000011143.8447   14.9286
    7.5000   45.0000   30.000010676.1836   14.9203
   -7.5000  -45.0000   37.5000 7595.3359   15.5287
    0.0000  -45.0000   37.5000 8036.7617   15.5532
    7.5000  -45.0000   37.5000 7757.4902   15.5506
   -7.5000  -37.5000   37.5000 8104.2598   15.3093
    0.0000  -37.5000   37.5000 8587.4336   15.3270
    7.5000  -37.5000   37.5000 8297.4941   15.3235
   -7.5000  -30.0000   37.5000 8923.4229   14.9561
    0.0000  -30.0000   37.5000 9450.7041   14.9788
    7.5000  -30.0000   37.5000 9118.5244   14.9784
   -7.5000  -22.5000   37.5000 9774.1924   14.7119
    0.0000  -22.5000   37.500010350.7705   14.7426
    7.5000  -22.5000   37.5000 9959.2090   14.7452
   -7.5000  -15.0000   37.500010633.4922   14.6052
    0.0000  -15.0000   37.500011259.6582   14.6417
    7.5000  -15.0000   37.500010817.9316   14.6465
   -7.5000   -7.5000   37.500011486.5215   14.5389
    0.0000   -7.5000   37.500012156.5742   14.5719
    7.5000   -7.5000   37.500011682.6006   14.5751
   -7.5000    0.0000   37.500012227.2852   14.5168
    0.0000    0.0000   37.500012924.3701   14.5406
    7.5000    0.0000   37.500012443.7812   14.5398
   -7.5000    7.5000   37.500012031.1191   14.7090
    0.0000    7.5000   37.500012695.0938   14.7270
    7.5000    7.5000   37.500012228.7744   14.7248
   -7.5000   15.0000   37.500011730.7900   14.9493
    0.0000   15.0000   37.500012330.4258   14.9696
    7.5000   15.0000   37.500011858.0322   14.9672
   -7.5000   22.5000   37.500011283.8984   15.1566
    0.0000   22.5000   37.500011844.7139   15.1874
    7.5000   22.5000   37.500011379.6748   15.1868
   -7.5000   30.0000   37.500010804.4355   15.1586
    0.0000   30.0000   37.500011328.4717   15.1953
    7.5000   30.0000   37.500010875.6504   15.1963
   -7.5000   37.5000   37.500010675.0371   15.3287
    0.0000   37.5000   37.500011183.0117   15.3609
    7.5000   37.5000   37.500010715.2363   15.3603
   -7.5000   45.0000   37.500010155.6895   15.1420
    0.0000   45.0000   37.500010632.6592   15.1608
    7.5000   45.0000   37.500010187.6436   15.1542
   -7.5000  -45.0000   45.0000 6872.7642   15.8647
    0.0000  -45.0000   45.0000 7321.2134   15.8899
    7.5000  -45.0000   45.0000 7056.9004   15.8896
   -7.5000  -37.5000   45.0000 7364.7095   15.6181
    0.0000  -37.5000   45.0000 7823.7837   15.6360
    7.5000  -37.5000   45.0000 7537.9077   15.6376
   -7.5000  -30.0000   45.0000 8117.7637   15.2441
    0.0000  -30.0000   45.0000 8577.4512   15.2682
    7.5000  -30.0000   45.0000 8277.8145   15.2769
   -7.5000  -22.5000   45.0000 8881.3506   14.9968
    0.0000  -22.5000   45.0000 9369.3770   15.0289
    7.5000  -22.5000   45.0000 9036.4902   15.0405
   -7.5000  -15.0000   45.0000 9662.6416   14.8978
    0.0000  -15.0000   45.000010190.8574   14.9349
    7.5000  -15.0000   45.0000 9826.7422   14.9463
   -7.5000   -7.5000   45.000010435.4600   14.8345
    0.0000   -7.5000   45.000011023.2988   14.8679
    7.5000   -7.5000   45.000010648.0586   14.8744
   -7.5000    0.0000   45.000011106.2441   14.8089
    0.0000    0.0000   45.000011753.6689   14.8327
    7.5000    0.0000   45.000011346.4932   14.8344
   -7.5000    7.5000   45.000010929.8223   14.9927
    0.0000    7.5000   45.000011519.5332   15.0113
    7.5000    7.5000   45.000011111.6162   15.0146
   -7.5000   15.0000   45.000010635.3301   15.2325
    0.0000   15.0000   45.000011185.7363   15.2546
    7.5000   15.0000   45.000010779.9707   15.2622
   -7.5000   22.5000   45.000010217.8379   15.4515
    0.0000   22.5000   45.000010753.1621   15.4850
    7.5000   22.5000   45.000010352.1016   15.4960
   -7.5000   30.0000   45.0000 9808.8604   15.4680
    0.0000   30.0000   45.000010304.9756   15.5065
    7.5000   30.0000   45.0000 9909.8916   15.5164
   -7.5000   37.5000   45.0000 9723.1943   15.6519
    0.0000   37.5000   45.000010199.4072   15.6843
    7.5000   37.5000   45.0000 9795.9609   15.6880
   -7.5000   45.0000   45.0000 9258.0469   15.4690
    0.0000   45.0000   45.0000 9717.4199   15.4871
    7.5000   45.0000   45.0000 9339.7617   15.4832

---------------------------------------------------------------------
imgreg_4dfp /home/aracena/freesurfer/average/711-2C_as_mni_average_305 /home/aracena/freesurfer/average/711-2B_as_mni_average_305_mask talsrcimg_g11 none talsrcimg_to_711-2C_as_mni_average_305_t4 4355
---------------------------------------------------------------------

freesurfer imgreg_4dfp.c
/home/aracena/freesurfer/average/711-2C_as_mni_average_305.4dfp.img
       256       256       256         1
  1.000000  1.000000  1.000000
orientation T byte_order littleendian
Reading image: /home/aracena/freesurfer/average/711-2C_as_mni_average_305.4dfp.img
dimensions:      256       256       256
mmppix:       1.0000   -1.0000   -1.0000
center:     128.0000 -129.0000 -129.0000
/home/aracena/freesurfer/average/711-2B_as_mni_average_305_mask.4dfp.img
       256       256       256         1
  1.000000  1.000000  1.000000
orientation T byte_order littleendian
Reading mask: /home/aracena/freesurfer/average/711-2B_as_mni_average_305_mask.4dfp.img (2306576 pixels)
talsrcimg_g11.4dfp.img
       256       256       256         1
  1.000000  1.000000  1.000000
orientation T byte_order littleendian
Reading image: talsrcimg_g11.4dfp.img
dimensions:      256       256       256
mmppix:       1.0000   -1.0000   -1.0000
center:     128.0000 -129.0000 -129.0000
rotation matrix determinant  1.000000
image alignment mode   4355 decimal     1103 hex
   -7.5000  -37.5000  -45.0000 2148.6853   17.6376
    0.0000  -37.5000  -45.0000 2168.9038   17.3988
    7.5000  -37.5000  -45.0000 2170.5723   17.4232
   -7.5000  -30.0000  -45.0000 2210.5845   16.5275
    0.0000  -30.0000  -45.0000 2230.7109   16.3159
    7.5000  -30.0000  -45.0000 2229.2378   16.3637
   -7.5000  -22.5000  -45.0000 2266.9023   15.6069
    0.0000  -22.5000  -45.0000 2292.2063   15.4289
    7.5000  -22.5000  -45.0000 2287.5100   15.4458
   -7.5000  -15.0000  -45.0000 2323.1384   14.8747
    0.0000  -15.0000  -45.0000 2348.8386   14.6958
    7.5000  -15.0000  -45.0000 2344.4351   14.7102
   -7.5000   -7.5000  -45.0000 2369.8293   14.2739
    0.0000   -7.5000  -45.0000 2389.1621   14.1218
    7.5000   -7.5000  -45.0000 2383.1819   14.1600
   -7.5000    0.0000  -45.0000 2399.2698   13.8747
    0.0000    0.0000  -45.0000 2414.7290   13.7642
    7.5000    0.0000  -45.0000 2408.5698   13.7956
   -7.5000    7.5000  -45.0000 2409.5488   13.6214
    0.0000    7.5000  -45.0000 2428.0237   13.5269
    7.5000    7.5000  -45.0000 2418.5396   13.5304
   -7.5000   15.0000  -45.0000 2411.7954   13.4404
    0.0000   15.0000  -45.0000 2432.3022   13.3422
    7.5000   15.0000  -45.0000 2419.9326   13.3301
   -7.5000   22.5000  -45.0000 2408.8484   13.4314
    0.0000   22.5000  -45.0000 2431.0066   13.2853
    7.5000   22.5000  -45.0000 2420.9495   13.2800
   -7.5000   30.0000  -45.0000 2398.9436   13.5455
    0.0000   30.0000  -45.0000 2421.5137   13.3704
    7.5000   30.0000  -45.0000 2409.9561   13.3939
   -7.5000   37.5000  -45.0000 2373.9487   13.8872
    0.0000   37.5000  -45.0000 2401.1360   13.6885
    7.5000   37.5000  -45.0000 2389.8706   13.7030
   -7.5000   45.0000  -45.0000 2334.6404   14.4996
    0.0000   45.0000  -45.0000 2356.4644   14.2626
    7.5000   45.0000  -45.0000 2348.5093   14.2663
   -7.5000   52.5000  -45.0000 2252.0813   15.3059
    0.0000   52.5000  -45.0000 2272.0076   15.0602
    7.5000   52.5000  -45.0000 2264.3047   15.0524
   -7.5000  -37.5000  -37.5000 2187.5254   16.7347
    0.0000  -37.5000  -37.5000 2205.8889   16.5233
    7.5000  -37.5000  -37.5000 2213.0105   16.4933
   -7.5000  -30.0000  -37.5000 2261.0916   15.6141
    0.0000  -30.0000  -37.5000 2282.3928   15.4490
    7.5000  -30.0000  -37.5000 2282.2292   15.4349
   -7.5000  -22.5000  -37.5000 2333.5051   14.6979
    0.0000  -22.5000  -37.5000 2357.7183   14.5507
    7.5000  -22.5000  -37.5000 2353.9839   14.5494
   -7.5000  -15.0000  -37.5000 2393.7532   13.9436
    0.0000  -15.0000  -37.5000 2421.4653   13.8234
    7.5000  -15.0000  -37.5000 2418.8936   13.8308
   -7.5000   -7.5000  -37.5000 2439.2305   13.3192
    0.0000   -7.5000  -37.5000 2470.0586   13.1908
    7.5000   -7.5000  -37.5000 2466.7944   13.1928
   -7.5000    0.0000  -37.5000 2476.3855   12.8541
    0.0000    0.0000  -37.5000 2502.4333   12.7326
    7.5000    0.0000  -37.5000 2496.2161   12.7238
   -7.5000    7.5000  -37.5000 2497.9092   12.5714
    0.0000    7.5000  -37.5000 2514.6631   12.4646
    7.5000    7.5000  -37.5000 2508.0168   12.4675
   -7.5000   15.0000  -37.5000 2507.4507   12.4037
    0.0000   15.0000  -37.5000 2532.6604   12.2891
    7.5000   15.0000  -37.5000 2520.0496   12.3059
   -7.5000   22.5000  -37.5000 2513.5198   12.3819
    0.0000   22.5000  -37.5000 2537.8723   12.2702
    7.5000   22.5000  -37.5000 2526.7500   12.2741
   -7.5000   30.0000  -37.5000 2504.2578   12.5240
    0.0000   30.0000  -37.5000 2533.7478   12.3711
    7.5000   30.0000  -37.5000 2520.2126   12.3942
   -7.5000   37.5000  -37.5000 2473.6919   12.8501
    0.0000   37.5000  -37.5000 2506.2441   12.6638
    7.5000   37.5000  -37.5000 2493.2373   12.6888
   -7.5000   45.0000  -37.5000 2428.8672   13.4298
    0.0000   45.0000  -37.5000 2462.3723   13.2203
    7.5000   45.0000  -37.5000 2449.5759   13.2193
   -7.5000   52.5000  -37.5000 2345.9692   14.1861
    0.0000   52.5000  -37.5000 2375.6165   13.9688
    7.5000   52.5000  -37.5000 2362.7612   13.9483
   -7.5000  -37.5000  -30.0000 2264.8354   16.5286
    0.0000  -37.5000  -30.0000 2283.6970   16.3009
    7.5000  -37.5000  -30.0000 2284.9131   16.2959
   -7.5000  -30.0000  -30.0000 2343.3533   15.3890
    0.0000  -30.0000  -30.0000 2364.7998   15.1749
    7.5000  -30.0000  -30.0000 2364.5020   15.2128
   -7.5000  -22.5000  -30.0000 2420.4634   14.3757
    0.0000  -22.5000  -30.0000 2450.8562   14.2133
    7.5000  -22.5000  -30.0000 2452.9954   14.2477
   -7.5000  -15.0000  -30.0000 2488.2581   13.5741
    0.0000  -15.0000  -30.0000 2523.9893   13.4155
    7.5000  -15.0000  -30.0000 2521.3232   13.4276
   -7.5000   -7.5000  -30.0000 2548.9529   12.8827
    0.0000   -7.5000  -30.0000 2577.8835   12.7385
    7.5000   -7.5000  -30.0000 2575.5864   12.7455
   -7.5000    0.0000  -30.0000 2597.6611   12.3449
    0.0000    0.0000  -30.0000 2626.0308   12.2221
    7.5000    0.0000  -30.0000 2619.2922   12.2403
   -7.5000    7.5000  -30.0000 2625.2180   12.0232
    0.0000    7.5000  -30.0000 2652.7563   11.8902
    7.5000    7.5000  -30.0000 2646.2080   11.9177
   -7.5000   15.0000  -30.0000 2649.3269   11.8526
    0.0000   15.0000  -30.0000 2676.3435   11.7176
    7.5000   15.0000  -30.0000 2662.5430   11.7422
   -7.5000   22.5000  -30.0000 2660.9407   11.8115
    0.0000   22.5000  -30.0000 2692.2727   11.6972
    7.5000   22.5000  -30.0000 2677.0254   11.7033
   -7.5000   30.0000  -30.0000 2656.9956   11.9658
    0.0000   30.0000  -30.0000 2689.7632   11.8321
    7.5000   30.0000  -30.0000 2676.1450   11.8511
   -7.5000   37.5000  -30.0000 2629.7080   12.3071
    0.0000   37.5000  -30.0000 2666.4551   12.1433
    7.5000   37.5000  -30.0000 2653.5037   12.1572
   -7.5000   45.0000  -30.0000 2576.3674   12.8792
    0.0000   45.0000  -30.0000 2616.2390   12.6807
    7.5000   45.0000  -30.0000 2601.9219   12.6980
   -7.5000   52.5000  -30.0000 2483.2915   13.6434
    0.0000   52.5000  -30.0000 2518.0730   13.4060
    7.5000   52.5000  -30.0000 2508.5107   13.4075
   -7.5000  -37.5000  -22.5000 2323.7383   16.2068
    0.0000  -37.5000  -22.5000 2346.3140   15.9432
    7.5000  -37.5000  -22.5000 2345.5925   15.8944
   -7.5000  -30.0000  -22.5000 2407.4434   15.0139
    0.0000  -30.0000  -22.5000 2434.4973   14.7896
    7.5000  -30.0000  -22.5000 2431.9507   14.7838
   -7.5000  -22.5000  -22.5000 2490.0215   14.0003
    0.0000  -22.5000  -22.5000 2524.5964   13.8186
    7.5000  -22.5000  -22.5000 2520.6816   13.8256
   -7.5000  -15.0000  -22.5000 2560.5762   13.1543
    0.0000  -15.0000  -22.5000 2591.0854   12.9735
    7.5000  -15.0000  -22.5000 2589.5522   12.9942
   -7.5000   -7.5000  -22.5000 2625.3472   12.4344
    0.0000   -7.5000  -22.5000 2654.3804   12.2513
    7.5000   -7.5000  -22.5000 2652.6902   12.2879
   -7.5000    0.0000  -22.5000 2689.7053   11.8611
    0.0000    0.0000  -22.5000 2711.8376   11.7052
    7.5000    0.0000  -22.5000 2707.6272   11.7200
   -7.5000    7.5000  -22.5000 2736.3855   11.4817
    0.0000    7.5000  -22.5000 2759.1938   11.3447
    7.5000    7.5000  -22.5000 2752.6533   11.3598
   -7.5000   15.0000  -22.5000 2762.6489   11.2762
    0.0000   15.0000  -22.5000 2788.3076   11.1329
    7.5000   15.0000  -22.5000 2774.9019   11.1512
   -7.5000   22.5000  -22.5000 2779.0989   11.2086
    0.0000   22.5000  -22.5000 2812.9287   11.0754
    7.5000   22.5000  -22.5000 2794.9648   11.0987
   -7.5000   30.0000  -22.5000 2775.3008   11.3740
    0.0000   30.0000  -22.5000 2815.7361   11.2170
    7.5000   30.0000  -22.5000 2801.6836   11.2412
   -7.5000   37.5000  -22.5000 2754.1882   11.7217
    0.0000   37.5000  -22.5000 2796.5027   11.5615
    7.5000   37.5000  -22.5000 2781.4883   11.5764
   -7.5000   45.0000  -22.5000 2700.3779   12.2975
    0.0000   45.0000  -22.5000 2736.9590   12.0928
    7.5000   45.0000  -22.5000 2723.4548   12.1284
   -7.5000   52.5000  -22.5000 2594.1931   13.0531
    0.0000   52.5000  -22.5000 2623.9727   12.8103
    7.5000   52.5000  -22.5000 2615.5317   12.8291
   -7.5000  -37.5000  -15.0000 2360.3074   15.8895
    0.0000  -37.5000  -15.0000 2391.1016   15.5670
    7.5000  -37.5000  -15.0000 2385.6431   15.4975
   -7.5000  -30.0000  -15.0000 2441.3425   14.6723
    0.0000  -30.0000  -15.0000 2473.5764   14.4022
    7.5000  -30.0000  -15.0000 2469.0227   14.3713
   -7.5000  -22.5000  -15.0000 2522.8047   13.6370
    0.0000  -22.5000  -15.0000 2556.5371   13.4497
    7.5000  -22.5000  -15.0000 2552.8616   13.4379
   -7.5000  -15.0000  -15.0000 2599.1978   12.7807
    0.0000  -15.0000  -15.0000 2625.9893   12.5966
    7.5000  -15.0000  -15.0000 2624.8296   12.5979
   -7.5000   -7.5000  -15.0000 2669.7585   12.0729
    0.0000   -7.5000  -15.0000 2699.0862   11.8876
    7.5000   -7.5000  -15.0000 2694.0996   11.9017
   -7.5000    0.0000  -15.0000 2737.7383   11.4911
    0.0000    0.0000  -15.0000 2767.1895   11.3116
    7.5000    0.0000  -15.0000 2758.7136   11.3362
   -7.5000    7.5000  -15.0000 2800.7417   11.0688
    0.0000    7.5000  -15.0000 2832.1511   10.8901
    7.5000    7.5000  -15.0000 2821.1819   10.9214
   -7.5000   15.0000  -15.0000 2840.3528   10.8124
    0.0000   15.0000  -15.0000 2870.9951   10.6401
    7.5000   15.0000  -15.0000 2860.3201   10.6639
   -7.5000   22.5000  -15.0000 2865.3665   10.7445
    0.0000   22.5000  -15.0000 2906.5916   10.5471
    7.5000   22.5000  -15.0000 2890.3362   10.5936
   -7.5000   30.0000  -15.0000 2869.6733   10.9035
    0.0000   30.0000  -15.0000 2914.6104   10.6920
    7.5000   30.0000  -15.0000 2897.3057   10.7345
   -7.5000   37.5000  -15.0000 2835.4470   11.2386
    0.0000   37.5000  -15.0000 2881.1812   11.0334
    7.5000   37.5000  -15.0000 2869.1409   11.0656
   -7.5000   45.0000  -15.0000 2774.4844   11.7926
    0.0000   45.0000  -15.0000 2811.0542   11.5568
    7.5000   45.0000  -15.0000 2805.9067   11.5890
   -7.5000   52.5000  -15.0000 2661.3516   12.5554
    0.0000   52.5000  -15.0000 2693.1360   12.2915
    7.5000   52.5000  -15.0000 2690.5420   12.3251
   -7.5000  -37.5000   -7.5000 2380.4795   15.6472
    0.0000  -37.5000   -7.5000 2417.4922   15.2770
    7.5000  -37.5000   -7.5000 2411.6079   15.2265
   -7.5000  -30.0000   -7.5000 2457.9390   14.4290
    0.0000  -30.0000   -7.5000 2495.9658   14.1501
    7.5000  -30.0000   -7.5000 2489.1575   14.1043
   -7.5000  -22.5000   -7.5000 2538.1423   13.4001
    0.0000  -22.5000   -7.5000 2573.4402   13.1576
    7.5000  -22.5000   -7.5000 2568.5439   13.1564
   -7.5000  -15.0000   -7.5000 2614.0198   12.5430
    0.0000  -15.0000   -7.5000 2647.4302   12.3112
    7.5000  -15.0000   -7.5000 2641.3970   12.2974
   -7.5000   -7.5000   -7.5000 2686.0815   11.8223
    0.0000   -7.5000   -7.5000 2721.7656   11.5917
    7.5000   -7.5000   -7.5000 2717.6104   11.6038
   -7.5000    0.0000   -7.5000 2757.0496   11.2362
    0.0000    0.0000   -7.5000 2794.4268   10.9926
    7.5000    0.0000   -7.5000 2784.3162   11.0253
   -7.5000    7.5000   -7.5000 2831.2188   10.7985
    0.0000    7.5000   -7.5000 2867.4246   10.5582
    7.5000    7.5000   -7.5000 2859.1963   10.6014
   -7.5000   15.0000   -7.5000 2888.8936   10.5319
    0.0000   15.0000   -7.5000 2933.8674   10.3013
    7.5000   15.0000   -7.5000 2928.1052   10.3468
   -7.5000   22.5000   -7.5000 2925.0623   10.3935
    0.0000   22.5000   -7.5000 2984.5952   10.1328
    7.5000   22.5000   -7.5000 2970.4875   10.2462
   -7.5000   30.0000   -7.5000 2926.4404   10.5576
    0.0000   30.0000   -7.5000 2982.4912   10.2782
    7.5000   30.0000   -7.5000 2968.4639   10.3812
   -7.5000   37.5000   -7.5000 2885.1003   10.9434
    0.0000   37.5000   -7.5000 2934.4504   10.6518
    7.5000   37.5000   -7.5000 2926.8413   10.7361
   -7.5000   45.0000   -7.5000 2819.8621   11.5056
    0.0000   45.0000   -7.5000 2858.4282   11.1845
    7.5000   45.0000   -7.5000 2857.3450   11.2722
   -7.5000   52.5000   -7.5000 2700.4517   12.2464
    0.0000   52.5000   -7.5000 2737.4453   11.9119
    7.5000   52.5000   -7.5000 2736.9189   12.0135
   -7.5000  -37.5000    0.0000 2379.3665   15.5966
    0.0000  -37.5000    0.0000 2420.6670   15.1413
    7.5000  -37.5000    0.0000 2418.4121   15.0985
   -7.5000  -30.0000    0.0000 2456.6580   14.3625
    0.0000  -30.0000    0.0000 2497.5613   13.9803
    7.5000  -30.0000    0.0000 2497.6418   13.9673
   -7.5000  -22.5000    0.0000 2533.4924   13.3378
    0.0000  -22.5000    0.0000 2570.8523   12.9971
    7.5000  -22.5000    0.0000 2569.4993   13.0079
   -7.5000  -15.0000    0.0000 2606.7651   12.4808
    0.0000  -15.0000    0.0000 2646.3625   12.1822
    7.5000  -15.0000    0.0000 2641.4160   12.1586
   -7.5000   -7.5000    0.0000 2678.1541   11.7425
    0.0000   -7.5000    0.0000 2721.0068   11.4512
    7.5000   -7.5000    0.0000 2716.0051   11.4368
   -7.5000    0.0000    0.0000 2755.1096   11.1333
    0.0000    0.0000    0.0000 2800.1335   10.8392
    7.5000    0.0000    0.0000 2789.2961   10.8280
   -7.5000    7.5000    0.0000 2837.1553   10.7233
    0.0000    7.5000    0.0000 2878.2358   10.3898
    7.5000    7.5000    0.0000 2868.7075   10.4162
   -7.5000   15.0000    0.0000 2901.8193   10.4853
    0.0000   15.0000    0.0000 2958.6243   10.1970
    7.5000   15.0000    0.0000 2951.3291   10.2328
   -7.5000   22.5000    0.0000 2950.0942   10.3624
    0.0000   22.5000    0.0000 3019.5552    9.9812
    7.5000   22.5000    0.0000 3014.2288   10.1523
   -7.5000   30.0000    0.0000 2953.4265   10.4680
    0.0000   30.0000    0.0000 3019.1448   10.0366
    7.5000   30.0000    0.0000 3007.3340   10.2213
   -7.5000   37.5000    0.0000 2900.4443   10.8359
    0.0000   37.5000    0.0000 2958.8379   10.4608
    7.5000   37.5000    0.0000 2952.5151   10.5759
   -7.5000   45.0000    0.0000 2827.9395   11.3721
    0.0000   45.0000    0.0000 2873.8337   11.0404
    7.5000   45.0000    0.0000 2872.0112   11.1145
   -7.5000   52.5000    0.0000 2706.6072   12.0956
    0.0000   52.5000    0.0000 2750.3704   11.7959
    7.5000   52.5000    0.0000 2747.4651   11.8287
   -7.5000  -37.5000    7.5000 2358.5435   15.8556
    0.0000  -37.5000    7.5000 2402.7957   15.3617
    7.5000  -37.5000    7.5000 2402.0203   15.3090
   -7.5000  -30.0000    7.5000 2439.4556   14.5917
    0.0000  -30.0000    7.5000 2483.6777   14.1334
    7.5000  -30.0000    7.5000 2481.1699   14.0857
   -7.5000  -22.5000    7.5000 2520.8247   13.4955
    0.0000  -22.5000    7.5000 2560.5950   13.0811
    7.5000  -22.5000    7.5000 2556.7986   13.0375
   -7.5000  -15.0000    7.5000 2594.1370   12.5900
    0.0000  -15.0000    7.5000 2634.9141   12.2001
    7.5000  -15.0000    7.5000 2629.5654   12.1615
   -7.5000   -7.5000    7.5000 2666.9993   11.8504
    0.0000   -7.5000    7.5000 2706.1409   11.4548
    7.5000   -7.5000    7.5000 2702.7402   11.4311
   -7.5000    0.0000    7.5000 2742.4922   11.2530
    0.0000    0.0000    7.5000 2780.2419   10.8526
    7.5000    0.0000    7.5000 2778.2070   10.8410
   -7.5000    7.5000    7.5000 2824.7373   10.8756
    0.0000    7.5000    7.5000 2860.4719   10.5006
    7.5000    7.5000    7.5000 2859.8743   10.5099
   -7.5000   15.0000    7.5000 2891.9695   10.6785
    0.0000   15.0000    7.5000 2947.0046   10.4063
    7.5000   15.0000    7.5000 2941.5647   10.4263
   -7.5000   22.5000    7.5000 2939.8506   10.6073
    0.0000   22.5000    7.5000 3004.1450   10.3231
    7.5000   22.5000    7.5000 2993.5239   10.3115
   -7.5000   30.0000    7.5000 2936.3196   10.6604
    0.0000   30.0000    7.5000 3005.2812   10.3302
    7.5000   30.0000    7.5000 2988.3916   10.3451
   -7.5000   37.5000    7.5000 2893.7170   10.9002
    0.0000   37.5000    7.5000 2957.5234   10.5943
    7.5000   37.5000    7.5000 2947.3242   10.6533
   -7.5000   45.0000    7.5000 2818.8604   11.4390
    0.0000   45.0000    7.5000 2863.2319   11.1522
    7.5000   45.0000    7.5000 2863.2046   11.1810
   -7.5000   52.5000    7.5000 2695.9673   12.1774
    0.0000   52.5000    7.5000 2733.6025   11.8793
    7.5000   52.5000    7.5000 2734.4241   11.8949
   -7.5000  -37.5000   15.0000 2315.6287   16.4131
    0.0000  -37.5000   15.0000 2355.4058   15.8292
    7.5000  -37.5000   15.0000 2354.6682   15.7768
   -7.5000  -30.0000   15.0000 2401.0488   15.0326
    0.0000  -30.0000   15.0000 2440.8044   14.4718
    7.5000  -30.0000   15.0000 2442.5295   14.4299
   -7.5000  -22.5000   15.0000 2487.5403   13.8508
    0.0000  -22.5000   15.0000 2524.2239   13.3372
    7.5000  -22.5000   15.0000 2526.1482   13.2986
   -7.5000  -15.0000   15.0000 2566.2622   12.9123
    0.0000  -15.0000   15.0000 2599.6184   12.4415
    7.5000  -15.0000   15.0000 2598.7161   12.3799
   -7.5000   -7.5000   15.0000 2638.3245   12.1795
    0.0000   -7.5000   15.0000 2668.6499   11.7409
    7.5000   -7.5000   15.0000 2663.7944   11.6959
   -7.5000    0.0000   15.0000 2712.9795   11.6009
    0.0000    0.0000   15.0000 2746.8865   11.2376
    7.5000    0.0000   15.0000 2744.6023   11.2243
   -7.5000    7.5000   15.0000 2789.3838   11.2521
    0.0000    7.5000   15.0000 2827.2451   10.9695
    7.5000    7.5000   15.0000 2823.2302   10.9674
   -7.5000   15.0000   15.0000 2847.3967   11.0543
    0.0000   15.0000   15.0000 2901.5986   10.7883
    7.5000   15.0000   15.0000 2892.0735   10.7808
   -7.5000   22.5000   15.0000 2887.3230   10.9543
    0.0000   22.5000   15.0000 2946.3191   10.6379
    7.5000   22.5000   15.0000 2933.0381   10.6064
   -7.5000   30.0000   15.0000 2882.8843   11.0385
    0.0000   30.0000   15.0000 2943.1313   10.7320
    7.5000   30.0000   15.0000 2931.4387   10.7121
   -7.5000   37.5000   15.0000 2846.4141   11.2991
    0.0000   37.5000   15.0000 2907.3899   11.0328
    7.5000   37.5000   15.0000 2900.0254   11.0372
   -7.5000   45.0000   15.0000 2773.6128   11.8098
    0.0000   45.0000   15.0000 2820.9524   11.5835
    7.5000   45.0000   15.0000 2814.2002   11.5763
   -7.5000   52.5000   15.0000 2655.8848   12.4717
    0.0000   52.5000   15.0000 2693.1196   12.2385
    7.5000   52.5000   15.0000 2687.9465   12.2304
   -7.5000  -37.5000   22.5000 2250.0530   17.1739
    0.0000  -37.5000   22.5000 2279.1226   16.4574
    7.5000  -37.5000   22.5000 2286.9165   16.3955
   -7.5000  -30.0000   22.5000 2345.6794   15.7261
    0.0000  -30.0000   22.5000 2372.6506   15.0662
    7.5000  -30.0000   22.5000 2381.8928   15.0233
   -7.5000  -22.5000   22.5000 2440.7993   14.5223
    0.0000  -22.5000   22.5000 2464.1538   13.9455
    7.5000  -22.5000   22.5000 2471.9465   13.8885
   -7.5000  -15.0000   22.5000 2523.5771   13.5259
    0.0000  -15.0000   22.5000 2550.7861   13.0485
    7.5000  -15.0000   22.5000 2554.5381   13.0120
   -7.5000   -7.5000   22.5000 2596.3123   12.8146
    0.0000   -7.5000   22.5000 2631.7068   12.3939
    7.5000   -7.5000   22.5000 2626.7078   12.3669
   -7.5000    0.0000   22.5000 2669.2366   12.2446
    0.0000    0.0000   22.5000 2712.2883   11.8913
    7.5000    0.0000   22.5000 2705.9734   11.8730
   -7.5000    7.5000   22.5000 2733.0444   11.8441
    0.0000    7.5000   22.5000 2782.3721   11.5152
    7.5000    7.5000   22.5000 2778.0264   11.5130
   -7.5000   15.0000   22.5000 2782.3674   11.5952
    0.0000   15.0000   22.5000 2836.7627   11.2447
    7.5000   15.0000   22.5000 2829.4692   11.2178
   -7.5000   22.5000   22.5000 2812.9053   11.4526
    0.0000   22.5000   22.5000 2862.7705   11.0893
    7.5000   22.5000   22.5000 2853.0330   11.1121
   -7.5000   30.0000   22.5000 2809.8354   11.5668
    0.0000   30.0000   22.5000 2859.7922   11.2079
    7.5000   30.0000   22.5000 2853.8345   11.2465
   -7.5000   37.5000   22.5000 2776.6028   11.8420
    0.0000   37.5000   22.5000 2828.9827   11.5190
    7.5000   37.5000   22.5000 2825.1587   11.5607
   -7.5000   45.0000   22.5000 2710.4604   12.3698
    0.0000   45.0000   22.5000 2752.8572   12.0861
    7.5000   45.0000   22.5000 2749.1682   12.1056
   -7.5000   52.5000   22.5000 2598.5442   13.0049
    0.0000   52.5000   22.5000 2634.7480   12.7316
    7.5000   52.5000   22.5000 2635.1953   12.7449
   -7.5000  -37.5000   30.0000 2175.0188   18.3948
    0.0000  -37.5000   30.0000 2191.9353   17.5920
    7.5000  -37.5000   30.0000 2201.9951   17.5080
   -7.5000  -30.0000   30.0000 2277.9858   16.8152
    0.0000  -30.0000   30.0000 2296.6648   16.1686
    7.5000  -30.0000   30.0000 2305.7639   16.1251
   -7.5000  -22.5000   30.0000 2375.7566   15.5091
    0.0000  -22.5000   30.0000 2401.8550   15.0005
    7.5000  -22.5000   30.0000 2408.3997   14.9639
   -7.5000  -15.0000   30.0000 2459.6982   14.4537
    0.0000  -15.0000   30.0000 2496.4988   14.0186
    7.5000  -15.0000   30.0000 2499.2170   13.9877
   -7.5000   -7.5000   30.0000 2537.2471   13.6841
    0.0000   -7.5000   30.0000 2582.8049   13.2844
    7.5000   -7.5000   30.0000 2577.6233   13.2456
   -7.5000    0.0000   30.0000 2608.3674   13.0638
    0.0000    0.0000   30.0000 2653.9729   12.6894
    7.5000    0.0000   30.0000 2650.5344   12.6639
   -7.5000    7.5000   30.0000 2664.4834   12.6222
    0.0000    7.5000   30.0000 2716.8291   12.2415
    7.5000    7.5000   30.0000 2715.6487   12.2389
   -7.5000   15.0000   30.0000 2706.0869   12.3165
    0.0000   15.0000   30.0000 2756.1816   11.9512
    7.5000   15.0000   30.0000 2754.3770   11.9320
   -7.5000   22.5000   30.0000 2729.1484   12.1756
    0.0000   22.5000   30.0000 2772.8652   11.7995
    7.5000   22.5000   30.0000 2766.8672   11.8188
   -7.5000   30.0000   30.0000 2719.2759   12.2517
    0.0000   30.0000   30.0000 2763.3606   11.8977
    7.5000   30.0000   30.0000 2759.3464   11.9026
   -7.5000   37.5000   30.0000 2692.4863   12.5423
    0.0000   37.5000   30.0000 2732.9583   12.2026
    7.5000   37.5000   30.0000 2734.0696   12.2177
   -7.5000   45.0000   30.0000 2635.2500   13.0565
    0.0000   45.0000   30.0000 2673.7456   12.7231
    7.5000   45.0000   30.0000 2671.1479   12.7463
   -7.5000   52.5000   30.0000 2528.5027   13.6718
    0.0000   52.5000   30.0000 2562.9353   13.3426
    7.5000   52.5000   30.0000 2566.6338   13.3639
   -7.5000  -37.5000   37.5000 2092.4468   20.0518
    0.0000  -37.5000   37.5000 2122.5068   19.3904
    7.5000  -37.5000   37.5000 2128.4680   19.2790
   -7.5000  -30.0000   37.5000 2198.1594   18.2489
    0.0000  -30.0000   37.5000 2227.0378   17.7149
    7.5000  -30.0000   37.5000 2230.4539   17.6223
   -7.5000  -22.5000   37.5000 2300.9451   16.8145
    0.0000  -22.5000   37.5000 2330.3467   16.3429
    7.5000  -22.5000   37.5000 2333.5386   16.2372
   -7.5000  -15.0000   37.5000 2387.3811   15.6344
    0.0000  -15.0000   37.5000 2426.7197   15.2193
    7.5000  -15.0000   37.5000 2429.3567   15.1504
   -7.5000   -7.5000   37.5000 2464.6875   14.7748
    0.0000   -7.5000   37.5000 2513.4275   14.3758
    7.5000   -7.5000   37.5000 2513.1543   14.3225
   -7.5000    0.0000   37.5000 2532.6079   14.1038
    0.0000    0.0000   37.5000 2579.4006   13.6981
    7.5000    0.0000   37.5000 2580.3965   13.6674
   -7.5000    7.5000   37.5000 2586.0835   13.5982
    0.0000    7.5000   37.5000 2634.0933   13.1988
    7.5000    7.5000   37.5000 2636.8240   13.1790
   -7.5000   15.0000   37.5000 2622.5225   13.2569
    0.0000   15.0000   37.5000 2663.8093   12.8666
    7.5000   15.0000   37.5000 2666.2102   12.8601
   -7.5000   22.5000   37.5000 2635.2034   13.1005
    0.0000   22.5000   37.5000 2679.6985   12.7285
    7.5000   22.5000   37.5000 2676.3218   12.7451
   -7.5000   30.0000   37.5000 2624.7800   13.1798
    0.0000   30.0000   37.5000 2665.2461   12.8413
    7.5000   30.0000   37.5000 2664.8606   12.8362
   -7.5000   37.5000   37.5000 2598.6089   13.4454
    0.0000   37.5000   37.5000 2636.1785   13.1221
    7.5000   37.5000   37.5000 2635.2864   13.1202
   -7.5000   45.0000   37.5000 2546.9141   13.9287
    0.0000   45.0000   37.5000 2586.0237   13.5913
    7.5000   45.0000   37.5000 2587.1797   13.5815
   -7.5000   52.5000   37.5000 2452.5012   14.5378
    0.0000   52.5000   37.5000 2485.4453   14.1723
    7.5000   52.5000   37.5000 2489.2847   14.1384
   -7.5000  -37.5000   45.0000 1998.8621   22.3681
    0.0000  -37.5000   45.0000 2028.7794   21.6389
    7.5000  -37.5000   45.0000 2031.4355   21.4940
   -7.5000  -30.0000   45.0000 2108.8157   20.2259
    0.0000  -30.0000   45.0000 2131.3955   19.5438
    7.5000  -30.0000   45.0000 2137.2024   19.4598
   -7.5000  -22.5000   45.0000 2208.9753   18.4849
    0.0000  -22.5000   45.0000 2236.3003   17.9626
    7.5000  -22.5000   45.0000 2240.9971   17.8684
   -7.5000  -15.0000   45.0000 2298.6321   17.1568
    0.0000  -15.0000   45.0000 2331.0559   16.6981
    7.5000  -15.0000   45.0000 2336.5796   16.6240
   -7.5000   -7.5000   45.0000 2374.6106   16.1395
    0.0000   -7.5000   45.0000 2421.3938   15.7160
    7.5000   -7.5000   45.0000 2428.8188   15.6778
   -7.5000    0.0000   45.0000 2438.8867   15.3688
    0.0000    0.0000   45.0000 2490.2297   14.9398
    7.5000    0.0000   45.0000 2497.6069   14.9097
   -7.5000    7.5000   45.0000 2490.7256   14.7732
    0.0000    7.5000   45.0000 2537.2712   14.3816
    7.5000    7.5000   45.0000 2543.0657   14.3515
   -7.5000   15.0000   45.0000 2520.3665   14.3868
    0.0000   15.0000   45.0000 2563.0435   14.0153
    7.5000   15.0000   45.0000 2566.2532   14.0138
   -7.5000   22.5000   45.0000 2530.5090   14.2413
    0.0000   22.5000   45.0000 2573.1792   13.8945
    7.5000   22.5000   45.0000 2573.1948   13.8866
   -7.5000   30.0000   45.0000 2521.6265   14.3309
    0.0000   30.0000   45.0000 2558.8826   14.0070
    7.5000   30.0000   45.0000 2560.5857   13.9854
   -7.5000   37.5000   45.0000 2498.5168   14.5622
    0.0000   37.5000   45.0000 2534.3000   14.2528
    7.5000   37.5000   45.0000 2532.8645   14.2560
   -7.5000   45.0000   45.0000 2450.7012   15.0134
    0.0000   45.0000   45.0000 2489.1135   14.7029
    7.5000   45.0000   45.0000 2494.4453   14.6887
   -7.5000   52.5000   45.0000 2362.2029   15.6027
    0.0000   52.5000   45.0000 2400.2593   15.2386
    7.5000   52.5000   45.0000 2403.8643   15.2096

---------------------------------------------------------------------
imgreg_4dfp /home/aracena/freesurfer/average/711-2C_as_mni_average_305 /home/aracena/freesurfer/average/711-2B_as_mni_average_305_mask talsrcimg_g11 none talsrcimg_to_711-2C_as_mni_average_305_t4 1283
---------------------------------------------------------------------

freesurfer imgreg_4dfp.c
/home/aracena/freesurfer/average/711-2C_as_mni_average_305.4dfp.img
       256       256       256         1
  1.000000  1.000000  1.000000
orientation T byte_order littleendian
Reading image: /home/aracena/freesurfer/average/711-2C_as_mni_average_305.4dfp.img
dimensions:      256       256       256
mmppix:       1.0000   -1.0000   -1.0000
center:     128.0000 -129.0000 -129.0000
/home/aracena/freesurfer/average/711-2B_as_mni_average_305_mask.4dfp.img
       256       256       256         1
  1.000000  1.000000  1.000000
orientation T byte_order littleendian
Reading mask: /home/aracena/freesurfer/average/711-2B_as_mni_average_305_mask.4dfp.img (2306576 pixels)
talsrcimg_g11.4dfp.img
       256       256       256         1
  1.000000  1.000000  1.000000
orientation T byte_order littleendian
Reading image: talsrcimg_g11.4dfp.img
dimensions:      256       256       256
mmppix:       1.0000   -1.0000   -1.0000
center:     128.0000 -129.0000 -129.0000
rotation matrix determinant  1.000000
fimgreg.f
image alignment mode   1283 decimal      503 hex
parameters
    0.0000   22.5000    0.0000    0.0000    0.0000    0.0000
eta,q 0.94670  9.98121
niter,ni,del,rscale     5    3   12.0000    1.2000
parameter  1 -0.896735 -> -0.500000 qaram    1.1500
parameter  2 -0.568012 -> -0.500000 qaram    1.1500
parameter  4  2.382211 ->  0.500000 qaram    1.1500
parameters
    3.4500   25.9500    1.4252   -3.4500    0.4102    1.8522
eta,q 0.95505  9.92261
  0.0706  0.0631  0.0576  0.0445  0.0530  0.0517
  0.0656  0.0587  0.0566  0.0454  0.0500  0.0495
  0.0609  0.0550  0.0541  0.0469  0.0476  0.0473
  0.0564  0.0519  0.0506  0.0493  0.0457  0.0456
  0.0536  0.0504  0.0498  0.0520  0.0458  0.0450
  0.0520  0.0505  0.0519  0.0545  0.0482  0.0457
  0.0530  0.0515  0.0547  0.0569  0.0520  0.0475
niter,ni,del,rscale     7    3   12.0000    1.2000
parameters
    3.2147   27.0667    1.6573   -6.8591    0.3886    1.9615
eta,q 0.95686  9.92262
  0.0609  0.0600  0.0527  0.0459  0.0503  0.0485
  0.0542  0.0528  0.0514  0.0435  0.0472  0.0463
  0.0483  0.0473  0.0481  0.0434  0.0447  0.0443
  0.0449  0.0451  0.0454  0.0454  0.0432  0.0432
  0.0474  0.0462  0.0464  0.0482  0.0439  0.0434
  0.0558  0.0487  0.0492  0.0515  0.0468  0.0454
  0.0636  0.0522  0.0531  0.0551  0.0510  0.0488
niter,ni,del,rscale     6    3   12.0000    1.2000
parameters
    3.1056   27.5777    1.1255   -7.1780    0.6047    1.9729
eta,q 0.95645  9.91635
  0.0597  0.0585  0.0510  0.0490  0.0509  0.0481
  0.0524  0.0510  0.0485  0.0468  0.0479  0.0461
  0.0463  0.0449  0.0449  0.0444  0.0452  0.0446
  0.0431  0.0432  0.0437  0.0436  0.0436  0.0436
  0.0449  0.0462  0.0460  0.0448  0.0441  0.0436
  0.0530  0.0495  0.0500  0.0473  0.0465  0.0455
  0.0614  0.0534  0.0544  0.0502  0.0506  0.0488
niter,ni,del,rscale     5    3   12.0000    1.2000
parameters
    3.0778   27.7889    0.9066   -7.3306    0.7112    1.9406
eta,q 0.95618  9.91431
  0.0600  0.0565  0.0515  0.0492  0.0509  0.0480
  0.0525  0.0497  0.0492  0.0469  0.0479  0.0461
  0.0466  0.0442  0.0457  0.0446  0.0453  0.0448
  0.0436  0.0436  0.0438  0.0438  0.0438  0.0438
  0.0449  0.0467  0.0455  0.0447  0.0445  0.0438
  0.0526  0.0498  0.0492  0.0471  0.0469  0.0456
  0.0609  0.0534  0.0535  0.0498  0.0510  0.0488
niter,ni,del,rscale     4    3   12.0000    1.2000
parameters
    3.0577   27.8866    0.8226   -7.3832    0.7616    1.9238
eta,q 0.95604  9.91288
  0.0601  0.0557  0.0518  0.0493  0.0508  0.0480
  0.0525  0.0492  0.0495  0.0470  0.0479  0.0462
  0.0467  0.0441  0.0461  0.0448  0.0453  0.0449
  0.0438  0.0438  0.0439  0.0440  0.0440  0.0440
  0.0451  0.0469  0.0453  0.0447  0.0447  0.0440
  0.0527  0.0499  0.0489  0.0470  0.0471  0.0456
  0.0608  0.0534  0.0532  0.0496  0.0512  0.0488
niter,ni,del,rscale     3    3   12.0000    1.2000
parameters
    3.0465   27.9260    0.7919   -7.3987    0.7839    1.9184
eta,q 0.95598  9.91224
  0.0602  0.0554  0.0519  0.0494  0.0508  0.0481
  0.0525  0.0490  0.0496  0.0471  0.0479  0.0462
  0.0468  0.0440  0.0463  0.0448  0.0454  0.0449
  0.0440  0.0440  0.0440  0.0440  0.0440  0.0440
  0.0452  0.0470  0.0453  0.0447  0.0448  0.0440
  0.0527  0.0500  0.0487  0.0470  0.0472  0.0456
  0.0607  0.0534  0.0530  0.0496  0.0513  0.0488
registration optimization eta report
parameter search radius
    6.9000    6.9000    6.0000    6.9000    6.0000    6.0000
100000*second partial in parameter space
       34.       21.       22.       11.       19.       12.
  0.0602  0.0554  0.0519  0.0494  0.0508  0.0481
  0.0525  0.0490  0.0496  0.0471  0.0479  0.0462
  0.0468  0.0440  0.0463  0.0448  0.0454  0.0449
  0.0440  0.0440  0.0440  0.0440  0.0440  0.0440
  0.0452  0.0470  0.0453  0.0447  0.0448  0.0440
  0.0527  0.0500  0.0487  0.0470  0.0472  0.0456
  0.0607  0.0534  0.0530  0.0496  0.0513  0.0488
    3.0465   27.9260    0.7919   -7.3987    0.7839    1.9184
eta,q 0.95598  9.91224

---------------------------------------------------------------------
imgreg_4dfp /home/aracena/freesurfer/average/711-2C_as_mni_average_305 /home/aracena/freesurfer/average/711-2B_as_mni_average_305_mask talsrcimg_g11 none talsrcimg_to_711-2C_as_mni_average_305_t4 3335
---------------------------------------------------------------------

freesurfer imgreg_4dfp.c
/home/aracena/freesurfer/average/711-2C_as_mni_average_305.4dfp.img
       256       256       256         1
  1.000000  1.000000  1.000000
orientation T byte_order littleendian
Reading image: /home/aracena/freesurfer/average/711-2C_as_mni_average_305.4dfp.img
dimensions:      256       256       256
mmppix:       1.0000   -1.0000   -1.0000
center:     128.0000 -129.0000 -129.0000
/home/aracena/freesurfer/average/711-2B_as_mni_average_305_mask.4dfp.img
       256       256       256         1
  1.000000  1.000000  1.000000
orientation T byte_order littleendian
Reading mask: /home/aracena/freesurfer/average/711-2B_as_mni_average_305_mask.4dfp.img (2306576 pixels)
talsrcimg_g11.4dfp.img
       256       256       256         1
  1.000000  1.000000  1.000000
orientation T byte_order littleendian
Reading image: talsrcimg_g11.4dfp.img
dimensions:      256       256       256
mmppix:       1.0000   -1.0000   -1.0000
center:     128.0000 -129.0000 -129.0000
fimgreg.f
image alignment mode   3335 decimal      D07 hex
parameters
    3.0465   27.9260    0.7919   -0.0654   -0.8823   -0.8419
   -3.1437   -1.7870    3.3474   12.8246    1.3680  -12.8761
eta,q 0.95637  9.94618
niter,ni,del,rscale     5    3    5.0000    1.2000
parameter  4  1.791950 ->  0.500000 qaram    1.1500
parameter  5********** ->  0.500000 qaram    1.1500
parameter  6  1.369722 ->  0.500000 qaram    1.1500
parameter 12 -0.553260 -> -0.500000 qaram    1.1500
parameters
    3.1135   28.0655    0.4745   -4.2054   -5.0223   -4.9819
   -1.5790    1.6793    2.7114    9.8699    1.9594   -8.7361
eta,q 0.97391  9.88284
  0.0461  0.0447  0.0443  0.0386  0.0319  0.0284  0.0329  0.0377  0.0295  0.0286  0.0296  0.0312
  0.0449  0.0441  0.0439  0.0397  0.0340  0.0291  0.0313  0.0345  0.0284  0.0272  0.0283  0.0295
  0.0440  0.0437  0.0437  0.0413  0.0370  0.0310  0.0301  0.0316  0.0278  0.0269  0.0273  0.0280
  0.0436  0.0436  0.0436  0.0436  0.0401  0.0347  0.0294  0.0293  0.0277  0.0277  0.0269  0.0268
  0.0438  0.0437  0.0438  0.0469  0.0429  0.0396  0.0293  0.0279  0.0281  0.0295  0.0270  0.0262
  0.0446  0.0440  0.0442  0.0502  0.0455  0.0444  0.0298  0.0279  0.0289  0.0321  0.0277  0.0261
  0.0460  0.0445  0.0449  0.0532  0.0481  0.0491  0.0309  0.0299  0.0302  0.0352  0.0289  0.0267
niter,ni,del,rscale     7    3    5.0000    1.2000
parameter  5  0.659248 ->  0.500000 qaram    1.3225
parameters
    2.7635   28.2693    0.1851   -7.7185   -9.7833   -7.6524
   -0.3408    0.9599    3.6117    9.1075    1.6622   -6.8996
eta,q 0.97664  9.67875
  0.0289  0.0292  0.0282  0.0270  0.0242  0.0259  0.0271  0.0279  0.0262  0.0259  0.0250  0.0264
  0.0270  0.0276  0.0268  0.0255  0.0234  0.0249  0.0255  0.0253  0.0249  0.0245  0.0241  0.0250
  0.0261  0.0265  0.0261  0.0249  0.0234  0.0238  0.0243  0.0238  0.0240  0.0237  0.0236  0.0241
  0.0261  0.0260  0.0259  0.0259  0.0250  0.0233  0.0237  0.0237  0.0236  0.0235  0.0235  0.0235
  0.0270  0.0261  0.0265  0.0284  0.0277  0.0257  0.0237  0.0247  0.0236  0.0241  0.0238  0.0234
  0.0287  0.0269  0.0278  0.0319  0.0308  0.0307  0.0243  0.0268  0.0242  0.0254  0.0243  0.0238
  0.0309  0.0283  0.0296  0.0356  0.0337  0.0362  0.0254  0.0298  0.0252  0.0272  0.0252  0.0246
niter,ni,del,rscale     7    3    5.0000    1.2000
parameters
    2.7142   28.4818   -0.8683   -5.9738  -10.3012   -9.6392
   -0.5685    0.9581    3.7856    9.0305    1.7065   -7.3064
eta,q 0.97696  9.63281
  0.0267  0.0266  0.0236  0.0289  0.0270  0.0253  0.0256  0.0283  0.0252  0.0257  0.0247  0.0248
  0.0248  0.0250  0.0230  0.0266  0.0251  0.0241  0.0242  0.0257  0.0241  0.0243  0.0238  0.0238
  0.0237  0.0239  0.0230  0.0245  0.0235  0.0233  0.0233  0.0237  0.0233  0.0234  0.0232  0.0232
  0.0234  0.0234  0.0233  0.0229  0.0225  0.0226  0.0230  0.0230  0.0230  0.0230  0.0230  0.0230
  0.0238  0.0235  0.0241  0.0225  0.0230  0.0236  0.0234  0.0238  0.0233  0.0234  0.0233  0.0233
  0.0250  0.0243  0.0251  0.0236  0.0254  0.0271  0.0244  0.0257  0.0239  0.0244  0.0238  0.0240
  0.0270  0.0256  0.0265  0.0259  0.0287  0.0323  0.0260  0.0283  0.0250  0.0258  0.0246  0.0252
niter,ni,del,rscale     6    3    5.0000    1.2000
parameters
    2.7200   28.6925   -1.3429   -5.3843  -10.1791  -10.6260
   -0.6574    0.9923    3.8233    9.2563    1.6026   -7.6560
eta,q 0.97697  9.60874
  0.0266  0.0261  0.0239  0.0280  0.0276  0.0259  0.0258  0.0283  0.0251  0.0259  0.0246  0.0248
  0.0247  0.0246  0.0232  0.0259  0.0257  0.0245  0.0243  0.0257  0.0240  0.0243  0.0237  0.0238
  0.0235  0.0235  0.0230  0.0241  0.0240  0.0234  0.0233  0.0237  0.0233  0.0234  0.0232  0.0232
  0.0230  0.0230  0.0230  0.0229  0.0228  0.0228  0.0230  0.0230  0.0230  0.0230  0.0230  0.0230
  0.0234  0.0232  0.0234  0.0230  0.0230  0.0228  0.0234  0.0237  0.0233  0.0233  0.0233  0.0233
  0.0246  0.0239  0.0241  0.0245  0.0250  0.0251  0.0244  0.0256  0.0240  0.0242  0.0238  0.0240
  0.0266  0.0252  0.0250  0.0273  0.0280  0.0294  0.0259  0.0282  0.0251  0.0255  0.0246  0.0251
niter,ni,del,rscale     5    3    5.0000    1.2000
parameters
    2.7151   28.7989   -1.6086   -5.2008  -10.1306  -11.0302
   -0.6979    1.0115    3.8754    9.4282    1.5356   -7.8268
eta,q 0.97697  9.59617
  0.0265  0.0258  0.0242  0.0275  0.0275  0.0263  0.0258  0.0282  0.0251  0.0258  0.0246  0.0248
  0.0246  0.0244  0.0234  0.0257  0.0257  0.0247  0.0243  0.0257  0.0240  0.0243  0.0237  0.0238
  0.0234  0.0234  0.0230  0.0240  0.0241  0.0236  0.0234  0.0237  0.0233  0.0234  0.0232  0.0232
  0.0230  0.0230  0.0230  0.0230  0.0230  0.0230  0.0230  0.0230  0.0230  0.0230  0.0230  0.0230
  0.0234  0.0233  0.0233  0.0232  0.0232  0.0227  0.0233  0.0237  0.0233  0.0233  0.0233  0.0233
  0.0246  0.0241  0.0239  0.0249  0.0251  0.0244  0.0243  0.0256  0.0240  0.0242  0.0238  0.0239
  0.0266  0.0254  0.0248  0.0277  0.0281  0.0282  0.0259  0.0282  0.0251  0.0255  0.0246  0.0250
niter,ni,del,rscale     4    3    5.0000    1.2000
parameters
    2.7115   28.8594   -1.7277   -5.1449  -10.1286  -11.1889
   -0.7296    1.0205    3.9163    9.5436    1.4925   -7.9086
eta,q 0.97695  9.59035
  0.0265  0.0257  0.0244  0.0274  0.0275  0.0265  0.0259  0.0282  0.0251  0.0258  0.0246  0.0249
  0.0246  0.0243  0.0236  0.0256  0.0257  0.0249  0.0243  0.0257  0.0240  0.0243  0.0237  0.0238
  0.0234  0.0234  0.0231  0.0239  0.0241  0.0237  0.0234  0.0237  0.0233  0.0233  0.0232  0.0232
  0.0230  0.0230  0.0230  0.0230  0.0230  0.0230  0.0230  0.0230  0.0230  0.0230  0.0230  0.0231
  0.0234  0.0233  0.0233  0.0233  0.0233  0.0228  0.0234  0.0237  0.0233  0.0234  0.0233  0.0233
  0.0246  0.0241  0.0238  0.0250  0.0252  0.0242  0.0244  0.0256  0.0240  0.0242  0.0238  0.0239
  0.0265  0.0255  0.0247  0.0278  0.0282  0.0277  0.0259  0.0282  0.0251  0.0255  0.0246  0.0250
niter,ni,del,rscale     3    3    5.0000    1.2000
parameters
    2.7090   28.8936   -1.7833   -5.1321  -10.1377  -11.2618
   -0.7433    1.0221    3.9410    9.6051    1.4716   -7.9494
eta,q 0.97694  9.58708
  0.0265  0.0257  0.0245  0.0274  0.0275  0.0266  0.0259  0.0282  0.0251  0.0257  0.0246  0.0249
  0.0246  0.0243  0.0237  0.0255  0.0257  0.0249  0.0244  0.0257  0.0240  0.0242  0.0238  0.0239
  0.0234  0.0234  0.0232  0.0239  0.0242  0.0237  0.0234  0.0237  0.0233  0.0233  0.0232  0.0233
  0.0230  0.0230  0.0230  0.0230  0.0230  0.0230  0.0231  0.0231  0.0231  0.0231  0.0231  0.0231
  0.0235  0.0233  0.0233  0.0234  0.0233  0.0228  0.0234  0.0237  0.0233  0.0234  0.0233  0.0233
  0.0246  0.0242  0.0238  0.0250  0.0252  0.0242  0.0244  0.0256  0.0240  0.0243  0.0238  0.0239
  0.0265  0.0255  0.0246  0.0279  0.0281  0.0276  0.0259  0.0283  0.0251  0.0256  0.0246  0.0249
niter,ni,del,rscale     2    3    5.0000    1.2000
parameters
    2.7067   28.9109   -1.8088   -5.1235  -10.1440  -11.2955
   -0.7530    1.0214    3.9532    9.6405    1.4600   -7.9708
eta,q 0.97694  9.58564
  0.0266  0.0256  0.0246  0.0274  0.0275  0.0266  0.0259  0.0282  0.0251  0.0257  0.0247  0.0249
  0.0246  0.0242  0.0237  0.0256  0.0257  0.0250  0.0244  0.0257  0.0240  0.0242  0.0238  0.0239
  0.0234  0.0234  0.0232  0.0240  0.0242  0.0238  0.0234  0.0238  0.0233  0.0233  0.0232  0.0233
  0.0231  0.0231  0.0231  0.0231  0.0231  0.0231  0.0231  0.0231  0.0231  0.0231  0.0231  0.0231
  0.0235  0.0233  0.0233  0.0234  0.0233  0.0228  0.0234  0.0238  0.0233  0.0234  0.0233  0.0233
  0.0247  0.0242  0.0238  0.0251  0.0252  0.0241  0.0244  0.0256  0.0240  0.0243  0.0238  0.0239
  0.0266  0.0255  0.0246  0.0279  0.0281  0.0276  0.0259  0.0283  0.0251  0.0256  0.0246  0.0249
niter,ni,del,rscale     1    3    5.0000    1.2000
parameters
    2.7064   28.9210   -1.8203   -5.1214  -10.1501  -11.3101
   -0.7559    1.0221    3.9641    9.6598    1.4573   -7.9798
eta,q 0.97693  9.58486
  0.0266  0.0256  0.0246  0.0274  0.0275  0.0266  0.0259  0.0282  0.0251  0.0257  0.0247  0.0249
  0.0246  0.0242  0.0237  0.0256  0.0257  0.0250  0.0244  0.0257  0.0240  0.0242  0.0238  0.0239
  0.0235  0.0234  0.0232  0.0240  0.0242  0.0238  0.0234  0.0238  0.0233  0.0233  0.0232  0.0233
  0.0231  0.0231  0.0231  0.0231  0.0231  0.0231  0.0231  0.0231  0.0231  0.0231  0.0231  0.0231
  0.0235  0.0234  0.0233  0.0234  0.0233  0.0228  0.0234  0.0238  0.0233  0.0234  0.0233  0.0233
  0.0247  0.0242  0.0238  0.0251  0.0252  0.0241  0.0244  0.0256  0.0240  0.0243  0.0238  0.0239
  0.0266  0.0255  0.0246  0.0279  0.0281  0.0275  0.0259  0.0283  0.0251  0.0256  0.0246  0.0249
registration optimization eta report
parameter search radius
    2.4000    2.4000    2.4000    8.2800    9.5220    8.2800
    7.2000    7.2000    7.2000    7.2000    7.2000    8.2800
100000*second partial in parameter space
       61.       43.       26.        7.        5.        6.
        5.       10.        4.        5.        3.        3.
  0.0266  0.0256  0.0246  0.0274  0.0275  0.0266  0.0259  0.0282  0.0251  0.0257  0.0247  0.0249
  0.0246  0.0242  0.0237  0.0256  0.0257  0.0250  0.0244  0.0257  0.0240  0.0242  0.0238  0.0239
  0.0235  0.0234  0.0232  0.0240  0.0242  0.0238  0.0234  0.0238  0.0233  0.0233  0.0232  0.0233
  0.0231  0.0231  0.0231  0.0231  0.0231  0.0231  0.0231  0.0231  0.0231  0.0231  0.0231  0.0231
  0.0235  0.0234  0.0233  0.0234  0.0233  0.0228  0.0234  0.0238  0.0233  0.0234  0.0233  0.0233
  0.0247  0.0242  0.0238  0.0251  0.0252  0.0241  0.0244  0.0256  0.0240  0.0243  0.0238  0.0239
  0.0266  0.0255  0.0246  0.0279  0.0281  0.0275  0.0259  0.0283  0.0251  0.0256  0.0246  0.0249
    2.7064   28.9210   -1.8203   -5.1214  -10.1501  -11.3101
   -0.7559    1.0221    3.9641    9.6598    1.4573   -7.9798
eta,q 0.97693  9.58486

---------------------------------------------------------------------
imgreg_4dfp /home/aracena/freesurfer/average/711-2C_as_mni_average_305 /home/aracena/freesurfer/average/711-2B_as_mni_average_305_mask talsrcimg_g11 none talsrcimg_to_711-2C_as_mni_average_305_t4 2311
---------------------------------------------------------------------

freesurfer imgreg_4dfp.c
/home/aracena/freesurfer/average/711-2C_as_mni_average_305.4dfp.img
       256       256       256         1
  1.000000  1.000000  1.000000
orientation T byte_order littleendian
Reading image: /home/aracena/freesurfer/average/711-2C_as_mni_average_305.4dfp.img
dimensions:      256       256       256
mmppix:       1.0000   -1.0000   -1.0000
center:     128.0000 -129.0000 -129.0000
/home/aracena/freesurfer/average/711-2B_as_mni_average_305_mask.4dfp.img
       256       256       256         1
  1.000000  1.000000  1.000000
orientation T byte_order littleendian
Reading mask: /home/aracena/freesurfer/average/711-2B_as_mni_average_305_mask.4dfp.img (2306576 pixels)
talsrcimg_g11.4dfp.img
       256       256       256         1
  1.000000  1.000000  1.000000
orientation T byte_order littleendian
Reading image: talsrcimg_g11.4dfp.img
dimensions:      256       256       256
mmppix:       1.0000   -1.0000   -1.0000
center:     128.0000 -129.0000 -129.0000
fimgreg.f
image alignment mode   2311 decimal      907 hex
parameters
    2.7064   28.9210   -1.8203   -5.1214  -10.1501  -11.3101
   -0.7559    1.0221    3.9641    9.6598    1.4573   -7.9798
eta,q 0.97693  9.58486
niter,ni,del,rscale     5    3    5.0000    0.8000
parameters
    2.6963   28.9127   -1.8549   -4.6071   -9.3999  -10.4254
   -0.9698    1.1561    3.7316    9.4195    1.7398   -8.5305
eta,q 0.97718  9.65557
  0.0246  0.0242  0.0237  0.0251  0.0249  0.0245  0.0242  0.0259  0.0238  0.0241  0.0238  0.0234
  0.0238  0.0236  0.0234  0.0242  0.0241  0.0238  0.0234  0.0244  0.0232  0.0234  0.0233  0.0230
  0.0232  0.0232  0.0231  0.0234  0.0235  0.0232  0.0230  0.0233  0.0229  0.0229  0.0230  0.0228
  0.0231  0.0231  0.0231  0.0231  0.0230  0.0229  0.0228  0.0228  0.0228  0.0228  0.0228  0.0228
  0.0232  0.0232  0.0232  0.0231  0.0230  0.0228  0.0230  0.0231  0.0230  0.0231  0.0229  0.0230
  0.0238  0.0236  0.0234  0.0236  0.0233  0.0229  0.0236  0.0241  0.0234  0.0236  0.0232  0.0233
  0.0247  0.0242  0.0238  0.0245  0.0242  0.0238  0.0244  0.0257  0.0240  0.0243  0.0236  0.0237
niter,ni,del,rscale     4    3    5.0000    0.7000
parameters
    2.6621   28.8312   -1.6614   -4.7989   -9.2191   -9.6455
   -1.0142    1.1498    3.5315    9.3403    2.0234   -8.6875
eta,q 0.97734  9.69031
  0.0241  0.0237  0.0235  0.0242  0.0242  0.0240  0.0238  0.0251  0.0234  0.0238  0.0235  0.0232
  0.0233  0.0232  0.0232  0.0234  0.0236  0.0235  0.0232  0.0239  0.0230  0.0232  0.0231  0.0229
  0.0229  0.0229  0.0229  0.0230  0.0231  0.0231  0.0228  0.0230  0.0227  0.0228  0.0228  0.0227
  0.0228  0.0228  0.0228  0.0228  0.0228  0.0228  0.0227  0.0227  0.0227  0.0227  0.0227  0.0227
  0.0230  0.0230  0.0228  0.0230  0.0229  0.0226  0.0228  0.0230  0.0228  0.0228  0.0227  0.0228
  0.0235  0.0233  0.0230  0.0236  0.0233  0.0227  0.0232  0.0238  0.0231  0.0232  0.0229  0.0230
  0.0242  0.0239  0.0232  0.0245  0.0241  0.0235  0.0238  0.0252  0.0236  0.0239  0.0233  0.0233
niter,ni,del,rscale     3    3    5.0000    0.6000
parameters
    2.6485   28.7864   -1.5080   -4.9542   -9.1347   -9.1103
   -1.0056    1.1081    3.3904    9.2572    2.2155   -8.7254
eta,q 0.97745  9.71082
  0.0236  0.0234  0.0232  0.0237  0.0237  0.0236  0.0234  0.0244  0.0232  0.0234  0.0232  0.0230
  0.0231  0.0230  0.0229  0.0232  0.0232  0.0232  0.0229  0.0235  0.0228  0.0229  0.0229  0.0227
  0.0228  0.0227  0.0227  0.0228  0.0228  0.0229  0.0227  0.0228  0.0226  0.0226  0.0226  0.0226
  0.0227  0.0227  0.0227  0.0227  0.0227  0.0227  0.0226  0.0226  0.0226  0.0226  0.0226  0.0226
  0.0228  0.0228  0.0227  0.0228  0.0227  0.0225  0.0226  0.0228  0.0227  0.0227  0.0226  0.0226
  0.0231  0.0230  0.0228  0.0233  0.0231  0.0226  0.0229  0.0235  0.0229  0.0230  0.0228  0.0228
  0.0237  0.0235  0.0230  0.0240  0.0237  0.0233  0.0234  0.0246  0.0232  0.0235  0.0231  0.0230
niter,ni,del,rscale     2    3    5.0000    0.5000
parameters
    2.6395   28.7623   -1.3772   -5.0814   -9.0844   -8.5913
   -1.0078    1.0900    3.2648    9.1712    2.3693   -8.7668
eta,q 0.97754  9.72836
  0.0232  0.0231  0.0230  0.0233  0.0233  0.0233  0.0231  0.0239  0.0229  0.0231  0.0229  0.0228
  0.0229  0.0228  0.0227  0.0229  0.0229  0.0230  0.0227  0.0231  0.0226  0.0227  0.0227  0.0226
  0.0226  0.0226  0.0226  0.0226  0.0227  0.0228  0.0225  0.0226  0.0225  0.0225  0.0225  0.0225
  0.0226  0.0226  0.0226  0.0226  0.0225  0.0225  0.0224  0.0225  0.0225  0.0225  0.0225  0.0225
  0.0226  0.0226  0.0226  0.0227  0.0226  0.0224  0.0225  0.0226  0.0225  0.0225  0.0225  0.0225
  0.0229  0.0228  0.0226  0.0230  0.0229  0.0225  0.0227  0.0231  0.0227  0.0228  0.0226  0.0226
  0.0233  0.0231  0.0228  0.0235  0.0233  0.0231  0.0230  0.0239  0.0230  0.0232  0.0228  0.0228
niter,ni,del,rscale     1    3    5.0000    0.4000
parameters
    2.6259   28.7437   -1.2325   -5.2028   -9.0693   -8.0866
   -1.0242    1.0640    3.1569    9.1116    2.4803   -8.8079
eta,q 0.97764  9.74349
  0.0229  0.0228  0.0228  0.0230  0.0230  0.0231  0.0227  0.0233  0.0226  0.0228  0.0227  0.0226
  0.0226  0.0226  0.0226  0.0227  0.0227  0.0229  0.0225  0.0228  0.0225  0.0226  0.0225  0.0225
  0.0225  0.0225  0.0225  0.0225  0.0225  0.0226  0.0224  0.0225  0.0224  0.0224  0.0224  0.0224
  0.0225  0.0225  0.0225  0.0224  0.0224  0.0224  0.0224  0.0224  0.0224  0.0224  0.0224  0.0224
  0.0225  0.0225  0.0225  0.0225  0.0225  0.0223  0.0224  0.0225  0.0224  0.0224  0.0224  0.0224
  0.0227  0.0226  0.0225  0.0227  0.0227  0.0225  0.0225  0.0228  0.0225  0.0226  0.0225  0.0225
  0.0229  0.0228  0.0226  0.0231  0.0230  0.0228  0.0228  0.0234  0.0227  0.0228  0.0226  0.0226
registration optimization eta report
parameter search radius
    0.8000    0.8000    0.8000    2.4000    2.4000    2.4000
    2.4000    2.4000    2.4000    2.4000    2.4000    2.4000
100000*second partial in parameter space
       71.       55.       35.       10.        9.        9.
        7.       17.        5.        8.        5.        4.
  0.0229  0.0228  0.0228  0.0230  0.0230  0.0231  0.0227  0.0233  0.0226  0.0228  0.0227  0.0226
  0.0226  0.0226  0.0226  0.0227  0.0227  0.0229  0.0225  0.0228  0.0225  0.0226  0.0225  0.0225
  0.0225  0.0225  0.0225  0.0225  0.0225  0.0226  0.0224  0.0225  0.0224  0.0224  0.0224  0.0224
  0.0225  0.0225  0.0225  0.0224  0.0224  0.0224  0.0224  0.0224  0.0224  0.0224  0.0224  0.0224
  0.0225  0.0225  0.0225  0.0225  0.0225  0.0223  0.0224  0.0225  0.0224  0.0224  0.0224  0.0224
  0.0227  0.0226  0.0225  0.0227  0.0227  0.0225  0.0225  0.0228  0.0225  0.0226  0.0225  0.0225
  0.0229  0.0228  0.0226  0.0231  0.0230  0.0228  0.0228  0.0234  0.0227  0.0228  0.0226  0.0226
    2.6259   28.7437   -1.2325   -5.2028   -9.0693   -8.0866
   -1.0242    1.0640    3.1569    9.1116    2.4803   -8.8079
eta,q 0.97764  9.74349

---------------------------------------------------------------------
imgreg_4dfp /home/aracena/freesurfer/average/711-2C_as_mni_average_305 /home/aracena/freesurfer/average/711-2B_as_mni_average_305_mask talsrcimg_g11 none talsrcimg_to_711-2C_as_mni_average_305_t4 2311
---------------------------------------------------------------------

freesurfer imgreg_4dfp.c
/home/aracena/freesurfer/average/711-2C_as_mni_average_305.4dfp.img
       256       256       256         1
  1.000000  1.000000  1.000000
orientation T byte_order littleendian
Reading image: /home/aracena/freesurfer/average/711-2C_as_mni_average_305.4dfp.img
dimensions:      256       256       256
mmppix:       1.0000   -1.0000   -1.0000
center:     128.0000 -129.0000 -129.0000
/home/aracena/freesurfer/average/711-2B_as_mni_average_305_mask.4dfp.img
       256       256       256         1
  1.000000  1.000000  1.000000
orientation T byte_order littleendian
Reading mask: /home/aracena/freesurfer/average/711-2B_as_mni_average_305_mask.4dfp.img (2306576 pixels)
talsrcimg_g11.4dfp.img
       256       256       256         1
  1.000000  1.000000  1.000000
orientation T byte_order littleendian
Reading image: talsrcimg_g11.4dfp.img
dimensions:      256       256       256
mmppix:       1.0000   -1.0000   -1.0000
center:     128.0000 -129.0000 -129.0000
fimgreg.f
image alignment mode   2311 decimal      907 hex
parameters
    2.6259   28.7437   -1.2325   -5.2028   -9.0693   -8.0866
   -1.0242    1.0640    3.1569    9.1116    2.4803   -8.8079
eta,q 0.97764  9.74349
niter,ni,del,rscale     5    3    5.0000    0.8000
parameters
    2.6328   28.7262   -1.0171   -5.4288   -9.3795   -8.6129
   -0.7707    0.9112    3.3153    9.2451    2.2775   -8.3339
eta,q 0.97752  9.71841
  0.0242  0.0237  0.0236  0.0243  0.0240  0.0238  0.0241  0.0254  0.0237  0.0241  0.0234  0.0234
  0.0232  0.0230  0.0230  0.0233  0.0232  0.0233  0.0232  0.0239  0.0231  0.0232  0.0229  0.0229
  0.0226  0.0225  0.0225  0.0226  0.0226  0.0228  0.0227  0.0228  0.0226  0.0227  0.0226  0.0226
  0.0224  0.0224  0.0224  0.0224  0.0224  0.0224  0.0225  0.0225  0.0225  0.0225  0.0225  0.0225
  0.0226  0.0225  0.0224  0.0227  0.0226  0.0224  0.0226  0.0229  0.0226  0.0226  0.0226  0.0225
  0.0232  0.0230  0.0227  0.0235  0.0234  0.0235  0.0230  0.0241  0.0230  0.0231  0.0230  0.0227
  0.0242  0.0238  0.0231  0.0247  0.0246  0.0254  0.0238  0.0258  0.0235  0.0239  0.0235  0.0231
niter,ni,del,rscale     4    3    5.0000    0.7000
parameters
    2.6427   28.7246   -1.1708   -5.2366   -9.3106   -8.8326
   -0.7998    0.9494    3.3739    9.1546    2.2078   -8.3584
eta,q 0.97749  9.71385
  0.0239  0.0235  0.0230  0.0242  0.0239  0.0236  0.0236  0.0250  0.0234  0.0237  0.0232  0.0231
  0.0231  0.0229  0.0227  0.0234  0.0232  0.0232  0.0230  0.0237  0.0229  0.0230  0.0228  0.0228
  0.0226  0.0226  0.0225  0.0227  0.0227  0.0228  0.0226  0.0229  0.0226  0.0226  0.0226  0.0226
  0.0225  0.0225  0.0225  0.0225  0.0225  0.0225  0.0225  0.0225  0.0225  0.0225  0.0225  0.0225
  0.0226  0.0226  0.0226  0.0226  0.0226  0.0224  0.0226  0.0228  0.0226  0.0227  0.0226  0.0226
  0.0231  0.0229  0.0229  0.0231  0.0230  0.0230  0.0230  0.0237  0.0229  0.0231  0.0229  0.0228
  0.0238  0.0235  0.0232  0.0240  0.0239  0.0243  0.0236  0.0250  0.0233  0.0237  0.0233  0.0231
niter,ni,del,rscale     3    3    5.0000    0.6000
parameters
    2.6325   28.7251   -1.2361   -5.1606   -9.2072   -8.7252
   -0.8849    1.0017    3.3337    9.1200    2.2476   -8.4959
eta,q 0.97753  9.72088
  0.0235  0.0233  0.0229  0.0238  0.0236  0.0234  0.0233  0.0244  0.0231  0.0234  0.0231  0.0229
  0.0229  0.0228  0.0227  0.0231  0.0231  0.0231  0.0228  0.0234  0.0228  0.0229  0.0227  0.0227
  0.0226  0.0226  0.0225  0.0227  0.0227  0.0228  0.0226  0.0228  0.0225  0.0226  0.0225  0.0225
  0.0225  0.0225  0.0225  0.0225  0.0225  0.0225  0.0225  0.0225  0.0225  0.0225  0.0225  0.0225
  0.0226  0.0226  0.0226  0.0226  0.0226  0.0224  0.0226  0.0227  0.0226  0.0226  0.0225  0.0225
  0.0230  0.0228  0.0228  0.0230  0.0229  0.0227  0.0229  0.0233  0.0228  0.0229  0.0227  0.0227
  0.0235  0.0233  0.0230  0.0237  0.0236  0.0236  0.0234  0.0244  0.0231  0.0234  0.0230  0.0230
niter,ni,del,rscale     2    3    5.0000    0.5000
parameters
    2.6289   28.7263   -1.2273   -5.1690   -9.1326   -8.4149
   -0.9480    1.0418    3.2491    9.0884    2.3474   -8.6452
eta,q 0.97759  9.73280
  0.0232  0.0230  0.0228  0.0233  0.0233  0.0232  0.0230  0.0239  0.0228  0.0231  0.0229  0.0227
  0.0228  0.0227  0.0226  0.0229  0.0229  0.0230  0.0227  0.0231  0.0226  0.0227  0.0226  0.0225
  0.0225  0.0225  0.0225  0.0226  0.0226  0.0227  0.0225  0.0226  0.0225  0.0225  0.0225  0.0224
  0.0225  0.0225  0.0225  0.0225  0.0225  0.0225  0.0224  0.0224  0.0224  0.0224  0.0224  0.0224
  0.0226  0.0225  0.0225  0.0226  0.0225  0.0224  0.0225  0.0226  0.0225  0.0225  0.0224  0.0225
  0.0228  0.0227  0.0226  0.0229  0.0228  0.0226  0.0227  0.0230  0.0226  0.0227  0.0226  0.0226
  0.0232  0.0230  0.0228  0.0234  0.0232  0.0232  0.0230  0.0238  0.0229  0.0231  0.0228  0.0228
niter,ni,del,rscale     1    3    5.0000    0.4000
parameters
    2.6221   28.7287   -1.1570   -5.2409   -9.0900   -8.0126
   -0.9969    1.0522    3.1650    9.0623    2.4341   -8.7516
eta,q 0.97765  9.74533
  0.0229  0.0228  0.0227  0.0230  0.0229  0.0230  0.0227  0.0233  0.0226  0.0228  0.0226  0.0226
  0.0226  0.0226  0.0225  0.0227  0.0227  0.0228  0.0225  0.0228  0.0225  0.0225  0.0225  0.0224
  0.0225  0.0224  0.0224  0.0225  0.0225  0.0226  0.0224  0.0225  0.0224  0.0224  0.0224  0.0224
  0.0224  0.0224  0.0224  0.0224  0.0224  0.0224  0.0224  0.0224  0.0223  0.0224  0.0223  0.0224
  0.0225  0.0224  0.0224  0.0225  0.0225  0.0223  0.0224  0.0224  0.0224  0.0224  0.0224  0.0224
  0.0226  0.0226  0.0225  0.0227  0.0226  0.0225  0.0225  0.0228  0.0225  0.0226  0.0225  0.0225
  0.0229  0.0228  0.0226  0.0230  0.0229  0.0228  0.0227  0.0233  0.0227  0.0228  0.0226  0.0226
registration optimization eta report
parameter search radius
    0.8000    0.8000    0.8000    2.4000    2.4000    2.4000
    2.4000    2.4000    2.4000    2.4000    2.4000    2.4000
100000*second partial in parameter space
       72.       54.       36.       10.        9.        9.
        7.       17.        5.        8.        5.        4.
  0.0229  0.0228  0.0227  0.0230  0.0229  0.0230  0.0227  0.0233  0.0226  0.0228  0.0226  0.0226
  0.0226  0.0226  0.0225  0.0227  0.0227  0.0228  0.0225  0.0228  0.0225  0.0225  0.0225  0.0224
  0.0225  0.0224  0.0224  0.0225  0.0225  0.0226  0.0224  0.0225  0.0224  0.0224  0.0224  0.0224
  0.0224  0.0224  0.0224  0.0224  0.0224  0.0224  0.0224  0.0224  0.0223  0.0224  0.0223  0.0224
  0.0225  0.0224  0.0224  0.0225  0.0225  0.0223  0.0224  0.0224  0.0224  0.0224  0.0224  0.0224
  0.0226  0.0226  0.0225  0.0227  0.0226  0.0225  0.0225  0.0228  0.0225  0.0226  0.0225  0.0225
  0.0229  0.0228  0.0226  0.0230  0.0229  0.0228  0.0227  0.0233  0.0227  0.0228  0.0226  0.0226
    2.6221   28.7287   -1.1570   -5.2409   -9.0900   -8.0126
   -0.9969    1.0522    3.1650    9.0623    2.4341   -8.7516
eta,q 0.97765  9.74533

---------------------------------------------------------------------
compute_vox2vox talsrcimg talsrcimg_to_711-2C_as_mni_average_305_t4 /home/aracena/freesurfer/average/711-2C_as_mni_average_305
---------------------------------------------------------------------

freesurfer compute_vox2vox.c
Reading: talsrcimg.4dfp.ifh
Reading: talsrcimg_to_711-2C_as_mni_average_305_t4
Reading: /home/aracena/freesurfer/average/711-2C_as_mni_average_305.4dfp.ifh
Writing: talsrcimg_to_711-2C_as_mni_average_305_t4_vox2vox.txt

start time mar 28 dic 2021 02:04:26 -03
end		time mar 28 dic 2021 02:04:59 -03

mpr2mni305 success

avi2talxfm orig_nu.mgz /home/aracena/freesurfer/average/mni305.cor.mgz talsrcimg_to_711-2C_as_mni_average_305_t4_vox2vox.txt transforms/talairach.auto.xfm
avi2talxfm done
lta_convert --src orig_nu.mgz --trg /home/aracena/freesurfer/average/mni305.cor.mgz --inxfm transforms/talairach.auto.xfm --outlta transforms/talairach.auto.xfm.lta --subject fsaverage
7.2.0

--src: orig_nu.mgz src image (geometry).
--trg: /home/aracena/freesurfer/average/mni305.cor.mgz trg image (geometry).
--inmni: transforms/talairach.auto.xfm input MNI/XFM transform.
--outlta: transforms/talairach.auto.xfm.lta output LTA.
--s: fsaverage subject name
 LTA read, type : 1
 1.05530  -0.01309   0.01031   0.41008;
-0.03112   1.07728   0.10336   0.50870;
-0.03364  -0.10693   1.08933  -6.25167;
 0.00000   0.00000   0.00000   1.00000;
setting subject to fsaverage
Writing  LTA to file transforms/talairach.auto.xfm.lta...
lta_convert successful.
 
 
Started at mar 28 dic 2021 02:04:24 -03
Ended   at mar 28 dic 2021 02:04:59 -03
talairach_avi done
