status file for recon-all
mar 28 dic 2021 13:30:12 -03
#@# MotionCor mar 28 dic 2021 13:30:20 -03
#@# Talairach mar 28 dic 2021 13:30:33 -03
#@# Talairach Failure Detection mar 28 dic 2021 13:35:41 -03
#@# Nu Intensity Correction mar 28 dic 2021 13:35:41 -03
#@# Intensity Normalization mar 28 dic 2021 13:40:36 -03
#@# Skull Stripping mar 28 dic 2021 13:43:02 -03
#@# EM Registration mar 28 dic 2021 13:57:08 -03
#@# CA Normalize mar 28 dic 2021 14:06:54 -03
#@# CA Reg mar 28 dic 2021 14:08:51 -03
#@# SubCort Seg mar 28 dic 2021 19:25:15 -03
#@# CC Seg mar 28 dic 2021 20:37:15 -03
#@# Merge ASeg mar 28 dic 2021 20:37:55 -03
#@# Intensity Normalization2 mar 28 dic 2021 20:37:55 -03
#@# Mask BFS mar 28 dic 2021 20:42:09 -03
#@# WM Segmentation mar 28 dic 2021 20:42:12 -03
#@# Fill mar 28 dic 2021 20:45:28 -03
#@# Tessellate lh mar 28 dic 2021 20:47:28 -03
#@# Tessellate rh mar 28 dic 2021 20:47:37 -03
#@# Smooth1 lh mar 28 dic 2021 20:47:46 -03
#@# Smooth1 rh mar 28 dic 2021 20:47:51 -03
#@# Inflation1 lh mar 28 dic 2021 20:47:56 -03
#@# Inflation1 rh mar 28 dic 2021 20:48:36 -03
#@# QSphere lh mar 28 dic 2021 20:49:16 -03
#@# QSphere rh mar 28 dic 2021 20:53:36 -03
#@# Fix Topology lh mar 28 dic 2021 20:57:13 -03
#@# Fix Topology rh mar 28 dic 2021 21:00:53 -03
#@# Smooth2 lh mar 28 dic 2021 21:23:14 -03
#@# Smooth2 rh mar 28 dic 2021 21:23:21 -03
#@# Inflation2 lh mar 28 dic 2021 21:23:27 -03
#@# Inflation2 rh mar 28 dic 2021 21:24:15 -03
#@# Curv .H and .K lh mar 28 dic 2021 21:25:05 -03
#@# Curv .H and .K rh mar 28 dic 2021 21:26:25 -03
#@# Sphere lh mar 28 dic 2021 21:27:49 -03
#@# Sphere rh mar 28 dic 2021 22:21:57 -03
#@# Surf Reg lh mar 28 dic 2021 22:34:56 -03
#@# Surf Reg rh mar 28 dic 2021 23:04:13 -03
#@# Jacobian white lh mar 28 dic 2021 23:18:35 -03
#@# Jacobian white rh mar 28 dic 2021 23:18:36 -03
#@# AvgCurv lh mar 28 dic 2021 23:18:38 -03
#@# AvgCurv rh mar 28 dic 2021 23:18:39 -03
#@# Cortical Parc lh mar 28 dic 2021 23:18:40 -03
#@# Cortical Parc rh mar 28 dic 2021 23:18:52 -03
#@# white curv lh mar 28 dic 2021 23:50:21 -03
#@# white area lh mar 28 dic 2021 23:50:25 -03
#@# pial curv lh mar 28 dic 2021 23:50:27 -03
#@# pial area lh mar 28 dic 2021 23:50:30 -03
#@# thickness lh mar 28 dic 2021 23:50:32 -03
#@# area and vertex vol lh mar 28 dic 2021 23:51:45 -03
#@# white curv rh mar 28 dic 2021 23:51:48 -03
#@# white area rh mar 28 dic 2021 23:51:52 -03
#@# pial curv rh mar 28 dic 2021 23:51:54 -03
#@# pial area rh mar 28 dic 2021 23:51:57 -03
#@# thickness rh mar 28 dic 2021 23:51:59 -03
#@# area and vertex vol rh mar 28 dic 2021 23:53:11 -03
#@# Curvature Stats lh mar 28 dic 2021 23:53:14 -03
#@# Curvature Stats rh mar 28 dic 2021 23:53:20 -03
#@# Cortical ribbon mask mar 28 dic 2021 23:53:25 -03
#@# Cortical Parc 2 lh mié 29 dic 2021 00:18:13 -03
#@# Cortical Parc 2 rh mié 29 dic 2021 00:18:49 -03
#@# Cortical Parc 3 lh mié 29 dic 2021 00:19:20 -03
#@# Cortical Parc 3 rh mié 29 dic 2021 00:19:43 -03
#@# WM/GM Contrast lh mié 29 dic 2021 00:20:08 -03
#@# WM/GM Contrast rh mié 29 dic 2021 00:20:17 -03
#@# Relabel Hypointensities mié 29 dic 2021 00:20:28 -03
#@# APas-to-ASeg mié 29 dic 2021 00:21:28 -03
#@# AParc-to-ASeg aparc mié 29 dic 2021 00:22:24 -03
#@# AParc-to-ASeg aparc.a2009s mié 29 dic 2021 00:32:47 -03
#@# AParc-to-ASeg aparc.DKTatlas mié 29 dic 2021 00:38:34 -03
#@# WMParc mié 29 dic 2021 00:43:02 -03
#@# Parcellation Stats lh mié 29 dic 2021 00:50:12 -03
#@# Parcellation Stats rh mié 29 dic 2021 00:50:45 -03
#@# Parcellation Stats 2 lh mié 29 dic 2021 00:51:18 -03
#@# Parcellation Stats 2 rh mié 29 dic 2021 00:51:36 -03
#@# Parcellation Stats 3 lh mié 29 dic 2021 00:51:54 -03
#@# Parcellation Stats 3 rh mié 29 dic 2021 00:52:09 -03
#@# ASeg Stats mié 29 dic 2021 00:52:26 -03
#@# BA_exvivo Labels lh mié 29 dic 2021 00:55:29 -03
#@# BA_exvivo Labels rh mié 29 dic 2021 00:59:37 -03
recon-all -s sub-09 finished without error at mié 29 dic 2021 01:03:23 -03
