/opt/home/aracena/thesis_practica/tips_nibabel/3_recon-all_freesurfer/output/freesurfer/sub-01/mri
/home/aracena/freesurfer/bin/talairach_avi
--i orig_nu.mgz --xfm transforms/talairach.auto.xfm
talairach_avi 7.2.0
Linux daniela-MS-7760 5.11.0-41-generic #45-Ubuntu SMP Fri Nov 5 11:37:01 UTC 2021 x86_64 x86_64 x86_64 GNU/Linux
lun 27 dic 2021 16:35:45 -03
mri_convert orig_nu.mgz talsrcimg.img 
reading from orig_nu.mgz...
TR=0.00, TE=0.00, TI=0.00, flip angle=0.00
i_ras = (-1, 1.86265e-09, 1.86265e-09)
j_ras = (0, -3.49246e-10, -1)
k_ras = (-1.86265e-09, 1, -2.09548e-09)
writing to talsrcimg.img...
Analyze Output Matrix
-1.00000   0.00000  -0.00000   127.82284;
 0.00000  -0.00000   1.00000  -131.63608;
 0.00000  -1.00000  -0.00000   91.79516;
 0.00000   0.00000   0.00000   1.00000;
--------------------
INFO: set hdr.hist.orient to -1
mpr2mni305 talsrcimg
lun 27 dic 2021 16:35:46 -03
/home/aracena/freesurfer/bin/mpr2mni305 talsrcimg
mpr2mni305 7.2.0
target=711-2C_as_mni_average_305

---------------------------------------------------------------------
analyzeto4dfp talsrcimg -O0 -y
---------------------------------------------------------------------

freesurfer ifh2hdr.c
Mon Dec 27 16:35:46 2021
Writing: talsrcimg.4dfp.hdr
freesurfer analyzeto4dfp.c
Reading: talsrcimg.hdr
header size 348 bytes
hdr.dime.datatype	offset=70	value=2
hdr.dime.bitpix		offset=72	value=8
hdr.hist.orient		offset=252	value=-1
dimensionality     4
dimensions       256       256       256         1
Reading: talsrcimg.img
Writing: talsrcimg.4dfp.img
Writing: talsrcimg.4dfp.ifh
ifh2hdr talsrcimg -r0to249
ori=2

---------------------------------------------------------------------
gauss_4dfp talsrcimg 1.1
---------------------------------------------------------------------

freesurfer gauss_4dfp.c
Reading: talsrcimg.4dfp.img
Writing: talsrcimg_g11.4dfp.img
image dimensions 256 256 256 padded to 288 288 288
processing volume 1freesurfer ifh2hdr.c
Mon Dec 27 16:35:54 2021
Writing: talsrcimg_g11.4dfp.hdr

Writing: talsrcimg_g11.4dfp.ifh
including: talsrcimg.4dfp.img.rec in talsrcimg_g11.4dfp.img.rec

---------------------------------------------------------------------
imgreg_4dfp /home/aracena/freesurfer/average/711-2C_as_mni_average_305 none talsrcimg_g11 none talsrcimg_to_711-2C_as_mni_average_305_t4 4355
---------------------------------------------------------------------

freesurfer imgreg_4dfp.c
/home/aracena/freesurfer/average/711-2C_as_mni_average_305.4dfp.img
       256       256       256         1
  1.000000  1.000000  1.000000
orientation T byte_order littleendian
Reading image: /home/aracena/freesurfer/average/711-2C_as_mni_average_305.4dfp.img
dimensions:      256       256       256
mmppix:       1.0000   -1.0000   -1.0000
center:     128.0000 -129.0000 -129.0000
talsrcimg_g11.4dfp.img
       256       256       256         1
  1.000000  1.000000  1.000000
orientation T byte_order littleendian
Reading image: talsrcimg_g11.4dfp.img
dimensions:      256       256       256
mmppix:       1.0000   -1.0000   -1.0000
center:     128.0000 -129.0000 -129.0000
t4_read: open error in t4_sub.f l:  41 t4_file(1:l)talsrcimg_to_711-2C_as_mni_average_305_t4 
t4_read: transform initialized to I4
rotation matrix determinant  1.000000
image alignment mode   4355 decimal     1103 hex
   -7.5000  -45.0000  -45.0000 8137.1792   12.1119
    0.0000  -45.0000  -45.0000 8708.3730   12.1442
    7.5000  -45.0000  -45.0000 8483.3721   12.1420
   -7.5000  -37.5000  -45.0000 8256.0674   12.1844
    0.0000  -37.5000  -45.0000 8827.8799   12.2217
    7.5000  -37.5000  -45.0000 8608.2266   12.2248
   -7.5000  -30.0000  -45.0000 8572.0107   11.8124
    0.0000  -30.0000  -45.0000 9134.5068   11.8460
    7.5000  -30.0000  -45.0000 8903.1719   11.8485
   -7.5000  -22.5000  -45.0000 8962.2100   11.5181
    0.0000  -22.5000  -45.0000 9530.3389   11.5484
    7.5000  -22.5000  -45.0000 9280.4980   11.5514
   -7.5000  -15.0000  -45.0000 9397.1309   11.2872
    0.0000  -15.0000  -45.0000 9972.0596   11.3152
    7.5000  -15.0000  -45.0000 9683.8086   11.3179
   -7.5000   -7.5000  -45.0000 9961.2393   11.2091
    0.0000   -7.5000  -45.000010573.7178   11.2368
    7.5000   -7.5000  -45.000010225.5508   11.2377
   -7.5000    0.0000  -45.000010585.3359   11.2134
    0.0000    0.0000  -45.000011184.3486   11.2420
    7.5000    0.0000  -45.000010791.9375   11.2419
   -7.5000    7.5000  -45.000010613.5283   11.5890
    0.0000    7.5000  -45.000011157.0469   11.6230
    7.5000    7.5000  -45.000010766.1758   11.6274
   -7.5000   15.0000  -45.000010632.3193   12.0427
    0.0000   15.0000  -45.000011133.5664   12.0824
    7.5000   15.0000  -45.000010731.0977   12.0926
   -7.5000   22.5000  -45.000010456.7920   12.4498
    0.0000   22.5000  -45.000010946.8281   12.4951
    7.5000   22.5000  -45.000010545.3213   12.5109
   -7.5000   30.0000  -45.000010160.4590   12.6686
    0.0000   30.0000  -45.000010650.8945   12.7182
    7.5000   30.0000  -45.000010254.8271   12.7409
   -7.5000   37.5000  -45.000010121.2832   13.0290
    0.0000   37.5000  -45.000010622.1602   13.0832
    7.5000   37.5000  -45.000010204.8096   13.1087
   -7.5000   45.0000  -45.0000 9604.3447   13.0018
    0.0000   45.0000  -45.000010093.5635   13.0605
    7.5000   45.0000  -45.0000 9699.2363   13.0857
   -7.5000  -45.0000  -37.5000 8292.4834   12.0966
    0.0000  -45.0000  -37.5000 8891.3965   12.1351
    7.5000  -45.0000  -37.5000 8678.4023   12.1385
   -7.5000  -37.5000  -37.5000 8442.3584   12.1610
    0.0000  -37.5000  -37.5000 9032.0400   12.2031
    7.5000  -37.5000  -37.5000 8832.2373   12.2114
   -7.5000  -30.0000  -37.5000 8816.5439   11.7878
    0.0000  -30.0000  -37.5000 9385.6807   11.8236
    7.5000  -30.0000  -37.5000 9144.0801   11.8306
   -7.5000  -22.5000  -37.5000 9267.5850   11.4984
    0.0000  -22.5000  -37.5000 9846.0752   11.5301
    7.5000  -22.5000  -37.5000 9551.7285   11.5373
   -7.5000  -15.0000  -37.5000 9771.0605   11.2722
    0.0000  -15.0000  -37.500010370.3936   11.3026
    7.5000  -15.0000  -37.500010019.0859   11.3098
   -7.5000   -7.5000  -37.500010383.6865   11.1931
    0.0000   -7.5000  -37.500011015.0342   11.2250
    7.5000   -7.5000  -37.500010622.9131   11.2309
   -7.5000    0.0000  -37.500011046.7695   11.1940
    0.0000    0.0000  -37.500011655.9268   11.2274
    7.5000    0.0000  -37.500011238.8906   11.2322
   -7.5000    7.5000  -37.500011087.4189   11.5644
    0.0000    7.5000  -37.500011654.1816   11.6026
    7.5000    7.5000  -37.500011225.3408   11.6119
   -7.5000   15.0000  -37.500011098.9551   12.0153
    0.0000   15.0000  -37.500011635.5332   12.0563
    7.5000   15.0000  -37.500011210.3896   12.0704
   -7.5000   22.5000  -37.500010914.2100   12.4241
    0.0000   22.5000  -37.500011397.8818   12.4708
    7.5000   22.5000  -37.500011013.6758   12.4908
   -7.5000   30.0000  -37.500010598.4717   12.6421
    0.0000   30.0000  -37.500011114.7197   12.6943
    7.5000   30.0000  -37.500010739.5811   12.7219
   -7.5000   37.5000  -37.500010565.2959   13.0033
    0.0000   37.5000  -37.500011101.1172   13.0617
    7.5000   37.5000  -37.500010696.8662   13.0920
   -7.5000   45.0000  -37.500010008.2969   12.9724
    0.0000   45.0000  -37.500010533.0830   13.0361
    7.5000   45.0000  -37.500010143.0166   13.0663
   -7.5000  -45.0000  -30.0000 8584.2441   12.5936
    0.0000  -45.0000  -30.0000 9183.7773   12.6351
    7.5000  -45.0000  -30.0000 8980.7861   12.6426
   -7.5000  -37.5000  -30.0000 8750.8779   12.6551
    0.0000  -37.5000  -30.0000 9361.6689   12.7002
    7.5000  -37.5000  -30.0000 9160.6699   12.7126
   -7.5000  -30.0000  -30.0000 9184.4600   12.2602
    0.0000  -30.0000  -30.0000 9794.1934   12.2968
    7.5000  -30.0000  -30.0000 9543.3799   12.3070
   -7.5000  -22.5000  -30.0000 9731.4785   11.9603
    0.0000  -22.5000  -30.000010351.4355   11.9909
    7.5000  -22.5000  -30.000010040.4912   12.0000
   -7.5000  -15.0000  -30.000010312.3174   11.7298
    0.0000  -15.0000  -30.000010968.7852   11.7593
    7.5000  -15.0000  -30.000010596.8887   11.7682
   -7.5000   -7.5000  -30.000010965.5557   11.6497
    0.0000   -7.5000  -30.000011641.8623   11.6827
    7.5000   -7.5000  -30.000011221.4668   11.6914
   -7.5000    0.0000  -30.000011675.4521   11.6487
    0.0000    0.0000  -30.000012358.1006   11.6851
    7.5000    0.0000  -30.000011893.3652   11.6937
   -7.5000    7.5000  -30.000011728.6514   12.0298
    0.0000    7.5000  -30.000012374.8486   12.0711
    7.5000    7.5000  -30.000011900.6143   12.0841
   -7.5000   15.0000  -30.000011730.8018   12.4972
    0.0000   15.0000  -30.000012368.5557   12.5393
    7.5000   15.0000  -30.000011906.9502   12.5555
   -7.5000   22.5000  -30.000011553.6777   12.9253
    0.0000   22.5000  -30.000012133.5674   12.9711
    7.5000   22.5000  -30.000011715.2695   12.9924
   -7.5000   30.0000  -30.000011244.1416   13.1536
    0.0000   30.0000  -30.000011817.8047   13.2052
    7.5000   30.0000  -30.000011420.3828   13.2358
   -7.5000   37.5000  -30.000011211.7285   13.5309
    0.0000   37.5000  -30.000011808.8984   13.5909
    7.5000   37.5000  -30.000011384.5039   13.6257
   -7.5000   45.0000  -30.000010635.2607   13.5020
    0.0000   45.0000  -30.000011216.4258   13.5691
    7.5000   45.0000  -30.000010790.8047   13.6051
   -7.5000  -45.0000  -22.5000 8909.0225   13.0250
    0.0000  -45.0000  -22.5000 9518.3877   13.0617
    7.5000  -45.0000  -22.5000 9322.6611   13.0677
   -7.5000  -37.5000  -22.5000 9099.0898   13.0934
    0.0000  -37.5000  -22.5000 9748.1006   13.1352
    7.5000  -37.5000  -22.5000 9536.3906   13.1463
   -7.5000  -30.0000  -22.5000 9568.5879   12.6807
    0.0000  -30.0000  -22.500010239.2441   12.7152
    7.5000  -30.0000  -22.5000 9986.4111   12.7230
   -7.5000  -22.5000  -22.500010171.1582   12.3673
    0.0000  -22.5000  -22.500010878.1182   12.3942
    7.5000  -22.5000  -22.500010546.6924   12.3998
   -7.5000  -15.0000  -22.500010809.9277   12.1288
    0.0000  -15.0000  -22.500011546.5615   12.1533
    7.5000  -15.0000  -22.500011144.0508   12.1582
   -7.5000   -7.5000  -22.500011530.3369   12.0480
    0.0000   -7.5000  -22.500012278.2939   12.0762
    7.5000   -7.5000  -22.500011833.2900   12.0819
   -7.5000    0.0000  -22.500012304.6191   12.0479
    0.0000    0.0000  -22.500013056.3574   12.0808
    7.5000    0.0000  -22.500012563.6436   12.0883
   -7.5000    7.5000  -22.500012371.1621   12.4433
    0.0000    7.5000  -22.500013104.2236   12.4822
    7.5000    7.5000  -22.500012616.9414   12.4938
   -7.5000   15.0000  -22.500012388.3516   12.9282
    0.0000   15.0000  -22.500013114.6328   12.9693
    7.5000   15.0000  -22.500012651.6182   12.9827
   -7.5000   22.5000  -22.500012222.7773   13.3723
    0.0000   22.5000  -22.500012907.4053   13.4143
    7.5000   22.5000  -22.500012466.6475   13.4314
   -7.5000   30.0000  -22.500011901.3311   13.6104
    0.0000   30.0000  -22.500012553.3438   13.6569
    7.5000   30.0000  -22.500012114.6748   13.6843
   -7.5000   37.5000  -22.500011857.3965   13.9990
    0.0000   37.5000  -22.500012543.7080   14.0542
    7.5000   37.5000  -22.500012060.1201   14.0877
   -7.5000   45.0000  -22.500011273.2480   13.9754
    0.0000   45.0000  -22.500011928.4150   14.0384
    7.5000   45.0000  -22.500011435.2432   14.0751
   -7.5000  -45.0000  -15.0000 9285.7139   13.3313
    0.0000  -45.0000  -15.0000 9912.8721   13.3620
    7.5000  -45.0000  -15.0000 9687.7930   13.3625
   -7.5000  -37.5000  -15.0000 9511.3252   13.4077
    0.0000  -37.5000  -15.000010187.8779   13.4452
    7.5000  -37.5000  -15.0000 9940.1543   13.4512
   -7.5000  -30.0000  -15.0000 9998.4131   12.9861
    0.0000  -30.0000  -15.000010729.2988   13.0189
    7.5000  -30.0000  -15.000010435.0791   13.0222
   -7.5000  -22.5000  -15.000010600.7881   12.6612
    0.0000  -22.5000  -15.000011396.4355   12.6869
    7.5000  -22.5000  -15.000011039.8389   12.6883
   -7.5000  -15.0000  -15.000011282.4541   12.4141
    0.0000  -15.0000  -15.000012091.2246   12.4358
    7.5000  -15.0000  -15.000011655.8174   12.4361
   -7.5000   -7.5000  -15.000012074.1953   12.3323
    0.0000   -7.5000  -15.000012911.7148   12.3560
    7.5000   -7.5000  -15.000012401.1016   12.3568
   -7.5000    0.0000  -15.000012908.9688   12.3342
    0.0000    0.0000  -15.000013761.4434   12.3623
    7.5000    0.0000  -15.000013208.4619   12.3650
   -7.5000    7.5000  -15.000013020.3350   12.7415
    0.0000    7.5000  -15.000013854.6777   12.7766
    7.5000    7.5000  -15.000013310.0703   12.7835
   -7.5000   15.0000  -15.000013081.2129   13.2394
    0.0000   15.0000  -15.000013893.2881   13.2797
    7.5000   15.0000  -15.000013360.5518   13.2893
   -7.5000   22.5000  -15.000012900.0469   13.6919
    0.0000   22.5000  -15.000013663.5127   13.7329
    7.5000   22.5000  -15.000013137.7588   13.7461
   -7.5000   30.0000  -15.000012551.7285   13.9404
    0.0000   30.0000  -15.000013252.0400   13.9842
    7.5000   30.0000  -15.000012736.2773   14.0076
   -7.5000   37.5000  -15.000012514.5586   14.3368
    0.0000   37.5000  -15.000013217.6787   14.3873
    7.5000   37.5000  -15.000012672.9277   14.4171
   -7.5000   45.0000  -15.000011883.0303   14.3216
    0.0000   45.0000  -15.000012580.0547   14.3798
    7.5000   45.0000  -15.000012031.4785   14.4127
   -7.5000  -45.0000   -7.5000 9587.5781   13.4629
    0.0000  -45.0000   -7.500010256.8857   13.4935
    7.5000  -45.0000   -7.500010022.9199   13.4906
   -7.5000  -37.5000   -7.5000 9852.8027   13.5430
    0.0000  -37.5000   -7.500010572.3125   13.5806
    7.5000  -37.5000   -7.500010311.9629   13.5835
   -7.5000  -30.0000   -7.500010420.8760   13.1237
    0.0000  -30.0000   -7.500011186.1738   13.1582
    7.5000  -30.0000   -7.500010855.2031   13.1600
   -7.5000  -22.5000   -7.500011071.0938   12.7939
    0.0000  -22.5000   -7.500011902.1104   12.8235
    7.5000  -22.5000   -7.500011505.8467   12.8248
   -7.5000  -15.0000   -7.500011775.3955   12.5392
    0.0000  -15.0000   -7.500012632.1416   12.5649
    7.5000  -15.0000   -7.500012143.5996   12.5655
   -7.5000   -7.5000   -7.500012600.1094   12.4548
    0.0000   -7.5000   -7.500013478.5908   12.4803
    7.5000   -7.5000   -7.500012944.9209   12.4796
   -7.5000    0.0000   -7.500013487.9395   12.4588
    0.0000    0.0000   -7.500014427.4238   12.4865
    7.5000    0.0000   -7.500013828.0312   12.4861
   -7.5000    7.5000   -7.500013636.7373   12.8728
    0.0000    7.5000   -7.500014560.5615   12.9075
    7.5000    7.5000   -7.500013931.7988   12.9117
   -7.5000   15.0000   -7.500013775.1270   13.3751
    0.0000   15.0000   -7.500014680.0469   13.4172
    7.5000   15.0000   -7.500014060.8574   13.4268
   -7.5000   22.5000   -7.500013610.1035   13.8259
    0.0000   22.5000   -7.500014441.5957   13.8714
    7.5000   22.5000   -7.500013862.4717   13.8858
   -7.5000   30.0000   -7.500013264.0127   14.0798
    0.0000   30.0000   -7.500014017.8457   14.1283
    7.5000   30.0000   -7.500013444.5889   14.1516
   -7.5000   37.5000   -7.500013292.9854   14.4799
    0.0000   37.5000   -7.500014029.9951   14.5332
    7.5000   37.5000   -7.500013425.7812   14.5611
   -7.5000   45.0000   -7.500012637.5781   14.4746
    0.0000   45.0000   -7.500013393.2383   14.5341
    7.5000   45.0000   -7.500012793.5488   14.5632
   -7.5000  -45.0000    0.0000 9872.4941   13.4631
    0.0000  -45.0000    0.000010543.1387   13.4996
    7.5000  -45.0000    0.000010281.8848   13.4984
   -7.5000  -37.5000    0.000010174.4238   13.5409
    0.0000  -37.5000    0.000010892.4111   13.5830
    7.5000  -37.5000    0.000010604.3135   13.5877
   -7.5000  -30.0000    0.000010757.2812   13.1277
    0.0000  -30.0000    0.000011550.2881   13.1656
    7.5000  -30.0000    0.000011185.1133   13.1698
   -7.5000  -22.5000    0.000011423.8008   12.7999
    0.0000  -22.5000    0.000012304.6729   12.8342
    7.5000  -22.5000    0.000011838.9346   12.8388
   -7.5000  -15.0000    0.000012145.5049   12.5422
    0.0000  -15.0000    0.000013077.2363   12.5739
    7.5000  -15.0000    0.000012527.2910   12.5781
   -7.5000   -7.5000    0.000012994.9707   12.4538
    0.0000   -7.5000    0.000013997.0840   12.4850
    7.5000   -7.5000    0.000013364.0762   12.4872
   -7.5000    0.0000    0.000013915.8750   12.4573
    0.0000    0.0000    0.000014951.4570   12.4894
    7.5000    0.0000    0.000014256.5127   12.4904
   -7.5000    7.5000    0.000014100.1943   12.8722
    0.0000    7.5000    0.000015074.9180   12.9104
    7.5000    7.5000    0.000014363.7324   12.9166
   -7.5000   15.0000    0.000014339.6426   13.3734
    0.0000   15.0000    0.000015307.5801   13.4179
    7.5000   15.0000    0.000014614.8623   13.4306
   -7.5000   22.5000    0.000014312.1133   13.8214
    0.0000   22.5000    0.000015328.4756   13.8722
    7.5000   22.5000    0.000014664.7305   13.8911
   -7.5000   30.0000    0.000013971.0820   14.0751
    0.0000   30.0000    0.000014830.8506   14.1305
    7.5000   30.0000    0.000014241.8936   14.1570
   -7.5000   37.5000    0.000013969.5000   14.4750
    0.0000   37.5000    0.000014741.6328   14.5351
    7.5000   37.5000    0.000014172.2998   14.5647
   -7.5000   45.0000    0.000013286.4795   14.4748
    0.0000   45.0000    0.000014108.8623   14.5399
    7.5000   45.0000    0.000013474.0801   14.5690
   -7.5000  -45.0000    7.5000 9366.6846   13.4577
    0.0000  -45.0000    7.5000 9995.8867   13.5009
    7.5000  -45.0000    7.5000 9717.5137   13.5057
   -7.5000  -37.5000    7.5000 9676.0342   13.5274
    0.0000  -37.5000    7.500010351.0615   13.5746
    7.5000  -37.5000    7.500010034.3154   13.5849
   -7.5000  -30.0000    7.500010280.5283   13.1128
    0.0000  -30.0000    7.500011026.8252   13.1531
    7.5000  -30.0000    7.500010641.8779   13.1620
   -7.5000  -22.5000    7.500010979.2725   12.7903
    0.0000  -22.5000    7.500011787.5498   12.8261
    7.5000  -22.5000    7.500011315.9258   12.8352
   -7.5000  -15.0000    7.500011696.6963   12.5380
    0.0000  -15.0000    7.500012536.5752   12.5723
    7.5000  -15.0000    7.500012021.8027   12.5813
   -7.5000   -7.5000    7.500012533.2637   12.4490
    0.0000   -7.5000    7.500013411.8906   12.4847
    7.5000   -7.5000    7.500012830.7588   12.4922
   -7.5000    0.0000    7.500013430.1953   12.4491
    0.0000    0.0000    7.500014344.3037   12.4865
    7.5000    0.0000    7.500013697.6299   12.4928
   -7.5000    7.5000    7.500013593.9854   12.8592
    0.0000    7.5000    7.500014443.3887   12.9020
    7.5000    7.5000    7.500013804.3555   12.9133
   -7.5000   15.0000    7.500013801.8584   13.3580
    0.0000   15.0000    7.500014754.8779   13.4041
    7.5000   15.0000    7.500014076.6143   13.4208
   -7.5000   22.5000    7.500013778.3730   13.8082
    0.0000   22.5000    7.500015046.4697   13.8606
    7.5000   22.5000    7.500014235.0684   13.8840
   -7.5000   30.0000    7.500013483.2812   14.0611
    0.0000   30.0000    7.500014663.1846   14.1195
    7.5000   30.0000    7.500013892.8184   14.1513
   -7.5000   37.5000    7.500013419.7520   14.4627
    0.0000   37.5000    7.500014475.3555   14.5276
    7.5000   37.5000    7.500013749.6299   14.5623
   -7.5000   45.0000    7.500012654.9756   14.4583
    0.0000   45.0000    7.500013686.7051   14.5291
    7.5000   45.0000    7.500012941.7422   14.5636
   -7.5000  -45.0000   15.0000 8794.9688   13.4766
    0.0000  -45.0000   15.0000 9353.3740   13.5213
    7.5000  -45.0000   15.0000 9079.4893   13.5304
   -7.5000  -37.5000   15.0000 9118.4609   13.5423
    0.0000  -37.5000   15.0000 9712.1279   13.5909
    7.5000  -37.5000   15.0000 9406.2139   13.6053
   -7.5000  -30.0000   15.0000 9716.6963   13.1210
    0.0000  -30.0000   15.000010354.0078   13.1606
    7.5000  -30.0000   15.0000 9997.1104   13.1726
   -7.5000  -22.5000   15.000010411.0527   12.8002
    0.0000  -22.5000   15.000011092.8877   12.8334
    7.5000  -22.5000   15.000010657.1240   12.8443
   -7.5000  -15.0000   15.000011117.5273   12.5533
    0.0000  -15.0000   15.000011859.4580   12.5853
    7.5000  -15.0000   15.000011351.1455   12.5959
   -7.5000   -7.5000   15.000011944.6182   12.4667
    0.0000   -7.5000   15.000012766.9121   12.5022
    7.5000   -7.5000   15.000012186.6328   12.5125
   -7.5000    0.0000   15.000012842.3145   12.4649
    0.0000    0.0000   15.000013778.1348   12.5041
    7.5000    0.0000   15.000013110.2041   12.5144
   -7.5000    7.5000   15.000013033.0850   12.8720
    0.0000    7.5000   15.000013963.9121   12.9165
    7.5000    7.5000   15.000013263.3193   12.9314
   -7.5000   15.0000   15.000013192.2598   13.3710
    0.0000   15.0000   15.000014225.9082   13.4164
    7.5000   15.0000   15.000013495.2051   13.4349
   -7.5000   22.5000   15.000013027.9814   13.8268
    0.0000   22.5000   15.000014176.2148   13.8763
    7.5000   22.5000   15.000013437.5820   13.9003
   -7.5000   30.0000   15.000012636.5439   14.0793
    0.0000   30.0000   15.000013673.6963   14.1349
    7.5000   30.0000   15.000012993.1650   14.1688
   -7.5000   37.5000   15.000012574.0635   14.4836
    0.0000   37.5000   15.000013530.6523   14.5478
    7.5000   37.5000   15.000012905.0146   14.5861
   -7.5000   45.0000   15.000011868.5625   14.4732
    0.0000   45.0000   15.000012783.6650   14.5450
    7.5000   45.0000   15.000012167.6436   14.5847
   -7.5000  -45.0000   22.5000 8164.3032   13.5548
    0.0000  -45.0000   22.5000 8663.1064   13.5938
    7.5000  -45.0000   22.5000 8405.7617   13.6009
   -7.5000  -37.5000   22.5000 8483.7256   13.6089
    0.0000  -37.5000   22.5000 9010.9746   13.6532
    7.5000  -37.5000   22.5000 8723.7354   13.6658
   -7.5000  -30.0000   22.5000 9070.2334   13.1839
    0.0000  -30.0000   22.5000 9634.5117   13.2206
    7.5000  -30.0000   22.5000 9286.4619   13.2298
   -7.5000  -22.5000   22.5000 9755.2480   12.8611
    0.0000  -22.5000   22.500010389.1924   12.8901
    7.5000  -22.5000   22.5000 9961.7607   12.8970
   -7.5000  -15.0000   22.500010481.2969   12.6168
    0.0000  -15.0000   22.500011216.6758   12.6432
    7.5000  -15.0000   22.500010718.8584   12.6493
   -7.5000   -7.5000   22.500011284.2021   12.5362
    0.0000   -7.5000   22.500012136.5684   12.5664
    7.5000   -7.5000   22.500011572.5020   12.5733
   -7.5000    0.0000   22.500012111.6074   12.5381
    0.0000    0.0000   22.500013059.3389   12.5731
    7.5000    0.0000   22.500012430.9082   12.5818
   -7.5000    7.5000   22.500012225.4395   12.9343
    0.0000    7.5000   22.500013148.9912   12.9754
    7.5000    7.5000   22.500012498.9092   12.9885
   -7.5000   15.0000   22.500012319.3721   13.4293
    0.0000   15.0000   22.500013294.7568   13.4728
    7.5000   15.0000   22.500012624.6709   13.4877
   -7.5000   22.5000   22.500012127.2549   13.8889
    0.0000   22.5000   22.500013078.5703   13.9334
    7.5000   22.5000   22.500012432.8662   13.9523
   -7.5000   30.0000   22.500011712.0615   14.1409
    0.0000   30.0000   22.500012559.1240   14.1900
    7.5000   30.0000   22.500011979.2559   14.2197
   -7.5000   37.5000   22.500011638.4043   14.5448
    0.0000   37.5000   22.500012416.7871   14.6026
    7.5000   37.5000   22.500011878.5244   14.6388
   -7.5000   45.0000   22.500011047.3906   14.5318
    0.0000   45.0000   22.500011762.5225   14.5977
    7.5000   45.0000   22.500011248.9199   14.6370
   -7.5000  -45.0000   30.0000 7484.6230   13.7757
    0.0000  -45.0000   30.0000 7973.7832   13.8092
    7.5000  -45.0000   30.0000 7717.9604   13.8106
   -7.5000  -37.5000   30.0000 7828.4258   13.8098
    0.0000  -37.5000   30.0000 8343.4131   13.8502
    7.5000  -37.5000   30.0000 8035.5513   13.8574
   -7.5000  -30.0000   30.0000 8404.7510   13.3841
    0.0000  -30.0000   30.0000 8985.8145   13.4193
    7.5000  -30.0000   30.0000 8605.3311   13.4240
   -7.5000  -22.5000   30.0000 9058.5303   13.0572
    0.0000  -22.5000   30.0000 9738.1543   13.0851
    7.5000  -22.5000   30.0000 9287.0225   13.0877
   -7.5000  -15.0000   30.0000 9728.3213   12.8097
    0.0000  -15.0000   30.000010485.5029   12.8336
    7.5000  -15.0000   30.0000 9996.6738   12.8351
   -7.5000   -7.5000   30.000010456.8877   12.7316
    0.0000   -7.5000   30.000011254.4453   12.7577
    7.5000   -7.5000   30.000010735.5225   12.7596
   -7.5000    0.0000   30.000011202.9141   12.7359
    0.0000    0.0000   30.000012032.0889   12.7666
    7.5000    0.0000   30.000011472.7393   12.7703
   -7.5000    7.5000   30.000011286.4717   13.1202
    0.0000    7.5000   30.000012075.7148   13.1579
    7.5000    7.5000   30.000011522.2100   13.1660
   -7.5000   15.0000   30.000011327.9648   13.6008
    0.0000   15.0000   30.000012142.4463   13.6437
    7.5000   15.0000   30.000011584.8311   13.6549
   -7.5000   22.5000   30.000011146.4248   14.0595
    0.0000   22.5000   30.000011923.4023   14.1031
    7.5000   22.5000   30.000011369.4844   14.1181
   -7.5000   30.0000   30.000010787.1436   14.3196
    0.0000   30.0000   30.000011477.7764   14.3661
    7.5000   30.0000   30.000010961.0928   14.3918
   -7.5000   37.5000   30.000010728.5742   14.7297
    0.0000   37.5000   30.000011385.4854   14.7833
    7.5000   37.5000   30.000010888.6719   14.8155
   -7.5000   45.0000   30.000010175.2695   14.7205
    0.0000   45.0000   30.000010771.4170   14.7820
    7.5000   45.0000   30.000010306.8682   14.8172
   -7.5000  -45.0000   37.5000 7064.6343   14.1214
    0.0000  -45.0000   37.5000 7647.3579   14.1556
    7.5000  -45.0000   37.5000 7342.9829   14.1539
   -7.5000  -37.5000   37.5000 7425.2734   14.1155
    0.0000  -37.5000   37.5000 8014.6841   14.1567
    7.5000  -37.5000   37.5000 7672.1499   14.1614
   -7.5000  -30.0000   37.5000 8005.7822   13.6868
    0.0000  -30.0000   37.5000 8614.8799   13.7246
    7.5000  -30.0000   37.5000 8227.7900   13.7281
   -7.5000  -22.5000   37.5000 8660.0020   13.3567
    0.0000  -22.5000   37.5000 9261.8428   13.3891
    7.5000  -22.5000   37.5000 8854.5605   13.3920
   -7.5000  -15.0000   37.5000 9320.3730   13.1056
    0.0000  -15.0000   37.5000 9913.6914   13.1341
    7.5000  -15.0000   37.5000 9504.3350   13.1361
   -7.5000   -7.5000   37.500010007.2441   13.0301
    0.0000   -7.5000   37.500010609.8643   13.0586
    7.5000   -7.5000   37.500010205.2520   13.0592
   -7.5000    0.0000   37.500010709.3643   13.0366
    0.0000    0.0000   37.500011340.5723   13.0675
    7.5000    0.0000   37.500010904.4795   13.0685
   -7.5000    7.5000   37.500010759.7500   13.4011
    0.0000    7.5000   37.500011389.8604   13.4392
    7.5000    7.5000   37.500010947.2256   13.4453
   -7.5000   15.0000   37.500010782.2646   13.8559
    0.0000   15.0000   37.500011445.0996   13.9013
    7.5000   15.0000   37.500010980.1221   13.9131
   -7.5000   22.5000   37.500010583.5693   14.3028
    0.0000   22.5000   37.500011235.7822   14.3516
    7.5000   22.5000   37.500010748.0127   14.3683
   -7.5000   30.0000   37.500010238.5195   14.5712
    0.0000   30.0000   37.500010849.0830   14.6232
    7.5000   30.0000   37.500010375.8193   14.6496
   -7.5000   37.5000   37.500010192.2793   14.9936
    0.0000   37.5000   37.500010789.1250   15.0510
    7.5000   37.5000   37.500010319.8730   15.0826
   -7.5000   45.0000   37.5000 9688.1143   14.9968
    0.0000   45.0000   37.500010215.3584   15.0609
    7.5000   45.0000   37.5000 9784.7939   15.0939
   -7.5000  -45.0000   45.0000 6372.9722   14.6143
    0.0000  -45.0000   45.0000 6849.1040   14.6577
    7.5000  -45.0000   45.0000 6568.6631   14.6589
   -7.5000  -37.5000   45.0000 6730.3843   14.5474
    0.0000  -37.5000   45.0000 7179.0342   14.5961
    7.5000  -37.5000   45.0000 6888.2007   14.6037
   -7.5000  -30.0000   45.0000 7299.1157   14.1070
    0.0000  -30.0000   45.0000 7720.8091   14.1508
    7.5000  -30.0000   45.0000 7425.5532   14.1573
   -7.5000  -22.5000   45.0000 7898.0249   13.7706
    0.0000  -22.5000   45.0000 8306.2754   13.8102
    7.5000  -22.5000   45.0000 8018.0747   13.8169
   -7.5000  -15.0000   45.0000 8491.9326   13.5148
    0.0000  -15.0000   45.0000 8912.4512   13.5517
    7.5000  -15.0000   45.0000 8620.2852   13.5579
   -7.5000   -7.5000   45.0000 9117.0928   13.4411
    0.0000   -7.5000   45.0000 9575.0508   13.4779
    7.5000   -7.5000   45.0000 9260.7598   13.4823
   -7.5000    0.0000   45.0000 9765.1533   13.4493
    0.0000    0.0000   45.000010271.4004   13.4872
    7.5000    0.0000   45.0000 9909.8984   13.4908
   -7.5000    7.5000   45.0000 9815.2969   13.7888
    0.0000    7.5000   45.000010367.3447   13.8329
    7.5000    7.5000   45.0000 9970.5146   13.8421
   -7.5000   15.0000   45.0000 9835.3145   14.2124
    0.0000   15.0000   45.000010412.4385   14.2628
    7.5000   15.0000   45.0000 9967.0977   14.2786
   -7.5000   22.5000   45.0000 9620.1240   14.6327
    0.0000   22.5000   45.000010194.8154   14.6895
    7.5000   22.5000   45.0000 9732.8701   14.7113
   -7.5000   30.0000   45.0000 9295.5820   14.8883
    0.0000   30.0000   45.0000 9848.7861   14.9500
    7.5000   30.0000   45.0000 9401.6016   14.9804
   -7.5000   37.5000   45.0000 9256.1182   15.3140
    0.0000   37.5000   45.0000 9803.6201   15.3814
    7.5000   37.5000   45.0000 9355.1855   15.4160
   -7.5000   45.0000   45.0000 8825.4736   15.3333
    0.0000   45.0000   45.0000 9320.5098   15.4066
    7.5000   45.0000   45.0000 8901.5967   15.4416

---------------------------------------------------------------------
imgreg_4dfp /home/aracena/freesurfer/average/711-2C_as_mni_average_305 /home/aracena/freesurfer/average/711-2B_as_mni_average_305_mask talsrcimg_g11 none talsrcimg_to_711-2C_as_mni_average_305_t4 4355
---------------------------------------------------------------------

freesurfer imgreg_4dfp.c
/home/aracena/freesurfer/average/711-2C_as_mni_average_305.4dfp.img
       256       256       256         1
  1.000000  1.000000  1.000000
orientation T byte_order littleendian
Reading image: /home/aracena/freesurfer/average/711-2C_as_mni_average_305.4dfp.img
dimensions:      256       256       256
mmppix:       1.0000   -1.0000   -1.0000
center:     128.0000 -129.0000 -129.0000
/home/aracena/freesurfer/average/711-2B_as_mni_average_305_mask.4dfp.img
       256       256       256         1
  1.000000  1.000000  1.000000
orientation T byte_order littleendian
Reading mask: /home/aracena/freesurfer/average/711-2B_as_mni_average_305_mask.4dfp.img (2306576 pixels)
talsrcimg_g11.4dfp.img
       256       256       256         1
  1.000000  1.000000  1.000000
orientation T byte_order littleendian
Reading image: talsrcimg_g11.4dfp.img
dimensions:      256       256       256
mmppix:       1.0000   -1.0000   -1.0000
center:     128.0000 -129.0000 -129.0000
rotation matrix determinant  1.000000
image alignment mode   4355 decimal     1103 hex
   -7.5000  -22.5000  -45.0000 2176.9216   16.4325
    0.0000  -22.5000  -45.0000 2198.7295   16.1776
    7.5000  -22.5000  -45.0000 2208.3035   16.0546
   -7.5000  -15.0000  -45.0000 2236.9705   15.7399
    0.0000  -15.0000  -45.0000 2260.0405   15.5019
    7.5000  -15.0000  -45.0000 2263.7703   15.3916
   -7.5000   -7.5000  -45.0000 2292.4526   15.1815
    0.0000   -7.5000  -45.0000 2318.9600   14.9520
    7.5000   -7.5000  -45.0000 2318.8704   14.9208
   -7.5000    0.0000  -45.0000 2334.8054   14.8066
    0.0000    0.0000  -45.0000 2358.4233   14.5815
    7.5000    0.0000  -45.0000 2361.6282   14.5787
   -7.5000    7.5000  -45.0000 2363.2700   14.5584
    0.0000    7.5000  -45.0000 2385.3059   14.3759
    7.5000    7.5000  -45.0000 2388.4260   14.3899
   -7.5000   15.0000  -45.0000 2376.6877   14.4113
    0.0000   15.0000  -45.0000 2397.8687   14.2494
    7.5000   15.0000  -45.0000 2393.6108   14.2624
   -7.5000   22.5000  -45.0000 2378.6619   14.3830
    0.0000   22.5000  -45.0000 2399.3701   14.2139
    7.5000   22.5000  -45.0000 2395.8889   14.1980
   -7.5000   30.0000  -45.0000 2371.8323   14.5672
    0.0000   30.0000  -45.0000 2395.9819   14.3557
    7.5000   30.0000  -45.0000 2389.3633   14.3499
   -7.5000   37.5000  -45.0000 2359.2273   14.9263
    0.0000   37.5000  -45.0000 2386.3887   14.7374
    7.5000   37.5000  -45.0000 2377.5757   14.7025
   -7.5000   45.0000  -45.0000 2338.5322   15.4758
    0.0000   45.0000  -45.0000 2365.5623   15.2956
    7.5000   45.0000  -45.0000 2356.2258   15.2572
   -7.5000   52.5000  -45.0000 2278.5469   16.1740
    0.0000   52.5000  -45.0000 2301.7444   15.9948
    7.5000   52.5000  -45.0000 2291.1570   15.9561
   -7.5000   60.0000  -45.0000 2168.2646   16.9195
    0.0000   60.0000  -45.0000 2190.9036   16.7222
    7.5000   60.0000  -45.0000 2183.0027   16.7080
   -7.5000   67.5000  -45.0000 2026.5284   17.6488
    0.0000   67.5000  -45.0000 2047.0046   17.3929
    7.5000   67.5000  -45.0000 2041.0651   17.3997
   -7.5000  -22.5000  -37.5000 2218.0784   15.4304
    0.0000  -22.5000  -37.5000 2245.2922   15.2838
    7.5000  -22.5000  -37.5000 2253.4214   15.1423
   -7.5000  -15.0000  -37.5000 2291.1355   14.7568
    0.0000  -15.0000  -37.5000 2321.8091   14.6115
    7.5000  -15.0000  -37.5000 2321.2512   14.5011
   -7.5000   -7.5000  -37.5000 2360.5759   14.2456
    0.0000   -7.5000  -37.5000 2394.2476   14.1051
    7.5000   -7.5000  -37.5000 2391.5508   14.0120
   -7.5000    0.0000  -37.5000 2406.1824   13.8413
    0.0000    0.0000  -37.5000 2434.6758   13.6592
    7.5000    0.0000  -37.5000 2437.2322   13.5988
   -7.5000    7.5000  -37.5000 2443.3845   13.5322
    0.0000    7.5000  -37.5000 2471.5161   13.3347
    7.5000    7.5000  -37.5000 2472.5491   13.3070
   -7.5000   15.0000  -37.5000 2470.7332   13.3469
    0.0000   15.0000  -37.5000 2494.6821   13.1547
    7.5000   15.0000  -37.5000 2493.2285   13.1568
   -7.5000   22.5000  -37.5000 2477.7839   13.3089
    0.0000   22.5000  -37.5000 2494.8479   13.1106
    7.5000   22.5000  -37.5000 2494.6438   13.1227
   -7.5000   30.0000  -37.5000 2476.6816   13.4594
    0.0000   30.0000  -37.5000 2499.3230   13.2517
    7.5000   30.0000  -37.5000 2491.9563   13.2759
   -7.5000   37.5000  -37.5000 2462.2478   13.8510
    0.0000   37.5000  -37.5000 2491.2056   13.6737
    7.5000   37.5000  -37.5000 2479.6750   13.6704
   -7.5000   45.0000  -37.5000 2432.1619   14.3398
    0.0000   45.0000  -37.5000 2464.1323   14.1853
    7.5000   45.0000  -37.5000 2456.0317   14.1875
   -7.5000   52.5000  -37.5000 2370.1624   14.9619
    0.0000   52.5000  -37.5000 2400.4451   14.7986
    7.5000   52.5000  -37.5000 2392.7095   14.7773
   -7.5000   60.0000  -37.5000 2260.4646   15.6307
    0.0000   60.0000  -37.5000 2284.3057   15.4570
    7.5000   60.0000  -37.5000 2276.2297   15.4377
   -7.5000   67.5000  -37.5000 2110.8838   16.3007
    0.0000   67.5000  -37.5000 2134.6768   16.0723
    7.5000   67.5000  -37.5000 2126.3738   16.0901
   -7.5000  -22.5000  -30.0000 2306.9133   15.2157
    0.0000  -22.5000  -30.0000 2344.4043   15.0791
    7.5000  -22.5000  -30.0000 2346.0051   14.9431
   -7.5000  -15.0000  -30.0000 2390.7603   14.5029
    0.0000  -15.0000  -30.0000 2434.6589   14.3384
    7.5000  -15.0000  -30.0000 2428.7280   14.2366
   -7.5000   -7.5000  -30.0000 2464.2839   13.9302
    0.0000   -7.5000  -30.0000 2504.4517   13.7502
    7.5000   -7.5000  -30.0000 2500.4495   13.6798
   -7.5000    0.0000  -30.0000 2519.8462   13.4590
    0.0000    0.0000  -30.0000 2554.7024   13.2865
    7.5000    0.0000  -30.0000 2550.4316   13.2197
   -7.5000    7.5000  -30.0000 2561.8652   13.0734
    0.0000    7.5000  -30.0000 2590.0508   12.8879
    7.5000    7.5000  -30.0000 2587.1917   12.8324
   -7.5000   15.0000  -30.0000 2594.9070   12.8064
    0.0000   15.0000  -30.0000 2617.3848   12.6108
    7.5000   15.0000  -30.0000 2615.6448   12.5814
   -7.5000   22.5000  -30.0000 2609.0010   12.7517
    0.0000   22.5000  -30.0000 2631.2429   12.5556
    7.5000   22.5000  -30.0000 2627.5674   12.5732
   -7.5000   30.0000  -30.0000 2615.7678   12.8470
    0.0000   30.0000  -30.0000 2638.7156   12.6815
    7.5000   30.0000  -30.0000 2631.8792   12.7105
   -7.5000   37.5000  -30.0000 2607.9714   13.2188
    0.0000   37.5000  -30.0000 2640.7490   13.0684
    7.5000   37.5000  -30.0000 2627.1826   13.0930
   -7.5000   45.0000  -30.0000 2576.6865   13.7653
    0.0000   45.0000  -30.0000 2611.3979   13.5933
    7.5000   45.0000  -30.0000 2601.4587   13.6211
   -7.5000   52.5000  -30.0000 2511.5403   14.3863
    0.0000   52.5000  -30.0000 2547.0469   14.1868
    7.5000   52.5000  -30.0000 2534.4202   14.2023
   -7.5000   60.0000  -30.0000 2399.3057   15.0248
    0.0000   60.0000  -30.0000 2425.6987   14.8145
    7.5000   60.0000  -30.0000 2414.5222   14.8159
   -7.5000   67.5000  -30.0000 2243.8787   15.6806
    0.0000   67.5000  -30.0000 2265.5378   15.4381
    7.5000   67.5000  -30.0000 2256.7356   15.4537
   -7.5000  -22.5000  -22.5000 2376.4204   15.0122
    0.0000  -22.5000  -22.5000 2416.4346   14.8407
    7.5000  -22.5000  -22.5000 2416.1523   14.6770
   -7.5000  -15.0000  -22.5000 2464.5386   14.2363
    0.0000  -15.0000  -22.5000 2504.4126   14.0584
    7.5000  -15.0000  -22.5000 2500.5010   13.9188
   -7.5000   -7.5000  -22.5000 2536.9619   13.5892
    0.0000   -7.5000  -22.5000 2572.3936   13.4094
    7.5000   -7.5000  -22.5000 2570.8447   13.3191
   -7.5000    0.0000  -22.5000 2592.5593   13.0359
    0.0000    0.0000  -22.5000 2621.3857   12.8390
    7.5000    0.0000  -22.5000 2623.4333   12.7951
   -7.5000    7.5000  -22.5000 2636.9355   12.5982
    0.0000    7.5000  -22.5000 2667.7004   12.4118
    7.5000    7.5000  -22.5000 2669.5886   12.3922
   -7.5000   15.0000  -22.5000 2677.6577   12.2785
    0.0000   15.0000  -22.5000 2709.9072   12.1040
    7.5000   15.0000  -22.5000 2712.1179   12.0713
   -7.5000   22.5000  -22.5000 2710.8083   12.1555
    0.0000   22.5000  -22.5000 2744.4636   11.9580
    7.5000   22.5000  -22.5000 2740.1804   11.9593
   -7.5000   30.0000  -22.5000 2725.1890   12.2136
    0.0000   30.0000  -22.5000 2755.3030   12.0139
    7.5000   30.0000  -22.5000 2746.1841   12.0483
   -7.5000   37.5000  -22.5000 2723.9893   12.5679
    0.0000   37.5000  -22.5000 2758.4180   12.3766
    7.5000   37.5000  -22.5000 2744.4827   12.4238
   -7.5000   45.0000  -22.5000 2699.6138   13.1354
    0.0000   45.0000  -22.5000 2733.9756   12.9419
    7.5000   45.0000  -22.5000 2719.7627   12.9818
   -7.5000   52.5000  -22.5000 2632.8315   13.7568
    0.0000   52.5000  -22.5000 2664.9170   13.5407
    7.5000   52.5000  -22.5000 2649.6978   13.5896
   -7.5000   60.0000  -22.5000 2504.9648   14.3758
    0.0000   60.0000  -22.5000 2532.4749   14.1622
    7.5000   60.0000  -22.5000 2517.3613   14.1861
   -7.5000   67.5000  -22.5000 2339.5317   15.0249
    0.0000   67.5000  -22.5000 2363.5061   14.7998
    7.5000   67.5000  -22.5000 2352.2368   14.7889
   -7.5000  -22.5000  -15.0000 2401.6150   14.6932
    0.0000  -22.5000  -15.0000 2443.2419   14.5663
    7.5000  -22.5000  -15.0000 2448.1672   14.4430
   -7.5000  -15.0000  -15.0000 2487.7246   13.9004
    0.0000  -15.0000  -15.0000 2527.0774   13.7400
    7.5000  -15.0000  -15.0000 2525.1865   13.6254
   -7.5000   -7.5000  -15.0000 2562.7966   13.2407
    0.0000   -7.5000  -15.0000 2598.2017   13.0696
    7.5000   -7.5000  -15.0000 2593.5435   12.9627
   -7.5000    0.0000  -15.0000 2623.6028   12.6705
    0.0000    0.0000  -15.0000 2655.1531   12.4985
    7.5000    0.0000  -15.0000 2652.8169   12.4171
   -7.5000    7.5000  -15.0000 2673.9722   12.2191
    0.0000    7.5000  -15.0000 2710.7070   12.0407
    7.5000    7.5000  -15.0000 2707.6733   12.0087
   -7.5000   15.0000  -15.0000 2725.1746   11.8543
    0.0000   15.0000  -15.0000 2763.2681   11.6723
    7.5000   15.0000  -15.0000 2760.9626   11.6722
   -7.5000   22.5000  -15.0000 2775.1309   11.6849
    0.0000   22.5000  -15.0000 2814.3853   11.4585
    7.5000   22.5000  -15.0000 2808.2468   11.4765
   -7.5000   30.0000  -15.0000 2810.5027   11.6897
    0.0000   30.0000  -15.0000 2837.4934   11.4418
    7.5000   30.0000  -15.0000 2829.8433   11.4807
   -7.5000   37.5000  -15.0000 2814.1807   12.0174
    0.0000   37.5000  -15.0000 2846.3718   11.7755
    7.5000   37.5000  -15.0000 2831.7039   11.8189
   -7.5000   45.0000  -15.0000 2783.1501   12.6095
    0.0000   45.0000  -15.0000 2820.2146   12.3932
    7.5000   45.0000  -15.0000 2803.2253   12.4372
   -7.5000   52.5000  -15.0000 2705.0483   13.2408
    0.0000   52.5000  -15.0000 2738.2595   13.0033
    7.5000   52.5000  -15.0000 2726.3569   13.0622
   -7.5000   60.0000  -15.0000 2570.2920   13.8378
    0.0000   60.0000  -15.0000 2596.8875   13.5889
    7.5000   60.0000  -15.0000 2588.1494   13.6462
   -7.5000   67.5000  -15.0000 2397.3052   14.4994
    0.0000   67.5000  -15.0000 2423.0254   14.2547
    7.5000   67.5000  -15.0000 2417.8604   14.3094
   -7.5000  -22.5000   -7.5000 2413.2952   14.5045
    0.0000  -22.5000   -7.5000 2454.8259   14.3679
    7.5000  -22.5000   -7.5000 2454.8306   14.2602
   -7.5000  -15.0000   -7.5000 2495.6616   13.6858
    0.0000  -15.0000   -7.5000 2533.4895   13.5095
    7.5000  -15.0000   -7.5000 2521.5237   13.4195
   -7.5000   -7.5000   -7.5000 2568.5925   12.9771
    0.0000   -7.5000   -7.5000 2596.5789   12.7738
    7.5000   -7.5000   -7.5000 2593.8362   12.7092
   -7.5000    0.0000   -7.5000 2628.3306   12.3896
    0.0000    0.0000   -7.5000 2659.3872   12.1829
    7.5000    0.0000   -7.5000 2663.3904   12.1375
   -7.5000    7.5000   -7.5000 2688.0752   11.9322
    0.0000    7.5000   -7.5000 2717.2598   11.7086
    7.5000    7.5000   -7.5000 2721.6450   11.6756
   -7.5000   15.0000   -7.5000 2752.5999   11.5757
    0.0000   15.0000   -7.5000 2782.5063   11.3213
    7.5000   15.0000   -7.5000 2786.0430   11.3477
   -7.5000   22.5000   -7.5000 2814.6750   11.3875
    0.0000   22.5000   -7.5000 2842.9961   11.1139
    7.5000   22.5000   -7.5000 2844.5696   11.1512
   -7.5000   30.0000   -7.5000 2859.6172   11.3595
    0.0000   30.0000   -7.5000 2886.9875   11.0073
    7.5000   30.0000   -7.5000 2880.5227   11.0958
   -7.5000   37.5000   -7.5000 2880.8325   11.6907
    0.0000   37.5000   -7.5000 2907.3127   11.3817
    7.5000   37.5000   -7.5000 2899.3752   11.4639
   -7.5000   45.0000   -7.5000 2853.5476   12.2729
    0.0000   45.0000   -7.5000 2886.0962   12.0301
    7.5000   45.0000   -7.5000 2880.0879   12.1092
   -7.5000   52.5000   -7.5000 2764.4333   12.9008
    0.0000   52.5000   -7.5000 2791.9258   12.6272
    7.5000   52.5000   -7.5000 2790.0847   12.7376
   -7.5000   60.0000   -7.5000 2617.8093   13.4775
    0.0000   60.0000   -7.5000 2644.9304   13.1628
    7.5000   60.0000   -7.5000 2644.9578   13.2993
   -7.5000   67.5000   -7.5000 2437.2686   14.1484
    0.0000   67.5000   -7.5000 2462.5925   13.8465
    7.5000   67.5000   -7.5000 2461.4868   13.9703
   -7.5000  -22.5000    0.0000 2400.9778   14.4039
    0.0000  -22.5000    0.0000 2437.0679   14.2738
    7.5000  -22.5000    0.0000 2437.0129   14.1356
   -7.5000  -15.0000    0.0000 2479.9758   13.5669
    0.0000  -15.0000    0.0000 2510.5803   13.4037
    7.5000  -15.0000    0.0000 2505.8303   13.3230
   -7.5000   -7.5000    0.0000 2550.9692   12.8660
    0.0000   -7.5000    0.0000 2581.8850   12.6566
    7.5000   -7.5000    0.0000 2573.0769   12.5941
   -7.5000    0.0000    0.0000 2617.7578   12.2689
    0.0000    0.0000    0.0000 2642.6572   12.0441
    7.5000    0.0000    0.0000 2638.4443   11.9828
   -7.5000    7.5000    0.0000 2687.1396   11.8083
    0.0000    7.5000    0.0000 2704.0645   11.5403
    7.5000    7.5000    0.0000 2701.0015   11.5044
   -7.5000   15.0000    0.0000 2760.9941   11.4987
    0.0000   15.0000    0.0000 2767.1045   11.1990
    7.5000   15.0000    0.0000 2772.1926   11.2094
   -7.5000   22.5000    0.0000 2839.9956   11.3902
    0.0000   22.5000    0.0000 2848.3896   11.1566
    7.5000   22.5000    0.0000 2861.2756   11.1400
   -7.5000   30.0000    0.0000 2892.6138   11.3381
    0.0000   30.0000    0.0000 2928.8054   11.0288
    7.5000   30.0000    0.0000 2929.0818   11.1308
   -7.5000   37.5000    0.0000 2922.0461   11.5440
    0.0000   37.5000    0.0000 2966.2195   11.2456
    7.5000   37.5000    0.0000 2956.9011   11.3988
   -7.5000   45.0000    0.0000 2891.1904   12.0806
    0.0000   45.0000    0.0000 2941.4678   11.8346
    7.5000   45.0000    0.0000 2927.7048   11.9469
   -7.5000   52.5000    0.0000 2791.2275   12.6634
    0.0000   52.5000    0.0000 2837.2546   12.4282
    7.5000   52.5000    0.0000 2823.0947   12.5124
   -7.5000   60.0000    0.0000 2637.3640   13.2320
    0.0000   60.0000    0.0000 2673.8479   12.9933
    7.5000   60.0000    0.0000 2663.7932   13.0682
   -7.5000   67.5000    0.0000 2452.4084   13.8960
    0.0000   67.5000    0.0000 2485.0933   13.6779
    7.5000   67.5000    0.0000 2475.0337   13.7117
   -7.5000  -22.5000    7.5000 2380.9602   14.6578
    0.0000  -22.5000    7.5000 2403.3289   14.4759
    7.5000  -22.5000    7.5000 2406.1604   14.3590
   -7.5000  -15.0000    7.5000 2458.9211   13.7609
    0.0000  -15.0000    7.5000 2477.7800   13.5419
    7.5000  -15.0000    7.5000 2476.1448   13.4716
   -7.5000   -7.5000    7.5000 2530.0300   13.0284
    0.0000   -7.5000    7.5000 2543.6108   12.7452
    7.5000   -7.5000    7.5000 2539.2126   12.7013
   -7.5000    0.0000    7.5000 2603.3577   12.4628
    0.0000    0.0000    7.5000 2605.4460   12.1358
    7.5000    0.0000    7.5000 2602.7988   12.0831
   -7.5000    7.5000    7.5000 2679.4065   12.0151
    0.0000    7.5000    7.5000 2678.9990   11.7002
    7.5000    7.5000    7.5000 2680.1912   11.6655
   -7.5000   15.0000    7.5000 2763.8354   11.7140
    0.0000   15.0000    7.5000 2766.7478   11.4361
    7.5000   15.0000    7.5000 2766.0437   11.4491
   -7.5000   22.5000    7.5000 2843.4314   11.5880
    0.0000   22.5000    7.5000 2863.7231   11.4419
    7.5000   22.5000    7.5000 2862.7710   11.4297
   -7.5000   30.0000    7.5000 2893.9910   11.5829
    0.0000   30.0000    7.5000 2952.4119   11.4900
    7.5000   30.0000    7.5000 2934.6506   11.4719
   -7.5000   37.5000    7.5000 2921.1580   11.7096
    0.0000   37.5000    7.5000 2984.0117   11.5212
    7.5000   37.5000    7.5000 2957.5171   11.6051
   -7.5000   45.0000    7.5000 2893.0583   12.0645
    0.0000   45.0000    7.5000 2961.2473   11.8900
    7.5000   45.0000    7.5000 2930.0789   11.9797
   -7.5000   52.5000    7.5000 2803.0383   12.5862
    0.0000   52.5000    7.5000 2853.5110   12.4298
    7.5000   52.5000    7.5000 2833.4785   12.4954
   -7.5000   60.0000    7.5000 2642.5188   13.2330
    0.0000   60.0000    7.5000 2671.1467   13.0162
    7.5000   60.0000    7.5000 2667.8931   13.0690
   -7.5000   67.5000    7.5000 2457.2463   13.8893
    0.0000   67.5000    7.5000 2481.5911   13.6354
    7.5000   67.5000    7.5000 2481.0713   13.6901
   -7.5000  -22.5000   15.0000 2334.9045   15.1785
    0.0000  -22.5000   15.0000 2341.0952   14.8643
    7.5000  -22.5000   15.0000 2347.2158   14.7684
   -7.5000  -15.0000   15.0000 2417.7302   14.2363
    0.0000  -15.0000   15.0000 2422.3889   13.9334
    7.5000  -15.0000   15.0000 2423.1060   13.8713
   -7.5000   -7.5000   15.0000 2499.8701   13.5410
    0.0000   -7.5000   15.0000 2500.2683   13.2347
    7.5000   -7.5000   15.0000 2493.6023   13.1940
   -7.5000    0.0000   15.0000 2581.4678   12.9785
    0.0000    0.0000   15.0000 2584.8975   12.7206
    7.5000    0.0000   15.0000 2570.2983   12.6993
   -7.5000    7.5000   15.0000 2658.8767   12.5017
    0.0000    7.5000   15.0000 2667.9792   12.2889
    7.5000    7.5000   15.0000 2656.7407   12.2869
   -7.5000   15.0000   15.0000 2737.2874   12.1676
    0.0000   15.0000   15.0000 2757.3701   11.9649
    7.5000   15.0000   15.0000 2745.7058   11.9829
   -7.5000   22.5000   15.0000 2816.9058   11.9778
    0.0000   22.5000   15.0000 2850.5981   11.8382
    7.5000   22.5000   15.0000 2841.0920   11.8629
   -7.5000   30.0000   15.0000 2868.6011   11.9008
    0.0000   30.0000   15.0000 2922.2742   11.6964
    7.5000   30.0000   15.0000 2900.4604   11.7928
   -7.5000   37.5000   15.0000 2890.8030   12.0961
    0.0000   37.5000   15.0000 2941.8269   11.8525
    7.5000   37.5000   15.0000 2929.8206   11.9516
   -7.5000   45.0000   15.0000 2859.2468   12.4511
    0.0000   45.0000   15.0000 2915.6577   12.2942
    7.5000   45.0000   15.0000 2900.9358   12.3570
   -7.5000   52.5000   15.0000 2775.1343   12.8806
    0.0000   52.5000   15.0000 2821.1738   12.7738
    7.5000   52.5000   15.0000 2804.9775   12.8098
   -7.5000   60.0000   15.0000 2619.6028   13.4506
    0.0000   60.0000   15.0000 2647.9514   13.2850
    7.5000   60.0000   15.0000 2640.1021   13.3379
   -7.5000   67.5000   15.0000 2435.8396   14.0668
    0.0000   67.5000   15.0000 2461.6858   13.8623
    7.5000   67.5000   15.0000 2457.5945   13.8974
   -7.5000  -22.5000   22.5000 2278.2141   16.2436
    0.0000  -22.5000   22.5000 2269.5972   15.7890
    7.5000  -22.5000   22.5000 2274.6184   15.6843
   -7.5000  -15.0000   22.5000 2373.5828   15.1924
    0.0000  -15.0000   22.5000 2373.3879   14.9130
    7.5000  -15.0000   22.5000 2370.4629   14.8688
   -7.5000   -7.5000   22.5000 2460.3501   14.4040
    0.0000   -7.5000   22.5000 2471.0083   14.2206
    7.5000   -7.5000   22.5000 2464.5039   14.1751
   -7.5000    0.0000   22.5000 2546.9839   13.7474
    0.0000    0.0000   22.5000 2564.6731   13.5858
    7.5000    0.0000   22.5000 2552.0498   13.5651
   -7.5000    7.5000   22.5000 2623.4402   13.2089
    0.0000    7.5000   22.5000 2649.4670   13.0066
    7.5000    7.5000   22.5000 2633.2773   12.9956
   -7.5000   15.0000   22.5000 2704.0330   12.8388
    0.0000   15.0000   22.5000 2737.5808   12.5992
    7.5000   15.0000   22.5000 2717.5828   12.6199
   -7.5000   22.5000   22.5000 2778.7134   12.5809
    0.0000   22.5000   22.5000 2816.8552   12.3356
    7.5000   22.5000   22.5000 2798.3984   12.3778
   -7.5000   30.0000   22.5000 2819.8259   12.4670
    0.0000   30.0000   22.5000 2865.1887   12.1308
    7.5000   30.0000   22.5000 2844.2249   12.2650
   -7.5000   37.5000   22.5000 2834.4756   12.6283
    0.0000   37.5000   22.5000 2875.9585   12.3244
    7.5000   37.5000   22.5000 2863.8669   12.4475
   -7.5000   45.0000   22.5000 2807.6873   13.0192
    0.0000   45.0000   22.5000 2849.1675   12.7971
    7.5000   45.0000   22.5000 2837.2546   12.8933
   -7.5000   52.5000   22.5000 2720.6768   13.4818
    0.0000   52.5000   22.5000 2761.9197   13.2648
    7.5000   52.5000   22.5000 2748.8564   13.3433
   -7.5000   60.0000   22.5000 2572.7458   13.9943
    0.0000   60.0000   22.5000 2599.8901   13.8229
    7.5000   60.0000   22.5000 2593.0374   13.8717
   -7.5000   67.5000   22.5000 2402.6907   14.5132
    0.0000   67.5000   22.5000 2426.5156   14.3425
    7.5000   67.5000   22.5000 2418.9653   14.3656
   -7.5000  -22.5000   30.0000 2204.5352   17.6320
    0.0000  -22.5000   30.0000 2211.8542   17.3880
    7.5000  -22.5000   30.0000 2211.3848   17.2400
   -7.5000  -15.0000   30.0000 2305.8760   16.4426
    0.0000  -15.0000   30.0000 2325.4309   16.2622
    7.5000  -15.0000   30.0000 2319.0549   16.2018
   -7.5000   -7.5000   30.0000 2402.1331   15.4899
    0.0000   -7.5000   30.0000 2422.7668   15.2996
    7.5000   -7.5000   30.0000 2417.5112   15.2941
   -7.5000    0.0000   30.0000 2494.4573   14.7123
    0.0000    0.0000   30.0000 2518.1191   14.4787
    7.5000    0.0000   30.0000 2507.8579   14.5115
   -7.5000    7.5000   30.0000 2579.4722   14.0979
    0.0000    7.5000   30.0000 2606.0483   13.8258
    7.5000    7.5000   30.0000 2596.4722   13.8560
   -7.5000   15.0000   30.0000 2652.6985   13.6636
    0.0000   15.0000   30.0000 2682.9436   13.3755
    7.5000   15.0000   30.0000 2671.1060   13.4159
   -7.5000   22.5000   30.0000 2715.2666   13.3879
    0.0000   22.5000   30.0000 2752.5459   13.0540
    7.5000   22.5000   30.0000 2738.3054   13.1188
   -7.5000   30.0000   30.0000 2752.0557   13.2526
    0.0000   30.0000   30.0000 2788.9814   12.8972
    7.5000   30.0000   30.0000 2774.1528   13.0119
   -7.5000   37.5000   30.0000 2761.9883   13.4116
    0.0000   37.5000   30.0000 2794.6965   13.0793
    7.5000   37.5000   30.0000 2785.8572   13.2014
   -7.5000   45.0000   30.0000 2728.0461   13.7749
    0.0000   45.0000   30.0000 2767.6567   13.4985
    7.5000   45.0000   30.0000 2756.8140   13.5967
   -7.5000   52.5000   30.0000 2648.4817   14.2250
    0.0000   52.5000   30.0000 2685.0974   13.9432
    7.5000   52.5000   30.0000 2669.9878   14.0195
   -7.5000   60.0000   30.0000 2508.8296   14.7356
    0.0000   60.0000   30.0000 2536.4932   14.4576
    7.5000   60.0000   30.0000 2527.4954   14.5566
   -7.5000   67.5000   30.0000 2346.8289   15.1767
    0.0000   67.5000   30.0000 2369.0349   14.9546
    7.5000   67.5000   30.0000 2365.0593   15.0122
   -7.5000  -22.5000   37.5000 2138.0657   19.4480
    0.0000  -22.5000   37.5000 2139.3125   19.1010
    7.5000  -22.5000   37.5000 2142.9351   19.0539
   -7.5000  -15.0000   37.5000 2246.6719   18.0023
    0.0000  -15.0000   37.5000 2252.2922   17.6264
    7.5000  -15.0000   37.5000 2258.6541   17.7014
   -7.5000   -7.5000   37.5000 2340.7600   16.8189
    0.0000   -7.5000   37.5000 2353.7544   16.4535
    7.5000   -7.5000   37.5000 2360.9929   16.5833
   -7.5000    0.0000   37.5000 2432.4146   15.8831
    0.0000    0.0000   37.5000 2449.3459   15.5279
    7.5000    0.0000   37.5000 2450.7844   15.6462
   -7.5000    7.5000   37.5000 2516.8035   15.1508
    0.0000    7.5000   37.5000 2542.3027   14.8273
    7.5000    7.5000   37.5000 2536.6389   14.9176
   -7.5000   15.0000   37.5000 2586.9490   14.6979
    0.0000   15.0000   37.5000 2614.2766   14.3614
    7.5000   15.0000   37.5000 2606.7798   14.4542
   -7.5000   22.5000   37.5000 2637.9854   14.3729
    0.0000   22.5000   37.5000 2674.1316   14.0133
    7.5000   22.5000   37.5000 2660.9690   14.1181
   -7.5000   30.0000   37.5000 2668.9148   14.2154
    0.0000   30.0000   37.5000 2700.3850   13.8661
    7.5000   30.0000   37.5000 2688.3625   13.9800
   -7.5000   37.5000   37.5000 2670.3472   14.3843
    0.0000   37.5000   37.5000 2701.5132   14.0604
    7.5000   37.5000   37.5000 2694.1401   14.1405
   -7.5000   45.0000   37.5000 2641.4712   14.6807
    0.0000   45.0000   37.5000 2671.3306   14.4035
    7.5000   45.0000   37.5000 2666.5591   14.4978
   -7.5000   52.5000   37.5000 2568.6392   15.1132
    0.0000   52.5000   37.5000 2599.9402   14.8378
    7.5000   52.5000   37.5000 2587.3130   14.9317
   -7.5000   60.0000   37.5000 2444.1138   15.5746
    0.0000   60.0000   37.5000 2473.3494   15.2723
    7.5000   60.0000   37.5000 2462.8916   15.3707
   -7.5000   67.5000   37.5000 2285.9580   15.9679
    0.0000   67.5000   37.5000 2311.3435   15.7155
    7.5000   67.5000   37.5000 2305.6829   15.7983
   -7.5000  -22.5000   45.0000 2055.1169   21.5995
    0.0000  -22.5000   45.0000 2043.6976   20.9593
    7.5000  -22.5000   45.0000 2057.6475   21.0257
   -7.5000  -15.0000   45.0000 2160.4924   19.7788
    0.0000  -15.0000   45.0000 2156.7417   19.2305
    7.5000  -15.0000   45.0000 2173.8354   19.4130
   -7.5000   -7.5000   45.0000 2256.0637   18.3658
    0.0000   -7.5000   45.0000 2260.6562   17.9195
    7.5000   -7.5000   45.0000 2271.6577   18.1279
   -7.5000    0.0000   45.0000 2348.4417   17.2847
    0.0000    0.0000   45.0000 2360.2114   16.8929
    7.5000    0.0000   45.0000 2366.1116   17.0436
   -7.5000    7.5000   45.0000 2436.9917   16.4516
    0.0000    7.5000   45.0000 2461.5225   16.1266
    7.5000    7.5000   45.0000 2458.3323   16.2166
   -7.5000   15.0000   45.0000 2503.6467   15.9484
    0.0000   15.0000   45.0000 2534.7048   15.5919
    7.5000   15.0000   45.0000 2523.2046   15.6628
   -7.5000   22.5000   45.0000 2546.7241   15.5545
    0.0000   22.5000   45.0000 2579.7517   15.2260
    7.5000   22.5000   45.0000 2566.9646   15.2929
   -7.5000   30.0000   45.0000 2569.5557   15.3728
    0.0000   30.0000   45.0000 2596.9753   15.0655
    7.5000   30.0000   45.0000 2586.6042   15.1435
   -7.5000   37.5000   45.0000 2566.4092   15.4833
    0.0000   37.5000   45.0000 2595.2229   15.1989
    7.5000   37.5000   45.0000 2590.2317   15.2520
   -7.5000   45.0000   45.0000 2541.4622   15.7667
    0.0000   45.0000   45.0000 2568.8706   15.5320
    7.5000   45.0000   45.0000 2563.4856   15.5976
   -7.5000   52.5000   45.0000 2473.4138   16.1768
    0.0000   52.5000   45.0000 2501.9946   15.9498
    7.5000   52.5000   45.0000 2493.8994   16.0367
   -7.5000   60.0000   45.0000 2360.5837   16.6051
    0.0000   60.0000   45.0000 2389.7097   16.3346
    7.5000   60.0000   45.0000 2378.6626   16.3926
   -7.5000   67.5000   45.0000 2217.2429   16.9347
    0.0000   67.5000   45.0000 2242.4949   16.6603
    7.5000   67.5000   45.0000 2234.6257   16.7224

---------------------------------------------------------------------
imgreg_4dfp /home/aracena/freesurfer/average/711-2C_as_mni_average_305 /home/aracena/freesurfer/average/711-2B_as_mni_average_305_mask talsrcimg_g11 none talsrcimg_to_711-2C_as_mni_average_305_t4 1283
---------------------------------------------------------------------

freesurfer imgreg_4dfp.c
/home/aracena/freesurfer/average/711-2C_as_mni_average_305.4dfp.img
       256       256       256         1
  1.000000  1.000000  1.000000
orientation T byte_order littleendian
Reading image: /home/aracena/freesurfer/average/711-2C_as_mni_average_305.4dfp.img
dimensions:      256       256       256
mmppix:       1.0000   -1.0000   -1.0000
center:     128.0000 -129.0000 -129.0000
/home/aracena/freesurfer/average/711-2B_as_mni_average_305_mask.4dfp.img
       256       256       256         1
  1.000000  1.000000  1.000000
orientation T byte_order littleendian
Reading mask: /home/aracena/freesurfer/average/711-2B_as_mni_average_305_mask.4dfp.img (2306576 pixels)
talsrcimg_g11.4dfp.img
       256       256       256         1
  1.000000  1.000000  1.000000
orientation T byte_order littleendian
Reading image: talsrcimg_g11.4dfp.img
dimensions:      256       256       256
mmppix:       1.0000   -1.0000   -1.0000
center:     128.0000 -129.0000 -129.0000
rotation matrix determinant  1.000000
fimgreg.f
image alignment mode   1283 decimal      503 hex
parameters
    0.0000   37.5000    7.5000    0.0000    0.0000    0.0000
eta,q 0.93720 11.52491
niter,ni,del,rscale     5    3   12.0000    1.2000
parameter  4  1.487224 ->  0.500000 qaram    1.1500
parameters
    1.8109   36.8901    5.5111   -3.4500    0.9211    0.3450
eta,q 0.94143 11.19665
  0.0805  0.0668  0.0670  0.0597  0.0661  0.0632
  0.0746  0.0645  0.0641  0.0593  0.0631  0.0618
  0.0682  0.0640  0.0633  0.0607  0.0617  0.0602
  0.0653  0.0640  0.0643  0.0633  0.0595  0.0587
  0.0642  0.0645  0.0670  0.0655  0.0586  0.0586
  0.0654  0.0658  0.0707  0.0678  0.0601  0.0604
  0.0695  0.0680  0.0749  0.0702  0.0639  0.0631
niter,ni,del,rscale     5    3   12.0000    1.2000
parameter  4  0.774670 ->  0.500000 qaram    1.3225
parameters
    1.4225   38.0137    5.0834   -7.4175    1.3137   -0.5719
eta,q 0.94083 11.20443
  0.0736  0.0691  0.0677  0.0581  0.0660  0.0607
  0.0652  0.0636  0.0633  0.0589  0.0633  0.0604
  0.0603  0.0599  0.0604  0.0592  0.0612  0.0597
  0.0586  0.0586  0.0594  0.0595  0.0591  0.0589
  0.0615  0.0605  0.0610  0.0617  0.0591  0.0592
  0.0685  0.0619  0.0654  0.0645  0.0615  0.0609
  0.0777  0.0624  0.0703  0.0674  0.0654  0.0634
niter,ni,del,rscale     5    3   12.0000    1.2000
parameter  4  0.512537 ->  0.500000 qaram    1.5209
parameters
    1.2311   40.5042    4.1547  -11.9801    1.6257   -0.4324
eta,q 0.94336 11.12588
  0.0737  0.0647  0.0658  0.0598  0.0650  0.0614
  0.0656  0.0605  0.0625  0.0570  0.0614  0.0587
  0.0614  0.0597  0.0603  0.0575  0.0587  0.0573
  0.0592  0.0593  0.0595  0.0597  0.0567  0.0566
  0.0606  0.0594  0.0614  0.0610  0.0575  0.0569
  0.0667  0.0592  0.0665  0.0624  0.0603  0.0582
  0.0764  0.0590  0.0713  0.0649  0.0637  0.0612
niter,ni,del,rscale     5    3   12.0000    1.2000
parameters
    1.0885   39.5201    4.2626  -11.1042    1.8444   -0.4672
eta,q 0.94342 11.13985
  0.0730  0.0631  0.0675  0.0650  0.0643  0.0609
  0.0641  0.0590  0.0630  0.0606  0.0611  0.0585
  0.0587  0.0574  0.0589  0.0582  0.0584  0.0573
  0.0566  0.0567  0.0568  0.0567  0.0566  0.0566
  0.0594  0.0599  0.0579  0.0578  0.0576  0.0569
  0.0655  0.0642  0.0620  0.0603  0.0602  0.0583
  0.0742  0.0662  0.0673  0.0617  0.0636  0.0613
niter,ni,del,rscale     4    3   12.0000    1.2000
parameters
    0.9951   39.4257    4.3262  -10.8831    1.9089   -0.4276
eta,q 0.94334 11.14741
  0.0728  0.0644  0.0671  0.0639  0.0640  0.0610
  0.0640  0.0606  0.0631  0.0597  0.0608  0.0587
  0.0587  0.0585  0.0589  0.0575  0.0583  0.0574
  0.0566  0.0566  0.0567  0.0566  0.0567  0.0567
  0.0590  0.0579  0.0580  0.0584  0.0579  0.0569
  0.0649  0.0618  0.0621  0.0606  0.0605  0.0584
  0.0737  0.0646  0.0674  0.0621  0.0639  0.0613
niter,ni,del,rscale     3    3   12.0000    1.2000
parameters
    0.9706   39.4122    4.3395  -10.8359    1.9291   -0.4161
eta,q 0.94332 11.14917
  0.0732  0.0643  0.0670  0.0635  0.0640  0.0610
  0.0644  0.0608  0.0630  0.0595  0.0608  0.0587
  0.0589  0.0588  0.0589  0.0574  0.0582  0.0574
  0.0567  0.0567  0.0567  0.0567  0.0567  0.0567
  0.0589  0.0578  0.0581  0.0586  0.0579  0.0569
  0.0647  0.0615  0.0623  0.0606  0.0605  0.0584
  0.0734  0.0642  0.0676  0.0622  0.0641  0.0613
registration optimization eta report
parameter search radius
    6.0000    6.0000    6.0000    9.1253    6.0000    6.0000
100000*second partial in parameter space
       46.       20.       28.        7.       19.       12.
  0.0732  0.0643  0.0670  0.0635  0.0640  0.0610
  0.0644  0.0608  0.0630  0.0595  0.0608  0.0587
  0.0589  0.0588  0.0589  0.0574  0.0582  0.0574
  0.0567  0.0567  0.0567  0.0567  0.0567  0.0567
  0.0589  0.0578  0.0581  0.0586  0.0579  0.0569
  0.0647  0.0615  0.0623  0.0606  0.0605  0.0584
  0.0734  0.0642  0.0676  0.0622  0.0641  0.0613
    0.9706   39.4122    4.3395  -10.8359    1.9291   -0.4161
eta,q 0.94332 11.14917

---------------------------------------------------------------------
imgreg_4dfp /home/aracena/freesurfer/average/711-2C_as_mni_average_305 /home/aracena/freesurfer/average/711-2B_as_mni_average_305_mask talsrcimg_g11 none talsrcimg_to_711-2C_as_mni_average_305_t4 3335
---------------------------------------------------------------------

freesurfer imgreg_4dfp.c
/home/aracena/freesurfer/average/711-2C_as_mni_average_305.4dfp.img
       256       256       256         1
  1.000000  1.000000  1.000000
orientation T byte_order littleendian
Reading image: /home/aracena/freesurfer/average/711-2C_as_mni_average_305.4dfp.img
dimensions:      256       256       256
mmppix:       1.0000   -1.0000   -1.0000
center:     128.0000 -129.0000 -129.0000
/home/aracena/freesurfer/average/711-2B_as_mni_average_305_mask.4dfp.img
       256       256       256         1
  1.000000  1.000000  1.000000
orientation T byte_order littleendian
Reading mask: /home/aracena/freesurfer/average/711-2B_as_mni_average_305_mask.4dfp.img (2306576 pixels)
talsrcimg_g11.4dfp.img
       256       256       256         1
  1.000000  1.000000  1.000000
orientation T byte_order littleendian
Reading image: talsrcimg_g11.4dfp.img
dimensions:      256       256       256
mmppix:       1.0000   -1.0000   -1.0000
center:     128.0000 -129.0000 -129.0000
fimgreg.f
image alignment mode   3335 decimal      D07 hex
parameters
    0.9706   39.4122    4.3395   -0.0593   -1.7902   -1.8387
    1.3461   -3.1697   -0.7258   18.8233    3.3663  -18.7891
eta,q 0.94511 11.23183
niter,ni,del,rscale     5    3    5.0000    1.2000
parameter  4  2.374784 ->  0.500000 qaram    1.1500
parameter  5 -8.206975 ->  0.500000 qaram    1.1500
parameter  6  0.957738 ->  0.500000 qaram    1.1500
parameter 10  0.596002 ->  0.500000 qaram    1.1500
parameter 12 -1.294409 -> -0.500000 qaram    1.1500
parameters
    0.9438   40.2346    3.9014   -4.1993   -5.9302   -5.9787
    0.1219   -2.4774    0.0714   14.6833    3.4393  -14.6491
eta,q 0.96531 11.19662
  0.0575  0.0567  0.0557  0.0447  0.0363  0.0364  0.0396  0.0458  0.0402  0.0369  0.0384  0.0406
  0.0562  0.0559  0.0550  0.0463  0.0403  0.0372  0.0382  0.0419  0.0388  0.0362  0.0372  0.0391
  0.0553  0.0553  0.0547  0.0499  0.0441  0.0386  0.0375  0.0389  0.0378  0.0364  0.0365  0.0375
  0.0549  0.0549  0.0547  0.0547  0.0471  0.0415  0.0376  0.0374  0.0374  0.0373  0.0362  0.0362
  0.0551  0.0547  0.0551  0.0600  0.0505  0.0463  0.0383  0.0379  0.0374  0.0388  0.0364  0.0352
  0.0561  0.0549  0.0558  0.0655  0.0538  0.0526  0.0397  0.0399  0.0381  0.0407  0.0372  0.0345
  0.0578  0.0553  0.0567  0.0702  0.0570  0.0588  0.0415  0.0433  0.0392  0.0432  0.0383  0.0343
niter,ni,del,rscale     7    3    5.0000    1.2000
parameter  3  0.679016 ->  0.500000 qaram    1.1500
parameter  5  1.628446 ->  0.500000 qaram    1.3225
parameter 12 -0.623981 -> -0.500000 qaram    1.3225
parameters
    1.0602   39.3925    2.5214   -7.6069  -10.6912   -7.6183
    0.4671   -2.7865    1.0706   13.2725    3.1747   -9.8881
eta,q 0.97320 10.99299
  0.0394  0.0352  0.0338  0.0350  0.0271  0.0301  0.0307  0.0323  0.0309  0.0312  0.0285  0.0320
  0.0369  0.0346  0.0335  0.0337  0.0273  0.0290  0.0293  0.0296  0.0294  0.0288  0.0279  0.0301
  0.0353  0.0344  0.0337  0.0328  0.0293  0.0282  0.0283  0.0282  0.0284  0.0276  0.0276  0.0286
  0.0347  0.0347  0.0344  0.0336  0.0329  0.0276  0.0279  0.0279  0.0279  0.0278  0.0276  0.0276
  0.0351  0.0353  0.0354  0.0367  0.0365  0.0278  0.0281  0.0285  0.0279  0.0291  0.0277  0.0270
  0.0364  0.0363  0.0368  0.0417  0.0400  0.0303  0.0289  0.0302  0.0285  0.0313  0.0280  0.0268
  0.0385  0.0377  0.0384  0.0476  0.0438  0.0365  0.0302  0.0331  0.0296  0.0342  0.0286  0.0271
niter,ni,del,rscale     7    3    5.0000    1.2000
parameters
    1.2514   39.9838    1.7240   -7.9695  -14.6395   -7.2165
    0.6331   -2.9126    1.7224   12.8437    1.9115   -8.7777
eta,q 0.97428 10.85579
  0.0303  0.0314  0.0274  0.0300  0.0281  0.0290  0.0282  0.0307  0.0279  0.0297  0.0264  0.0285
  0.0286  0.0293  0.0267  0.0287  0.0266  0.0277  0.0270  0.0278  0.0269  0.0275  0.0260  0.0270
  0.0274  0.0277  0.0264  0.0276  0.0259  0.0267  0.0262  0.0262  0.0262  0.0262  0.0258  0.0262
  0.0268  0.0268  0.0266  0.0264  0.0265  0.0260  0.0259  0.0259  0.0259  0.0258  0.0258  0.0258
  0.0269  0.0266  0.0272  0.0262  0.0296  0.0254  0.0260  0.0265  0.0259  0.0265  0.0260  0.0258
  0.0278  0.0271  0.0283  0.0282  0.0336  0.0260  0.0268  0.0281  0.0264  0.0281  0.0264  0.0264
  0.0294  0.0284  0.0299  0.0320  0.0372  0.0295  0.0280  0.0309  0.0274  0.0306  0.0269  0.0275
niter,ni,del,rscale     6    3    5.0000    1.2000
parameters
    1.2713   40.2749    1.8613   -7.2076  -15.2890   -7.4819
    0.8218   -2.7749    1.9457   12.7063    1.9085   -8.9262
eta,q 0.97448 10.85130
  0.0287  0.0291  0.0276  0.0295  0.0302  0.0286  0.0281  0.0311  0.0275  0.0295  0.0265  0.0276
  0.0271  0.0275  0.0266  0.0281  0.0282  0.0273  0.0268  0.0279  0.0265  0.0274  0.0260  0.0264
  0.0261  0.0263  0.0260  0.0269  0.0265  0.0262  0.0260  0.0260  0.0259  0.0261  0.0256  0.0258
  0.0257  0.0257  0.0257  0.0257  0.0253  0.0255  0.0255  0.0255  0.0255  0.0255  0.0255  0.0255
  0.0260  0.0258  0.0258  0.0250  0.0258  0.0251  0.0257  0.0262  0.0256  0.0260  0.0256  0.0258
  0.0269  0.0265  0.0263  0.0262  0.0286  0.0263  0.0265  0.0278  0.0263  0.0275  0.0260  0.0265
  0.0287  0.0278  0.0274  0.0292  0.0327  0.0305  0.0280  0.0305  0.0274  0.0299  0.0265  0.0277
niter,ni,del,rscale     5    3    5.0000    1.2000
parameters
    1.2880   40.3082    1.9658   -7.0754  -15.3760   -7.3017
    0.7402   -2.7585    1.9903   12.7192    1.9952   -8.9806
eta,q 0.97455 10.86370
  0.0286  0.0283  0.0275  0.0292  0.0306  0.0288  0.0279  0.0310  0.0274  0.0296  0.0265  0.0276
  0.0271  0.0268  0.0265  0.0280  0.0286  0.0274  0.0266  0.0278  0.0264  0.0275  0.0259  0.0264
  0.0260  0.0259  0.0258  0.0268  0.0268  0.0263  0.0258  0.0259  0.0257  0.0261  0.0256  0.0257
  0.0255  0.0255  0.0255  0.0255  0.0255  0.0255  0.0254  0.0254  0.0255  0.0255  0.0254  0.0255
  0.0258  0.0258  0.0256  0.0252  0.0255  0.0251  0.0257  0.0262  0.0256  0.0259  0.0256  0.0257
  0.0269  0.0267  0.0262  0.0268  0.0278  0.0259  0.0266  0.0279  0.0263  0.0273  0.0259  0.0264
  0.0287  0.0282  0.0273  0.0301  0.0319  0.0296  0.0281  0.0307  0.0274  0.0297  0.0265  0.0276
niter,ni,del,rscale     4    3    5.0000    1.2000
parameters
    1.2892   40.3070    1.9757   -7.0715  -15.4095   -7.3113
    0.7060   -2.7721    1.9902   12.7345    2.0285   -8.9678
eta,q 0.97454 10.86166
  0.0286  0.0282  0.0274  0.0292  0.0306  0.0287  0.0279  0.0309  0.0273  0.0296  0.0265  0.0276
  0.0270  0.0267  0.0264  0.0279  0.0286  0.0274  0.0267  0.0278  0.0264  0.0275  0.0259  0.0264
  0.0259  0.0258  0.0257  0.0267  0.0268  0.0262  0.0258  0.0259  0.0258  0.0261  0.0256  0.0257
  0.0255  0.0255  0.0255  0.0255  0.0255  0.0255  0.0255  0.0255  0.0255  0.0255  0.0255  0.0255
  0.0258  0.0258  0.0256  0.0252  0.0255  0.0251  0.0257  0.0262  0.0256  0.0259  0.0256  0.0257
  0.0269  0.0267  0.0263  0.0269  0.0277  0.0260  0.0266  0.0280  0.0263  0.0273  0.0259  0.0264
  0.0287  0.0282  0.0274  0.0304  0.0318  0.0300  0.0281  0.0308  0.0274  0.0297  0.0265  0.0276
registration optimization eta report
parameter search radius
    2.4000    2.4000    2.7600    8.2800    9.5220    8.2800
    7.2000    7.2000    7.2000    8.2800    7.2000    9.5220
100000*second partial in parameter space
       56.       47.       25.        6.        6.        6.
        5.       10.        4.        6.        2.        2.
  0.0286  0.0282  0.0274  0.0292  0.0306  0.0287  0.0279  0.0309  0.0273  0.0296  0.0265  0.0276
  0.0270  0.0267  0.0264  0.0279  0.0286  0.0274  0.0267  0.0278  0.0264  0.0275  0.0259  0.0264
  0.0259  0.0258  0.0257  0.0267  0.0268  0.0262  0.0258  0.0259  0.0258  0.0261  0.0256  0.0257
  0.0255  0.0255  0.0255  0.0255  0.0255  0.0255  0.0255  0.0255  0.0255  0.0255  0.0255  0.0255
  0.0258  0.0258  0.0256  0.0252  0.0255  0.0251  0.0257  0.0262  0.0256  0.0259  0.0256  0.0257
  0.0269  0.0267  0.0263  0.0269  0.0277  0.0260  0.0266  0.0280  0.0263  0.0273  0.0259  0.0264
  0.0287  0.0282  0.0274  0.0304  0.0318  0.0300  0.0281  0.0308  0.0274  0.0297  0.0265  0.0276
    1.2892   40.3070    1.9757   -7.0715  -15.4095   -7.3113
    0.7060   -2.7721    1.9902   12.7345    2.0285   -8.9678
eta,q 0.97454 10.86166

---------------------------------------------------------------------
imgreg_4dfp /home/aracena/freesurfer/average/711-2C_as_mni_average_305 /home/aracena/freesurfer/average/711-2B_as_mni_average_305_mask talsrcimg_g11 none talsrcimg_to_711-2C_as_mni_average_305_t4 2311
---------------------------------------------------------------------

freesurfer imgreg_4dfp.c
/home/aracena/freesurfer/average/711-2C_as_mni_average_305.4dfp.img
       256       256       256         1
  1.000000  1.000000  1.000000
orientation T byte_order littleendian
Reading image: /home/aracena/freesurfer/average/711-2C_as_mni_average_305.4dfp.img
dimensions:      256       256       256
mmppix:       1.0000   -1.0000   -1.0000
center:     128.0000 -129.0000 -129.0000
/home/aracena/freesurfer/average/711-2B_as_mni_average_305_mask.4dfp.img
       256       256       256         1
  1.000000  1.000000  1.000000
orientation T byte_order littleendian
Reading mask: /home/aracena/freesurfer/average/711-2B_as_mni_average_305_mask.4dfp.img (2306576 pixels)
talsrcimg_g11.4dfp.img
       256       256       256         1
  1.000000  1.000000  1.000000
orientation T byte_order littleendian
Reading image: talsrcimg_g11.4dfp.img
dimensions:      256       256       256
mmppix:       1.0000   -1.0000   -1.0000
center:     128.0000 -129.0000 -129.0000
fimgreg.f
image alignment mode   2311 decimal      907 hex
parameters
    1.2892   40.3070    1.9757   -7.0715  -15.4095   -7.3113
    0.7060   -2.7721    1.9902   12.7345    2.0285   -8.9678
eta,q 0.97454 10.86166
niter,ni,del,rscale     5    3    5.0000    0.8000
parameters
    1.3348   40.3055    2.0456   -5.6397  -14.4111   -6.2675
    0.4861   -2.5113    1.7294   12.1836    2.3411  -10.0941
eta,q 0.97529 11.02754
  0.0270  0.0267  0.0262  0.0276  0.0273  0.0264  0.0261  0.0285  0.0258  0.0262  0.0256  0.0251
  0.0262  0.0260  0.0258  0.0270  0.0265  0.0258  0.0254  0.0265  0.0252  0.0253  0.0252  0.0248
  0.0257  0.0256  0.0256  0.0262  0.0257  0.0252  0.0249  0.0252  0.0249  0.0248  0.0249  0.0247
  0.0255  0.0255  0.0255  0.0255  0.0251  0.0249  0.0248  0.0248  0.0248  0.0248  0.0248  0.0248
  0.0256  0.0256  0.0255  0.0251  0.0249  0.0247  0.0250  0.0251  0.0249  0.0251  0.0248  0.0249
  0.0260  0.0260  0.0257  0.0254  0.0253  0.0249  0.0255  0.0261  0.0253  0.0259  0.0250  0.0252
  0.0269  0.0267  0.0261  0.0263  0.0263  0.0256  0.0264  0.0277  0.0260  0.0270  0.0254  0.0257
niter,ni,del,rscale     4    3    5.0000    0.7000
parameters
    1.2462   40.3301    1.9576   -5.6451  -14.2319   -5.8397
    0.2134   -2.5505    1.5597   12.3048    2.6039  -10.5858
eta,q 0.97539 11.06258
  0.0260  0.0259  0.0252  0.0266  0.0265  0.0257  0.0257  0.0273  0.0255  0.0262  0.0253  0.0250
  0.0252  0.0253  0.0249  0.0258  0.0258  0.0253  0.0251  0.0258  0.0250  0.0253  0.0249  0.0248
  0.0248  0.0249  0.0248  0.0251  0.0251  0.0249  0.0247  0.0249  0.0247  0.0248  0.0247  0.0246
  0.0247  0.0247  0.0247  0.0247  0.0247  0.0247  0.0246  0.0246  0.0246  0.0246  0.0246  0.0246
  0.0249  0.0248  0.0248  0.0248  0.0247  0.0245  0.0248  0.0250  0.0247  0.0248  0.0247  0.0247
  0.0255  0.0252  0.0250  0.0256  0.0253  0.0247  0.0253  0.0259  0.0251  0.0252  0.0248  0.0249
  0.0263  0.0258  0.0254  0.0269  0.0265  0.0256  0.0260  0.0273  0.0256  0.0260  0.0251  0.0253
niter,ni,del,rscale     3    3    5.0000    0.6000
parameters
    1.2230   40.3724    1.8253   -5.5868  -14.1169   -5.6281
    0.1239   -2.5773    1.4172   12.3540    2.8363  -10.9227
eta,q 0.97545 11.08155
  0.0257  0.0255  0.0250  0.0262  0.0261  0.0254  0.0254  0.0266  0.0252  0.0258  0.0251  0.0249
  0.0251  0.0251  0.0247  0.0255  0.0255  0.0251  0.0249  0.0254  0.0248  0.0251  0.0248  0.0247
  0.0247  0.0247  0.0246  0.0249  0.0249  0.0248  0.0246  0.0247  0.0246  0.0247  0.0246  0.0246
  0.0246  0.0246  0.0246  0.0246  0.0246  0.0246  0.0245  0.0246  0.0245  0.0245  0.0246  0.0245
  0.0248  0.0247  0.0247  0.0247  0.0246  0.0245  0.0247  0.0248  0.0247  0.0247  0.0246  0.0246
  0.0251  0.0249  0.0249  0.0253  0.0251  0.0247  0.0250  0.0255  0.0249  0.0251  0.0247  0.0248
  0.0257  0.0254  0.0252  0.0263  0.0261  0.0254  0.0255  0.0266  0.0253  0.0256  0.0249  0.0250
niter,ni,del,rscale     2    3    5.0000    0.5000
parameters
    1.2017   40.3970    1.7648   -5.5208  -14.0315   -5.3641
    0.0375   -2.5946    1.3003   12.3542    3.0325  -11.1674
eta,q 0.97551 11.09822
  0.0253  0.0252  0.0248  0.0258  0.0257  0.0252  0.0251  0.0260  0.0250  0.0254  0.0249  0.0248
  0.0249  0.0249  0.0247  0.0252  0.0252  0.0249  0.0248  0.0252  0.0247  0.0249  0.0247  0.0246
  0.0246  0.0246  0.0246  0.0248  0.0248  0.0247  0.0246  0.0246  0.0245  0.0246  0.0245  0.0245
  0.0245  0.0245  0.0245  0.0245  0.0245  0.0245  0.0245  0.0245  0.0245  0.0245  0.0245  0.0245
  0.0246  0.0246  0.0246  0.0246  0.0246  0.0244  0.0246  0.0247  0.0246  0.0246  0.0245  0.0246
  0.0249  0.0248  0.0247  0.0250  0.0250  0.0246  0.0248  0.0252  0.0247  0.0249  0.0246  0.0247
  0.0254  0.0252  0.0249  0.0258  0.0257  0.0251  0.0252  0.0260  0.0250  0.0253  0.0248  0.0249
niter,ni,del,rscale     1    3    5.0000    0.4000
parameters
    1.1830   40.4041    1.7247   -5.4846  -13.9753   -5.1103
   -0.0217   -2.6191    1.1804   12.3417    3.2015  -11.3412
eta,q 0.97556 11.11033
  0.0250  0.0249  0.0247  0.0253  0.0253  0.0250  0.0249  0.0255  0.0247  0.0250  0.0247  0.0247
  0.0247  0.0247  0.0246  0.0249  0.0249  0.0248  0.0246  0.0249  0.0246  0.0247  0.0246  0.0245
  0.0245  0.0245  0.0245  0.0246  0.0246  0.0246  0.0245  0.0245  0.0245  0.0245  0.0245  0.0245
  0.0245  0.0245  0.0245  0.0245  0.0245  0.0245  0.0244  0.0244  0.0244  0.0244  0.0244  0.0244
  0.0245  0.0245  0.0245  0.0245  0.0245  0.0244  0.0245  0.0246  0.0245  0.0245  0.0245  0.0245
  0.0247  0.0247  0.0246  0.0248  0.0248  0.0245  0.0247  0.0249  0.0246  0.0247  0.0245  0.0246
  0.0250  0.0249  0.0247  0.0253  0.0253  0.0249  0.0249  0.0255  0.0248  0.0250  0.0246  0.0247
registration optimization eta report
parameter search radius
    0.8000    0.8000    0.8000    2.4000    2.4000    2.4000
    2.4000    2.4000    2.4000    2.4000    2.4000    2.4000
100000*second partial in parameter space
       81.       65.       35.       15.       14.        8.
        8.       18.        6.       10.        4.        4.
  0.0250  0.0249  0.0247  0.0253  0.0253  0.0250  0.0249  0.0255  0.0247  0.0250  0.0247  0.0247
  0.0247  0.0247  0.0246  0.0249  0.0249  0.0248  0.0246  0.0249  0.0246  0.0247  0.0246  0.0245
  0.0245  0.0245  0.0245  0.0246  0.0246  0.0246  0.0245  0.0245  0.0245  0.0245  0.0245  0.0245
  0.0245  0.0245  0.0245  0.0245  0.0245  0.0245  0.0244  0.0244  0.0244  0.0244  0.0244  0.0244
  0.0245  0.0245  0.0245  0.0245  0.0245  0.0244  0.0245  0.0246  0.0245  0.0245  0.0245  0.0245
  0.0247  0.0247  0.0246  0.0248  0.0248  0.0245  0.0247  0.0249  0.0246  0.0247  0.0245  0.0246
  0.0250  0.0249  0.0247  0.0253  0.0253  0.0249  0.0249  0.0255  0.0248  0.0250  0.0246  0.0247
    1.1830   40.4041    1.7247   -5.4846  -13.9753   -5.1103
   -0.0217   -2.6191    1.1804   12.3417    3.2015  -11.3412
eta,q 0.97556 11.11033

---------------------------------------------------------------------
imgreg_4dfp /home/aracena/freesurfer/average/711-2C_as_mni_average_305 /home/aracena/freesurfer/average/711-2B_as_mni_average_305_mask talsrcimg_g11 none talsrcimg_to_711-2C_as_mni_average_305_t4 2311
---------------------------------------------------------------------

freesurfer imgreg_4dfp.c
/home/aracena/freesurfer/average/711-2C_as_mni_average_305.4dfp.img
       256       256       256         1
  1.000000  1.000000  1.000000
orientation T byte_order littleendian
Reading image: /home/aracena/freesurfer/average/711-2C_as_mni_average_305.4dfp.img
dimensions:      256       256       256
mmppix:       1.0000   -1.0000   -1.0000
center:     128.0000 -129.0000 -129.0000
/home/aracena/freesurfer/average/711-2B_as_mni_average_305_mask.4dfp.img
       256       256       256         1
  1.000000  1.000000  1.000000
orientation T byte_order littleendian
Reading mask: /home/aracena/freesurfer/average/711-2B_as_mni_average_305_mask.4dfp.img (2306576 pixels)
talsrcimg_g11.4dfp.img
       256       256       256         1
  1.000000  1.000000  1.000000
orientation T byte_order littleendian
Reading image: talsrcimg_g11.4dfp.img
dimensions:      256       256       256
mmppix:       1.0000   -1.0000   -1.0000
center:     128.0000 -129.0000 -129.0000
fimgreg.f
image alignment mode   2311 decimal      907 hex
parameters
    1.1830   40.4041    1.7247   -5.4846  -13.9753   -5.1103
   -0.0217   -2.6191    1.1804   12.3417    3.2015  -11.3412
eta,q 0.97556 11.11033
niter,ni,del,rscale     5    3    5.0000    0.8000
parameters
    1.1677   40.3571    1.7634   -5.9258  -14.3688   -5.8125
    0.2376   -2.7481    1.3795   12.7084    2.8755  -10.8369
eta,q 0.97533 11.05629
  0.0265  0.0260  0.0255  0.0267  0.0266  0.0258  0.0263  0.0279  0.0259  0.0269  0.0253  0.0256
  0.0254  0.0252  0.0249  0.0257  0.0257  0.0253  0.0255  0.0260  0.0253  0.0257  0.0249  0.0250
  0.0247  0.0246  0.0245  0.0249  0.0249  0.0249  0.0249  0.0249  0.0248  0.0249  0.0247  0.0248
  0.0244  0.0244  0.0244  0.0244  0.0245  0.0245  0.0247  0.0247  0.0247  0.0247  0.0247  0.0247
  0.0247  0.0246  0.0246  0.0248  0.0248  0.0246  0.0248  0.0252  0.0248  0.0248  0.0248  0.0247
  0.0254  0.0252  0.0249  0.0261  0.0260  0.0255  0.0253  0.0264  0.0251  0.0254  0.0251  0.0249
  0.0266  0.0263  0.0254  0.0281  0.0279  0.0278  0.0260  0.0282  0.0257  0.0263  0.0255  0.0252
niter,ni,del,rscale     4    3    5.0000    0.7000
parameters
    1.2195   40.4301    1.7433   -5.7644  -14.2763   -5.8254
    0.3001   -2.6781    1.4423   12.6019    2.8220  -10.8911
eta,q 0.97539 11.06337
  0.0262  0.0259  0.0253  0.0267  0.0264  0.0257  0.0259  0.0275  0.0255  0.0261  0.0252  0.0252
  0.0254  0.0253  0.0249  0.0259  0.0257  0.0252  0.0252  0.0259  0.0250  0.0252  0.0249  0.0248
  0.0249  0.0248  0.0247  0.0251  0.0250  0.0249  0.0248  0.0249  0.0247  0.0247  0.0247  0.0247
  0.0247  0.0247  0.0246  0.0246  0.0246  0.0246  0.0246  0.0246  0.0246  0.0246  0.0246  0.0246
  0.0248  0.0247  0.0247  0.0247  0.0247  0.0245  0.0247  0.0249  0.0247  0.0249  0.0247  0.0247
  0.0252  0.0251  0.0249  0.0254  0.0253  0.0249  0.0251  0.0258  0.0250  0.0254  0.0249  0.0249
  0.0260  0.0257  0.0253  0.0267  0.0266  0.0261  0.0258  0.0272  0.0255  0.0261  0.0252  0.0252
niter,ni,del,rscale     3    3    5.0000    0.6000
parameters
    1.2125   40.4245    1.7650   -5.6237  -14.1639   -5.5954
    0.1679   -2.6399    1.3886   12.4924    2.9288  -11.0599
eta,q 0.97546 11.08192
  0.0257  0.0255  0.0251  0.0263  0.0261  0.0254  0.0254  0.0267  0.0252  0.0257  0.0250  0.0249
  0.0251  0.0250  0.0248  0.0256  0.0254  0.0251  0.0249  0.0255  0.0248  0.0250  0.0248  0.0247
  0.0247  0.0247  0.0247  0.0250  0.0249  0.0248  0.0246  0.0248  0.0246  0.0246  0.0246  0.0246
  0.0246  0.0246  0.0246  0.0246  0.0246  0.0246  0.0245  0.0245  0.0245  0.0245  0.0245  0.0245
  0.0247  0.0247  0.0247  0.0247  0.0246  0.0245  0.0247  0.0248  0.0246  0.0247  0.0246  0.0246
  0.0251  0.0250  0.0248  0.0252  0.0251  0.0247  0.0250  0.0255  0.0249  0.0251  0.0247  0.0248
  0.0257  0.0255  0.0251  0.0262  0.0261  0.0255  0.0255  0.0266  0.0253  0.0257  0.0250  0.0250
niter,ni,del,rscale     2    3    5.0000    0.5000
parameters
    1.1956   40.4205    1.7425   -5.5370  -14.0563   -5.3551
    0.0595   -2.6300    1.2783   12.4165    3.0904  -11.2234
eta,q 0.97552 11.09800
  0.0253  0.0252  0.0249  0.0258  0.0257  0.0252  0.0251  0.0261  0.0250  0.0253  0.0249  0.0248
  0.0249  0.0248  0.0247  0.0252  0.0252  0.0249  0.0248  0.0252  0.0247  0.0248  0.0247  0.0246
  0.0246  0.0246  0.0246  0.0248  0.0248  0.0247  0.0245  0.0246  0.0245  0.0245  0.0245  0.0245
  0.0245  0.0245  0.0245  0.0245  0.0245  0.0245  0.0245  0.0245  0.0245  0.0245  0.0245  0.0245
  0.0246  0.0246  0.0246  0.0246  0.0246  0.0244  0.0246  0.0247  0.0246  0.0246  0.0245  0.0245
  0.0249  0.0248  0.0247  0.0250  0.0250  0.0246  0.0248  0.0252  0.0247  0.0249  0.0246  0.0247
  0.0254  0.0252  0.0249  0.0257  0.0257  0.0252  0.0252  0.0260  0.0250  0.0254  0.0248  0.0248
niter,ni,del,rscale     1    3    5.0000    0.4000
parameters
    1.1791   40.4156    1.7109   -5.4966  -13.9836   -5.1025
   -0.0144   -2.6379    1.1780   12.3694    3.2102  -11.3512
eta,q 0.97556 11.11019
  0.0250  0.0249  0.0247  0.0253  0.0253  0.0250  0.0249  0.0255  0.0248  0.0250  0.0247  0.0247
  0.0247  0.0247  0.0246  0.0249  0.0249  0.0248  0.0246  0.0249  0.0246  0.0247  0.0246  0.0245
  0.0245  0.0245  0.0245  0.0246  0.0246  0.0246  0.0245  0.0245  0.0245  0.0245  0.0245  0.0245
  0.0245  0.0245  0.0245  0.0245  0.0245  0.0245  0.0244  0.0244  0.0244  0.0244  0.0244  0.0244
  0.0245  0.0245  0.0245  0.0245  0.0245  0.0244  0.0245  0.0246  0.0245  0.0245  0.0245  0.0245
  0.0247  0.0247  0.0246  0.0248  0.0248  0.0245  0.0247  0.0249  0.0246  0.0247  0.0245  0.0246
  0.0250  0.0249  0.0247  0.0253  0.0253  0.0249  0.0249  0.0255  0.0248  0.0251  0.0247  0.0247
registration optimization eta report
parameter search radius
    0.8000    0.8000    0.8000    2.4000    2.4000    2.4000
    2.4000    2.4000    2.4000    2.4000    2.4000    2.4000
100000*second partial in parameter space
       81.       66.       35.       15.       14.        8.
        8.       18.        6.       10.        4.        4.
  0.0250  0.0249  0.0247  0.0253  0.0253  0.0250  0.0249  0.0255  0.0248  0.0250  0.0247  0.0247
  0.0247  0.0247  0.0246  0.0249  0.0249  0.0248  0.0246  0.0249  0.0246  0.0247  0.0246  0.0245
  0.0245  0.0245  0.0245  0.0246  0.0246  0.0246  0.0245  0.0245  0.0245  0.0245  0.0245  0.0245
  0.0245  0.0245  0.0245  0.0245  0.0245  0.0245  0.0244  0.0244  0.0244  0.0244  0.0244  0.0244
  0.0245  0.0245  0.0245  0.0245  0.0245  0.0244  0.0245  0.0246  0.0245  0.0245  0.0245  0.0245
  0.0247  0.0247  0.0246  0.0248  0.0248  0.0245  0.0247  0.0249  0.0246  0.0247  0.0245  0.0246
  0.0250  0.0249  0.0247  0.0253  0.0253  0.0249  0.0249  0.0255  0.0248  0.0251  0.0247  0.0247
    1.1791   40.4156    1.7109   -5.4966  -13.9836   -5.1025
   -0.0144   -2.6379    1.1780   12.3694    3.2102  -11.3512
eta,q 0.97556 11.11019

---------------------------------------------------------------------
compute_vox2vox talsrcimg talsrcimg_to_711-2C_as_mni_average_305_t4 /home/aracena/freesurfer/average/711-2C_as_mni_average_305
---------------------------------------------------------------------

freesurfer compute_vox2vox.c
Reading: talsrcimg.4dfp.ifh
Reading: talsrcimg_to_711-2C_as_mni_average_305_t4
Reading: /home/aracena/freesurfer/average/711-2C_as_mni_average_305.4dfp.ifh
Writing: talsrcimg_to_711-2C_as_mni_average_305_t4_vox2vox.txt

start time lun 27 dic 2021 16:35:46 -03
end		time lun 27 dic 2021 16:36:18 -03

mpr2mni305 success

avi2talxfm orig_nu.mgz /home/aracena/freesurfer/average/mni305.cor.mgz talsrcimg_to_711-2C_as_mni_average_305_t4_vox2vox.txt transforms/talairach.auto.xfm
avi2talxfm done
lta_convert --src orig_nu.mgz --trg /home/aracena/freesurfer/average/mni305.cor.mgz --inxfm transforms/talairach.auto.xfm --outlta transforms/talairach.auto.xfm.lta --subject fsaverage
7.2.0

--src: orig_nu.mgz src image (geometry).
--trg: /home/aracena/freesurfer/average/mni305.cor.mgz trg image (geometry).
--inmni: transforms/talairach.auto.xfm input MNI/XFM transform.
--outlta: transforms/talairach.auto.xfm.lta output LTA.
--s: fsaverage subject name
 LTA read, type : 1
 1.05713   0.02887   0.00399   0.04070;
-0.03686   1.03494   0.13657   0.55402;
-0.00918  -0.14922   1.14287  -3.95676;
 0.00000   0.00000   0.00000   1.00000;
setting subject to fsaverage
Writing  LTA to file transforms/talairach.auto.xfm.lta...
lta_convert successful.
 
 
Started at lun 27 dic 2021 16:35:45 -03
Ended   at lun 27 dic 2021 16:36:18 -03
talairach_avi done
