/opt/home/aracena/thesis_practica/tips_nibabel/3_recon-all_freesurfer/output/freesurfer/sub-03/mri
/home/aracena/freesurfer/bin/talairach_avi
--i orig_nu.mgz --xfm transforms/talairach.auto.xfm
talairach_avi 7.2.0
Linux daniela-MS-7760 5.11.0-41-generic #45-Ubuntu SMP Fri Nov 5 11:37:01 UTC 2021 x86_64 x86_64 x86_64 GNU/Linux
mar 28 dic 2021 02:04:24 -03
mri_convert orig_nu.mgz talsrcimg.img 
reading from orig_nu.mgz...
TR=0.00, TE=0.00, TI=0.00, flip angle=0.00
i_ras = (-1, 0, -1.86265e-09)
j_ras = (0, -1.58543e-08, -1)
k_ras = (0, 1, -1.40499e-08)
writing to talsrcimg.img...
Analyze Output Matrix
-1.00000   0.00000   0.00000   131.73589;
 0.00000  -0.00000   1.00000  -146.75124;
-0.00000  -1.00000  -0.00000   113.38618;
 0.00000   0.00000   0.00000   1.00000;
--------------------
INFO: set hdr.hist.orient to -1
mpr2mni305 talsrcimg
mar 28 dic 2021 02:04:24 -03
/home/aracena/freesurfer/bin/mpr2mni305 talsrcimg
mpr2mni305 7.2.0
target=711-2C_as_mni_average_305

---------------------------------------------------------------------
analyzeto4dfp talsrcimg -O0 -y
---------------------------------------------------------------------

freesurfer ifh2hdr.c
Tue Dec 28 02:04:25 2021
Writing: talsrcimg.4dfp.hdr
freesurfer analyzeto4dfp.c
Reading: talsrcimg.hdr
header size 348 bytes
hdr.dime.datatype	offset=70	value=2
hdr.dime.bitpix		offset=72	value=8
hdr.hist.orient		offset=252	value=-1
dimensionality     4
dimensions       256       256       256         1
Reading: talsrcimg.img
Writing: talsrcimg.4dfp.img
Writing: talsrcimg.4dfp.ifh
ifh2hdr talsrcimg -r0to254
ori=2

---------------------------------------------------------------------
gauss_4dfp talsrcimg 1.1
---------------------------------------------------------------------

freesurfer gauss_4dfp.c
Reading: talsrcimg.4dfp.img
Writing: talsrcimg_g11.4dfp.img
image dimensions 256 256 256 padded to 288 288 288
processing volume 1freesurfer ifh2hdr.c
Tue Dec 28 02:04:37 2021
Writing: talsrcimg_g11.4dfp.hdr

Writing: talsrcimg_g11.4dfp.ifh
including: talsrcimg.4dfp.img.rec in talsrcimg_g11.4dfp.img.rec

---------------------------------------------------------------------
imgreg_4dfp /home/aracena/freesurfer/average/711-2C_as_mni_average_305 none talsrcimg_g11 none talsrcimg_to_711-2C_as_mni_average_305_t4 4355
---------------------------------------------------------------------

freesurfer imgreg_4dfp.c
/home/aracena/freesurfer/average/711-2C_as_mni_average_305.4dfp.img
       256       256       256         1
  1.000000  1.000000  1.000000
orientation T byte_order littleendian
Reading image: /home/aracena/freesurfer/average/711-2C_as_mni_average_305.4dfp.img
dimensions:      256       256       256
mmppix:       1.0000   -1.0000   -1.0000
center:     128.0000 -129.0000 -129.0000
talsrcimg_g11.4dfp.img
       256       256       256         1
  1.000000  1.000000  1.000000
orientation T byte_order littleendian
Reading image: talsrcimg_g11.4dfp.img
dimensions:      256       256       256
mmppix:       1.0000   -1.0000   -1.0000
center:     128.0000 -129.0000 -129.0000
t4_read: open error in t4_sub.f l:  41 t4_file(1:l)talsrcimg_to_711-2C_as_mni_average_305_t4 
t4_read: transform initialized to I4
rotation matrix determinant  1.000000
image alignment mode   4355 decimal     1103 hex
   -7.5000  -45.0000  -45.0000 8129.5332   11.9744
    0.0000  -45.0000  -45.0000 8425.1924   11.9713
    7.5000  -45.0000  -45.0000 8069.3755   11.9795
   -7.5000  -37.5000  -45.0000 8567.9883   11.7576
    0.0000  -37.5000  -45.0000 8884.6777   11.7555
    7.5000  -37.5000  -45.0000 8489.3164   11.7627
   -7.5000  -30.0000  -45.0000 9248.2676   11.5952
    0.0000  -30.0000  -45.0000 9607.8896   11.5965
    7.5000  -30.0000  -45.0000 9147.6670   11.5992
   -7.5000  -22.5000  -45.0000 9865.2217   11.5298
    0.0000  -22.5000  -45.000010274.0781   11.5309
    7.5000  -22.5000  -45.0000 9752.4922   11.5277
   -7.5000  -15.0000  -45.000010467.0508   11.5122
    0.0000  -15.0000  -45.000010902.0117   11.5110
    7.5000  -15.0000  -45.000010343.2979   11.5059
   -7.5000   -7.5000  -45.000011047.5752   11.4872
    0.0000   -7.5000  -45.000011469.6582   11.4845
    7.5000   -7.5000  -45.000010881.5225   11.4844
   -7.5000    0.0000  -45.000011459.8896   11.4663
    0.0000    0.0000  -45.000011907.4902   11.4634
    7.5000    0.0000  -45.000011280.8545   11.4697
   -7.5000    7.5000  -45.000010997.0430   11.4703
    0.0000    7.5000  -45.000011431.4160   11.4698
    7.5000    7.5000  -45.000010797.2871   11.4773
   -7.5000   15.0000  -45.000010455.5625   11.5159
    0.0000   15.0000  -45.000010858.9531   11.5170
    7.5000   15.0000  -45.000010273.5107   11.5200
   -7.5000   22.5000  -45.0000 9919.8965   11.6442
    0.0000   22.5000  -45.000010299.1621   11.6436
    7.5000   22.5000  -45.0000 9760.1016   11.6411
   -7.5000   30.0000  -45.0000 9394.9746   11.6881
    0.0000   30.0000  -45.0000 9749.3936   11.6847
    7.5000   30.0000  -45.0000 9259.3066   11.6803
   -7.5000   37.5000  -45.0000 9164.5303   11.8720
    0.0000   37.5000  -45.0000 9522.4619   11.8697
    7.5000   37.5000  -45.0000 9035.9209   11.8727
   -7.5000   45.0000  -45.0000 8617.9346   11.8208
    0.0000   45.0000  -45.0000 8950.7578   11.8217
    7.5000   45.0000  -45.0000 8465.9043   11.8327
   -7.5000  -45.0000  -37.5000 8472.4092   11.8897
    0.0000  -45.0000  -37.5000 8801.8574   11.8908
    7.5000  -45.0000  -37.5000 8408.8262   11.9001
   -7.5000  -37.5000  -37.5000 8949.8906   11.6842
    0.0000  -37.5000  -37.5000 9299.8213   11.6856
    7.5000  -37.5000  -37.5000 8863.6875   11.6922
   -7.5000  -30.0000  -37.5000 9679.6104   11.5233
    0.0000  -30.0000  -37.500010062.1250   11.5263
    7.5000  -30.0000  -37.5000 9554.3525   11.5281
   -7.5000  -22.5000  -37.500010368.6943   11.4488
    0.0000  -22.5000  -37.500010793.2549   11.4508
    7.5000  -22.5000  -37.500010228.8652   11.4478
   -7.5000  -15.0000  -37.500011039.5020   11.4230
    0.0000  -15.0000  -37.500011483.6826   11.4229
    7.5000  -15.0000  -37.500010882.9365   11.4192
   -7.5000   -7.5000  -37.500011678.5449   11.3993
    0.0000   -7.5000  -37.500012100.1553   11.3989
    7.5000   -7.5000  -37.500011442.5557   11.4007
   -7.5000    0.0000  -37.500012138.4971   11.3878
    0.0000    0.0000  -37.500012593.6240   11.3884
    7.5000    0.0000  -37.500011892.5283   11.3954
   -7.5000    7.5000  -37.500011649.2393   11.4006
    0.0000    7.5000  -37.500012095.1641   11.4028
    7.5000    7.5000  -37.500011405.9912   11.4096
   -7.5000   15.0000  -37.500011070.9990   11.4442
    0.0000   15.0000  -37.500011486.1816   11.4470
    7.5000   15.0000  -37.500010854.4658   11.4496
   -7.5000   22.5000  -37.500010510.2002   11.5608
    0.0000   22.5000  -37.500010900.5869   11.5612
    7.5000   22.5000  -37.500010330.3760   11.5593
   -7.5000   30.0000  -37.5000 9977.6553   11.5932
    0.0000   30.0000  -37.500010348.2129   11.5913
    7.5000   30.0000  -37.5000 9814.5918   11.5882
   -7.5000   37.5000  -37.5000 9784.5391   11.7745
    0.0000   37.5000  -37.500010164.7129   11.7739
    7.5000   37.5000  -37.5000 9608.1123   11.7777
   -7.5000   45.0000  -37.5000 9193.9990   11.7321
    0.0000   45.0000  -37.5000 9550.4004   11.7356
    7.5000   45.0000  -37.5000 9018.5117   11.7472
   -7.5000  -45.0000  -30.0000 8997.1602   12.3188
    0.0000  -45.0000  -30.0000 9361.7939   12.3213
    7.5000  -45.0000  -30.0000 8896.5869   12.3267
   -7.5000  -37.5000  -30.0000 9511.9893   12.1083
    0.0000  -37.5000  -30.0000 9899.3076   12.1111
    7.5000  -37.5000  -30.0000 9370.2119   12.1124
   -7.5000  -30.0000  -30.000010326.2676   11.9389
    0.0000  -30.0000  -30.000010739.5967   11.9427
    7.5000  -30.0000  -30.000010143.2998   11.9402
   -7.5000  -22.5000  -30.000011102.6182   11.8559
    0.0000  -22.5000  -30.000011539.9561   11.8583
    7.5000  -22.5000  -30.000010888.2949   11.8534
   -7.5000  -15.0000  -30.000011856.8350   11.8262
    0.0000  -15.0000  -30.000012320.8135   11.8262
    7.5000  -15.0000  -30.000011624.8115   11.8220
   -7.5000   -7.5000  -30.000012559.8711   11.8051
    0.0000   -7.5000  -30.000013022.2305   11.8050
    7.5000   -7.5000  -30.000012263.6768   11.8055
   -7.5000    0.0000  -30.000013064.5049   11.7995
    0.0000    0.0000  -30.000013564.5947   11.8009
    7.5000    0.0000  -30.000012761.2686   11.8041
   -7.5000    7.5000  -30.000012564.6533   11.8154
    0.0000    7.5000  -30.000013045.9854   11.8186
    7.5000    7.5000  -30.000012254.3428   11.8201
   -7.5000   15.0000  -30.000011950.1055   11.8578
    0.0000   15.0000  -30.000012390.4219   11.8618
    7.5000   15.0000  -30.000011670.7500   11.8604
   -7.5000   22.5000  -30.000011324.5479   11.9698
    0.0000   22.5000  -30.000011747.6240   11.9710
    7.5000   22.5000  -30.000011089.6836   11.9678
   -7.5000   30.0000  -30.000010714.4707   12.0022
    0.0000   30.0000  -30.000011138.1143   12.0013
    7.5000   30.0000  -30.000010522.8447   11.9987
   -7.5000   37.5000  -30.000010536.9092   12.1905
    0.0000   37.5000  -30.000010946.0518   12.1896
    7.5000   37.5000  -30.000010338.4404   12.1922
   -7.5000   45.0000  -30.0000 9918.1885   12.1612
    0.0000   45.0000  -30.000010290.1699   12.1649
    7.5000   45.0000  -30.0000 9720.4961   12.1724
   -7.5000  -45.0000  -22.5000 9573.6426   12.7501
    0.0000  -45.0000  -22.5000 9972.3760   12.7484
    7.5000  -45.0000  -22.5000 9446.6406   12.7464
   -7.5000  -37.5000  -22.500010146.8984   12.5225
    0.0000  -37.5000  -22.500010574.7676   12.5228
    7.5000  -37.5000  -22.5000 9969.4453   12.5171
   -7.5000  -30.0000  -22.500011079.3867   12.3442
    0.0000  -30.0000  -22.500011522.0557   12.3472
    7.5000  -30.0000  -22.500010833.6064   12.3398
   -7.5000  -22.5000  -22.500011938.5381   12.2644
    0.0000  -22.5000  -22.500012405.9414   12.2664
    7.5000  -22.5000  -22.500011648.6055   12.2584
   -7.5000  -15.0000  -22.500012771.1084   12.2408
    0.0000  -15.0000  -22.500013258.7383   12.2391
    7.5000  -15.0000  -22.500012452.5322   12.2322
   -7.5000   -7.5000  -22.500013523.8994   12.2203
    0.0000   -7.5000  -22.500014014.9023   12.2170
    7.5000   -7.5000  -22.500013150.0820   12.2128
   -7.5000    0.0000  -22.500014079.5107   12.2090
    0.0000    0.0000  -22.500014616.2686   12.2068
    7.5000    0.0000  -22.500013707.8145   12.2034
   -7.5000    7.5000  -22.500013545.5107   12.2179
    0.0000    7.5000  -22.500014058.9561   12.2188
    7.5000    7.5000  -22.500013203.4873   12.2139
   -7.5000   15.0000  -22.500012904.6191   12.2620
    0.0000   15.0000  -22.500013386.4775   12.2653
    7.5000   15.0000  -22.500012591.1641   12.2591
   -7.5000   22.5000  -22.500012200.3789   12.3828
    0.0000   22.5000  -22.500012655.2764   12.3838
    7.5000   22.5000  -22.500011939.7129   12.3776
   -7.5000   30.0000  -22.500011544.5234   12.4289
    0.0000   30.0000  -22.500011980.9004   12.4265
    7.5000   30.0000  -22.500011306.3223   12.4223
   -7.5000   37.5000  -22.500011343.6611   12.6246
    0.0000   37.5000  -22.500011769.5088   12.6207
    7.5000   37.5000  -22.500011110.0527   12.6195
   -7.5000   45.0000  -22.500010696.5469   12.5963
    0.0000   45.0000  -22.500011098.5332   12.5966
    7.5000   45.0000  -22.500010467.9531   12.5972
   -7.5000  -45.0000  -15.000010187.4844   13.0390
    0.0000  -45.0000  -15.000010616.0576   13.0329
    7.5000  -45.0000  -15.000010024.7559   13.0281
   -7.5000  -37.5000  -15.000010833.7305   12.7968
    0.0000  -37.5000  -15.000011270.6670   12.7938
    7.5000  -37.5000  -15.000010594.8242   12.7871
   -7.5000  -30.0000  -15.000011864.3965   12.6152
    0.0000  -30.0000  -15.000012314.1270   12.6173
    7.5000  -30.0000  -15.000011551.3887   12.6094
   -7.5000  -22.5000  -15.000012810.1650   12.5448
    0.0000  -22.5000  -15.000013284.6309   12.5463
    7.5000  -22.5000  -15.000012449.6289   12.5371
   -7.5000  -15.0000  -15.000013706.9150   12.5291
    0.0000  -15.0000  -15.000014220.3467   12.5263
    7.5000  -15.0000  -15.000013311.6133   12.5171
   -7.5000   -7.5000  -15.000014519.2041   12.5060
    0.0000   -7.5000  -15.000015047.2168   12.4999
    7.5000   -7.5000  -15.000014077.3145   12.4927
   -7.5000    0.0000  -15.000015166.8955   12.4840
    0.0000    0.0000  -15.000015750.8730   12.4782
    7.5000    0.0000  -15.000014711.2979   12.4726
   -7.5000    7.5000  -15.000014591.4395   12.4845
    0.0000    7.5000  -15.000015166.6309   12.4828
    7.5000    7.5000  -15.000014171.2646   12.4773
   -7.5000   15.0000  -15.000013909.7871   12.5324
    0.0000   15.0000  -15.000014443.3936   12.5348
    7.5000   15.0000  -15.000013530.9082   12.5278
   -7.5000   22.5000  -15.000013140.6406   12.6669
    0.0000   22.5000  -15.000013634.4336   12.6673
    7.5000   22.5000  -15.000012824.6963   12.6594
   -7.5000   30.0000  -15.000012420.4551   12.7269
    0.0000   30.0000  -15.000012887.6865   12.7229
    7.5000   30.0000  -15.000012146.3057   12.7165
   -7.5000   37.5000  -15.000012191.6318   12.9257
    0.0000   37.5000  -15.000012647.2021   12.9196
    7.5000   37.5000  -15.000011919.7217   12.9164
   -7.5000   45.0000  -15.000011450.9160   12.8899
    0.0000   45.0000  -15.000011884.9990   12.8874
    7.5000   45.0000  -15.000011224.4385   12.8857
   -7.5000  -45.0000   -7.500010866.3271   13.1447
    0.0000  -45.0000   -7.500011322.2754   13.1385
    7.5000  -45.0000   -7.500010651.4248   13.1397
   -7.5000  -37.5000   -7.500011583.9082   12.9002
    0.0000  -37.5000   -7.500012034.5791   12.8968
    7.5000  -37.5000   -7.500011279.0869   12.8971
   -7.5000  -30.0000   -7.500012668.2646   12.7212
    0.0000  -30.0000   -7.500013152.2588   12.7230
    7.5000  -30.0000   -7.500012297.5420   12.7206
   -7.5000  -22.5000   -7.500013673.2949   12.6556
    0.0000  -22.5000   -7.500014194.2227   12.6573
    7.5000  -22.5000   -7.500013267.5088   12.6506
   -7.5000  -15.0000   -7.500014669.4912   12.6417
    0.0000  -15.0000   -7.500015220.5615   12.6396
    7.5000  -15.0000   -7.500014193.7803   12.6316
   -7.5000   -7.5000   -7.500015557.6641   12.6147
    0.0000   -7.5000   -7.500016120.3633   12.6095
    7.5000   -7.5000   -7.500015000.1699   12.6049
   -7.5000    0.0000   -7.500016282.7861   12.5870
    0.0000    0.0000   -7.500016920.7422   12.5814
    7.5000    0.0000   -7.500015750.8145   12.5815
   -7.5000    7.5000   -7.500015691.8887   12.5861
    0.0000    7.5000   -7.500016311.7949   12.5844
    7.5000    7.5000   -7.500015196.4238   12.5858
   -7.5000   15.0000   -7.500014949.5352   12.6371
    0.0000   15.0000   -7.500015530.4824   12.6390
    7.5000   15.0000   -7.500014511.3574   12.6371
   -7.5000   22.5000   -7.500014125.3066   12.7770
    0.0000   22.5000   -7.500014663.2949   12.7772
    7.5000   22.5000   -7.500013767.3779   12.7714
   -7.5000   30.0000   -7.500013339.5410   12.8388
    0.0000   30.0000   -7.500013854.4150   12.8348
    7.5000   30.0000   -7.500013018.6943   12.8286
   -7.5000   37.5000   -7.500013060.7520   13.0367
    0.0000   37.5000   -7.500013568.3105   13.0320
    7.5000   37.5000   -7.500012767.2275   13.0315
   -7.5000   45.0000   -7.500012246.1396   12.9954
    0.0000   45.0000   -7.500012716.7783   12.9938
    7.5000   45.0000   -7.500012005.3965   12.9983
   -7.5000  -45.0000    0.000011478.5791   13.1343
    0.0000  -45.0000    0.000011939.2324   13.1321
    7.5000  -45.0000    0.000011267.8672   13.1405
   -7.5000  -37.5000    0.000012260.4023   12.8972
    0.0000  -37.5000    0.000012716.9268   12.8964
    7.5000  -37.5000    0.000011928.5098   12.9036
   -7.5000  -30.0000    0.000013404.5605   12.7209
    0.0000  -30.0000    0.000013879.5469   12.7238
    7.5000  -30.0000    0.000012981.8896   12.7261
   -7.5000  -22.5000    0.000014469.8604   12.6510
    0.0000  -22.5000    0.000014968.3857   12.6534
    7.5000  -22.5000    0.000013982.3213   12.6496
   -7.5000  -15.0000    0.000015536.4775   12.6318
    0.0000  -15.0000    0.000016072.4473   12.6313
    7.5000  -15.0000    0.000014963.1924   12.6257
   -7.5000   -7.5000    0.000016513.4336   12.6034
    0.0000   -7.5000    0.000017047.6152   12.6013
    7.5000   -7.5000    0.000015829.6494   12.6010
   -7.5000    0.0000    0.000017296.3164   12.5796
    0.0000    0.0000    0.000017931.6348   12.5777
    7.5000    0.0000    0.000016668.9688   12.5841
   -7.5000    7.5000    0.000016688.8828   12.5847
    0.0000    7.5000    0.000017326.7910   12.5855
    7.5000    7.5000    0.000016145.2100   12.5932
   -7.5000   15.0000    0.000015899.4414   12.6356
    0.0000   15.0000    0.000016475.7539   12.6383
    7.5000   15.0000    0.000015408.6953   12.6410
   -7.5000   22.5000    0.000015012.1846   12.7708
    0.0000   22.5000    0.000015541.2178   12.7714
    7.5000   22.5000    0.000014588.8271   12.7684
   -7.5000   30.0000    0.000014157.8398   12.8242
    0.0000   30.0000    0.000014676.5371   12.8213
    7.5000   30.0000    0.000013786.7178   12.8165
   -7.5000   37.5000    0.000013844.1523   13.0210
    0.0000   37.5000    0.000014349.4014   13.0194
    7.5000   37.5000    0.000013500.1680   13.0224
   -7.5000   45.0000    0.000012986.1807   12.9839
    0.0000   45.0000    0.000013470.9385   12.9859
    7.5000   45.0000    0.000012690.0732   12.9975
   -7.5000  -45.0000    7.500011215.1963   13.1541
    0.0000  -45.0000    7.500011647.9639   13.1565
    7.5000  -45.0000    7.500011051.9111   13.1668
   -7.5000  -37.5000    7.500011993.3281   12.9261
    0.0000  -37.5000    7.500012413.2988   12.9288
    7.5000  -37.5000    7.500011703.6064   12.9361
   -7.5000  -30.0000    7.500013133.5322   12.7479
    0.0000  -30.0000    7.500013554.3760   12.7524
    7.5000  -30.0000    7.500012725.3291   12.7542
   -7.5000  -22.5000    7.500014178.4785   12.6662
    0.0000  -22.5000    7.500014629.1250   12.6694
    7.5000  -22.5000    7.500013692.2666   12.6660
   -7.5000  -15.0000    7.500015218.3203   12.6377
    0.0000  -15.0000    7.500015703.5723   12.6385
    7.5000  -15.0000    7.500014640.2500   12.6345
   -7.5000   -7.5000    7.500016116.5928   12.6116
    0.0000   -7.5000    7.500016614.7656   12.6121
    7.5000   -7.5000    7.500015461.4551   12.6143
   -7.5000    0.0000    7.500016943.2832   12.5991
    0.0000    0.0000    7.500017524.3867   12.6009
    7.5000    0.0000    7.500016293.2354   12.6087
   -7.5000    7.5000    7.500016535.1719   12.6134
    0.0000    7.5000    7.500017136.1895   12.6171
    7.5000    7.5000    7.500015859.4023   12.6245
   -7.5000   15.0000    7.500015792.2871   12.6614
    0.0000   15.0000    7.500016323.1377   12.6658
    7.5000   15.0000    7.500015162.6641   12.6684
   -7.5000   22.5000    7.500014870.0244   12.7849
    0.0000   22.5000    7.500015330.9385   12.7864
    7.5000   22.5000    7.500014340.0410   12.7843
   -7.5000   30.0000    7.500013959.7070   12.8275
    0.0000   30.0000    7.500014430.3369   12.8264
    7.5000   30.0000    7.500013512.9131   12.8230
   -7.5000   37.5000    7.500013632.7041   13.0260
    0.0000   37.5000    7.500014108.2031   13.0263
    7.5000   37.5000    7.500013211.6680   13.0307
   -7.5000   45.0000    7.500012827.9268   13.0016
    0.0000   45.0000    7.500013280.4961   13.0067
    7.5000   45.0000    7.500012413.6953   13.0197
   -7.5000  -45.0000   15.000010880.4336   13.1981
    0.0000  -45.0000   15.000011278.0498   13.2011
    7.5000  -45.0000   15.000010716.7002   13.2072
   -7.5000  -37.5000   15.000011608.1260   12.9705
    0.0000  -37.5000   15.000011997.4619   12.9739
    7.5000  -37.5000   15.000011337.7246   12.9757
   -7.5000  -30.0000   15.000012666.3975   12.7880
    0.0000  -30.0000   15.000013073.3027   12.7926
    7.5000  -30.0000   15.000012318.5039   12.7903
   -7.5000  -22.5000   15.000013706.7812   12.6994
    0.0000  -22.5000   15.000014135.8428   12.7024
    7.5000  -22.5000   15.000013277.6787   12.6975
   -7.5000  -15.0000   15.000014695.6250   12.6677
    0.0000  -15.0000   15.000015174.6357   12.6681
    7.5000  -15.0000   15.000014218.1855   12.6640
   -7.5000   -7.5000   15.000015509.9043   12.6451
    0.0000   -7.5000   15.000015981.7686   12.6454
    7.5000   -7.5000   15.000015018.8037   12.6463
   -7.5000    0.0000   15.000016476.9648   12.6390
    0.0000    0.0000   15.000017024.9023   12.6409
    7.5000    0.0000   15.000015857.8486   12.6448
   -7.5000    7.5000   15.000016451.2832   12.6560
    0.0000    7.5000   15.000017028.6172   12.6599
    7.5000    7.5000   15.000015493.6211   12.6618
   -7.5000   15.0000   15.000015903.7432   12.7014
    0.0000   15.0000   15.000016388.7363   12.7061
    7.5000   15.0000   15.000014911.4814   12.7050
   -7.5000   22.5000   15.000014890.2178   12.8183
    0.0000   22.5000   15.000015282.4541   12.8200
    7.5000   22.5000   15.000014055.8389   12.8170
   -7.5000   30.0000   15.000013806.8184   12.8592
    0.0000   30.0000   15.000014203.7295   12.8585
    7.5000   30.0000   15.000013133.5371   12.8561
   -7.5000   37.5000   15.000013383.8828   13.0596
    0.0000   37.5000   15.000013812.1670   13.0591
    7.5000   37.5000   15.000012775.6260   13.0622
   -7.5000   45.0000   15.000012533.4160   13.0438
    0.0000   45.0000   15.000012940.2578   13.0481
    7.5000   45.0000   15.000011989.6455   13.0566
   -7.5000  -45.0000   22.500010467.2461   13.2452
    0.0000  -45.0000   22.500010862.2969   13.2435
    7.5000  -45.0000   22.500010336.1279   13.2418
   -7.5000  -37.5000   22.500011152.0645   13.0068
    0.0000  -37.5000   22.500011545.5166   13.0071
    7.5000  -37.5000   22.500010948.4629   13.0017
   -7.5000  -30.0000   22.500012161.0225   12.8207
    0.0000  -30.0000   22.500012578.7949   12.8240
    7.5000  -30.0000   22.500011900.2598   12.8167
   -7.5000  -22.5000   22.500013204.6719   12.7380
    0.0000  -22.5000   22.500013626.6865   12.7403
    7.5000  -22.5000   22.500012826.5186   12.7323
   -7.5000  -15.0000   22.500014189.5869   12.7137
    0.0000  -15.0000   22.500014631.7012   12.7120
    7.5000  -15.0000   22.500013704.4629   12.7052
   -7.5000   -7.5000   22.500015004.1279   12.6924
    0.0000   -7.5000   22.500015445.4707   12.6890
    7.5000   -7.5000   22.500014442.2715   12.6850
   -7.5000    0.0000   22.500015958.1602   12.6805
    0.0000    0.0000   22.500016485.7109   12.6782
    7.5000    0.0000   22.500015166.5459   12.6751
   -7.5000    7.5000   22.500015853.5166   12.6895
    0.0000    7.5000   22.500016410.4727   12.6906
    7.5000    7.5000   22.500014743.7402   12.6858
   -7.5000   15.0000   22.500015305.4219   12.7353
    0.0000   15.0000   22.500015827.0664   12.7389
    7.5000   15.0000   22.500014175.6807   12.7328
   -7.5000   22.5000   22.500014353.3994   12.8591
    0.0000   22.5000   22.500014775.9277   12.8603
    7.5000   22.5000   22.500013391.0967   12.8542
   -7.5000   30.0000   22.500013276.8145   12.9111
    0.0000   30.0000   22.500013672.6348   12.9087
    7.5000   30.0000   22.500012524.1016   12.9046
   -7.5000   37.5000   22.500012821.9824   13.1124
    0.0000   37.5000   22.500013214.8555   13.1084
    7.5000   37.5000   22.500012177.1045   13.1076
   -7.5000   45.0000   22.500011936.9316   13.0899
    0.0000   45.0000   22.500012314.3594   13.0902
    7.5000   45.0000   22.500011430.4453   13.0912
   -7.5000  -45.0000   30.0000 9902.4160   13.2726
    0.0000  -45.0000   30.000010293.5029   13.2662
    7.5000  -45.0000   30.0000 9803.1328   13.2620
   -7.5000  -37.5000   30.000010556.4053   13.0242
    0.0000  -37.5000   30.000010958.4824   13.0211
    7.5000  -37.5000   30.000010372.7842   13.0149
   -7.5000  -30.0000   30.000011545.7783   12.8383
    0.0000  -30.0000   30.000011968.6562   12.8404
    7.5000  -30.0000   30.000011256.4229   12.8330
   -7.5000  -22.5000   30.000012579.5225   12.7663
    0.0000  -22.5000   30.000013027.2676   12.7679
    7.5000  -22.5000   30.000012138.6826   12.7591
   -7.5000  -15.0000   30.000013546.3740   12.7505
    0.0000  -15.0000   30.000013992.0195   12.7476
    7.5000  -15.0000   30.000012965.2266   12.7387
   -7.5000   -7.5000   30.000014335.7881   12.7270
    0.0000   -7.5000   30.000014760.0059   12.7208
    7.5000   -7.5000   30.000013671.4033   12.7140
   -7.5000    0.0000   30.000015135.9121   12.7046
    0.0000    0.0000   30.000015611.0957   12.6986
    7.5000    0.0000   30.000014352.8359   12.6935
   -7.5000    7.5000   30.000014665.4551   12.7050
    0.0000    7.5000   30.000015177.1572   12.7032
    7.5000    7.5000   30.000013913.3916   12.6981
   -7.5000   15.0000   30.000013912.3447   12.7537
    0.0000   15.0000   30.000014413.3477   12.7562
    7.5000   15.0000   30.000013348.4121   12.7496
   -7.5000   22.5000   30.000013161.3066   12.8897
    0.0000   22.5000   30.000013606.6875   12.8902
    7.5000   22.5000   30.000012662.7148   12.8827
   -7.5000   30.0000   30.000012409.6816   12.9532
    0.0000   30.0000   30.000012818.8535   12.9491
    7.5000   30.0000   30.000011938.9912   12.9431
   -7.5000   37.5000   30.000012080.8877   13.1528
    0.0000   37.5000   30.000012465.6016   13.1466
    7.5000   37.5000   30.000011637.0820   13.1438
   -7.5000   45.0000   30.000011292.9805   13.1164
    0.0000   45.0000   30.000011643.2246   13.1138
    7.5000   45.0000   30.000010885.8779   13.1127
   -7.5000  -45.0000   37.5000 9637.0391   13.2672
    0.0000  -45.0000   37.500010040.4707   13.2606
    7.5000  -45.0000   37.5000 9476.6943   13.2627
   -7.5000  -37.5000   37.500010259.9951   13.0192
    0.0000  -37.5000   37.500010672.9150   13.0154
    7.5000  -37.5000   37.500010027.8037   13.0166
   -7.5000  -30.0000   37.500011210.5479   12.8385
    0.0000  -30.0000   37.500011633.2803   12.8400
    7.5000  -30.0000   37.500010897.5107   12.8383
   -7.5000  -22.5000   37.500012182.4580   12.7725
    0.0000  -22.5000   37.500012605.9062   12.7739
    7.5000  -22.5000   37.500011793.7725   12.7677
   -7.5000  -15.0000   37.500013074.6660   12.7582
    0.0000  -15.0000   37.500013496.2656   12.7558
    7.5000  -15.0000   37.500012621.0928   12.7483
   -7.5000   -7.5000   37.500013823.3721   12.7306
    0.0000   -7.5000   37.500014239.6377   12.7251
    7.5000   -7.5000   37.500013315.1602   12.7210
   -7.5000    0.0000   37.500014494.3809   12.7026
    0.0000    0.0000   37.500014972.3555   12.6966
    7.5000    0.0000   37.500013952.5508   12.6974
   -7.5000    7.5000   37.500013950.1748   12.7021
    0.0000    7.5000   37.500014418.7715   12.7001
    7.5000    7.5000   37.500013504.5869   12.7022
   -7.5000   15.0000   37.500013213.0654   12.7544
    0.0000   15.0000   37.500013675.1523   12.7560
    7.5000   15.0000   37.500012947.0820   12.7547
   -7.5000   22.5000   37.500012550.9541   12.8965
    0.0000   22.5000   37.500012970.2480   12.8964
    7.5000   22.5000   37.500012311.8398   12.8911
   -7.5000   30.0000   37.500011902.4512   12.9594
    0.0000   30.0000   37.500012295.3076   12.9550
    7.5000   30.0000   37.500011658.6562   12.9494
   -7.5000   37.5000   37.500011669.6611   13.1551
    0.0000   37.5000   37.500012053.7705   13.1501
    7.5000   37.5000   37.500011404.1211   13.1503
   -7.5000   45.0000   37.500010956.0742   13.1098
    0.0000   45.0000   37.500011309.2549   13.1079
    7.5000   45.0000   37.500010654.0625   13.1132
   -7.5000  -45.0000   45.0000 8807.5352   13.3206
    0.0000  -45.0000   45.0000 9170.6143   13.3177
    7.5000  -45.0000   45.0000 8680.0898   13.3273
   -7.5000  -37.5000   45.0000 9346.8682   13.0791
    0.0000  -37.5000   45.0000 9730.0723   13.0778
    7.5000  -37.5000   45.0000 9204.3125   13.0860
   -7.5000  -30.0000   45.000010193.3555   12.9017
    0.0000  -30.0000   45.000010611.1182   12.9042
    7.5000  -30.0000   45.000010031.6523   12.9072
   -7.5000  -22.5000   45.000011085.3750   12.8327
    0.0000  -22.5000   45.000011520.3105   12.8348
    7.5000  -22.5000   45.000010894.7998   12.8314
   -7.5000  -15.0000   45.000011957.9824   12.8123
    0.0000  -15.0000   45.000012384.0508   12.8114
    7.5000  -15.0000   45.000011691.8408   12.8062
   -7.5000   -7.5000   45.000012655.4199   12.7802
    0.0000   -7.5000   45.000013077.0635   12.7775
    7.5000   -7.5000   45.000012327.7529   12.7779
   -7.5000    0.0000   45.000013282.3027   12.7546
    0.0000    0.0000   45.000013716.6436   12.7520
    7.5000    0.0000   45.000012889.7178   12.7594
   -7.5000    7.5000   45.000012778.7539   12.7616
    0.0000    7.5000   45.000013188.7617   12.7619
    7.5000    7.5000   45.000012460.2754   12.7705
   -7.5000   15.0000   45.000012146.5801   12.8173
    0.0000   15.0000   45.000012539.3848   12.8195
    7.5000   15.0000   45.000011930.0908   12.8229
   -7.5000   22.5000   45.000011577.6387   12.9592
    0.0000   22.5000   45.000011941.6963   12.9593
    7.5000   22.5000   45.000011363.4893   12.9568
   -7.5000   30.0000   45.000010986.6221   13.0021
    0.0000   30.0000   45.000011323.5469   12.9987
    7.5000   30.0000   45.000010775.1025   12.9943
   -7.5000   37.5000   45.000010766.5400   13.1971
    0.0000   37.5000   45.000011110.6436   13.1949
    7.5000   37.5000   45.000010559.9385   13.1988
   -7.5000   45.0000   45.000010122.9297   13.1637
    0.0000   45.0000   45.000010454.4219   13.1652
    7.5000   45.0000   45.0000 9889.6514   13.1778

---------------------------------------------------------------------
imgreg_4dfp /home/aracena/freesurfer/average/711-2C_as_mni_average_305 /home/aracena/freesurfer/average/711-2B_as_mni_average_305_mask talsrcimg_g11 none talsrcimg_to_711-2C_as_mni_average_305_t4 4355
---------------------------------------------------------------------

freesurfer imgreg_4dfp.c
/home/aracena/freesurfer/average/711-2C_as_mni_average_305.4dfp.img
       256       256       256         1
  1.000000  1.000000  1.000000
orientation T byte_order littleendian
Reading image: /home/aracena/freesurfer/average/711-2C_as_mni_average_305.4dfp.img
dimensions:      256       256       256
mmppix:       1.0000   -1.0000   -1.0000
center:     128.0000 -129.0000 -129.0000
/home/aracena/freesurfer/average/711-2B_as_mni_average_305_mask.4dfp.img
       256       256       256         1
  1.000000  1.000000  1.000000
orientation T byte_order littleendian
Reading mask: /home/aracena/freesurfer/average/711-2B_as_mni_average_305_mask.4dfp.img (2306576 pixels)
talsrcimg_g11.4dfp.img
       256       256       256         1
  1.000000  1.000000  1.000000
orientation T byte_order littleendian
Reading image: talsrcimg_g11.4dfp.img
dimensions:      256       256       256
mmppix:       1.0000   -1.0000   -1.0000
center:     128.0000 -129.0000 -129.0000
rotation matrix determinant  1.000000
image alignment mode   4355 decimal     1103 hex
   -7.5000  -45.0000  -45.0000 2171.0696   17.0189
    0.0000  -45.0000  -45.0000 2171.8130   16.9269
    7.5000  -45.0000  -45.0000 2151.3672   17.1591
   -7.5000  -37.5000  -45.0000 2187.3269   16.4790
    0.0000  -37.5000  -45.0000 2185.8604   16.4046
    7.5000  -37.5000  -45.0000 2163.3562   16.6654
   -7.5000  -30.0000  -45.0000 2202.9263   16.0101
    0.0000  -30.0000  -45.0000 2201.2207   15.9711
    7.5000  -30.0000  -45.0000 2182.2939   16.2697
   -7.5000  -22.5000  -45.0000 2223.8696   15.7295
    0.0000  -22.5000  -45.0000 2222.8906   15.7280
    7.5000  -22.5000  -45.0000 2199.7964   16.0174
   -7.5000  -15.0000  -45.0000 2238.1414   15.5880
    0.0000  -15.0000  -45.0000 2236.5322   15.5874
    7.5000  -15.0000  -45.0000 2215.1252   15.8526
   -7.5000   -7.5000  -45.0000 2246.0132   15.4583
    0.0000   -7.5000  -45.0000 2248.4319   15.4738
    7.5000   -7.5000  -45.0000 2228.1980   15.7315
   -7.5000    0.0000  -45.0000 2243.2375   15.3814
    0.0000    0.0000  -45.0000 2246.0103   15.3759
    7.5000    0.0000  -45.0000 2229.5437   15.6407
   -7.5000    7.5000  -45.0000 2235.9294   15.3341
    0.0000    7.5000  -45.0000 2240.1575   15.3441
    7.5000    7.5000  -45.0000 2225.0603   15.5892
   -7.5000   15.0000  -45.0000 2224.3516   15.3866
    0.0000   15.0000  -45.0000 2230.7200   15.3781
    7.5000   15.0000  -45.0000 2211.7327   15.6117
   -7.5000   22.5000  -45.0000 2214.1387   15.6180
    0.0000   22.5000  -45.0000 2216.7805   15.6111
    7.5000   22.5000  -45.0000 2194.7986   15.8520
   -7.5000   30.0000  -45.0000 2188.6245   16.1162
    0.0000   30.0000  -45.0000 2190.4812   16.1143
    7.5000   30.0000  -45.0000 2171.2009   16.4067
   -7.5000   37.5000  -45.0000 2150.9109   16.8744
    0.0000   37.5000  -45.0000 2155.5938   16.8586
    7.5000   37.5000  -45.0000 2138.2837   17.2149
   -7.5000   45.0000  -45.0000 2104.2776   17.8505
    0.0000   45.0000  -45.0000 2108.4385   17.8481
    7.5000   45.0000  -45.0000 2083.8318   18.2407
   -7.5000  -45.0000  -37.5000 2241.0596   15.8905
    0.0000  -45.0000  -37.5000 2249.8828   15.8253
    7.5000  -45.0000  -37.5000 2228.6489   15.9551
   -7.5000  -37.5000  -37.5000 2266.9363   15.2785
    0.0000  -37.5000  -37.5000 2270.1760   15.2467
    7.5000  -37.5000  -37.5000 2251.1531   15.3770
   -7.5000  -30.0000  -37.5000 2296.9529   14.7837
    0.0000  -30.0000  -37.5000 2296.5491   14.8059
    7.5000  -30.0000  -37.5000 2275.5281   14.9341
   -7.5000  -22.5000  -37.5000 2327.9539   14.4523
    0.0000  -22.5000  -37.5000 2329.4634   14.4781
    7.5000  -22.5000  -37.5000 2303.8286   14.6326
   -7.5000  -15.0000  -37.5000 2340.7444   14.2743
    0.0000  -15.0000  -37.5000 2341.6377   14.2997
    7.5000  -15.0000  -37.5000 2321.3777   14.4527
   -7.5000   -7.5000  -37.5000 2350.9272   14.1506
    0.0000   -7.5000  -37.5000 2351.0771   14.1676
    7.5000   -7.5000  -37.5000 2330.8486   14.3322
   -7.5000    0.0000  -37.5000 2353.7712   14.0660
    0.0000    0.0000  -37.5000 2354.9556   14.0700
    7.5000    0.0000  -37.5000 2329.8079   14.2658
   -7.5000    7.5000  -37.5000 2342.8953   14.0398
    0.0000    7.5000  -37.5000 2348.3970   14.0380
    7.5000    7.5000  -37.5000 2323.2480   14.2472
   -7.5000   15.0000  -37.5000 2330.1260   14.0706
    0.0000   15.0000  -37.5000 2338.4326   14.0549
    7.5000   15.0000  -37.5000 2312.1033   14.2743
   -7.5000   22.5000  -37.5000 2321.1882   14.2644
    0.0000   22.5000  -37.5000 2326.7112   14.2736
    7.5000   22.5000  -37.5000 2301.8232   14.4833
   -7.5000   30.0000  -37.5000 2297.1038   14.6796
    0.0000   30.0000  -37.5000 2302.2046   14.7061
    7.5000   30.0000  -37.5000 2279.5820   14.9544
   -7.5000   37.5000  -37.5000 2265.0500   15.3567
    0.0000   37.5000  -37.5000 2270.8323   15.3843
    7.5000   37.5000  -37.5000 2245.2583   15.6753
   -7.5000   45.0000  -37.5000 2210.5544   16.3231
    0.0000   45.0000  -37.5000 2215.4236   16.3359
    7.5000   45.0000  -37.5000 2190.9373   16.6611
   -7.5000  -45.0000  -30.0000 2349.2393   15.4112
    0.0000  -45.0000  -30.0000 2360.8730   15.3235
    7.5000  -45.0000  -30.0000 2343.5786   15.3576
   -7.5000  -37.5000  -30.0000 2386.0991   14.7355
    0.0000  -37.5000  -30.0000 2396.3765   14.7086
    7.5000  -37.5000  -30.0000 2370.8782   14.7592
   -7.5000  -30.0000  -30.0000 2429.3235   14.2278
    0.0000  -30.0000  -30.0000 2434.2380   14.2328
    7.5000  -30.0000  -30.0000 2405.4207   14.3232
   -7.5000  -22.5000  -30.0000 2470.9849   13.8254
    0.0000  -22.5000  -30.0000 2472.4497   13.8501
    7.5000  -22.5000  -30.0000 2441.3027   13.9644
   -7.5000  -15.0000  -30.0000 2492.5872   13.5593
    0.0000  -15.0000  -30.0000 2493.0559   13.5781
    7.5000  -15.0000  -30.0000 2465.0493   13.7158
   -7.5000   -7.5000  -30.0000 2506.0144   13.3989
    0.0000   -7.5000  -30.0000 2504.8650   13.4136
    7.5000   -7.5000  -30.0000 2478.4038   13.5702
   -7.5000    0.0000  -30.0000 2507.0623   13.3411
    0.0000    0.0000  -30.0000 2508.2043   13.3252
    7.5000    0.0000  -30.0000 2475.2979   13.5080
   -7.5000    7.5000  -30.0000 2501.8608   13.3000
    0.0000    7.5000  -30.0000 2505.0315   13.2994
    7.5000    7.5000  -30.0000 2470.9043   13.5121
   -7.5000   15.0000  -30.0000 2488.6230   13.3557
    0.0000   15.0000  -30.0000 2492.4978   13.3339
    7.5000   15.0000  -30.0000 2465.1294   13.5730
   -7.5000   22.5000  -30.0000 2475.9150   13.5693
    0.0000   22.5000  -30.0000 2480.2351   13.5675
    7.5000   22.5000  -30.0000 2452.2312   13.8023
   -7.5000   30.0000  -30.0000 2449.4033   13.9436
    0.0000   30.0000  -30.0000 2453.5337   13.9656
    7.5000   30.0000  -30.0000 2424.9492   14.2257
   -7.5000   37.5000  -30.0000 2414.3777   14.5613
    0.0000   37.5000  -30.0000 2420.1250   14.5858
    7.5000   37.5000  -30.0000 2389.6975   14.8807
   -7.5000   45.0000  -30.0000 2357.1577   15.4750
    0.0000   45.0000  -30.0000 2362.8083   15.4911
    7.5000   45.0000  -30.0000 2333.5266   15.8007
   -7.5000  -45.0000  -22.5000 2429.1958   14.7975
    0.0000  -45.0000  -22.5000 2439.9780   14.7076
    7.5000  -45.0000  -22.5000 2427.1826   14.7438
   -7.5000  -37.5000  -22.5000 2481.7981   14.0708
    0.0000  -37.5000  -22.5000 2491.2937   14.0217
    7.5000  -37.5000  -22.5000 2463.9265   14.0822
   -7.5000  -30.0000  -22.5000 2537.0237   13.5485
    0.0000  -30.0000  -22.5000 2539.3191   13.5342
    7.5000  -30.0000  -22.5000 2505.4617   13.6101
   -7.5000  -22.5000  -22.5000 2580.7205   13.1301
    0.0000  -22.5000  -22.5000 2585.8123   13.1197
    7.5000  -22.5000  -22.5000 2550.4258   13.2471
   -7.5000  -15.0000  -22.5000 2607.6792   12.8053
    0.0000  -15.0000  -22.5000 2612.6499   12.8047
    7.5000  -15.0000  -22.5000 2580.2124   12.9600
   -7.5000   -7.5000  -22.5000 2626.3218   12.6011
    0.0000   -7.5000  -22.5000 2629.3279   12.5857
    7.5000   -7.5000  -22.5000 2598.0210   12.7781
   -7.5000    0.0000  -22.5000 2629.5955   12.4947
    0.0000    0.0000  -22.5000 2630.4331   12.4816
    7.5000    0.0000  -22.5000 2602.6787   12.6898
   -7.5000    7.5000  -22.5000 2630.9412   12.4889
    0.0000    7.5000  -22.5000 2628.9485   12.4765
    7.5000    7.5000  -22.5000 2603.3953   12.6611
   -7.5000   15.0000  -22.5000 2621.5789   12.5327
    0.0000   15.0000  -22.5000 2621.0183   12.5419
    7.5000   15.0000  -22.5000 2598.2327   12.7487
   -7.5000   22.5000  -22.5000 2610.7156   12.7345
    0.0000   22.5000  -22.5000 2613.1133   12.7306
    7.5000   22.5000  -22.5000 2585.9497   12.9784
   -7.5000   30.0000  -22.5000 2583.1531   13.1141
    0.0000   30.0000  -22.5000 2587.5447   13.1129
    7.5000   30.0000  -22.5000 2554.2356   13.3567
   -7.5000   37.5000  -22.5000 2542.1565   13.6954
    0.0000   37.5000  -22.5000 2548.0503   13.7004
    7.5000   37.5000  -22.5000 2514.4370   13.9629
   -7.5000   45.0000  -22.5000 2483.8762   14.5354
    0.0000   45.0000  -22.5000 2491.7573   14.5466
    7.5000   45.0000  -22.5000 2456.2854   14.8396
   -7.5000  -45.0000  -15.0000 2481.3843   14.2085
    0.0000  -45.0000  -15.0000 2489.5938   14.1101
    7.5000  -45.0000  -15.0000 2475.2053   14.1984
   -7.5000  -37.5000  -15.0000 2539.4990   13.4793
    0.0000  -37.5000  -15.0000 2549.9294   13.4202
    7.5000  -37.5000  -15.0000 2525.6602   13.5080
   -7.5000  -30.0000  -15.0000 2600.5149   12.9521
    0.0000  -30.0000  -15.0000 2604.1882   12.8923
    7.5000  -30.0000  -15.0000 2575.9373   12.9930
   -7.5000  -22.5000  -15.0000 2651.1895   12.4805
    0.0000  -22.5000  -15.0000 2656.2844   12.4196
    7.5000  -22.5000  -15.0000 2625.3745   12.5503
   -7.5000  -15.0000  -15.0000 2686.6416   12.1196
    0.0000  -15.0000  -15.0000 2689.5813   12.0733
    7.5000  -15.0000  -15.0000 2659.8816   12.2179
   -7.5000   -7.5000  -15.0000 2706.5061   11.8734
    0.0000   -7.5000  -15.0000 2710.0178   11.8347
    7.5000   -7.5000  -15.0000 2684.1675   12.0061
   -7.5000    0.0000  -15.0000 2715.2605   11.6665
    0.0000    0.0000  -15.0000 2719.1636   11.6553
    7.5000    0.0000  -15.0000 2691.3108   11.8451
   -7.5000    7.5000  -15.0000 2721.8816   11.6385
    0.0000    7.5000  -15.0000 2726.2524   11.6306
    7.5000    7.5000  -15.0000 2694.6357   11.8094
   -7.5000   15.0000  -15.0000 2721.0154   11.6941
    0.0000   15.0000  -15.0000 2722.0264   11.7063
    7.5000   15.0000  -15.0000 2696.3159   11.8809
   -7.5000   22.5000  -15.0000 2716.6316   11.8940
    0.0000   22.5000  -15.0000 2719.8835   11.8963
    7.5000   22.5000  -15.0000 2689.9360   12.1061
   -7.5000   30.0000  -15.0000 2693.3169   12.2778
    0.0000   30.0000  -15.0000 2700.4202   12.2740
    7.5000   30.0000  -15.0000 2665.3550   12.5107
   -7.5000   37.5000  -15.0000 2648.0647   12.8476
    0.0000   37.5000  -15.0000 2657.4949   12.8177
    7.5000   37.5000  -15.0000 2623.2805   13.0915
   -7.5000   45.0000  -15.0000 2579.1021   13.6255
    0.0000   45.0000  -15.0000 2585.6155   13.6059
    7.5000   45.0000  -15.0000 2556.4019   13.9028
   -7.5000  -45.0000   -7.5000 2521.1809   13.6601
    0.0000  -45.0000   -7.5000 2526.1406   13.5856
    7.5000  -45.0000   -7.5000 2506.1140   13.6604
   -7.5000  -37.5000   -7.5000 2580.2742   12.9830
    0.0000  -37.5000   -7.5000 2583.3306   12.9043
    7.5000  -37.5000   -7.5000 2562.5547   12.9902
   -7.5000  -30.0000   -7.5000 2638.8887   12.3845
    0.0000  -30.0000   -7.5000 2647.4028   12.3265
    7.5000  -30.0000   -7.5000 2620.6006   12.4217
   -7.5000  -22.5000   -7.5000 2688.6348   11.8718
    0.0000  -22.5000   -7.5000 2701.4158   11.8216
    7.5000  -22.5000   -7.5000 2674.8552   11.9642
   -7.5000  -15.0000   -7.5000 2732.4250   11.4550
    0.0000  -15.0000   -7.5000 2742.6650   11.4195
    7.5000  -15.0000   -7.5000 2716.7146   11.5906
   -7.5000   -7.5000   -7.5000 2764.5608   11.1479
    0.0000   -7.5000   -7.5000 2775.1499   11.1347
    7.5000   -7.5000   -7.5000 2746.9648   11.2971
   -7.5000    0.0000   -7.5000 2785.0144   10.9418
    0.0000    0.0000   -7.5000 2793.3411   10.9393
    7.5000    0.0000   -7.5000 2768.0833   11.1098
   -7.5000    7.5000   -7.5000 2800.6199   10.8680
    0.0000    7.5000   -7.5000 2806.6394   10.8594
    7.5000    7.5000   -7.5000 2772.7412   11.0593
   -7.5000   15.0000   -7.5000 2813.3394   10.8989
    0.0000   15.0000   -7.5000 2815.8916   10.9052
    7.5000   15.0000   -7.5000 2780.6558   11.1297
   -7.5000   22.5000   -7.5000 2811.3044   11.0998
    0.0000   22.5000   -7.5000 2815.3948   11.0992
    7.5000   22.5000   -7.5000 2782.5510   11.3231
   -7.5000   30.0000   -7.5000 2789.8186   11.4783
    0.0000   30.0000   -7.5000 2798.6777   11.4560
    7.5000   30.0000   -7.5000 2764.3352   11.7031
   -7.5000   37.5000   -7.5000 2740.8579   12.0378
    0.0000   37.5000   -7.5000 2747.6680   12.0130
    7.5000   37.5000   -7.5000 2714.8767   12.2714
   -7.5000   45.0000   -7.5000 2664.2563   12.8198
    0.0000   45.0000   -7.5000 2667.8215   12.7904
    7.5000   45.0000   -7.5000 2641.1096   13.0714
   -7.5000  -45.0000    0.0000 2539.6350   13.3159
    0.0000  -45.0000    0.0000 2542.7971   13.2173
    7.5000  -45.0000    0.0000 2524.8804   13.3634
   -7.5000  -37.5000    0.0000 2599.1423   12.6507
    0.0000  -37.5000    0.0000 2601.6487   12.5646
    7.5000  -37.5000    0.0000 2579.7026   12.6725
   -7.5000  -30.0000    0.0000 2658.0742   12.0080
    0.0000  -30.0000    0.0000 2663.9993   11.9376
    7.5000  -30.0000    0.0000 2639.2229   12.0561
   -7.5000  -22.5000    0.0000 2709.6902   11.4386
    0.0000  -22.5000    0.0000 2714.0999   11.3943
    7.5000  -22.5000    0.0000 2693.8604   11.5419
   -7.5000  -15.0000    0.0000 2757.3284   10.9791
    0.0000  -15.0000    0.0000 2765.9282   10.9327
    7.5000  -15.0000    0.0000 2741.8582   11.1091
   -7.5000   -7.5000    0.0000 2809.5723   10.6266
    0.0000   -7.5000    0.0000 2817.2820   10.5963
    7.5000   -7.5000    0.0000 2788.3157   10.7918
   -7.5000    0.0000    0.0000 2843.6570   10.4004
    0.0000    0.0000    0.0000 2853.8816   10.3739
    7.5000    0.0000    0.0000 2827.6504   10.5731
   -7.5000    7.5000    0.0000 2872.2766   10.3274
    0.0000    7.5000    0.0000 2879.4207   10.2927
    7.5000    7.5000    0.0000 2850.4617   10.5084
   -7.5000   15.0000    0.0000 2893.2563   10.3306
    0.0000   15.0000    0.0000 2896.1348   10.3374
    7.5000   15.0000    0.0000 2855.5984   10.5749
   -7.5000   22.5000    0.0000 2894.4604   10.5036
    0.0000   22.5000    0.0000 2895.2688   10.4818
    7.5000   22.5000    0.0000 2854.9226   10.7504
   -7.5000   30.0000    0.0000 2865.4241   10.8722
    0.0000   30.0000    0.0000 2871.6729   10.8343
    7.5000   30.0000    0.0000 2834.8083   11.0916
   -7.5000   37.5000    0.0000 2808.8347   11.4119
    0.0000   37.5000    0.0000 2814.4248   11.3775
    7.5000   37.5000    0.0000 2782.2051   11.6676
   -7.5000   45.0000    0.0000 2724.4839   12.2147
    0.0000   45.0000    0.0000 2730.7495   12.1794
    7.5000   45.0000    0.0000 2701.2139   12.4868
   -7.5000  -45.0000    7.5000 2540.1855   13.2062
    0.0000  -45.0000    7.5000 2545.0637   13.1062
    7.5000  -45.0000    7.5000 2529.1162   13.3159
   -7.5000  -37.5000    7.5000 2599.7085   12.5079
    0.0000  -37.5000    7.5000 2602.9553   12.3909
    7.5000  -37.5000    7.5000 2583.6160   12.5739
   -7.5000  -30.0000    7.5000 2661.1428   11.8405
    0.0000  -30.0000    7.5000 2664.3022   11.7304
    7.5000  -30.0000    7.5000 2642.8909   11.9080
   -7.5000  -22.5000    7.5000 2716.7634   11.2415
    0.0000  -22.5000    7.5000 2722.6907   11.1523
    7.5000  -22.5000    7.5000 2699.9399   11.3389
   -7.5000  -15.0000    7.5000 2772.7961   10.7299
    0.0000  -15.0000    7.5000 2780.6833   10.6622
    7.5000  -15.0000    7.5000 2756.4617   10.8777
   -7.5000   -7.5000    7.5000 2829.9382   10.3472
    0.0000   -7.5000    7.5000 2840.7329   10.2839
    7.5000   -7.5000    7.5000 2807.6416   10.5084
   -7.5000    0.0000    7.5000 2880.3792   10.1173
    0.0000    0.0000    7.5000 2892.3809   10.0674
    7.5000    0.0000    7.5000 2861.5881   10.2725
   -7.5000    7.5000    7.5000 2934.4231   10.0456
    0.0000    7.5000    7.5000 2944.9963    9.9901
    7.5000    7.5000    7.5000 2904.7292   10.1839
   -7.5000   15.0000    7.5000 2966.8254   10.0505
    0.0000   15.0000    7.5000 2974.7966   10.0090
    7.5000   15.0000    7.5000 2921.7292   10.2756
   -7.5000   22.5000    7.5000 2961.4429   10.1571
    0.0000   22.5000    7.5000 2963.9302   10.1262
    7.5000   22.5000    7.5000 2915.7837   10.4273
   -7.5000   30.0000    7.5000 2920.0837   10.4873
    0.0000   30.0000    7.5000 2930.8428   10.4381
    7.5000   30.0000    7.5000 2885.1799   10.7326
   -7.5000   37.5000    7.5000 2863.1345   11.0118
    0.0000   37.5000    7.5000 2873.5784   10.9679
    7.5000   37.5000    7.5000 2832.4092   11.2708
   -7.5000   45.0000    7.5000 2779.1152   11.8284
    0.0000   45.0000    7.5000 2785.7651   11.7958
    7.5000   45.0000    7.5000 2747.2646   12.0998
   -7.5000  -45.0000   15.0000 2528.3088   13.2537
    0.0000  -45.0000   15.0000 2528.3574   13.1080
    7.5000  -45.0000   15.0000 2507.6067   13.4211
   -7.5000  -37.5000   15.0000 2590.2783   12.4866
    0.0000  -37.5000   15.0000 2587.8215   12.3552
    7.5000  -37.5000   15.0000 2567.6052   12.6007
   -7.5000  -30.0000   15.0000 2646.1382   11.7809
    0.0000  -30.0000   15.0000 2645.7798   11.6816
    7.5000  -30.0000   15.0000 2630.0679   11.9020
   -7.5000  -22.5000   15.0000 2705.9570   11.1719
    0.0000  -22.5000   15.0000 2704.8787   11.0794
    7.5000  -22.5000   15.0000 2691.7522   11.2960
   -7.5000  -15.0000   15.0000 2764.3516   10.6553
    0.0000  -15.0000   15.0000 2772.0120   10.5852
    7.5000  -15.0000   15.0000 2753.3733   10.8155
   -7.5000   -7.5000   15.0000 2826.1973   10.2534
    0.0000   -7.5000   15.0000 2837.4382   10.1930
    7.5000   -7.5000   15.0000 2818.6628   10.4462
   -7.5000    0.0000   15.0000 2890.3921   10.0290
    0.0000    0.0000   15.0000 2905.5415    9.9842
    7.5000    0.0000   15.0000 2885.6833   10.2287
   -7.5000    7.5000   15.0000 2965.5498   10.0811
    0.0000    7.5000   15.0000 2983.8542   10.0162
    7.5000    7.5000   15.0000 2941.2815   10.1354
   -7.5000   15.0000   15.0000 3028.7031   10.1622
    0.0000   15.0000   15.0000 3041.4729   10.1117
    7.5000   15.0000   15.0000 2968.1204   10.2001
   -7.5000   22.5000   15.0000 3017.4827   10.1500
    0.0000   22.5000   15.0000 3020.9141   10.1193
    7.5000   22.5000   15.0000 2956.0239   10.3221
   -7.5000   30.0000   15.0000 2956.9656   10.3389
    0.0000   30.0000   15.0000 2963.5205   10.2936
    7.5000   30.0000   15.0000 2914.7446   10.5401
   -7.5000   37.5000   15.0000 2887.4368   10.8384
    0.0000   37.5000   15.0000 2898.1057   10.7872
    7.5000   37.5000   15.0000 2854.6982   11.0427
   -7.5000   45.0000   15.0000 2799.3979   11.6468
    0.0000   45.0000   15.0000 2804.7659   11.6152
    7.5000   45.0000   15.0000 2765.7424   11.8499
   -7.5000  -45.0000   22.5000 2497.3145   13.5870
    0.0000  -45.0000   22.5000 2499.9148   13.4364
    7.5000  -45.0000   22.5000 2480.3311   13.8003
   -7.5000  -37.5000   22.5000 2565.0386   12.6853
    0.0000  -37.5000   22.5000 2563.6160   12.5812
    7.5000  -37.5000   22.5000 2546.3333   12.8721
   -7.5000  -30.0000   22.5000 2625.7336   11.9257
    0.0000  -30.0000   22.5000 2625.4375   11.8263
    7.5000  -30.0000   22.5000 2615.5632   12.1058
   -7.5000  -22.5000   22.5000 2690.2368   11.3048
    0.0000  -22.5000   22.5000 2687.4954   11.2144
    7.5000  -22.5000   22.5000 2684.1091   11.4838
   -7.5000  -15.0000   22.5000 2755.4578   10.8113
    0.0000  -15.0000   22.5000 2756.1143   10.7456
    7.5000  -15.0000   22.5000 2749.0476   10.9617
   -7.5000   -7.5000   22.5000 2825.2944   10.4195
    0.0000   -7.5000   22.5000 2830.2266   10.3797
    7.5000   -7.5000   22.5000 2814.2236   10.5691
   -7.5000    0.0000   22.5000 2899.1628   10.1837
    0.0000    0.0000   22.5000 2908.9675   10.1693
    7.5000    0.0000   22.5000 2880.8584   10.3264
   -7.5000    7.5000   22.5000 2974.4436   10.1750
    0.0000    7.5000   22.5000 2990.4084   10.1654
    7.5000    7.5000   22.5000 2940.4404   10.1799
   -7.5000   15.0000   22.5000 3036.5320   10.2168
    0.0000   15.0000   22.5000 3044.4143   10.2302
    7.5000   15.0000   22.5000 2967.5974   10.1932
   -7.5000   22.5000   22.5000 3025.4175   10.2366
    0.0000   22.5000   22.5000 3023.5405   10.2570
    7.5000   22.5000   22.5000 2955.5916   10.3452
   -7.5000   30.0000   22.5000 2958.1328   10.4036
    0.0000   30.0000   22.5000 2966.3137   10.3943
    7.5000   30.0000   22.5000 2913.6519   10.5950
   -7.5000   37.5000   22.5000 2889.7639   10.8566
    0.0000   37.5000   22.5000 2897.2058   10.8224
    7.5000   37.5000   22.5000 2853.7798   11.0560
   -7.5000   45.0000   22.5000 2790.8987   11.6299
    0.0000   45.0000   22.5000 2796.4307   11.5917
    7.5000   45.0000   22.5000 2765.9038   11.8176
   -7.5000  -45.0000   30.0000 2431.8335   14.1426
    0.0000  -45.0000   30.0000 2437.6934   14.0062
    7.5000  -45.0000   30.0000 2434.6184   14.3898
   -7.5000  -37.5000   30.0000 2514.6855   13.1852
    0.0000  -37.5000   30.0000 2518.0254   13.0675
    7.5000  -37.5000   30.0000 2512.9016   13.3815
   -7.5000  -30.0000   30.0000 2592.6155   12.4026
    0.0000  -30.0000   30.0000 2594.8193   12.3240
    7.5000  -30.0000   30.0000 2586.3901   12.5222
   -7.5000  -22.5000   30.0000 2671.6846   11.7663
    0.0000  -22.5000   30.0000 2670.4565   11.6991
    7.5000  -22.5000   30.0000 2656.9004   11.8390
   -7.5000  -15.0000   30.0000 2739.6558   11.2350
    0.0000  -15.0000   30.0000 2734.2617   11.1641
    7.5000  -15.0000   30.0000 2719.5498   11.3089
   -7.5000   -7.5000   30.0000 2810.8818   10.7908
    0.0000   -7.5000   30.0000 2805.3445   10.7502
    7.5000   -7.5000   30.0000 2784.2341   10.8984
   -7.5000    0.0000   30.0000 2883.3677   10.4824
    0.0000    0.0000   30.0000 2879.2666   10.4738
    7.5000    0.0000   30.0000 2853.0444   10.5886
   -7.5000    7.5000   30.0000 2948.4961   10.3272
    0.0000    7.5000   30.0000 2955.2810   10.3174
    7.5000    7.5000   30.0000 2914.9456   10.3961
   -7.5000   15.0000   30.0000 2987.6648   10.1926
    0.0000   15.0000   30.0000 2993.3823   10.2175
    7.5000   15.0000   30.0000 2943.1917   10.3843
   -7.5000   22.5000   30.0000 2982.7876   10.3355
    0.0000   22.5000   30.0000 2984.4795   10.3375
    7.5000   22.5000   30.0000 2931.2151   10.5600
   -7.5000   30.0000   30.0000 2934.8530   10.7220
    0.0000   30.0000   30.0000 2938.9016   10.6883
    7.5000   30.0000   30.0000 2889.4192   10.8880
   -7.5000   37.5000   30.0000 2863.1719   11.1979
    0.0000   37.5000   30.0000 2867.5234   11.1570
    7.5000   37.5000   30.0000 2827.5732   11.3700
   -7.5000   45.0000   30.0000 2762.3784   11.8972
    0.0000   45.0000   30.0000 2767.4426   11.8473
    7.5000   45.0000   30.0000 2735.3896   12.0713
   -7.5000  -45.0000   37.5000 2362.1772   15.0533
    0.0000  -45.0000   37.5000 2376.4966   14.9874
    7.5000  -45.0000   37.5000 2374.0090   15.3196
   -7.5000  -37.5000   37.5000 2458.0200   13.9903
    0.0000  -37.5000   37.5000 2467.4587   13.9473
    7.5000  -37.5000   37.5000 2459.2407   14.1903
   -7.5000  -30.0000   37.5000 2550.6814   13.0851
    0.0000  -30.0000   37.5000 2554.9343   13.0467
    7.5000  -30.0000   37.5000 2538.7056   13.2292
   -7.5000  -22.5000   37.5000 2638.6626   12.3290
    0.0000  -22.5000   37.5000 2637.8608   12.2604
    7.5000  -22.5000   37.5000 2621.8396   12.4337
   -7.5000  -15.0000   37.5000 2708.1223   11.6883
    0.0000  -15.0000   37.5000 2704.6848   11.6288
    7.5000  -15.0000   37.5000 2690.0747   11.8188
   -7.5000   -7.5000   37.5000 2778.9534   11.1887
    0.0000   -7.5000   37.5000 2775.5051   11.1392
    7.5000   -7.5000   37.5000 2755.0083   11.3371
   -7.5000    0.0000   37.5000 2843.1003   10.8343
    0.0000    0.0000   37.5000 2841.8386   10.8024
    7.5000    0.0000   37.5000 2816.8621   10.9867
   -7.5000    7.5000   37.5000 2900.1313   10.5960
    0.0000    7.5000   37.5000 2902.2864   10.5708
    7.5000    7.5000   37.5000 2868.6074   10.7927
   -7.5000   15.0000   37.5000 2928.5037   10.4466
    0.0000   15.0000   37.5000 2930.2498   10.4546
    7.5000   15.0000   37.5000 2896.6426   10.7437
   -7.5000   22.5000   37.5000 2927.2903   10.6558
    0.0000   22.5000   37.5000 2925.3369   10.6503
    7.5000   22.5000   37.5000 2885.8171   10.9463
   -7.5000   30.0000   37.5000 2885.5947   11.0591
    0.0000   30.0000   37.5000 2884.2168   11.0239
    7.5000   30.0000   37.5000 2846.0820   11.2778
   -7.5000   37.5000   37.5000 2815.2334   11.5886
    0.0000   37.5000   37.5000 2815.5203   11.5496
    7.5000   37.5000   37.5000 2784.2400   11.7830
   -7.5000   45.0000   37.5000 2721.8550   12.3032
    0.0000   45.0000   37.5000 2726.2288   12.2691
    7.5000   45.0000   37.5000 2694.4312   12.4985
   -7.5000  -45.0000   45.0000 2284.2097   16.1343
    0.0000  -45.0000   45.0000 2301.2593   16.0791
    7.5000  -45.0000   45.0000 2298.3860   16.4861
   -7.5000  -37.5000   45.0000 2389.2239   14.8779
    0.0000  -37.5000   45.0000 2403.5044   14.8366
    7.5000  -37.5000   45.0000 2390.5693   15.1851
   -7.5000  -30.0000   45.0000 2488.9780   13.7920
    0.0000  -30.0000   45.0000 2498.9771   13.7542
    7.5000  -30.0000   45.0000 2480.7490   14.0751
   -7.5000  -22.5000   45.0000 2582.4539   12.9108
    0.0000  -22.5000   45.0000 2589.3645   12.8728
    7.5000  -22.5000   45.0000 2573.2017   13.1649
   -7.5000  -15.0000   45.0000 2658.9448   12.2619
    0.0000  -15.0000   45.0000 2659.4321   12.2094
    7.5000  -15.0000   45.0000 2646.8193   12.4872
   -7.5000   -7.5000   45.0000 2732.2339   11.7482
    0.0000   -7.5000   45.0000 2729.7153   11.6823
    7.5000   -7.5000   45.0000 2710.7341   11.9442
   -7.5000    0.0000   45.0000 2791.6863   11.3629
    0.0000    0.0000   45.0000 2788.9163   11.3200
    7.5000    0.0000   45.0000 2765.5164   11.5676
   -7.5000    7.5000   45.0000 2837.9082   11.0704
    0.0000    7.5000   45.0000 2839.1626   11.0212
    7.5000    7.5000   45.0000 2809.8845   11.3316
   -7.5000   15.0000   45.0000 2860.0471   10.9661
    0.0000   15.0000   45.0000 2856.6067   10.9516
    7.5000   15.0000   45.0000 2831.3691   11.2702
   -7.5000   22.5000   45.0000 2854.3235   11.1928
    0.0000   22.5000   45.0000 2852.6577   11.1856
    7.5000   22.5000   45.0000 2820.6880   11.4932
   -7.5000   30.0000   45.0000 2811.8975   11.5737
    0.0000   30.0000   45.0000 2810.7024   11.5408
    7.5000   30.0000   45.0000 2780.2747   11.8278
   -7.5000   37.5000   45.0000 2744.6860   12.0737
    0.0000   37.5000   45.0000 2747.8296   12.0291
    7.5000   37.5000   45.0000 2726.3857   12.3000
   -7.5000   45.0000   45.0000 2663.0752   12.7671
    0.0000   45.0000   45.0000 2665.9587   12.7239
    7.5000   45.0000   45.0000 2642.1421   12.9888

---------------------------------------------------------------------
imgreg_4dfp /home/aracena/freesurfer/average/711-2C_as_mni_average_305 /home/aracena/freesurfer/average/711-2B_as_mni_average_305_mask talsrcimg_g11 none talsrcimg_to_711-2C_as_mni_average_305_t4 1283
---------------------------------------------------------------------

freesurfer imgreg_4dfp.c
/home/aracena/freesurfer/average/711-2C_as_mni_average_305.4dfp.img
       256       256       256         1
  1.000000  1.000000  1.000000
orientation T byte_order littleendian
Reading image: /home/aracena/freesurfer/average/711-2C_as_mni_average_305.4dfp.img
dimensions:      256       256       256
mmppix:       1.0000   -1.0000   -1.0000
center:     128.0000 -129.0000 -129.0000
/home/aracena/freesurfer/average/711-2B_as_mni_average_305_mask.4dfp.img
       256       256       256         1
  1.000000  1.000000  1.000000
orientation T byte_order littleendian
Reading mask: /home/aracena/freesurfer/average/711-2B_as_mni_average_305_mask.4dfp.img (2306576 pixels)
talsrcimg_g11.4dfp.img
       256       256       256         1
  1.000000  1.000000  1.000000
orientation T byte_order littleendian
Reading image: talsrcimg_g11.4dfp.img
dimensions:      256       256       256
mmppix:       1.0000   -1.0000   -1.0000
center:     128.0000 -129.0000 -129.0000
rotation matrix determinant  1.000000
fimgreg.f
image alignment mode   1283 decimal      503 hex
parameters
    0.0000   15.0000   22.5000    0.0000    0.0000    0.0000
eta,q 0.95574 10.26457
niter,ni,del,rscale     5    3   12.0000    1.2000
parameter  1  0.566333 ->  0.500000 qaram    1.1500
parameter  3  0.968986 ->  0.500000 qaram    1.1500
parameters
   -3.4500   17.1712   19.0500   -1.5010    1.0294   -0.9468
eta,q 0.96558 10.17842
  0.0466  0.0548  0.0357  0.0365  0.0463  0.0383
  0.0421  0.0483  0.0347  0.0355  0.0410  0.0358
  0.0416  0.0432  0.0371  0.0352  0.0373  0.0344
  0.0464  0.0412  0.0402  0.0354  0.0352  0.0348
  0.0549  0.0404  0.0440  0.0360  0.0349  0.0363
  0.0634  0.0405  0.0489  0.0370  0.0367  0.0382
  0.0713  0.0431  0.0545  0.0390  0.0409  0.0408
niter,ni,del,rscale     6    3   12.0000    1.2000
parameters
   -3.7545   18.0531   19.0254   -1.9676    1.4120   -1.1031
eta,q 0.96638 10.17629
  0.0559  0.0456  0.0496  0.0366  0.0442  0.0394
  0.0469  0.0400  0.0407  0.0346  0.0394  0.0363
  0.0379  0.0365  0.0343  0.0341  0.0357  0.0342
  0.0344  0.0344  0.0338  0.0338  0.0338  0.0336
  0.0398  0.0337  0.0372  0.0344  0.0344  0.0347
  0.0500  0.0359  0.0423  0.0356  0.0374  0.0369
  0.0593  0.0410  0.0479  0.0373  0.0423  0.0397
niter,ni,del,rscale     5    3   12.0000    1.2000
parameters
   -3.9395   18.1857   18.9798   -1.9867    1.6052   -1.1587
eta,q 0.96653 10.17533
  0.0566  0.0434  0.0493  0.0373  0.0437  0.0395
  0.0471  0.0385  0.0406  0.0346  0.0390  0.0363
  0.0374  0.0354  0.0344  0.0338  0.0353  0.0341
  0.0336  0.0336  0.0335  0.0335  0.0335  0.0335
  0.0390  0.0339  0.0369  0.0341  0.0345  0.0345
  0.0493  0.0372  0.0423  0.0352  0.0378  0.0366
  0.0584  0.0434  0.0479  0.0368  0.0429  0.0395
niter,ni,del,rscale     4    3   12.0000    1.2000
parameters
   -4.0250   18.2023   18.9744   -2.0152    1.7019   -1.1833
eta,q 0.96657 10.17436
  0.0572  0.0430  0.0494  0.0372  0.0435  0.0396
  0.0476  0.0382  0.0408  0.0345  0.0389  0.0363
  0.0377  0.0351  0.0345  0.0338  0.0351  0.0341
  0.0335  0.0335  0.0334  0.0334  0.0334  0.0334
  0.0385  0.0340  0.0367  0.0341  0.0346  0.0344
  0.0488  0.0374  0.0422  0.0352  0.0381  0.0365
  0.0579  0.0437  0.0478  0.0368  0.0432  0.0395
niter,ni,del,rscale     3    3   12.0000    1.2000
parameters
   -4.0635   18.2129   18.9707   -2.0309    1.7458   -1.1943
eta,q 0.96659 10.17389
  0.0575  0.0430  0.0494  0.0372  0.0434  0.0396
  0.0479  0.0382  0.0408  0.0345  0.0387  0.0363
  0.0379  0.0351  0.0345  0.0337  0.0350  0.0341
  0.0334  0.0334  0.0334  0.0334  0.0334  0.0334
  0.0383  0.0340  0.0367  0.0340  0.0347  0.0344
  0.0486  0.0374  0.0422  0.0352  0.0382  0.0365
  0.0578  0.0437  0.0478  0.0367  0.0434  0.0395
registration optimization eta report
parameter search radius
    6.9000    6.0000    6.9000    6.0000    6.0000    6.0000
100000*second partial in parameter space
       48.       28.       31.       10.       27.       17.
  0.0575  0.0430  0.0494  0.0372  0.0434  0.0396
  0.0479  0.0382  0.0408  0.0345  0.0387  0.0363
  0.0379  0.0351  0.0345  0.0337  0.0350  0.0341
  0.0334  0.0334  0.0334  0.0334  0.0334  0.0334
  0.0383  0.0340  0.0367  0.0340  0.0347  0.0344
  0.0486  0.0374  0.0422  0.0352  0.0382  0.0365
  0.0578  0.0437  0.0478  0.0367  0.0434  0.0395
   -4.0635   18.2129   18.9707   -2.0309    1.7458   -1.1943
eta,q 0.96659 10.17389

---------------------------------------------------------------------
imgreg_4dfp /home/aracena/freesurfer/average/711-2C_as_mni_average_305 /home/aracena/freesurfer/average/711-2B_as_mni_average_305_mask talsrcimg_g11 none talsrcimg_to_711-2C_as_mni_average_305_t4 3335
---------------------------------------------------------------------

freesurfer imgreg_4dfp.c
/home/aracena/freesurfer/average/711-2C_as_mni_average_305.4dfp.img
       256       256       256         1
  1.000000  1.000000  1.000000
orientation T byte_order littleendian
Reading image: /home/aracena/freesurfer/average/711-2C_as_mni_average_305.4dfp.img
dimensions:      256       256       256
mmppix:       1.0000   -1.0000   -1.0000
center:     128.0000 -129.0000 -129.0000
/home/aracena/freesurfer/average/711-2B_as_mni_average_305_mask.4dfp.img
       256       256       256         1
  1.000000  1.000000  1.000000
orientation T byte_order littleendian
Reading mask: /home/aracena/freesurfer/average/711-2B_as_mni_average_305_mask.4dfp.img (2306576 pixels)
talsrcimg_g11.4dfp.img
       256       256       256         1
  1.000000  1.000000  1.000000
orientation T byte_order littleendian
Reading image: talsrcimg_g11.4dfp.img
dimensions:      256       256       256
mmppix:       1.0000   -1.0000   -1.0000
center:     128.0000 -129.0000 -129.0000
fimgreg.f
image alignment mode   3335 decimal      D07 hex
parameters
   -4.0635   18.2129   18.9707   -0.0681   -0.0868   -0.1092
    2.1909   -2.9702   -2.0833    3.6066    3.0466   -3.5423
eta,q 0.96844 10.29103
niter,ni,del,rscale     5    3    5.0000    1.2000
parameter  4  0.733764 ->  0.500000 qaram    1.1500
parameter  5  1.242661 ->  0.500000 qaram    1.1500
parameters
   -3.9071   18.1402   18.9284   -4.2081   -4.2268   -2.6583
    2.2657   -2.2949   -1.1350    3.8205    2.7157   -0.4272
eta,q 0.97391 10.09950
  0.0360  0.0338  0.0341  0.0296  0.0260  0.0277  0.0294  0.0318  0.0293  0.0294  0.0275  0.0288
  0.0337  0.0326  0.0327  0.0291  0.0260  0.0271  0.0279  0.0290  0.0279  0.0279  0.0268  0.0278
  0.0322  0.0318  0.0318  0.0296  0.0271  0.0264  0.0268  0.0272  0.0269  0.0269  0.0265  0.0269
  0.0316  0.0315  0.0316  0.0316  0.0291  0.0262  0.0265  0.0264  0.0264  0.0264  0.0264  0.0264
  0.0319  0.0319  0.0319  0.0349  0.0317  0.0280  0.0268  0.0266  0.0265  0.0266  0.0266  0.0261
  0.0330  0.0327  0.0328  0.0390  0.0344  0.0319  0.0278  0.0278  0.0271  0.0276  0.0270  0.0262
  0.0349  0.0341  0.0343  0.0434  0.0369  0.0363  0.0293  0.0301  0.0281  0.0292  0.0277  0.0266
niter,ni,del,rscale     6    3    5.0000    1.2000
parameters
   -3.6637   18.2069   18.1971   -5.7568   -6.4049   -4.2824
    1.9924   -1.9332   -0.7677    3.5725    3.9851    0.6489
eta,q 0.97381  9.89313
  0.0299  0.0290  0.0268  0.0283  0.0282  0.0275  0.0286  0.0301  0.0283  0.0286  0.0275  0.0280
  0.0280  0.0274  0.0261  0.0273  0.0269  0.0270  0.0273  0.0280  0.0272  0.0274  0.0269  0.0271
  0.0267  0.0264  0.0258  0.0265  0.0260  0.0265  0.0265  0.0268  0.0265  0.0266  0.0265  0.0265
  0.0261  0.0260  0.0261  0.0258  0.0261  0.0259  0.0263  0.0263  0.0263  0.0263  0.0263  0.0262
  0.0262  0.0264  0.0266  0.0263  0.0275  0.0263  0.0266  0.0265  0.0264  0.0266  0.0262  0.0262
  0.0271  0.0272  0.0275  0.0288  0.0298  0.0284  0.0276  0.0275  0.0270  0.0276  0.0264  0.0265
  0.0287  0.0286  0.0287  0.0327  0.0325  0.0323  0.0290  0.0295  0.0280  0.0290  0.0269  0.0272
niter,ni,del,rscale     5    3    5.0000    1.2000
parameters
   -3.6253   18.3007   18.3281   -5.4958   -6.6805   -4.7845
    1.6143   -1.9798   -0.9844    3.2893    4.3414    1.1019
eta,q 0.97377  9.86907
  0.0289  0.0288  0.0277  0.0290  0.0295  0.0280  0.0285  0.0297  0.0280  0.0286  0.0272  0.0277
  0.0275  0.0274  0.0269  0.0278  0.0280  0.0272  0.0273  0.0278  0.0270  0.0273  0.0267  0.0270
  0.0266  0.0265  0.0264  0.0269  0.0268  0.0267  0.0265  0.0267  0.0264  0.0265  0.0264  0.0265
  0.0262  0.0262  0.0262  0.0262  0.0261  0.0261  0.0263  0.0263  0.0263  0.0262  0.0262  0.0262
  0.0264  0.0264  0.0263  0.0258  0.0265  0.0258  0.0266  0.0265  0.0265  0.0266  0.0263  0.0263
  0.0273  0.0272  0.0267  0.0268  0.0281  0.0269  0.0276  0.0277  0.0272  0.0275  0.0266  0.0267
  0.0288  0.0285  0.0274  0.0295  0.0304  0.0298  0.0290  0.0299  0.0282  0.0290  0.0271  0.0274
niter,ni,del,rscale     4    3    5.0000    1.2000
parameters
   -3.6753   18.3090   18.3782   -5.4522   -6.6970   -4.8386
    1.5891   -2.0285   -1.0883    3.1606    4.4183    1.2317
eta,q 0.97378  9.86777
  0.0288  0.0287  0.0276  0.0290  0.0297  0.0282  0.0287  0.0297  0.0281  0.0287  0.0272  0.0276
  0.0274  0.0274  0.0269  0.0278  0.0282  0.0273  0.0274  0.0278  0.0270  0.0273  0.0267  0.0269
  0.0265  0.0265  0.0264  0.0269  0.0270  0.0268  0.0265  0.0267  0.0264  0.0265  0.0264  0.0264
  0.0262  0.0262  0.0262  0.0262  0.0262  0.0262  0.0262  0.0262  0.0262  0.0262  0.0262  0.0262
  0.0265  0.0265  0.0264  0.0259  0.0265  0.0258  0.0265  0.0265  0.0265  0.0266  0.0263  0.0263
  0.0275  0.0273  0.0268  0.0270  0.0279  0.0266  0.0274  0.0277  0.0271  0.0275  0.0266  0.0268
  0.0291  0.0287  0.0275  0.0297  0.0301  0.0291  0.0288  0.0300  0.0282  0.0289  0.0272  0.0275
niter,ni,del,rscale     3    3    5.0000    1.2000
parameters
   -3.6898   18.2978   18.3959   -5.4493   -6.6999   -4.8417
    1.6074   -2.0417   -1.1146    3.1090    4.4379    1.2813
eta,q 0.97377  9.86733
  0.0289  0.0287  0.0276  0.0289  0.0298  0.0282  0.0288  0.0297  0.0281  0.0287  0.0272  0.0276
  0.0275  0.0274  0.0268  0.0278  0.0283  0.0273  0.0274  0.0279  0.0271  0.0274  0.0267  0.0269
  0.0266  0.0265  0.0264  0.0269  0.0270  0.0268  0.0265  0.0268  0.0264  0.0265  0.0264  0.0264
  0.0262  0.0262  0.0262  0.0262  0.0262  0.0262  0.0262  0.0262  0.0262  0.0262  0.0262  0.0262
  0.0265  0.0265  0.0264  0.0259  0.0265  0.0259  0.0265  0.0265  0.0265  0.0265  0.0263  0.0264
  0.0275  0.0274  0.0268  0.0270  0.0279  0.0265  0.0274  0.0277  0.0271  0.0274  0.0266  0.0268
  0.0290  0.0287  0.0275  0.0298  0.0301  0.0290  0.0288  0.0300  0.0281  0.0288  0.0272  0.0276
registration optimization eta report
parameter search radius
    2.4000    2.4000    2.4000    8.2800    8.2800    7.2000
    7.2000    7.2000    7.2000    7.2000    7.2000    7.2000
100000*second partial in parameter space
       47.       43.       23.        5.        5.        5.
        5.        7.        4.        5.        2.        3.
  0.0289  0.0287  0.0276  0.0289  0.0298  0.0282  0.0288  0.0297  0.0281  0.0287  0.0272  0.0276
  0.0275  0.0274  0.0268  0.0278  0.0283  0.0273  0.0274  0.0279  0.0271  0.0274  0.0267  0.0269
  0.0266  0.0265  0.0264  0.0269  0.0270  0.0268  0.0265  0.0268  0.0264  0.0265  0.0264  0.0264
  0.0262  0.0262  0.0262  0.0262  0.0262  0.0262  0.0262  0.0262  0.0262  0.0262  0.0262  0.0262
  0.0265  0.0265  0.0264  0.0259  0.0265  0.0259  0.0265  0.0265  0.0265  0.0265  0.0263  0.0264
  0.0275  0.0274  0.0268  0.0270  0.0279  0.0265  0.0274  0.0277  0.0271  0.0274  0.0266  0.0268
  0.0290  0.0287  0.0275  0.0298  0.0301  0.0290  0.0288  0.0300  0.0281  0.0288  0.0272  0.0276
   -3.6898   18.2978   18.3959   -5.4493   -6.6999   -4.8417
    1.6074   -2.0417   -1.1146    3.1090    4.4379    1.2813
eta,q 0.97377  9.86733

---------------------------------------------------------------------
imgreg_4dfp /home/aracena/freesurfer/average/711-2C_as_mni_average_305 /home/aracena/freesurfer/average/711-2B_as_mni_average_305_mask talsrcimg_g11 none talsrcimg_to_711-2C_as_mni_average_305_t4 2311
---------------------------------------------------------------------

freesurfer imgreg_4dfp.c
/home/aracena/freesurfer/average/711-2C_as_mni_average_305.4dfp.img
       256       256       256         1
  1.000000  1.000000  1.000000
orientation T byte_order littleendian
Reading image: /home/aracena/freesurfer/average/711-2C_as_mni_average_305.4dfp.img
dimensions:      256       256       256
mmppix:       1.0000   -1.0000   -1.0000
center:     128.0000 -129.0000 -129.0000
/home/aracena/freesurfer/average/711-2B_as_mni_average_305_mask.4dfp.img
       256       256       256         1
  1.000000  1.000000  1.000000
orientation T byte_order littleendian
Reading mask: /home/aracena/freesurfer/average/711-2B_as_mni_average_305_mask.4dfp.img (2306576 pixels)
talsrcimg_g11.4dfp.img
       256       256       256         1
  1.000000  1.000000  1.000000
orientation T byte_order littleendian
Reading image: talsrcimg_g11.4dfp.img
dimensions:      256       256       256
mmppix:       1.0000   -1.0000   -1.0000
center:     128.0000 -129.0000 -129.0000
fimgreg.f
image alignment mode   2311 decimal      907 hex
parameters
   -3.6898   18.2978   18.3959   -5.4493   -6.6999   -4.8417
    1.6074   -2.0417   -1.1146    3.1090    4.4379    1.2813
eta,q 0.97377  9.86733
niter,ni,del,rscale     5    3    5.0000    0.8000
parameters
   -3.6736   18.2943   18.4026   -3.7210   -6.4960   -3.3780
    1.3908   -2.2324   -1.2622    2.9123    3.4302    0.4112
eta,q 0.97440 10.02732
  0.0275  0.0274  0.0268  0.0275  0.0276  0.0271  0.0269  0.0276  0.0266  0.0269  0.0260  0.0260
  0.0268  0.0267  0.0265  0.0270  0.0268  0.0267  0.0262  0.0265  0.0260  0.0262  0.0257  0.0258
  0.0264  0.0264  0.0263  0.0266  0.0262  0.0263  0.0258  0.0258  0.0257  0.0257  0.0256  0.0256
  0.0262  0.0262  0.0262  0.0262  0.0259  0.0259  0.0256  0.0256  0.0256  0.0256  0.0256  0.0256
  0.0264  0.0264  0.0263  0.0259  0.0260  0.0256  0.0258  0.0259  0.0258  0.0258  0.0258  0.0258
  0.0267  0.0267  0.0265  0.0260  0.0266  0.0257  0.0264  0.0267  0.0261  0.0263  0.0261  0.0261
  0.0274  0.0274  0.0268  0.0266  0.0274  0.0264  0.0272  0.0280  0.0267  0.0271  0.0265  0.0265
niter,ni,del,rscale     4    3    5.0000    0.7000
parameters
   -3.6574   18.3405   18.2600   -3.7545   -6.4271   -3.2093
    1.7085   -2.1400   -1.1030    3.1049    3.0890   -0.1390
eta,q 0.97447 10.03793
  0.0268  0.0266  0.0260  0.0267  0.0269  0.0266  0.0268  0.0273  0.0264  0.0266  0.0259  0.0259
  0.0261  0.0261  0.0257  0.0263  0.0263  0.0263  0.0262  0.0263  0.0259  0.0261  0.0257  0.0257
  0.0257  0.0257  0.0256  0.0259  0.0258  0.0259  0.0257  0.0257  0.0256  0.0257  0.0256  0.0256
  0.0256  0.0256  0.0256  0.0256  0.0256  0.0256  0.0255  0.0255  0.0255  0.0255  0.0255  0.0255
  0.0257  0.0257  0.0257  0.0256  0.0257  0.0254  0.0256  0.0257  0.0256  0.0256  0.0256  0.0256
  0.0261  0.0260  0.0259  0.0261  0.0262  0.0258  0.0259  0.0262  0.0259  0.0259  0.0258  0.0258
  0.0267  0.0265  0.0262  0.0271  0.0269  0.0268  0.0265  0.0271  0.0262  0.0265  0.0261  0.0262
niter,ni,del,rscale     3    3    5.0000    0.6000
parameters
   -3.6130   18.3827   18.1762   -3.5637   -6.3841   -2.8442
    1.7309   -2.1352   -1.0162    3.1334    2.8490   -0.6891
eta,q 0.97457 10.06476
  0.0265  0.0263  0.0259  0.0265  0.0265  0.0264  0.0263  0.0268  0.0260  0.0262  0.0258  0.0257
  0.0260  0.0259  0.0257  0.0261  0.0260  0.0261  0.0258  0.0260  0.0257  0.0258  0.0256  0.0255
  0.0257  0.0256  0.0256  0.0258  0.0257  0.0258  0.0255  0.0256  0.0255  0.0255  0.0255  0.0254
  0.0255  0.0255  0.0255  0.0255  0.0255  0.0255  0.0254  0.0254  0.0254  0.0254  0.0254  0.0254
  0.0256  0.0256  0.0256  0.0255  0.0256  0.0254  0.0255  0.0256  0.0255  0.0255  0.0255  0.0255
  0.0259  0.0258  0.0258  0.0258  0.0259  0.0256  0.0258  0.0260  0.0257  0.0258  0.0257  0.0257
  0.0264  0.0262  0.0260  0.0265  0.0265  0.0263  0.0263  0.0268  0.0260  0.0262  0.0259  0.0259
niter,ni,del,rscale     2    3    5.0000    0.5000
parameters
   -3.6058   18.4277   18.1386   -3.3903   -6.3709   -2.5082
    1.7509   -2.1345   -0.9706    3.1656    2.6851   -1.2121
eta,q 0.97465 10.08674
  0.0261  0.0260  0.0257  0.0262  0.0261  0.0262  0.0260  0.0264  0.0258  0.0259  0.0256  0.0255
  0.0257  0.0257  0.0255  0.0259  0.0258  0.0259  0.0256  0.0258  0.0255  0.0256  0.0255  0.0254
  0.0255  0.0255  0.0254  0.0256  0.0255  0.0256  0.0254  0.0255  0.0254  0.0254  0.0254  0.0254
  0.0254  0.0254  0.0254  0.0254  0.0254  0.0254  0.0254  0.0254  0.0254  0.0254  0.0254  0.0254
  0.0255  0.0255  0.0255  0.0254  0.0255  0.0253  0.0254  0.0255  0.0254  0.0254  0.0254  0.0254
  0.0257  0.0256  0.0256  0.0257  0.0257  0.0255  0.0256  0.0258  0.0255  0.0256  0.0255  0.0255
  0.0261  0.0259  0.0258  0.0262  0.0262  0.0261  0.0260  0.0264  0.0258  0.0259  0.0257  0.0257
niter,ni,del,rscale     1    3    5.0000    0.4000
parameters
   -3.6135   18.4746   18.1333   -3.2717   -6.3553   -2.2087
    1.7698   -2.1330   -0.9325    3.1906    2.5913   -1.6410
eta,q 0.97469 10.10431
  0.0258  0.0257  0.0256  0.0259  0.0258  0.0260  0.0257  0.0260  0.0256  0.0257  0.0255  0.0254
  0.0255  0.0255  0.0254  0.0257  0.0256  0.0257  0.0255  0.0256  0.0254  0.0255  0.0254  0.0254
  0.0254  0.0254  0.0254  0.0255  0.0254  0.0255  0.0254  0.0254  0.0253  0.0254  0.0253  0.0253
  0.0253  0.0253  0.0253  0.0253  0.0253  0.0253  0.0253  0.0253  0.0253  0.0253  0.0253  0.0253
  0.0254  0.0254  0.0254  0.0254  0.0254  0.0253  0.0253  0.0254  0.0253  0.0253  0.0253  0.0254
  0.0255  0.0255  0.0254  0.0255  0.0256  0.0255  0.0255  0.0256  0.0254  0.0255  0.0254  0.0254
  0.0258  0.0256  0.0256  0.0259  0.0258  0.0258  0.0257  0.0260  0.0256  0.0256  0.0255  0.0255
registration optimization eta report
parameter search radius
    0.8000    0.8000    0.8000    2.4000    2.4000    2.4000
    2.4000    2.4000    2.4000    2.4000    2.4000    2.4000
100000*second partial in parameter space
       68.       50.       34.       10.        8.        9.
        7.       12.        5.        6.        4.        3.
  0.0258  0.0257  0.0256  0.0259  0.0258  0.0260  0.0257  0.0260  0.0256  0.0257  0.0255  0.0254
  0.0255  0.0255  0.0254  0.0257  0.0256  0.0257  0.0255  0.0256  0.0254  0.0255  0.0254  0.0254
  0.0254  0.0254  0.0254  0.0255  0.0254  0.0255  0.0254  0.0254  0.0253  0.0254  0.0253  0.0253
  0.0253  0.0253  0.0253  0.0253  0.0253  0.0253  0.0253  0.0253  0.0253  0.0253  0.0253  0.0253
  0.0254  0.0254  0.0254  0.0254  0.0254  0.0253  0.0253  0.0254  0.0253  0.0253  0.0253  0.0254
  0.0255  0.0255  0.0254  0.0255  0.0256  0.0255  0.0255  0.0256  0.0254  0.0255  0.0254  0.0254
  0.0258  0.0256  0.0256  0.0259  0.0258  0.0258  0.0257  0.0260  0.0256  0.0256  0.0255  0.0255
   -3.6135   18.4746   18.1333   -3.2717   -6.3553   -2.2087
    1.7698   -2.1330   -0.9325    3.1906    2.5913   -1.6410
eta,q 0.97469 10.10431

---------------------------------------------------------------------
imgreg_4dfp /home/aracena/freesurfer/average/711-2C_as_mni_average_305 /home/aracena/freesurfer/average/711-2B_as_mni_average_305_mask talsrcimg_g11 none talsrcimg_to_711-2C_as_mni_average_305_t4 2311
---------------------------------------------------------------------

freesurfer imgreg_4dfp.c
/home/aracena/freesurfer/average/711-2C_as_mni_average_305.4dfp.img
       256       256       256         1
  1.000000  1.000000  1.000000
orientation T byte_order littleendian
Reading image: /home/aracena/freesurfer/average/711-2C_as_mni_average_305.4dfp.img
dimensions:      256       256       256
mmppix:       1.0000   -1.0000   -1.0000
center:     128.0000 -129.0000 -129.0000
/home/aracena/freesurfer/average/711-2B_as_mni_average_305_mask.4dfp.img
       256       256       256         1
  1.000000  1.000000  1.000000
orientation T byte_order littleendian
Reading mask: /home/aracena/freesurfer/average/711-2B_as_mni_average_305_mask.4dfp.img (2306576 pixels)
talsrcimg_g11.4dfp.img
       256       256       256         1
  1.000000  1.000000  1.000000
orientation T byte_order littleendian
Reading image: talsrcimg_g11.4dfp.img
dimensions:      256       256       256
mmppix:       1.0000   -1.0000   -1.0000
center:     128.0000 -129.0000 -129.0000
fimgreg.f
image alignment mode   2311 decimal      907 hex
parameters
   -3.6135   18.4746   18.1333   -3.2717   -6.3553   -2.2087
    1.7698   -2.1330   -0.9325    3.1906    2.5913   -1.6410
eta,q 0.97469 10.10431
niter,ni,del,rscale     5    3    5.0000    0.8000
parameters
   -3.6228   18.5060   18.1957   -3.8863   -6.4339   -2.8629
    1.8894   -2.0644   -0.7950    3.5717    2.6706   -0.9046
eta,q 0.97453 10.05134
  0.0270  0.0266  0.0263  0.0267  0.0270  0.0266  0.0270  0.0278  0.0266  0.0269  0.0262  0.0263
  0.0261  0.0259  0.0257  0.0262  0.0262  0.0262  0.0262  0.0265  0.0260  0.0262  0.0258  0.0259
  0.0255  0.0255  0.0254  0.0256  0.0256  0.0258  0.0257  0.0257  0.0256  0.0257  0.0256  0.0256
  0.0253  0.0253  0.0253  0.0253  0.0254  0.0254  0.0255  0.0255  0.0255  0.0255  0.0255  0.0255
  0.0255  0.0254  0.0254  0.0256  0.0256  0.0255  0.0256  0.0258  0.0256  0.0256  0.0256  0.0255
  0.0261  0.0258  0.0257  0.0265  0.0262  0.0264  0.0261  0.0265  0.0259  0.0259  0.0258  0.0256
  0.0271  0.0265  0.0261  0.0282  0.0272  0.0284  0.0269  0.0276  0.0265  0.0265  0.0261  0.0259
niter,ni,del,rscale     4    3    5.0000    0.7000
parameters
   -3.5758   18.4577   18.1394   -3.7883   -6.4088   -2.9475
    1.7733   -2.0500   -0.8212    3.4092    2.7331   -0.8300
eta,q 0.97453 10.05180
  0.0268  0.0263  0.0260  0.0267  0.0268  0.0266  0.0265  0.0272  0.0262  0.0264  0.0260  0.0260
  0.0261  0.0258  0.0257  0.0263  0.0261  0.0262  0.0259  0.0262  0.0258  0.0259  0.0257  0.0257
  0.0256  0.0256  0.0255  0.0258  0.0257  0.0258  0.0256  0.0256  0.0255  0.0256  0.0255  0.0255
  0.0255  0.0255  0.0255  0.0255  0.0254  0.0254  0.0255  0.0255  0.0255  0.0255  0.0255  0.0255
  0.0256  0.0256  0.0256  0.0254  0.0256  0.0254  0.0256  0.0257  0.0256  0.0256  0.0255  0.0255
  0.0259  0.0259  0.0258  0.0259  0.0260  0.0259  0.0260  0.0263  0.0258  0.0260  0.0257  0.0257
  0.0266  0.0265  0.0261  0.0269  0.0268  0.0271  0.0266  0.0272  0.0262  0.0265  0.0260  0.0259
niter,ni,del,rscale     3    3    5.0000    0.6000
parameters
   -3.5790   18.4504   18.1122   -3.5632   -6.3707   -2.7388
    1.7352   -2.0826   -0.8699    3.3051    2.7035   -1.0693
eta,q 0.97460 10.07089
  0.0264  0.0261  0.0259  0.0265  0.0265  0.0264  0.0262  0.0268  0.0260  0.0261  0.0258  0.0257
  0.0259  0.0258  0.0256  0.0261  0.0260  0.0261  0.0258  0.0260  0.0256  0.0257  0.0256  0.0255
  0.0256  0.0255  0.0255  0.0257  0.0256  0.0257  0.0255  0.0255  0.0255  0.0255  0.0254  0.0254
  0.0255  0.0255  0.0255  0.0255  0.0254  0.0254  0.0254  0.0254  0.0254  0.0254  0.0254  0.0254
  0.0256  0.0256  0.0255  0.0254  0.0255  0.0254  0.0255  0.0256  0.0255  0.0255  0.0255  0.0254
  0.0259  0.0258  0.0257  0.0258  0.0259  0.0257  0.0258  0.0260  0.0257  0.0258  0.0256  0.0256
  0.0264  0.0262  0.0259  0.0265  0.0265  0.0265  0.0263  0.0268  0.0260  0.0262  0.0258  0.0258
niter,ni,del,rscale     2    3    5.0000    0.5000
parameters
   -3.5956   18.4653   18.1069   -3.3931   -6.3585   -2.4583
    1.7450   -2.1132   -0.9094    3.2507    2.6224   -1.4101
eta,q 0.97466 10.08978
  0.0260  0.0259  0.0257  0.0262  0.0261  0.0262  0.0260  0.0264  0.0257  0.0258  0.0256  0.0255
  0.0257  0.0256  0.0255  0.0259  0.0257  0.0259  0.0256  0.0258  0.0255  0.0256  0.0255  0.0254
  0.0255  0.0255  0.0254  0.0256  0.0255  0.0256  0.0254  0.0254  0.0254  0.0254  0.0254  0.0254
  0.0254  0.0254  0.0254  0.0254  0.0254  0.0254  0.0253  0.0253  0.0253  0.0253  0.0253  0.0253
  0.0255  0.0254  0.0254  0.0254  0.0255  0.0253  0.0254  0.0255  0.0254  0.0254  0.0254  0.0254
  0.0257  0.0256  0.0255  0.0256  0.0257  0.0255  0.0256  0.0258  0.0255  0.0256  0.0255  0.0255
  0.0261  0.0259  0.0257  0.0262  0.0261  0.0261  0.0260  0.0264  0.0258  0.0259  0.0257  0.0257
niter,ni,del,rscale     1    3    5.0000    0.4000
parameters
   -3.6109   18.4912   18.1178   -3.2727   -6.3470   -2.1865
    1.7707   -2.1195   -0.9053    3.2290    2.5807   -1.7411
eta,q 0.97470 10.10572
  0.0258  0.0257  0.0256  0.0259  0.0258  0.0260  0.0257  0.0260  0.0256  0.0256  0.0255  0.0254
  0.0255  0.0255  0.0254  0.0257  0.0256  0.0257  0.0255  0.0256  0.0254  0.0255  0.0254  0.0254
  0.0254  0.0254  0.0254  0.0255  0.0254  0.0255  0.0254  0.0254  0.0253  0.0253  0.0253  0.0253
  0.0253  0.0253  0.0253  0.0253  0.0253  0.0253  0.0253  0.0253  0.0253  0.0253  0.0253  0.0253
  0.0254  0.0254  0.0254  0.0253  0.0254  0.0253  0.0253  0.0254  0.0253  0.0253  0.0253  0.0253
  0.0255  0.0255  0.0254  0.0255  0.0255  0.0255  0.0255  0.0256  0.0254  0.0255  0.0254  0.0254
  0.0258  0.0256  0.0256  0.0259  0.0258  0.0258  0.0257  0.0260  0.0256  0.0256  0.0255  0.0255
registration optimization eta report
parameter search radius
    0.8000    0.8000    0.8000    2.4000    2.4000    2.4000
    2.4000    2.4000    2.4000    2.4000    2.4000    2.4000
100000*second partial in parameter space
       68.       49.       34.       10.        8.       10.
        7.       12.        5.        6.        4.        3.
  0.0258  0.0257  0.0256  0.0259  0.0258  0.0260  0.0257  0.0260  0.0256  0.0256  0.0255  0.0254
  0.0255  0.0255  0.0254  0.0257  0.0256  0.0257  0.0255  0.0256  0.0254  0.0255  0.0254  0.0254
  0.0254  0.0254  0.0254  0.0255  0.0254  0.0255  0.0254  0.0254  0.0253  0.0253  0.0253  0.0253
  0.0253  0.0253  0.0253  0.0253  0.0253  0.0253  0.0253  0.0253  0.0253  0.0253  0.0253  0.0253
  0.0254  0.0254  0.0254  0.0253  0.0254  0.0253  0.0253  0.0254  0.0253  0.0253  0.0253  0.0253
  0.0255  0.0255  0.0254  0.0255  0.0255  0.0255  0.0255  0.0256  0.0254  0.0255  0.0254  0.0254
  0.0258  0.0256  0.0256  0.0259  0.0258  0.0258  0.0257  0.0260  0.0256  0.0256  0.0255  0.0255
   -3.6109   18.4912   18.1178   -3.2727   -6.3470   -2.1865
    1.7707   -2.1195   -0.9053    3.2290    2.5807   -1.7411
eta,q 0.97470 10.10572

---------------------------------------------------------------------
compute_vox2vox talsrcimg talsrcimg_to_711-2C_as_mni_average_305_t4 /home/aracena/freesurfer/average/711-2C_as_mni_average_305
---------------------------------------------------------------------

freesurfer compute_vox2vox.c
Reading: talsrcimg.4dfp.ifh
Reading: talsrcimg_to_711-2C_as_mni_average_305_t4
Reading: /home/aracena/freesurfer/average/711-2C_as_mni_average_305.4dfp.ifh
Writing: talsrcimg_to_711-2C_as_mni_average_305_t4_vox2vox.txt

start time mar 28 dic 2021 02:04:24 -03
end		time mar 28 dic 2021 02:04:56 -03

mpr2mni305 success

avi2talxfm orig_nu.mgz /home/aracena/freesurfer/average/mni305.cor.mgz talsrcimg_to_711-2C_as_mni_average_305_t4_vox2vox.txt transforms/talairach.auto.xfm
avi2talxfm done
lta_convert --src orig_nu.mgz --trg /home/aracena/freesurfer/average/mni305.cor.mgz --inxfm transforms/talairach.auto.xfm --outlta transforms/talairach.auto.xfm.lta --subject fsaverage
7.2.0

--src: orig_nu.mgz src image (geometry).
--trg: /home/aracena/freesurfer/average/mni305.cor.mgz trg image (geometry).
--inmni: transforms/talairach.auto.xfm input MNI/XFM transform.
--outlta: transforms/talairach.auto.xfm.lta output LTA.
--s: fsaverage subject name
 LTA read, type : 1
 1.03304   0.02301  -0.01910   0.97348;
-0.02706   1.02112   0.01949  -0.43291;
 0.01092  -0.03498   1.06692  -3.08250;
 0.00000   0.00000   0.00000   1.00000;
setting subject to fsaverage
Writing  LTA to file transforms/talairach.auto.xfm.lta...
lta_convert successful.
 
 
Started at mar 28 dic 2021 02:04:24 -03
Ended   at mar 28 dic 2021 02:04:56 -03
talairach_avi done
