/opt/home/aracena/thesis_practica/tips_nibabel/3_recon-all_freesurfer/output/freesurfer/sub-06/mri
/home/aracena/freesurfer/bin/talairach_avi
--i orig_nu.mgz --xfm transforms/talairach.auto.xfm
talairach_avi 7.2.0
Linux daniela-MS-7760 5.11.0-41-generic #45-Ubuntu SMP Fri Nov 5 11:37:01 UTC 2021 x86_64 x86_64 x86_64 GNU/Linux
mar 28 dic 2021 13:33:42 -03
mri_convert orig_nu.mgz talsrcimg.img 
reading from orig_nu.mgz...
TR=0.00, TE=0.00, TI=0.00, flip angle=0.00
i_ras = (-1, 3.72529e-09, -2.32831e-10)
j_ras = (-8.73115e-10, 1.48957e-08, -1)
k_ras = (0, 1, -1.2591e-08)
writing to talsrcimg.img...
Analyze Output Matrix
-1.00000  -0.00000   0.00000   130.00610;
 0.00000   0.00000   1.00000  -152.18594;
-0.00000  -1.00000  -0.00000   100.36620;
 0.00000   0.00000   0.00000   1.00000;
--------------------
INFO: set hdr.hist.orient to -1
mpr2mni305 talsrcimg
mar 28 dic 2021 13:33:43 -03
/home/aracena/freesurfer/bin/mpr2mni305 talsrcimg
mpr2mni305 7.2.0
target=711-2C_as_mni_average_305

---------------------------------------------------------------------
analyzeto4dfp talsrcimg -O0 -y
---------------------------------------------------------------------

freesurfer ifh2hdr.c
Tue Dec 28 13:33:43 2021
Writing: talsrcimg.4dfp.hdr
freesurfer analyzeto4dfp.c
Reading: talsrcimg.hdr
header size 348 bytes
hdr.dime.datatype	offset=70	value=2
hdr.dime.bitpix		offset=72	value=8
hdr.hist.orient		offset=252	value=-1
dimensionality     4
dimensions       256       256       256         1
Reading: talsrcimg.img
Writing: talsrcimg.4dfp.img
Writing: talsrcimg.4dfp.ifh
ifh2hdr talsrcimg -r0to255
ori=2

---------------------------------------------------------------------
gauss_4dfp talsrcimg 1.1
---------------------------------------------------------------------

freesurfer gauss_4dfp.c
Reading: talsrcimg.4dfp.img
Writing: talsrcimg_g11.4dfp.img
image dimensions 256 256 256 padded to 288 288 288
processing volume 1freesurfer ifh2hdr.c
Tue Dec 28 13:33:52 2021
Writing: talsrcimg_g11.4dfp.hdr

Writing: talsrcimg_g11.4dfp.ifh
including: talsrcimg.4dfp.img.rec in talsrcimg_g11.4dfp.img.rec

---------------------------------------------------------------------
imgreg_4dfp /home/aracena/freesurfer/average/711-2C_as_mni_average_305 none talsrcimg_g11 none talsrcimg_to_711-2C_as_mni_average_305_t4 4355
---------------------------------------------------------------------

freesurfer imgreg_4dfp.c
/home/aracena/freesurfer/average/711-2C_as_mni_average_305.4dfp.img
       256       256       256         1
  1.000000  1.000000  1.000000
orientation T byte_order littleendian
Reading image: /home/aracena/freesurfer/average/711-2C_as_mni_average_305.4dfp.img
dimensions:      256       256       256
mmppix:       1.0000   -1.0000   -1.0000
center:     128.0000 -129.0000 -129.0000
talsrcimg_g11.4dfp.img
       256       256       256         1
  1.000000  1.000000  1.000000
orientation T byte_order littleendian
Reading image: talsrcimg_g11.4dfp.img
dimensions:      256       256       256
mmppix:       1.0000   -1.0000   -1.0000
center:     128.0000 -129.0000 -129.0000
t4_read: open error in t4_sub.f l:  41 t4_file(1:l)talsrcimg_to_711-2C_as_mni_average_305_t4 
t4_read: transform initialized to I4
rotation matrix determinant  1.000000
image alignment mode   4355 decimal     1103 hex
   -7.5000  -45.0000  -45.0000 8127.6519   11.6440
    0.0000  -45.0000  -45.0000 8551.7871   11.6666
    7.5000  -45.0000  -45.0000 8245.3818   11.6590
   -7.5000  -37.5000  -45.0000 8485.4600   11.3116
    0.0000  -37.5000  -45.0000 8925.8096   11.3348
    7.5000  -37.5000  -45.0000 8582.1748   11.3296
   -7.5000  -30.0000  -45.0000 8950.2061   11.0532
    0.0000  -30.0000  -45.0000 9419.9883   11.0743
    7.5000  -30.0000  -45.0000 9039.1152   11.0694
   -7.5000  -22.5000  -45.0000 9465.1328   10.8717
    0.0000  -22.5000  -45.0000 9961.9619   10.8909
    7.5000  -22.5000  -45.0000 9540.5000   10.8842
   -7.5000  -15.0000  -45.000010039.1348   10.7515
    0.0000  -15.0000  -45.000010537.8613   10.7698
    7.5000  -15.0000  -45.000010088.6152   10.7616
   -7.5000   -7.5000  -45.000010634.8438   10.7306
    0.0000   -7.5000  -45.000011148.8906   10.7506
    7.5000   -7.5000  -45.000010674.0498   10.7426
   -7.5000    0.0000  -45.000011172.0264   10.7315
    0.0000    0.0000  -45.000011707.5771   10.7529
    7.5000    0.0000  -45.000011198.9102   10.7463
   -7.5000    7.5000  -45.000010906.4785   10.7445
    0.0000    7.5000  -45.000011439.7070   10.7655
    7.5000    7.5000  -45.000010910.6758   10.7604
   -7.5000   15.0000  -45.000010512.1338   10.8435
    0.0000   15.0000  -45.000011038.4170   10.8624
    7.5000   15.0000  -45.000010506.3105   10.8583
   -7.5000   22.5000  -45.000010097.9746   11.0729
    0.0000   22.5000  -45.000010627.5645   11.0914
    7.5000   22.5000  -45.000010099.9043   11.0863
   -7.5000   30.0000  -45.0000 9618.9473   11.1345
    0.0000   30.0000  -45.000010130.1338   11.1546
    7.5000   30.0000  -45.0000 9618.2061   11.1482
   -7.5000   37.5000  -45.0000 9448.4570   11.3289
    0.0000   37.5000  -45.0000 9945.0586   11.3536
    7.5000   37.5000  -45.0000 9466.9541   11.3497
   -7.5000   45.0000  -45.0000 8916.6113   11.2397
    0.0000   45.0000  -45.0000 9381.4053   11.2683
    7.5000   45.0000  -45.0000 8938.8066   11.2682
   -7.5000  -45.0000  -37.5000 8466.2666   11.5433
    0.0000  -45.0000  -37.5000 8875.6025   11.5730
    7.5000  -45.0000  -37.5000 8550.0244   11.5701
   -7.5000  -37.5000  -37.5000 8807.7109   11.2199
    0.0000  -37.5000  -37.5000 9234.9893   11.2492
    7.5000  -37.5000  -37.5000 8873.5059   11.2453
   -7.5000  -30.0000  -37.5000 9310.0723   10.9650
    0.0000  -30.0000  -37.5000 9750.4932   10.9902
    7.5000  -30.0000  -37.5000 9365.6055   10.9854
   -7.5000  -22.5000  -37.5000 9870.9229   10.7816
    0.0000  -22.5000  -37.500010351.9180   10.8032
    7.5000  -22.5000  -37.5000 9921.2285   10.7988
   -7.5000  -15.0000  -37.500010489.1572   10.6605
    0.0000  -15.0000  -37.500010979.2051   10.6810
    7.5000  -15.0000  -37.500010517.9365   10.6783
   -7.5000   -7.5000  -37.500011161.3857   10.6417
    0.0000   -7.5000  -37.500011669.1484   10.6653
    7.5000   -7.5000  -37.500011187.1143   10.6632
   -7.5000    0.0000  -37.500011779.4199   10.6466
    0.0000    0.0000  -37.500012328.1377   10.6733
    7.5000    0.0000  -37.500011796.6211   10.6706
   -7.5000    7.5000  -37.500011526.8262   10.6621
    0.0000    7.5000  -37.500012066.4795   10.6883
    7.5000    7.5000  -37.500011506.5020   10.6841
   -7.5000   15.0000  -37.500011088.1631   10.7589
    0.0000   15.0000  -37.500011627.2686   10.7812
    7.5000   15.0000  -37.500011069.2725   10.7764
   -7.5000   22.5000  -37.500010644.4941   10.9792
    0.0000   22.5000  -37.500011185.9873   11.0008
    7.5000   22.5000  -37.500010627.8926   10.9977
   -7.5000   30.0000  -37.500010153.7715   11.0351
    0.0000   30.0000  -37.500010687.6445   11.0581
    7.5000   30.0000  -37.500010136.4365   11.0576
   -7.5000   37.5000  -37.5000 9996.1973   11.2287
    0.0000   37.5000  -37.500010524.4297   11.2575
    7.5000   37.5000  -37.500010006.4990   11.2593
   -7.5000   45.0000  -37.5000 9446.2148   11.1415
    0.0000   45.0000  -37.5000 9966.7217   11.1753
    7.5000   45.0000  -37.5000 9475.5811   11.1787
   -7.5000  -45.0000  -30.0000 8912.9453   11.9472
    0.0000  -45.0000  -30.0000 9374.1797   11.9796
    7.5000  -45.0000  -30.0000 8986.6709   11.9718
   -7.5000  -37.5000  -30.0000 9278.5693   11.6128
    0.0000  -37.5000  -30.0000 9746.0576   11.6452
    7.5000  -37.5000  -30.0000 9314.8447   11.6349
   -7.5000  -30.0000  -30.0000 9824.4844   11.3550
    0.0000  -30.0000  -30.000010305.8086   11.3825
    7.5000  -30.0000  -30.0000 9858.1357   11.3721
   -7.5000  -22.5000  -30.000010463.6035   11.1690
    0.0000  -22.5000  -30.000010990.8945   11.1921
    7.5000  -22.5000  -30.000010497.1201   11.1844
   -7.5000  -15.0000  -30.000011176.7432   11.0440
    0.0000  -15.0000  -30.000011712.9990   11.0655
    7.5000  -15.0000  -30.000011180.1904   11.0612
   -7.5000   -7.5000  -30.000011937.7402   11.0203
    0.0000   -7.5000  -30.000012491.1104   11.0448
    7.5000   -7.5000  -30.000011940.5527   11.0403
   -7.5000    0.0000  -30.000012631.0195   11.0217
    0.0000    0.0000  -30.000013196.0195   11.0502
    7.5000    0.0000  -30.000012605.0381   11.0429
   -7.5000    7.5000  -30.000012371.3730   11.0385
    0.0000    7.5000  -30.000012924.7441   11.0670
    7.5000    7.5000  -30.000012305.4639   11.0568
   -7.5000   15.0000  -30.000011907.0635   11.1421
    0.0000   15.0000  -30.000012473.7930   11.1665
    7.5000   15.0000  -30.000011863.9971   11.1559
   -7.5000   22.5000  -30.000011459.0791   11.3695
    0.0000   22.5000  -30.000012046.0957   11.3933
    7.5000   22.5000  -30.000011432.4297   11.3868
   -7.5000   30.0000  -30.000010909.7021   11.4260
    0.0000   30.0000  -30.000011486.8955   11.4508
    7.5000   30.0000  -30.000010893.7920   11.4492
   -7.5000   37.5000  -30.000010722.0000   11.6219
    0.0000   37.5000  -30.000011294.0752   11.6526
    7.5000   37.5000  -30.000010727.0762   11.6519
   -7.5000   45.0000  -30.000010139.8721   11.5361
    0.0000   45.0000  -30.000010699.5430   11.5726
    7.5000   45.0000  -30.000010164.5723   11.5705
   -7.5000  -45.0000  -22.5000 9383.4463   12.3411
    0.0000  -45.0000  -22.5000 9878.7578   12.3692
    7.5000  -45.0000  -22.5000 9411.4336   12.3510
   -7.5000  -37.5000  -22.5000 9784.3066   11.9893
    0.0000  -37.5000  -22.500010304.9873   12.0187
    7.5000  -37.5000  -22.5000 9785.5264   12.0008
   -7.5000  -30.0000  -22.500010390.7305   11.7268
    0.0000  -30.0000  -22.500010942.9883   11.7531
    7.5000  -30.0000  -22.500010389.4521   11.7372
   -7.5000  -22.5000  -22.500011117.2764   11.5417
    0.0000  -22.5000  -22.500011705.0332   11.5643
    7.5000  -22.5000  -22.500011105.8848   11.5511
   -7.5000  -15.0000  -22.500011917.0176   11.4150
    0.0000  -15.0000  -22.500012521.4062   11.4354
    7.5000  -15.0000  -22.500011876.7227   11.4240
   -7.5000   -7.5000  -22.500012767.4502   11.3852
    0.0000   -7.5000  -22.500013386.8076   11.4070
    7.5000   -7.5000  -22.500012719.4434   11.3938
   -7.5000    0.0000  -22.500013560.0957   11.3793
    0.0000    0.0000  -22.500014186.6328   11.4043
    7.5000    0.0000  -22.500013474.7422   11.3881
   -7.5000    7.5000  -22.500013298.4990   11.3946
    0.0000    7.5000  -22.500013881.6387   11.4205
    7.5000    7.5000  -22.500013190.4834   11.4032
   -7.5000   15.0000  -22.500012812.5723   11.5055
    0.0000   15.0000  -22.500013410.6006   11.5292
    7.5000   15.0000  -22.500012742.9736   11.5140
   -7.5000   22.5000  -22.500012335.5537   11.7472
    0.0000   22.5000  -22.500012931.0049   11.7703
    7.5000   22.5000  -22.500012292.9131   11.7587
   -7.5000   30.0000  -22.500011728.8916   11.8082
    0.0000   30.0000  -22.500012312.1895   11.8321
    7.5000   30.0000  -22.500011699.9053   11.8237
   -7.5000   37.5000  -22.500011507.9521   12.0050
    0.0000   37.5000  -22.500012074.9551   12.0336
    7.5000   37.5000  -22.500011492.8633   12.0242
   -7.5000   45.0000  -22.500010875.0713   11.9190
    0.0000   45.0000  -22.500011431.4258   11.9532
    7.5000   45.0000  -22.500010877.5576   11.9416
   -7.5000  -45.0000  -15.0000 9869.6953   12.6306
    0.0000  -45.0000  -15.000010410.5410   12.6522
    7.5000  -45.0000  -15.0000 9874.8477   12.6273
   -7.5000  -37.5000  -15.000010293.1172   12.2648
    0.0000  -37.5000  -15.000010883.5693   12.2884
    7.5000  -37.5000  -15.000010290.3594   12.2676
   -7.5000  -30.0000  -15.000010968.2178   11.9940
    0.0000  -30.0000  -15.000011606.2402   12.0168
    7.5000  -30.0000  -15.000010954.2354   11.9994
   -7.5000  -22.5000  -15.000011792.0225   11.8078
    0.0000  -22.5000  -15.000012461.2773   11.8285
    7.5000  -22.5000  -15.000011754.3008   11.8120
   -7.5000  -15.0000  -15.000012685.1826   11.6810
    0.0000  -15.0000  -15.000013371.5146   11.7000
    7.5000  -15.0000  -15.000012620.0947   11.6821
   -7.5000   -7.5000  -15.000013621.3086   11.6504
    0.0000   -7.5000  -15.000014327.3633   11.6692
    7.5000   -7.5000  -15.000013536.5332   11.6487
   -7.5000    0.0000  -15.000014494.6299   11.6413
    0.0000    0.0000  -15.000015206.3633   11.6612
    7.5000    0.0000  -15.000014364.2656   11.6397
   -7.5000    7.5000  -15.000014214.1270   11.6535
    0.0000    7.5000  -15.000014887.2090   11.6746
    7.5000    7.5000  -15.000014067.8477   11.6548
   -7.5000   15.0000  -15.000013721.9736   11.7662
    0.0000   15.0000  -15.000014381.0137   11.7870
    7.5000   15.0000  -15.000013607.0430   11.7713
   -7.5000   22.5000  -15.000013221.1709   12.0176
    0.0000   22.5000  -15.000013861.6016   12.0381
    7.5000   22.5000  -15.000013134.0869   12.0239
   -7.5000   30.0000  -15.000012581.2695   12.0852
    0.0000   30.0000  -15.000013194.6553   12.1071
    7.5000   30.0000  -15.000012512.0332   12.0921
   -7.5000   37.5000  -15.000012345.4062   12.2852
    0.0000   37.5000  -15.000012952.5000   12.3106
    7.5000   37.5000  -15.000012306.5068   12.2943
   -7.5000   45.0000  -15.000011660.3662   12.2012
    0.0000   45.0000  -15.000012243.2725   12.2310
    7.5000   45.0000  -15.000011628.6113   12.2143
   -7.5000  -45.0000   -7.500010438.1963   12.7708
    0.0000  -45.0000   -7.500010966.2119   12.7901
    7.5000  -45.0000   -7.500010437.7090   12.7701
   -7.5000  -37.5000   -7.500010885.5879   12.4019
    0.0000  -37.5000   -7.500011463.6494   12.4224
    7.5000  -37.5000   -7.500010868.9365   12.4080
   -7.5000  -30.0000   -7.500011623.2285   12.1220
    0.0000  -30.0000   -7.500012270.9238   12.1420
    7.5000  -30.0000   -7.500011606.8184   12.1303
   -7.5000  -22.5000   -7.500012531.5303   11.9297
    0.0000  -22.5000   -7.500013224.6445   11.9485
    7.5000  -22.5000   -7.500012482.7705   11.9354
   -7.5000  -15.0000   -7.500013510.4736   11.8024
    0.0000  -15.0000   -7.500014225.7627   11.8203
    7.5000  -15.0000   -7.500013428.5830   11.8040
   -7.5000   -7.5000   -7.500014510.4297   11.7766
    0.0000   -7.5000   -7.500015262.9180   11.7947
    7.5000   -7.5000   -7.500014409.9492   11.7764
   -7.5000    0.0000   -7.500015468.2764   11.7710
    0.0000    0.0000   -7.500016262.4717   11.7896
    7.5000    0.0000   -7.500015321.1729   11.7725
   -7.5000    7.5000   -7.500015188.0684   11.7824
    0.0000    7.5000   -7.500015965.6582   11.8010
    7.5000    7.5000   -7.500015001.8916   11.7873
   -7.5000   15.0000   -7.500014686.8213   11.8922
    0.0000   15.0000   -7.500015468.8018   11.9102
    7.5000   15.0000   -7.500014551.2236   11.9002
   -7.5000   22.5000   -7.500014162.4014   12.1426
    0.0000   22.5000   -7.500014920.3418   12.1607
    7.5000   22.5000   -7.500014054.0146   12.1497
   -7.5000   30.0000   -7.500013497.7852   12.2159
    0.0000   30.0000   -7.500014192.7959   12.2359
    7.5000   30.0000   -7.500013390.6172   12.2218
   -7.5000   37.5000   -7.500013271.3516   12.4228
    0.0000   37.5000   -7.500013927.1865   12.4468
    7.5000   37.5000   -7.500013185.4863   12.4329
   -7.5000   45.0000   -7.500012525.9639   12.3426
    0.0000   45.0000   -7.500013148.4541   12.3702
    7.5000   45.0000   -7.500012470.8232   12.3593
   -7.5000  -45.0000    0.000010987.9775   12.7849
    0.0000  -45.0000    0.000011488.3965   12.8088
    7.5000  -45.0000    0.000010987.9229   12.8003
   -7.5000  -37.5000    0.000011446.2617   12.4218
    0.0000  -37.5000    0.000011995.0918   12.4458
    7.5000  -37.5000    0.000011446.5342   12.4401
   -7.5000  -30.0000    0.000012244.5020   12.1375
    0.0000  -30.0000    0.000012886.6523   12.1592
    7.5000  -30.0000    0.000012237.2031   12.1539
   -7.5000  -22.5000    0.000013201.6816   11.9380
    0.0000  -22.5000    0.000013913.4697   11.9577
    7.5000  -22.5000    0.000013164.8496   11.9505
   -7.5000  -15.0000    0.000014246.3223   11.8084
    0.0000  -15.0000    0.000014993.0645   11.8276
    7.5000  -15.0000    0.000014169.5654   11.8185
   -7.5000   -7.5000    0.000015328.5029   11.7871
    0.0000   -7.5000    0.000016133.7627   11.8083
    7.5000   -7.5000    0.000015235.3984   11.7993
   -7.5000    0.0000    0.000016337.1797   11.7882
    0.0000    0.0000    0.000017205.6523   11.8108
    7.5000    0.0000    0.000016205.0137   11.8035
   -7.5000    7.5000    0.000016066.5508   11.8019
    0.0000    7.5000    0.000016918.7324   11.8237
    7.5000    7.5000    0.000015900.2520   11.8181
   -7.5000   15.0000    0.000015583.9844   11.9086
    0.0000   15.0000    0.000016402.0078   11.9280
    7.5000   15.0000    0.000015442.5967   11.9234
   -7.5000   22.5000    0.000015047.5938   12.1532
    0.0000   22.5000    0.000015823.6553   12.1721
    7.5000   22.5000    0.000014927.6465   12.1666
   -7.5000   30.0000    0.000014358.0605   12.2280
    0.0000   30.0000    0.000015069.2129   12.2489
    7.5000   30.0000    0.000014230.1045   12.2417
   -7.5000   37.5000    0.000014133.3916   12.4408
    0.0000   37.5000    0.000014829.7705   12.4670
    7.5000   37.5000    0.000014021.1396   12.4623
   -7.5000   45.0000    0.000013328.0010   12.3650
    0.0000   45.0000    0.000014007.7178   12.3955
    7.5000   45.0000    0.000013262.0479   12.3951
   -7.5000  -45.0000    7.500010674.2256   12.7910
    0.0000  -45.0000    7.500011135.3740   12.8228
    7.5000  -45.0000    7.500010710.8828   12.8192
   -7.5000  -37.5000    7.500011121.4482   12.4327
    0.0000  -37.5000    7.500011629.4863   12.4639
    7.5000  -37.5000    7.500011160.9707   12.4590
   -7.5000  -30.0000    7.500011935.8525   12.1496
    0.0000  -30.0000    7.500012522.6221   12.1762
    7.5000  -30.0000    7.500011958.8799   12.1703
   -7.5000  -22.5000    7.500012900.0127   11.9460
    0.0000  -22.5000    7.500013553.0840   11.9688
    7.5000  -22.5000    7.500012878.3945   11.9634
   -7.5000  -15.0000    7.500013941.1826   11.8131
    0.0000  -15.0000    7.500014642.8555   11.8350
    7.5000  -15.0000    7.500013870.2607   11.8315
   -7.5000   -7.5000    7.500015026.5674   11.7922
    0.0000   -7.5000    7.500015815.1777   11.8175
    7.5000   -7.5000    7.500014926.3096   11.8148
   -7.5000    0.0000    7.500016014.1221   11.7970
    0.0000    0.0000    7.500016898.8086   11.8256
    7.5000    0.0000    7.500015897.0430   11.8222
   -7.5000    7.5000    7.500015748.3760   11.8141
    0.0000    7.5000    7.500016590.7598   11.8419
    7.5000    7.5000    7.500015607.3545   11.8367
   -7.5000   15.0000    7.500015331.6748   11.9213
    0.0000   15.0000    7.500016109.8467   11.9447
    7.5000   15.0000    7.500015170.9492   11.9386
   -7.5000   22.5000    7.500014852.5918   12.1607
    0.0000   22.5000    7.500015589.4385   12.1834
    7.5000   22.5000    7.500014713.5615   12.1793
   -7.5000   30.0000    7.500014154.5811   12.2308
    0.0000   30.0000    7.500014832.7783   12.2553
    7.5000   30.0000    7.500014014.4619   12.2541
   -7.5000   37.5000    7.500013925.4287   12.4444
    0.0000   37.5000    7.500014592.7471   12.4753
    7.5000   37.5000    7.500013813.5850   12.4767
   -7.5000   45.0000    7.500013120.2471   12.3706
    0.0000   45.0000    7.500013785.5410   12.4069
    7.5000   45.0000    7.500013053.1211   12.4100
   -7.5000  -45.0000   15.000010291.0684   12.8059
    0.0000  -45.0000   15.000010714.9023   12.8402
    7.5000  -45.0000   15.000010363.2158   12.8312
   -7.5000  -37.5000   15.000010716.9033   12.4457
    0.0000  -37.5000   15.000011188.9512   12.4799
    7.5000  -37.5000   15.000010788.8398   12.4685
   -7.5000  -30.0000   15.000011512.2129   12.1676
    0.0000  -30.0000   15.000012075.2100   12.1964
    7.5000  -30.0000   15.000011570.3418   12.1849
   -7.5000  -22.5000   15.000012447.0801   11.9666
    0.0000  -22.5000   15.000013088.9053   11.9908
    7.5000  -22.5000   15.000012465.3252   11.9822
   -7.5000  -15.0000   15.000013444.1777   11.8331
    0.0000  -15.0000   15.000014150.4941   11.8555
    7.5000  -15.0000   15.000013420.7734   11.8505
   -7.5000   -7.5000   15.000014514.3662   11.8076
    0.0000   -7.5000   15.000015290.9404   11.8333
    7.5000   -7.5000   15.000014439.8623   11.8281
   -7.5000    0.0000   15.000015506.7041   11.8088
    0.0000    0.0000   15.000016361.5205   11.8389
    7.5000    0.0000   15.000015412.2520   11.8306
   -7.5000    7.5000   15.000015256.2236   11.8269
    0.0000    7.5000   15.000016079.5840   11.8569
    7.5000    7.5000   15.000015141.1025   11.8455
   -7.5000   15.0000   15.000014931.5586   11.9381
    0.0000   15.0000   15.000015728.9082   11.9636
    7.5000   15.0000   15.000014802.0527   11.9518
   -7.5000   22.5000   15.000014590.2285   12.1792
    0.0000   22.5000   15.000015442.2969   12.2039
    7.5000   22.5000   15.000014464.2549   12.1966
   -7.5000   30.0000   15.000013985.4727   12.2446
    0.0000   30.0000   15.000014745.4678   12.2706
    7.5000   30.0000   15.000013827.3340   12.2685
   -7.5000   37.5000   15.000013709.2900   12.4532
    0.0000   37.5000   15.000014440.4385   12.4855
    7.5000   37.5000   15.000013554.4570   12.4843
   -7.5000   45.0000   15.000012853.3389   12.3763
    0.0000   45.0000   15.000013552.6445   12.4149
    7.5000   45.0000   15.000012744.0137   12.4121
   -7.5000  -45.0000   22.5000 9778.4238   12.8341
    0.0000  -45.0000   22.500010223.9990   12.8631
    7.5000  -45.0000   22.5000 9869.2969   12.8433
   -7.5000  -37.5000   22.500010204.9854   12.4663
    0.0000  -37.5000   22.500010700.0664   12.4966
    7.5000  -37.5000   22.500010303.2070   12.4771
   -7.5000  -30.0000   22.500011009.8770   12.1914
    0.0000  -30.0000   22.500011576.9521   12.2184
    7.5000  -30.0000   22.500011111.4590   12.2010
   -7.5000  -22.5000   22.500011910.0537   11.9975
    0.0000  -22.5000   22.500012542.4512   12.0206
    7.5000  -22.5000   22.500011997.4199   12.0060
   -7.5000  -15.0000   22.500012872.7529   11.8660
    0.0000  -15.0000   22.500013536.4170   11.8868
    7.5000  -15.0000   22.500012909.7822   11.8741
   -7.5000   -7.5000   22.500013916.1719   11.8353
    0.0000   -7.5000   22.500014645.0225   11.8576
    7.5000   -7.5000   22.500013898.3682   11.8430
   -7.5000    0.0000   22.500014892.3564   11.8291
    0.0000    0.0000   22.500015720.4854   11.8547
    7.5000    0.0000   22.500014848.9443   11.8371
   -7.5000    7.5000   22.500014678.3027   11.8447
    0.0000    7.5000   22.500015518.3184   11.8713
    7.5000    7.5000   22.500014584.5840   11.8526
   -7.5000   15.0000   22.500014376.7549   11.9599
    0.0000   15.0000   22.500015372.8184   11.9842
    7.5000   15.0000   22.500014261.8809   11.9676
   -7.5000   22.5000   22.500014087.7148   12.2091
    0.0000   22.5000   22.500015208.4395   12.2327
    7.5000   22.5000   22.500013970.1123   12.2198
   -7.5000   30.0000   22.500013514.7246   12.2737
    0.0000   30.0000   22.500014537.6631   12.2982
    7.5000   30.0000   22.500013375.3516   12.2886
   -7.5000   37.5000   22.500013210.7793   12.4756
    0.0000   37.5000   22.500014137.3535   12.5050
    7.5000   37.5000   22.500013068.8594   12.4945
   -7.5000   45.0000   22.500012331.5996   12.3927
    0.0000   45.0000   22.500013110.0215   12.4280
    7.5000   45.0000   22.500012219.1602   12.4153
   -7.5000  -45.0000   30.0000 9210.4512   12.8733
    0.0000  -45.0000   30.0000 9639.8057   12.8952
    7.5000  -45.0000   30.0000 9289.2773   12.8684
   -7.5000  -37.5000   30.0000 9626.2129   12.4988
    0.0000  -37.5000   30.000010088.3262   12.5227
    7.5000  -37.5000   30.0000 9715.1738   12.5002
   -7.5000  -30.0000   30.000010436.2725   12.2212
    0.0000  -30.0000   30.000010976.9912   12.2443
    7.5000  -30.0000   30.000010522.0029   12.2254
   -7.5000  -22.5000   30.000011315.1133   12.0303
    0.0000  -22.5000   30.000011925.1309   12.0512
    7.5000  -22.5000   30.000011387.5273   12.0332
   -7.5000  -15.0000   30.000012241.5645   11.9013
    0.0000  -15.0000   30.000012926.8994   11.9204
    7.5000  -15.0000   30.000012274.4072   11.9011
   -7.5000   -7.5000   30.000013250.5811   11.8710
    0.0000   -7.5000   30.000014035.3965   11.8900
    7.5000   -7.5000   30.000013232.8867   11.8679
   -7.5000    0.0000   30.000014214.2686   11.8624
    0.0000    0.0000   30.000015072.4521   11.8826
    7.5000    0.0000   30.000014152.5283   11.8594
   -7.5000    7.5000   30.000013980.9287   11.8748
    0.0000    7.5000   30.000014817.5498   11.8962
    7.5000    7.5000   30.000013878.5303   11.8749
   -7.5000   15.0000   30.000013598.7969   11.9897
    0.0000   15.0000   30.000014471.0811   12.0107
    7.5000   15.0000   30.000013497.8369   11.9936
   -7.5000   22.5000   30.000013193.9131   12.2440
    0.0000   22.5000   30.000014016.7705   12.2648
    7.5000   22.5000   30.000013088.7178   12.2491
   -7.5000   30.0000   30.000012610.3359   12.3106
    0.0000   30.0000   30.000013351.1631   12.3329
    7.5000   30.0000   30.000012492.9023   12.3164
   -7.5000   37.5000   30.000012390.9395   12.5111
    0.0000   37.5000   30.000013112.4805   12.5369
    7.5000   37.5000   30.000012301.3154   12.5193
   -7.5000   45.0000   30.000011619.3711   12.4253
    0.0000   45.0000   30.000012273.6006   12.4557
    7.5000   45.0000   30.000011564.7598   12.4378
   -7.5000  -45.0000   37.5000 8944.0166   12.9110
    0.0000  -45.0000   37.5000 9382.8809   12.9305
    7.5000  -45.0000   37.5000 8981.0293   12.9088
   -7.5000  -37.5000   37.5000 9365.1660   12.5373
    0.0000  -37.5000   37.5000 9833.6709   12.5580
    7.5000  -37.5000   37.5000 9400.4209   12.5419
   -7.5000  -30.0000   37.500010167.7217   12.2537
    0.0000  -30.0000   37.500010718.0830   12.2739
    7.5000  -30.0000   37.500010219.8076   12.2606
   -7.5000  -22.5000   37.500011040.8936   12.0579
    0.0000  -22.5000   37.500011653.1016   12.0769
    7.5000  -22.5000   37.500011090.2881   12.0622
   -7.5000  -15.0000   37.500011968.4014   11.9283
    0.0000  -15.0000   37.500012620.6348   11.9464
    7.5000  -15.0000   37.500011975.2217   11.9284
   -7.5000   -7.5000   37.500012928.1875   11.9027
    0.0000   -7.5000   37.500013604.9863   11.9211
    7.5000   -7.5000   37.500012895.3721   11.9011
   -7.5000    0.0000   37.500013793.3574   11.8986
    0.0000    0.0000   37.500014443.8965   11.9173
    7.5000    0.0000   37.500013723.0508   11.8987
   -7.5000    7.5000   37.500013493.8838   11.9111
    0.0000    7.5000   37.500014120.5977   11.9299
    7.5000    7.5000   37.500013408.1133   11.9147
   -7.5000   15.0000   37.500013081.4912   12.0235
    0.0000   15.0000   37.500013690.4893   12.0418
    7.5000   15.0000   37.500013005.8955   12.0302
   -7.5000   22.5000   37.500012653.6787   12.2726
    0.0000   22.5000   37.500013158.7344   12.2908
    7.5000   22.5000   37.500012556.2021   12.2783
   -7.5000   30.0000   37.500012069.9033   12.3420
    0.0000   30.0000   37.500012511.1006   12.3624
    7.5000   30.0000   37.500011957.5439   12.3467
   -7.5000   37.5000   37.500011914.9844   12.5471
    0.0000   37.5000   37.500012368.6855   12.5715
    7.5000   37.5000   37.500011815.1475   12.5563
   -7.5000   45.0000   37.500011262.2227   12.4621
    0.0000   45.0000   37.500011716.3301   12.4903
    7.5000   45.0000   37.500011190.5664   12.4783
   -7.5000  -45.0000   45.0000 8205.5840   12.9718
    0.0000  -45.0000   45.0000 8589.4404   12.9970
    7.5000  -45.0000   45.0000 8197.4902   12.9870
   -7.5000  -37.5000   45.0000 8590.1748   12.6032
    0.0000  -37.5000   45.0000 8975.4785   12.6285
    7.5000  -37.5000   45.0000 8590.5000   12.6212
   -7.5000  -30.0000   45.0000 9343.7783   12.3167
    0.0000  -30.0000   45.0000 9756.1885   12.3394
    7.5000  -30.0000   45.0000 9356.3887   12.3322
   -7.5000  -22.5000   45.000010147.2012   12.1138
    0.0000  -22.5000   45.000010587.1797   12.1342
    7.5000  -22.5000   45.000010173.4229   12.1250
   -7.5000  -15.0000   45.000010979.3604   11.9777
    0.0000  -15.0000   45.000011452.5684   11.9975
    7.5000  -15.0000   45.000010986.7354   11.9866
   -7.5000   -7.5000   45.000011844.7080   11.9520
    0.0000   -7.5000   45.000012337.8916   11.9741
    7.5000   -7.5000   45.000011819.8652   11.9634
   -7.5000    0.0000   45.000012628.7314   11.9534
    0.0000    0.0000   45.000013140.1562   11.9772
    7.5000    0.0000   45.000012572.2939   11.9684
   -7.5000    7.5000   45.000012354.8799   11.9715
    0.0000    7.5000   45.000012884.2949   11.9945
    7.5000    7.5000   45.000012297.9043   11.9873
   -7.5000   15.0000   45.000011965.8105   12.0870
    0.0000   15.0000   45.000012466.9883   12.1073
    7.5000   15.0000   45.000011895.8965   12.1009
   -7.5000   22.5000   45.000011551.1621   12.3169
    0.0000   22.5000   45.000011975.5156   12.3364
    7.5000   22.5000   45.000011475.9023   12.3290
   -7.5000   30.0000   45.000011053.7500   12.3821
    0.0000   30.0000   45.000011453.8701   12.4039
    7.5000   30.0000   45.000010970.5908   12.3952
   -7.5000   37.5000   45.000010953.6152   12.5938
    0.0000   37.5000   45.000011360.5605   12.6213
    7.5000   37.5000   45.000010866.0625   12.6154
   -7.5000   45.0000   45.000010372.3369   12.5196
    0.0000   45.0000   45.000010778.6143   12.5518
    7.5000   45.0000   45.000010302.7705   12.5505

---------------------------------------------------------------------
imgreg_4dfp /home/aracena/freesurfer/average/711-2C_as_mni_average_305 /home/aracena/freesurfer/average/711-2B_as_mni_average_305_mask talsrcimg_g11 none talsrcimg_to_711-2C_as_mni_average_305_t4 4355
---------------------------------------------------------------------

freesurfer imgreg_4dfp.c
/home/aracena/freesurfer/average/711-2C_as_mni_average_305.4dfp.img
       256       256       256         1
  1.000000  1.000000  1.000000
orientation T byte_order littleendian
Reading image: /home/aracena/freesurfer/average/711-2C_as_mni_average_305.4dfp.img
dimensions:      256       256       256
mmppix:       1.0000   -1.0000   -1.0000
center:     128.0000 -129.0000 -129.0000
/home/aracena/freesurfer/average/711-2B_as_mni_average_305_mask.4dfp.img
       256       256       256         1
  1.000000  1.000000  1.000000
orientation T byte_order littleendian
Reading mask: /home/aracena/freesurfer/average/711-2B_as_mni_average_305_mask.4dfp.img (2306576 pixels)
talsrcimg_g11.4dfp.img
       256       256       256         1
  1.000000  1.000000  1.000000
orientation T byte_order littleendian
Reading image: talsrcimg_g11.4dfp.img
dimensions:      256       256       256
mmppix:       1.0000   -1.0000   -1.0000
center:     128.0000 -129.0000 -129.0000
rotation matrix determinant  1.000000
image alignment mode   4355 decimal     1103 hex
   -7.5000  -45.0000  -45.0000 2129.6433   17.0969
    0.0000  -45.0000  -45.0000 2140.9834   16.8735
    7.5000  -45.0000  -45.0000 2135.5015   16.9232
   -7.5000  -37.5000  -45.0000 2164.1177   16.7405
    0.0000  -37.5000  -45.0000 2173.5088   16.5129
    7.5000  -37.5000  -45.0000 2166.7305   16.5782
   -7.5000  -30.0000  -45.0000 2186.3635   16.4634
    0.0000  -30.0000  -45.0000 2193.7180   16.3042
    7.5000  -30.0000  -45.0000 2186.3835   16.3303
   -7.5000  -22.5000  -45.0000 2198.8513   16.1260
    0.0000  -22.5000  -45.0000 2211.6370   16.0155
    7.5000  -22.5000  -45.0000 2200.0364   16.0303
   -7.5000  -15.0000  -45.0000 2214.2029   15.7791
    0.0000  -15.0000  -45.0000 2226.8430   15.7101
    7.5000  -15.0000  -45.0000 2215.3164   15.7419
   -7.5000   -7.5000  -45.0000 2229.9292   15.5225
    0.0000   -7.5000  -45.0000 2239.5825   15.4987
    7.5000   -7.5000  -45.0000 2230.3735   15.5719
   -7.5000    0.0000  -45.0000 2234.2986   15.4323
    0.0000    0.0000  -45.0000 2246.7363   15.3985
    7.5000    0.0000  -45.0000 2238.3813   15.4775
   -7.5000    7.5000  -45.0000 2240.4453   15.4165
    0.0000    7.5000  -45.0000 2253.6953   15.3688
    7.5000    7.5000  -45.0000 2242.8899   15.4443
   -7.5000   15.0000  -45.0000 2244.7288   15.4261
    0.0000   15.0000  -45.0000 2255.5547   15.4091
    7.5000   15.0000  -45.0000 2244.5693   15.4879
   -7.5000   22.5000  -45.0000 2244.1123   15.5467
    0.0000   22.5000  -45.0000 2255.2437   15.5138
    7.5000   22.5000  -45.0000 2244.1121   15.6058
   -7.5000   30.0000  -45.0000 2237.6074   15.7444
    0.0000   30.0000  -45.0000 2249.0586   15.7204
    7.5000   30.0000  -45.0000 2234.8313   15.8067
   -7.5000   37.5000  -45.0000 2217.3015   16.1016
    0.0000   37.5000  -45.0000 2228.2847   16.0553
    7.5000   37.5000  -45.0000 2218.3049   16.1682
   -7.5000   45.0000  -45.0000 2187.3721   16.7370
    0.0000   45.0000  -45.0000 2196.8228   16.6505
    7.5000   45.0000  -45.0000 2188.7979   16.7808
   -7.5000  -45.0000  -37.5000 2201.4812   16.0995
    0.0000  -45.0000  -37.5000 2205.5737   15.9393
    7.5000  -45.0000  -37.5000 2205.7051   15.9679
   -7.5000  -37.5000  -37.5000 2233.6462   15.6681
    0.0000  -37.5000  -37.5000 2241.4429   15.5425
    7.5000  -37.5000  -37.5000 2238.9324   15.5478
   -7.5000  -30.0000  -37.5000 2259.0176   15.3164
    0.0000  -30.0000  -37.5000 2266.5037   15.2045
    7.5000  -30.0000  -37.5000 2260.2568   15.1903
   -7.5000  -22.5000  -37.5000 2278.6956   14.9096
    0.0000  -22.5000  -37.5000 2287.7861   14.8371
    7.5000  -22.5000  -37.5000 2282.2542   14.8101
   -7.5000  -15.0000  -37.5000 2299.5449   14.5588
    0.0000  -15.0000  -37.5000 2307.8850   14.5022
    7.5000  -15.0000  -37.5000 2304.0481   14.5022
   -7.5000   -7.5000  -37.5000 2324.1362   14.2961
    0.0000   -7.5000  -37.5000 2331.3335   14.2750
    7.5000   -7.5000  -37.5000 2328.1394   14.3009
   -7.5000    0.0000  -37.5000 2338.6084   14.1973
    0.0000    0.0000  -37.5000 2351.9912   14.2191
    7.5000    0.0000  -37.5000 2347.2515   14.2338
   -7.5000    7.5000  -37.5000 2350.0815   14.1776
    0.0000    7.5000  -37.5000 2364.8240   14.1722
    7.5000    7.5000  -37.5000 2355.5574   14.2167
   -7.5000   15.0000  -37.5000 2349.2776   14.1323
    0.0000   15.0000  -37.5000 2361.9456   14.1487
    7.5000   15.0000  -37.5000 2353.6025   14.1924
   -7.5000   22.5000  -37.5000 2342.6182   14.1479
    0.0000   22.5000  -37.5000 2355.2197   14.1526
    7.5000   22.5000  -37.5000 2343.4673   14.2017
   -7.5000   30.0000  -37.5000 2341.9875   14.2575
    0.0000   30.0000  -37.5000 2353.4495   14.2377
    7.5000   30.0000  -37.5000 2335.8835   14.2906
   -7.5000   37.5000  -37.5000 2327.2942   14.5719
    0.0000   37.5000  -37.5000 2342.4292   14.5578
    7.5000   37.5000  -37.5000 2325.8215   14.6374
   -7.5000   45.0000  -37.5000 2299.6978   15.1761
    0.0000   45.0000  -37.5000 2313.3184   15.1360
    7.5000   45.0000  -37.5000 2299.7732   15.2217
   -7.5000  -45.0000  -30.0000 2286.4351   15.6908
    0.0000  -45.0000  -30.0000 2294.9053   15.6247
    7.5000  -45.0000  -30.0000 2293.5625   15.5695
   -7.5000  -37.5000  -30.0000 2326.7275   15.2046
    0.0000  -37.5000  -30.0000 2338.8867   15.1865
    7.5000  -37.5000  -30.0000 2335.2412   15.1283
   -7.5000  -30.0000  -30.0000 2359.1873   14.7737
    0.0000  -30.0000  -30.0000 2371.5725   14.7217
    7.5000  -30.0000  -30.0000 2369.1831   14.6675
   -7.5000  -22.5000  -30.0000 2396.6758   14.3356
    0.0000  -22.5000  -30.0000 2410.8445   14.2651
    7.5000  -22.5000  -30.0000 2405.4683   14.2456
   -7.5000  -15.0000  -30.0000 2434.9680   13.9268
    0.0000  -15.0000  -30.0000 2448.3081   13.8681
    7.5000  -15.0000  -30.0000 2438.9995   13.8581
   -7.5000   -7.5000  -30.0000 2465.4783   13.6148
    0.0000   -7.5000  -30.0000 2478.9487   13.5718
    7.5000   -7.5000  -30.0000 2470.2749   13.5929
   -7.5000    0.0000  -30.0000 2484.4636   13.4402
    0.0000    0.0000  -30.0000 2495.2380   13.4401
    7.5000    0.0000  -30.0000 2488.0393   13.4706
   -7.5000    7.5000  -30.0000 2496.8020   13.3911
    0.0000    7.5000  -30.0000 2510.8997   13.3803
    7.5000    7.5000  -30.0000 2499.5210   13.4168
   -7.5000   15.0000  -30.0000 2499.0303   13.3881
    0.0000   15.0000  -30.0000 2514.3354   13.3563
    7.5000   15.0000  -30.0000 2499.4751   13.3995
   -7.5000   22.5000  -30.0000 2498.7449   13.3851
    0.0000   22.5000  -30.0000 2516.7310   13.3731
    7.5000   22.5000  -30.0000 2496.3318   13.4334
   -7.5000   30.0000  -30.0000 2493.3508   13.4884
    0.0000   30.0000  -30.0000 2511.0933   13.4615
    7.5000   30.0000  -30.0000 2490.2986   13.5364
   -7.5000   37.5000  -30.0000 2481.4973   13.7780
    0.0000   37.5000  -30.0000 2498.6252   13.7484
    7.5000   37.5000  -30.0000 2479.5117   13.8368
   -7.5000   45.0000  -30.0000 2453.3193   14.3330
    0.0000   45.0000  -30.0000 2471.6870   14.3042
    7.5000   45.0000  -30.0000 2451.1843   14.3837
   -7.5000  -45.0000  -22.5000 2347.1709   15.2206
    0.0000  -45.0000  -22.5000 2358.0554   15.1638
    7.5000  -45.0000  -22.5000 2353.7466   15.0343
   -7.5000  -37.5000  -22.5000 2401.6167   14.7306
    0.0000  -37.5000  -22.5000 2407.8152   14.6506
    7.5000  -37.5000  -22.5000 2403.7322   14.5525
   -7.5000  -30.0000  -22.5000 2446.1824   14.2193
    0.0000  -30.0000  -22.5000 2455.0439   14.1421
    7.5000  -30.0000  -22.5000 2451.4160   14.0856
   -7.5000  -22.5000  -22.5000 2491.8289   13.6944
    0.0000  -22.5000  -22.5000 2509.4099   13.6501
    7.5000  -22.5000  -22.5000 2497.2361   13.6089
   -7.5000  -15.0000  -22.5000 2540.1089   13.2659
    0.0000  -15.0000  -22.5000 2557.6892   13.1920
    7.5000  -15.0000  -22.5000 2539.6873   13.1890
   -7.5000   -7.5000  -22.5000 2579.1921   12.9255
    0.0000   -7.5000  -22.5000 2596.9204   12.8379
    7.5000   -7.5000  -22.5000 2583.5745   12.8738
   -7.5000    0.0000  -22.5000 2607.7656   12.6790
    0.0000    0.0000  -22.5000 2623.9075   12.6207
    7.5000    0.0000  -22.5000 2611.9866   12.6661
   -7.5000    7.5000  -22.5000 2620.7839   12.5814
    0.0000    7.5000  -22.5000 2635.3560   12.5180
    7.5000    7.5000  -22.5000 2625.2959   12.5802
   -7.5000   15.0000  -22.5000 2629.5029   12.5587
    0.0000   15.0000  -22.5000 2640.9417   12.4932
    7.5000   15.0000  -22.5000 2626.7947   12.5730
   -7.5000   22.5000  -22.5000 2634.4231   12.5688
    0.0000   22.5000  -22.5000 2645.9780   12.5110
    7.5000   22.5000  -22.5000 2628.6460   12.5944
   -7.5000   30.0000  -22.5000 2628.7366   12.6677
    0.0000   30.0000  -22.5000 2640.5103   12.6101
    7.5000   30.0000  -22.5000 2623.8274   12.7104
   -7.5000   37.5000  -22.5000 2612.5820   12.9308
    0.0000   37.5000  -22.5000 2631.6953   12.8816
    7.5000   37.5000  -22.5000 2610.8938   12.9976
   -7.5000   45.0000  -22.5000 2584.8689   13.4267
    0.0000   45.0000  -22.5000 2603.5615   13.3833
    7.5000   45.0000  -22.5000 2584.7339   13.4941
   -7.5000  -45.0000  -15.0000 2386.3066   14.7666
    0.0000  -45.0000  -15.0000 2401.3364   14.7197
    7.5000  -45.0000  -15.0000 2390.5437   14.5423
   -7.5000  -37.5000  -15.0000 2441.7397   14.2411
    0.0000  -37.5000  -15.0000 2453.3210   14.1685
    7.5000  -37.5000  -15.0000 2445.0203   14.0604
   -7.5000  -30.0000  -15.0000 2491.4539   13.6994
    0.0000  -30.0000  -15.0000 2503.0823   13.6020
    7.5000  -30.0000  -15.0000 2493.1494   13.5441
   -7.5000  -22.5000  -15.0000 2549.3728   13.1600
    0.0000  -22.5000  -15.0000 2565.8823   13.0422
    7.5000  -22.5000  -15.0000 2553.4971   13.0228
   -7.5000  -15.0000  -15.0000 2610.3630   12.6809
    0.0000  -15.0000  -15.0000 2628.0039   12.5288
    7.5000  -15.0000  -15.0000 2614.2061   12.5621
   -7.5000   -7.5000  -15.0000 2661.7078   12.2687
    0.0000   -7.5000  -15.0000 2678.8118   12.1319
    7.5000   -7.5000  -15.0000 2668.6855   12.1983
   -7.5000    0.0000  -15.0000 2696.7673   12.0016
    0.0000    0.0000  -15.0000 2706.1824   11.8807
    7.5000    0.0000  -15.0000 2697.6401   11.9501
   -7.5000    7.5000  -15.0000 2713.2859   11.8333
    0.0000    7.5000  -15.0000 2724.0872   11.7209
    7.5000    7.5000  -15.0000 2715.0088   11.7954
   -7.5000   15.0000  -15.0000 2723.2693   11.7328
    0.0000   15.0000  -15.0000 2736.5334   11.6350
    7.5000   15.0000  -15.0000 2721.4094   11.7312
   -7.5000   22.5000  -15.0000 2730.6929   11.7272
    0.0000   22.5000  -15.0000 2745.3486   11.6609
    7.5000   22.5000  -15.0000 2726.1362   11.7582
   -7.5000   30.0000  -15.0000 2730.3289   11.8369
    0.0000   30.0000  -15.0000 2745.1704   11.7716
    7.5000   30.0000  -15.0000 2728.6501   11.8838
   -7.5000   37.5000  -15.0000 2720.2485   12.0933
    0.0000   37.5000  -15.0000 2738.7195   12.0098
    7.5000   37.5000  -15.0000 2719.0913   12.1423
   -7.5000   45.0000  -15.0000 2689.8723   12.5750
    0.0000   45.0000  -15.0000 2711.0435   12.4847
    7.5000   45.0000  -15.0000 2691.4858   12.6140
   -7.5000  -45.0000   -7.5000 2415.7139   14.4005
    0.0000  -45.0000   -7.5000 2429.9333   14.3470
    7.5000  -45.0000   -7.5000 2420.2300   14.1813
   -7.5000  -37.5000   -7.5000 2472.8594   13.8093
    0.0000  -37.5000   -7.5000 2486.2466   13.7725
    7.5000  -37.5000   -7.5000 2475.2095   13.6292
   -7.5000  -30.0000   -7.5000 2525.2292   13.2062
    0.0000  -30.0000   -7.5000 2541.9905   13.1260
    7.5000  -30.0000   -7.5000 2528.8127   13.0747
   -7.5000  -22.5000   -7.5000 2590.7544   12.6607
    0.0000  -22.5000   -7.5000 2608.7429   12.5543
    7.5000  -22.5000   -7.5000 2592.8892   12.5411
   -7.5000  -15.0000   -7.5000 2655.8936   12.1189
    0.0000  -15.0000   -7.5000 2671.2400   12.0059
    7.5000  -15.0000   -7.5000 2659.8394   12.0205
   -7.5000   -7.5000   -7.5000 2705.8257   11.6724
    0.0000   -7.5000   -7.5000 2722.5981   11.5433
    7.5000   -7.5000   -7.5000 2716.5334   11.5950
   -7.5000    0.0000   -7.5000 2749.7107   11.3272
    0.0000    0.0000   -7.5000 2763.7625   11.2203
    7.5000    0.0000   -7.5000 2756.0142   11.2795
   -7.5000    7.5000   -7.5000 2772.4033   11.1099
    0.0000    7.5000   -7.5000 2790.4255   11.0041
    7.5000    7.5000   -7.5000 2781.9473   11.0655
   -7.5000   15.0000   -7.5000 2790.1438   10.9576
    0.0000   15.0000   -7.5000 2809.3123   10.8426
    7.5000   15.0000   -7.5000 2797.9607   10.9424
   -7.5000   22.5000   -7.5000 2806.2358   10.9329
    0.0000   22.5000   -7.5000 2825.4888   10.8187
    7.5000   22.5000   -7.5000 2809.7427   10.9426
   -7.5000   30.0000   -7.5000 2815.7639   11.0492
    0.0000   30.0000   -7.5000 2835.1174   10.9354
    7.5000   30.0000   -7.5000 2814.8630   11.0641
   -7.5000   37.5000   -7.5000 2814.4070   11.3341
    0.0000   37.5000   -7.5000 2830.3887   11.2060
    7.5000   37.5000   -7.5000 2814.0354   11.3557
   -7.5000   45.0000   -7.5000 2785.5105   11.8093
    0.0000   45.0000   -7.5000 2807.2405   11.6750
    7.5000   45.0000   -7.5000 2788.7966   11.8267
   -7.5000  -45.0000    0.0000 2438.7764   14.1540
    0.0000  -45.0000    0.0000 2453.5632   14.0760
    7.5000  -45.0000    0.0000 2440.9187   14.0253
   -7.5000  -37.5000    0.0000 2493.0164   13.4828
    0.0000  -37.5000    0.0000 2507.0957   13.4182
    7.5000  -37.5000    0.0000 2498.1895   13.3720
   -7.5000  -30.0000    0.0000 2545.7351   12.8436
    0.0000  -30.0000    0.0000 2562.6729   12.7760
    7.5000  -30.0000    0.0000 2553.5095   12.7618
   -7.5000  -22.5000    0.0000 2609.5999   12.2348
    0.0000  -22.5000    0.0000 2628.8066   12.1665
    7.5000  -22.5000    0.0000 2616.2073   12.1797
   -7.5000  -15.0000    0.0000 2673.8594   11.6963
    0.0000  -15.0000    0.0000 2688.1565   11.6039
    7.5000  -15.0000    0.0000 2681.8628   11.6200
   -7.5000   -7.5000    0.0000 2727.3623   11.2501
    0.0000   -7.5000    0.0000 2743.4873   11.1336
    7.5000   -7.5000    0.0000 2739.7368   11.1852
   -7.5000    0.0000    0.0000 2774.9041   10.8570
    0.0000    0.0000    0.0000 2790.6501   10.7451
    7.5000    0.0000    0.0000 2787.7917   10.8232
   -7.5000    7.5000    0.0000 2814.4243   10.5941
    0.0000    7.5000    0.0000 2834.1326   10.4539
    7.5000    7.5000    0.0000 2829.1775   10.5497
   -7.5000   15.0000    0.0000 2845.1460   10.4051
    0.0000   15.0000    0.0000 2860.3855   10.2619
    7.5000   15.0000    0.0000 2858.1814   10.3673
   -7.5000   22.5000    0.0000 2873.0051   10.3375
    0.0000   22.5000    0.0000 2888.4290   10.1847
    7.5000   22.5000    0.0000 2878.9883   10.3199
   -7.5000   30.0000    0.0000 2893.3467   10.4279
    0.0000   30.0000    0.0000 2909.3135   10.2692
    7.5000   30.0000    0.0000 2889.6790   10.4207
   -7.5000   37.5000    0.0000 2892.0815   10.7305
    0.0000   37.5000    0.0000 2909.2368   10.5617
    7.5000   37.5000    0.0000 2890.2893   10.7207
   -7.5000   45.0000    0.0000 2860.8967   11.2134
    0.0000   45.0000    0.0000 2882.8347   11.0517
    7.5000   45.0000    0.0000 2864.9121   11.2098
   -7.5000  -45.0000    7.5000 2440.2061   14.0617
    0.0000  -45.0000    7.5000 2445.9622   13.9365
    7.5000  -45.0000    7.5000 2447.5762   14.0069
   -7.5000  -37.5000    7.5000 2499.2715   13.3384
    0.0000  -37.5000    7.5000 2509.3660   13.2360
    7.5000  -37.5000    7.5000 2505.2578   13.2978
   -7.5000  -30.0000    7.5000 2556.3408   12.6568
    0.0000  -30.0000    7.5000 2571.0603   12.5778
    7.5000  -30.0000    7.5000 2562.6509   12.6030
   -7.5000  -22.5000    7.5000 2621.0957   12.0393
    0.0000  -22.5000    7.5000 2634.2568   11.9321
    7.5000  -22.5000    7.5000 2626.6985   11.9582
   -7.5000  -15.0000    7.5000 2688.6333   11.4751
    0.0000  -15.0000    7.5000 2694.7205   11.3530
    7.5000  -15.0000    7.5000 2693.9072   11.3869
   -7.5000   -7.5000    7.5000 2742.6924   10.9998
    0.0000   -7.5000    7.5000 2752.3057   10.8657
    7.5000   -7.5000    7.5000 2752.1379   10.9207
   -7.5000    0.0000    7.5000 2788.9092   10.5781
    0.0000    0.0000    7.5000 2804.5300   10.4615
    7.5000    0.0000    7.5000 2798.3682   10.5293
   -7.5000    7.5000    7.5000 2840.5081   10.2665
    0.0000    7.5000    7.5000 2856.1831   10.1370
    7.5000    7.5000    7.5000 2849.6765   10.2187
   -7.5000   15.0000    7.5000 2884.6987   10.0596
    0.0000   15.0000    7.5000 2899.5420    9.9139
    7.5000   15.0000    7.5000 2895.5479   10.0076
   -7.5000   22.5000    7.5000 2926.8940    9.9878
    0.0000   22.5000    7.5000 2941.2178    9.8303
    7.5000   22.5000    7.5000 2933.2305    9.9501
   -7.5000   30.0000    7.5000 2958.2249   10.0463
    0.0000   30.0000    7.5000 2977.2756    9.8640
    7.5000   30.0000    7.5000 2955.2339   10.0511
   -7.5000   37.5000    7.5000 2958.9785   10.3314
    0.0000   37.5000    7.5000 2977.9001   10.1401
    7.5000   37.5000    7.5000 2959.3330   10.3416
   -7.5000   45.0000    7.5000 2924.4353   10.8040
    0.0000   45.0000    7.5000 2943.5090   10.6340
    7.5000   45.0000    7.5000 2928.7188   10.8228
   -7.5000  -45.0000   15.0000 2431.0518   14.1956
    0.0000  -45.0000   15.0000 2421.9775   13.9665
    7.5000  -45.0000   15.0000 2434.9712   14.1681
   -7.5000  -37.5000   15.0000 2489.9080   13.3667
    0.0000  -37.5000   15.0000 2484.5918   13.1877
    7.5000  -37.5000   15.0000 2491.8933   13.3568
   -7.5000  -30.0000   15.0000 2545.4556   12.6368
    0.0000  -30.0000   15.0000 2547.6638   12.4957
    7.5000  -30.0000   15.0000 2546.7207   12.6163
   -7.5000  -22.5000   15.0000 2611.1509   12.0050
    0.0000  -22.5000   15.0000 2613.9587   11.8657
    7.5000  -22.5000   15.0000 2611.4670   11.9339
   -7.5000  -15.0000   15.0000 2672.5886   11.4172
    0.0000  -15.0000   15.0000 2675.6274   11.2881
    7.5000  -15.0000   15.0000 2673.7263   11.3391
   -7.5000   -7.5000   15.0000 2729.8721   10.9017
    0.0000   -7.5000   15.0000 2732.8860   10.7830
    7.5000   -7.5000   15.0000 2730.4033   10.8415
   -7.5000    0.0000   15.0000 2784.9033   10.4712
    0.0000    0.0000   15.0000 2792.7976   10.3604
    7.5000    0.0000   15.0000 2788.5325   10.4193
   -7.5000    7.5000   15.0000 2844.4419   10.1418
    0.0000    7.5000   15.0000 2853.8843   10.0352
    7.5000    7.5000   15.0000 2851.4404   10.1021
   -7.5000   15.0000   15.0000 2904.9165    9.9624
    0.0000   15.0000   15.0000 2915.1941    9.8423
    7.5000   15.0000   15.0000 2911.8291    9.9197
   -7.5000   22.5000   15.0000 2968.0496    9.9030
    0.0000   22.5000   15.0000 2987.7258    9.8117
    7.5000   22.5000   15.0000 2973.9185    9.8869
   -7.5000   30.0000   15.0000 3010.9272    9.9363
    0.0000   30.0000   15.0000 3045.3274    9.8181
    7.5000   30.0000   15.0000 3009.6658    9.9644
   -7.5000   37.5000   15.0000 3007.3550   10.1301
    0.0000   37.5000   15.0000 3041.4478   10.0057
    7.5000   37.5000   15.0000 3003.2673   10.1742
   -7.5000   45.0000   15.0000 2960.1411   10.5653
    0.0000   45.0000   15.0000 2989.3281   10.4487
    7.5000   45.0000   15.0000 2961.9338   10.5889
   -7.5000  -45.0000   22.5000 2379.8740   14.5534
    0.0000  -45.0000   22.5000 2369.2214   14.3056
    7.5000  -45.0000   22.5000 2384.0991   14.5876
   -7.5000  -37.5000   22.5000 2448.7124   13.6546
    0.0000  -37.5000   22.5000 2444.6836   13.4587
    7.5000  -37.5000   22.5000 2451.9319   13.7097
   -7.5000  -30.0000   22.5000 2513.9666   12.8871
    0.0000  -30.0000   22.5000 2515.5891   12.7566
    7.5000  -30.0000   22.5000 2516.0105   12.9369
   -7.5000  -22.5000   22.5000 2579.1826   12.1819
    0.0000  -22.5000   22.5000 2583.2083   12.0764
    7.5000  -22.5000   22.5000 2582.9417   12.2030
   -7.5000  -15.0000   22.5000 2641.5232   11.5539
    0.0000  -15.0000   22.5000 2641.9280   11.4429
    7.5000  -15.0000   22.5000 2646.6001   11.5418
   -7.5000   -7.5000   22.5000 2707.1804   11.0459
    0.0000   -7.5000   22.5000 2701.9460   10.9089
    7.5000   -7.5000   22.5000 2708.5479   11.0036
   -7.5000    0.0000   22.5000 2773.7969   10.6178
    0.0000    0.0000   22.5000 2772.8164   10.5138
    7.5000    0.0000   22.5000 2776.9685   10.5904
   -7.5000    7.5000   22.5000 2845.6309   10.2904
    0.0000    7.5000   22.5000 2852.5750   10.2343
    7.5000    7.5000   22.5000 2847.5315   10.2819
   -7.5000   15.0000   22.5000 2913.8359   10.0811
    0.0000   15.0000   22.5000 2937.7505   10.0574
    7.5000   15.0000   22.5000 2913.8044   10.0669
   -7.5000   22.5000   22.5000 2983.4380   10.0091
    0.0000   22.5000   22.5000 3027.9548   10.0419
    7.5000   22.5000   22.5000 2983.7869    9.9972
   -7.5000   30.0000   22.5000 3031.5789   10.0381
    0.0000   30.0000   22.5000 3096.4700   10.0656
    7.5000   30.0000   22.5000 3024.8296   10.0467
   -7.5000   37.5000   22.5000 3022.4578   10.1812
    0.0000   37.5000   22.5000 3082.0850   10.1284
    7.5000   37.5000   22.5000 3015.7612   10.2192
   -7.5000   45.0000   22.5000 2971.2773   10.5204
    0.0000   45.0000   22.5000 3011.7258   10.4250
    7.5000   45.0000   22.5000 2972.4456   10.5486
   -7.5000  -45.0000   30.0000 2313.0708   15.3384
    0.0000  -45.0000   30.0000 2311.6824   15.1144
    7.5000  -45.0000   30.0000 2313.9426   15.3827
   -7.5000  -37.5000   30.0000 2390.1272   14.3142
    0.0000  -37.5000   30.0000 2386.8164   14.1198
    7.5000  -37.5000   30.0000 2396.0491   14.3879
   -7.5000  -30.0000   30.0000 2465.2222   13.4591
    0.0000  -30.0000   30.0000 2464.1672   13.3186
    7.5000  -30.0000   30.0000 2468.7126   13.5344
   -7.5000  -22.5000   30.0000 2539.8098   12.6722
    0.0000  -22.5000   30.0000 2542.7073   12.5863
    7.5000  -22.5000   30.0000 2542.3391   12.7290
   -7.5000  -15.0000   30.0000 2613.7930   12.0158
    0.0000  -15.0000   30.0000 2618.9355   11.9324
    7.5000  -15.0000   30.0000 2614.5811   12.0439
   -7.5000   -7.5000   30.0000 2688.6462   11.4964
    0.0000   -7.5000   30.0000 2699.5388   11.4380
    7.5000   -7.5000   30.0000 2685.3279   11.4825
   -7.5000    0.0000   30.0000 2761.2581   11.0490
    0.0000    0.0000   30.0000 2778.5979   11.0024
    7.5000    0.0000   30.0000 2759.5776   11.0311
   -7.5000    7.5000   30.0000 2833.6975   10.6904
    0.0000    7.5000   30.0000 2850.5974   10.6395
    7.5000    7.5000   30.0000 2830.5195   10.6861
   -7.5000   15.0000   30.0000 2903.1287   10.4292
    0.0000   15.0000   30.0000 2923.8481   10.3499
    7.5000   15.0000   30.0000 2902.3184   10.4190
   -7.5000   22.5000   30.0000 2972.1680   10.2700
    0.0000   22.5000   30.0000 3006.5078   10.2193
    7.5000   22.5000   30.0000 2970.2017   10.2887
   -7.5000   30.0000   30.0000 3015.7769   10.2299
    0.0000   30.0000   30.0000 3060.2441   10.1218
    7.5000   30.0000   30.0000 3004.4458   10.2687
   -7.5000   37.5000   30.0000 2999.5234   10.4342
    0.0000   37.5000   30.0000 3044.3528   10.3178
    7.5000   37.5000   30.0000 2996.0029   10.4476
   -7.5000   45.0000   30.0000 2944.2993   10.8297
    0.0000   45.0000   30.0000 2983.0747   10.7378
    7.5000   45.0000   30.0000 2950.4395   10.8564
   -7.5000  -45.0000   37.5000 2237.6531   16.5446
    0.0000  -45.0000   37.5000 2231.2722   16.3648
    7.5000  -45.0000   37.5000 2240.0400   16.6037
   -7.5000  -37.5000   37.5000 2320.8440   15.4099
    0.0000  -37.5000   37.5000 2323.4861   15.2771
    7.5000  -37.5000   37.5000 2328.9854   15.4799
   -7.5000  -30.0000   37.5000 2409.2405   14.4349
    0.0000  -30.0000   37.5000 2422.0083   14.3479
    7.5000  -30.0000   37.5000 2418.9343   14.5365
   -7.5000  -22.5000   37.5000 2498.3804   13.5274
    0.0000  -22.5000   37.5000 2516.0005   13.4856
    7.5000  -22.5000   37.5000 2505.9783   13.6275
   -7.5000  -15.0000   37.5000 2589.5889   12.7623
    0.0000  -15.0000   37.5000 2602.4954   12.7134
    7.5000  -15.0000   37.5000 2586.0535   12.8186
   -7.5000   -7.5000   37.5000 2668.6150   12.1281
    0.0000   -7.5000   37.5000 2681.0396   12.0410
    7.5000   -7.5000   37.5000 2663.7002   12.1285
   -7.5000    0.0000   37.5000 2739.2651   11.6098
    0.0000    0.0000   37.5000 2749.4639   11.4728
    7.5000    0.0000   37.5000 2735.6233   11.5809
   -7.5000    7.5000   37.5000 2804.4866   11.1728
    0.0000    7.5000   37.5000 2818.6921   11.0207
    7.5000    7.5000   37.5000 2803.6240   11.1572
   -7.5000   15.0000   37.5000 2872.4495   10.8716
    0.0000   15.0000   37.5000 2888.2917   10.7180
    7.5000   15.0000   37.5000 2870.7651   10.8632
   -7.5000   22.5000   37.5000 2934.2632   10.6732
    0.0000   22.5000   37.5000 2958.5837   10.4888
    7.5000   22.5000   37.5000 2930.3452   10.6762
   -7.5000   30.0000   37.5000 2966.5830   10.5994
    0.0000   30.0000   37.5000 2990.9426   10.3727
    7.5000   30.0000   37.5000 2957.0557   10.6122
   -7.5000   37.5000   37.5000 2951.2959   10.8314
    0.0000   37.5000   37.5000 2980.7600   10.6465
    7.5000   37.5000   37.5000 2948.4106   10.8368
   -7.5000   45.0000   37.5000 2898.2083   11.2607
    0.0000   45.0000   37.5000 2930.3069   11.1088
    7.5000   45.0000   37.5000 2904.8552   11.2506
   -7.5000  -45.0000   45.0000 2170.0583   18.2220
    0.0000  -45.0000   45.0000 2162.0054   18.0905
    7.5000  -45.0000   45.0000 2162.0811   18.3736
   -7.5000  -37.5000   45.0000 2256.2124   16.8492
    0.0000  -37.5000   45.0000 2256.5081   16.7077
    7.5000  -37.5000   45.0000 2261.0251   16.9716
   -7.5000  -30.0000   45.0000 2345.6814   15.6439
    0.0000  -30.0000   45.0000 2349.7922   15.5015
    7.5000  -30.0000   45.0000 2357.9175   15.7990
   -7.5000  -22.5000   45.0000 2439.7637   14.5399
    0.0000  -22.5000   45.0000 2451.3130   14.4270
    7.5000  -22.5000   45.0000 2453.0271   14.6737
   -7.5000  -15.0000   45.0000 2537.6394   13.5782
    0.0000  -15.0000   45.0000 2552.5239   13.4569
    7.5000  -15.0000   45.0000 2539.1133   13.6658
   -7.5000   -7.5000   45.0000 2625.6265   12.7935
    0.0000   -7.5000   45.0000 2639.1428   12.6662
    7.5000   -7.5000   45.0000 2623.8389   12.8147
   -7.5000    0.0000   45.0000 2694.2573   12.2252
    0.0000    0.0000   45.0000 2705.7217   12.0587
    7.5000    0.0000   45.0000 2690.0894   12.2173
   -7.5000    7.5000   45.0000 2759.5879   11.7546
    0.0000    7.5000   45.0000 2774.5903   11.5796
    7.5000    7.5000   45.0000 2757.5869   11.7406
   -7.5000   15.0000   45.0000 2824.1848   11.4212
    0.0000   15.0000   45.0000 2841.0515   11.2434
    7.5000   15.0000   45.0000 2820.0276   11.4026
   -7.5000   22.5000   45.0000 2873.2180   11.1919
    0.0000   22.5000   45.0000 2893.0598   10.9569
    7.5000   22.5000   45.0000 2870.8838   11.1928
   -7.5000   30.0000   45.0000 2892.6350   11.1241
    0.0000   30.0000   45.0000 2911.2559   10.9146
    7.5000   30.0000   45.0000 2888.9988   11.1421
   -7.5000   37.5000   45.0000 2879.9194   11.3747
    0.0000   37.5000   45.0000 2901.3311   11.2092
    7.5000   37.5000   45.0000 2875.4961   11.4015
   -7.5000   45.0000   45.0000 2826.8408   11.8121
    0.0000   45.0000   45.0000 2855.2356   11.6555
    7.5000   45.0000   45.0000 2830.2925   11.8126

---------------------------------------------------------------------
imgreg_4dfp /home/aracena/freesurfer/average/711-2C_as_mni_average_305 /home/aracena/freesurfer/average/711-2B_as_mni_average_305_mask talsrcimg_g11 none talsrcimg_to_711-2C_as_mni_average_305_t4 1283
---------------------------------------------------------------------

freesurfer imgreg_4dfp.c
/home/aracena/freesurfer/average/711-2C_as_mni_average_305.4dfp.img
       256       256       256         1
  1.000000  1.000000  1.000000
orientation T byte_order littleendian
Reading image: /home/aracena/freesurfer/average/711-2C_as_mni_average_305.4dfp.img
dimensions:      256       256       256
mmppix:       1.0000   -1.0000   -1.0000
center:     128.0000 -129.0000 -129.0000
/home/aracena/freesurfer/average/711-2B_as_mni_average_305_mask.4dfp.img
       256       256       256         1
  1.000000  1.000000  1.000000
orientation T byte_order littleendian
Reading mask: /home/aracena/freesurfer/average/711-2B_as_mni_average_305_mask.4dfp.img (2306576 pixels)
talsrcimg_g11.4dfp.img
       256       256       256         1
  1.000000  1.000000  1.000000
orientation T byte_order littleendian
Reading image: talsrcimg_g11.4dfp.img
dimensions:      256       256       256
mmppix:       1.0000   -1.0000   -1.0000
center:     128.0000 -129.0000 -129.0000
rotation matrix determinant  1.000000
fimgreg.f
image alignment mode   1283 decimal      503 hex
parameters
    0.0000   30.0000   22.5000    0.0000    0.0000    0.0000
eta,q 0.97102 10.09650
niter,ni,del,rscale     5    3   12.0000    1.2000
parameters
   -0.1444   32.1461   22.9696   -2.0149   -0.1842    1.0480
eta,q 0.97251 10.00587
  0.0461  0.0460  0.0404  0.0305  0.0360  0.0354
  0.0387  0.0384  0.0341  0.0286  0.0318  0.0322
  0.0322  0.0332  0.0296  0.0277  0.0288  0.0291
  0.0299  0.0298  0.0284  0.0286  0.0277  0.0277
  0.0329  0.0285  0.0293  0.0306  0.0291  0.0276
  0.0396  0.0295  0.0322  0.0334  0.0325  0.0289
  0.0477  0.0325  0.0368  0.0359  0.0371  0.0318
niter,ni,del,rscale     4    3   12.0000    1.2000
parameters
   -0.1374   32.7160   22.6591   -2.6182   -0.2213    1.1826
eta,q 0.97262 10.00635
  0.0447  0.0396  0.0371  0.0317  0.0360  0.0339
  0.0365  0.0337  0.0306  0.0292  0.0318  0.0303
  0.0297  0.0293  0.0274  0.0277  0.0288  0.0280
  0.0275  0.0275  0.0276  0.0274  0.0274  0.0274
  0.0302  0.0283  0.0296  0.0283  0.0285  0.0279
  0.0364  0.0312  0.0332  0.0307  0.0318  0.0302
  0.0445  0.0357  0.0379  0.0338  0.0364  0.0331
niter,ni,del,rscale     3    3   12.0000    1.2000
parameters
   -0.1065   32.8918   22.5580   -2.8061   -0.2430    1.2073
eta,q 0.97262 10.00671
  0.0447  0.0380  0.0379  0.0323  0.0360  0.0336
  0.0365  0.0323  0.0311  0.0296  0.0319  0.0300
  0.0298  0.0284  0.0275  0.0278  0.0288  0.0279
  0.0274  0.0274  0.0274  0.0274  0.0274  0.0274
  0.0299  0.0285  0.0293  0.0280  0.0285  0.0280
  0.0362  0.0319  0.0327  0.0300  0.0318  0.0303
  0.0443  0.0365  0.0373  0.0331  0.0364  0.0332
niter,ni,del,rscale     2    3   12.0000    1.2000
parameters
   -0.0936   32.9504   22.5270   -2.8605   -0.2531    1.2157
eta,q 0.97261 10.00675
  0.0447  0.0376  0.0381  0.0326  0.0360  0.0335
  0.0365  0.0319  0.0313  0.0298  0.0319  0.0299
  0.0298  0.0282  0.0276  0.0279  0.0288  0.0279
  0.0274  0.0274  0.0274  0.0274  0.0274  0.0274
  0.0299  0.0286  0.0292  0.0279  0.0284  0.0280
  0.0363  0.0322  0.0326  0.0298  0.0318  0.0303
  0.0445  0.0367  0.0371  0.0328  0.0363  0.0332
registration optimization eta report
parameter search radius
    6.0000    6.0000    6.0000    6.0000    6.0000    6.0000
100000*second partial in parameter space
       47.       27.       29.       15.       24.       17.
  0.0447  0.0376  0.0381  0.0326  0.0360  0.0335
  0.0365  0.0319  0.0313  0.0298  0.0319  0.0299
  0.0298  0.0282  0.0276  0.0279  0.0288  0.0279
  0.0274  0.0274  0.0274  0.0274  0.0274  0.0274
  0.0299  0.0286  0.0292  0.0279  0.0284  0.0280
  0.0363  0.0322  0.0326  0.0298  0.0318  0.0303
  0.0445  0.0367  0.0371  0.0328  0.0363  0.0332
   -0.0936   32.9504   22.5270   -2.8605   -0.2531    1.2157
eta,q 0.97261 10.00675

---------------------------------------------------------------------
imgreg_4dfp /home/aracena/freesurfer/average/711-2C_as_mni_average_305 /home/aracena/freesurfer/average/711-2B_as_mni_average_305_mask talsrcimg_g11 none talsrcimg_to_711-2C_as_mni_average_305_t4 3335
---------------------------------------------------------------------

freesurfer imgreg_4dfp.c
/home/aracena/freesurfer/average/711-2C_as_mni_average_305.4dfp.img
       256       256       256         1
  1.000000  1.000000  1.000000
orientation T byte_order littleendian
Reading image: /home/aracena/freesurfer/average/711-2C_as_mni_average_305.4dfp.img
dimensions:      256       256       256
mmppix:       1.0000   -1.0000   -1.0000
center:     128.0000 -129.0000 -129.0000
/home/aracena/freesurfer/average/711-2B_as_mni_average_305_mask.4dfp.img
       256       256       256         1
  1.000000  1.000000  1.000000
orientation T byte_order littleendian
Reading mask: /home/aracena/freesurfer/average/711-2B_as_mni_average_305_mask.4dfp.img (2306576 pixels)
talsrcimg_g11.4dfp.img
       256       256       256         1
  1.000000  1.000000  1.000000
orientation T byte_order littleendian
Reading image: talsrcimg_g11.4dfp.img
dimensions:      256       256       256
mmppix:       1.0000   -1.0000   -1.0000
center:     128.0000 -129.0000 -129.0000
fimgreg.f
image alignment mode   3335 decimal      D07 hex
parameters
   -0.0936   32.9504   22.5270   -0.0235   -0.1476   -0.1256
   -2.1411    0.3353    2.1217    4.9987   -0.4418   -4.9904
eta,q 0.97516 10.09387
niter,ni,del,rscale     5    3    5.0000    1.2000
parameter  5  0.800269 ->  0.500000 qaram    1.1500
parameters
   -0.1739   33.4288   22.2702   -3.0382   -4.2876   -2.3224
   -1.1221    0.4642    3.3146    6.1223   -2.9737   -5.3076
eta,q 0.97764  9.92710
  0.0280  0.0275  0.0265  0.0257  0.0226  0.0242  0.0256  0.0272  0.0251  0.0257  0.0229  0.0236
  0.0263  0.0262  0.0254  0.0243  0.0225  0.0233  0.0242  0.0249  0.0239  0.0242  0.0225  0.0229
  0.0252  0.0253  0.0248  0.0238  0.0230  0.0228  0.0232  0.0233  0.0231  0.0232  0.0224  0.0225
  0.0248  0.0248  0.0248  0.0247  0.0238  0.0226  0.0227  0.0227  0.0227  0.0226  0.0225  0.0224
  0.0253  0.0248  0.0252  0.0268  0.0251  0.0238  0.0228  0.0230  0.0226  0.0226  0.0230  0.0226
  0.0265  0.0252  0.0261  0.0298  0.0269  0.0266  0.0233  0.0245  0.0230  0.0232  0.0237  0.0230
  0.0285  0.0260  0.0273  0.0333  0.0291  0.0307  0.0243  0.0271  0.0239  0.0243  0.0247  0.0238
niter,ni,del,rscale     5    3    5.0000    1.2000
parameters
   -0.3156   33.4541   21.8267   -2.1893   -4.8686   -3.0276
   -1.3023    0.7416    3.8354    6.4537   -3.2459   -5.6735
eta,q 0.97781  9.90964
  0.0252  0.0245  0.0233  0.0270  0.0251  0.0247  0.0245  0.0272  0.0243  0.0247  0.0234  0.0234
  0.0236  0.0233  0.0226  0.0252  0.0233  0.0236  0.0232  0.0246  0.0232  0.0235  0.0227  0.0227
  0.0226  0.0226  0.0223  0.0234  0.0222  0.0227  0.0225  0.0229  0.0225  0.0226  0.0223  0.0223
  0.0224  0.0223  0.0223  0.0223  0.0222  0.0221  0.0222  0.0222  0.0222  0.0222  0.0222  0.0222
  0.0229  0.0226  0.0227  0.0223  0.0228  0.0221  0.0226  0.0226  0.0223  0.0224  0.0224  0.0224
  0.0241  0.0233  0.0234  0.0235  0.0240  0.0238  0.0234  0.0241  0.0229  0.0231  0.0228  0.0229
  0.0259  0.0243  0.0244  0.0256  0.0258  0.0270  0.0247  0.0265  0.0238  0.0243  0.0236  0.0237
niter,ni,del,rscale     4    3    5.0000    1.2000
parameters
   -0.2667   33.5060   21.8117   -1.9526   -4.8930   -3.1116
   -1.4286    0.8044    3.9291    6.5819   -3.3061   -5.7731
eta,q 0.97783  9.91072
  0.0256  0.0244  0.0236  0.0264  0.0255  0.0250  0.0245  0.0269  0.0240  0.0246  0.0235  0.0235
  0.0238  0.0232  0.0228  0.0246  0.0237  0.0238  0.0232  0.0244  0.0230  0.0233  0.0227  0.0228
  0.0226  0.0225  0.0224  0.0230  0.0224  0.0229  0.0224  0.0228  0.0224  0.0225  0.0223  0.0223
  0.0222  0.0222  0.0222  0.0222  0.0222  0.0222  0.0222  0.0222  0.0222  0.0222  0.0222  0.0222
  0.0225  0.0224  0.0223  0.0226  0.0227  0.0219  0.0225  0.0227  0.0224  0.0224  0.0223  0.0223
  0.0236  0.0231  0.0228  0.0240  0.0238  0.0232  0.0233  0.0243  0.0230  0.0232  0.0228  0.0228
  0.0254  0.0242  0.0237  0.0262  0.0254  0.0260  0.0247  0.0268  0.0239  0.0245  0.0235  0.0235
niter,ni,del,rscale     3    3    5.0000    1.2000
parameters
   -0.2534   33.5219   21.7990   -1.9205   -4.9017   -3.1234
   -1.4596    0.8187    3.9575    6.6234   -3.3061   -5.8149
eta,q 0.97782  9.91089
  0.0255  0.0243  0.0237  0.0263  0.0256  0.0250  0.0246  0.0269  0.0240  0.0245  0.0235  0.0235
  0.0237  0.0231  0.0228  0.0245  0.0237  0.0239  0.0233  0.0244  0.0230  0.0233  0.0227  0.0228
  0.0226  0.0224  0.0224  0.0229  0.0224  0.0229  0.0224  0.0228  0.0224  0.0225  0.0223  0.0223
  0.0222  0.0222  0.0222  0.0222  0.0222  0.0222  0.0222  0.0222  0.0222  0.0222  0.0222  0.0222
  0.0225  0.0224  0.0223  0.0226  0.0227  0.0219  0.0225  0.0227  0.0224  0.0224  0.0223  0.0223
  0.0236  0.0231  0.0228  0.0242  0.0238  0.0231  0.0233  0.0243  0.0230  0.0232  0.0228  0.0228
  0.0255  0.0243  0.0237  0.0264  0.0254  0.0259  0.0246  0.0269  0.0240  0.0245  0.0235  0.0235
registration optimization eta report
parameter search radius
    2.4000    2.4000    2.4000    7.2000    8.2800    7.2000
    7.2000    7.2000    7.2000    7.2000    7.2000    7.2000
100000*second partial in parameter space
       57.       37.       26.        8.        5.        7.
        5.        9.        3.        4.        3.        3.
  0.0255  0.0243  0.0237  0.0263  0.0256  0.0250  0.0246  0.0269  0.0240  0.0245  0.0235  0.0235
  0.0237  0.0231  0.0228  0.0245  0.0237  0.0239  0.0233  0.0244  0.0230  0.0233  0.0227  0.0228
  0.0226  0.0224  0.0224  0.0229  0.0224  0.0229  0.0224  0.0228  0.0224  0.0225  0.0223  0.0223
  0.0222  0.0222  0.0222  0.0222  0.0222  0.0222  0.0222  0.0222  0.0222  0.0222  0.0222  0.0222
  0.0225  0.0224  0.0223  0.0226  0.0227  0.0219  0.0225  0.0227  0.0224  0.0224  0.0223  0.0223
  0.0236  0.0231  0.0228  0.0242  0.0238  0.0231  0.0233  0.0243  0.0230  0.0232  0.0228  0.0228
  0.0255  0.0243  0.0237  0.0264  0.0254  0.0259  0.0246  0.0269  0.0240  0.0245  0.0235  0.0235
   -0.2534   33.5219   21.7990   -1.9205   -4.9017   -3.1234
   -1.4596    0.8187    3.9575    6.6234   -3.3061   -5.8149
eta,q 0.97782  9.91089

---------------------------------------------------------------------
imgreg_4dfp /home/aracena/freesurfer/average/711-2C_as_mni_average_305 /home/aracena/freesurfer/average/711-2B_as_mni_average_305_mask talsrcimg_g11 none talsrcimg_to_711-2C_as_mni_average_305_t4 2311
---------------------------------------------------------------------

freesurfer imgreg_4dfp.c
/home/aracena/freesurfer/average/711-2C_as_mni_average_305.4dfp.img
       256       256       256         1
  1.000000  1.000000  1.000000
orientation T byte_order littleendian
Reading image: /home/aracena/freesurfer/average/711-2C_as_mni_average_305.4dfp.img
dimensions:      256       256       256
mmppix:       1.0000   -1.0000   -1.0000
center:     128.0000 -129.0000 -129.0000
/home/aracena/freesurfer/average/711-2B_as_mni_average_305_mask.4dfp.img
       256       256       256         1
  1.000000  1.000000  1.000000
orientation T byte_order littleendian
Reading mask: /home/aracena/freesurfer/average/711-2B_as_mni_average_305_mask.4dfp.img (2306576 pixels)
talsrcimg_g11.4dfp.img
       256       256       256         1
  1.000000  1.000000  1.000000
orientation T byte_order littleendian
Reading image: talsrcimg_g11.4dfp.img
dimensions:      256       256       256
mmppix:       1.0000   -1.0000   -1.0000
center:     128.0000 -129.0000 -129.0000
fimgreg.f
image alignment mode   2311 decimal      907 hex
parameters
   -0.2534   33.5219   21.7990   -1.9205   -4.9017   -3.1233
   -1.4596    0.8187    3.9575    6.6234   -3.3061   -5.8149
eta,q 0.97782  9.91089
niter,ni,del,rscale     5    3    5.0000    0.8000
parameters
   -0.2380   33.5134   21.8105   -1.7353   -5.2153   -2.1386
   -1.4584    0.8121    4.0068    6.4720   -3.3679   -6.2677
eta,q 0.97805  9.93932
  0.0237  0.0231  0.0228  0.0244  0.0233  0.0239  0.0231  0.0244  0.0228  0.0230  0.0227  0.0225
  0.0229  0.0226  0.0225  0.0233  0.0226  0.0232  0.0225  0.0231  0.0224  0.0225  0.0222  0.0222
  0.0224  0.0223  0.0223  0.0225  0.0222  0.0226  0.0221  0.0222  0.0221  0.0221  0.0220  0.0220
  0.0222  0.0222  0.0222  0.0222  0.0222  0.0221  0.0220  0.0220  0.0220  0.0220  0.0220  0.0220
  0.0223  0.0223  0.0222  0.0224  0.0224  0.0219  0.0221  0.0222  0.0220  0.0221  0.0221  0.0221
  0.0228  0.0226  0.0225  0.0231  0.0229  0.0221  0.0225  0.0231  0.0223  0.0225  0.0223  0.0223
  0.0237  0.0231  0.0228  0.0242  0.0235  0.0231  0.0231  0.0244  0.0228  0.0232  0.0227  0.0227
niter,ni,del,rscale     4    3    5.0000    0.7000
parameters
   -0.2363   33.5174   21.8050   -1.8134   -5.3573   -1.9409
   -1.4526    0.8398    4.0169    6.5599   -3.4031   -6.4187
eta,q 0.97809  9.94103
  0.0232  0.0227  0.0225  0.0237  0.0229  0.0232  0.0228  0.0239  0.0226  0.0229  0.0225  0.0224
  0.0225  0.0223  0.0222  0.0228  0.0223  0.0227  0.0223  0.0228  0.0222  0.0224  0.0221  0.0221
  0.0221  0.0220  0.0220  0.0222  0.0220  0.0223  0.0220  0.0221  0.0220  0.0220  0.0220  0.0219
  0.0220  0.0220  0.0220  0.0219  0.0219  0.0219  0.0219  0.0219  0.0219  0.0219  0.0219  0.0219
  0.0221  0.0220  0.0220  0.0222  0.0221  0.0218  0.0220  0.0221  0.0220  0.0220  0.0220  0.0220
  0.0225  0.0223  0.0222  0.0228  0.0225  0.0223  0.0223  0.0228  0.0222  0.0223  0.0222  0.0222
  0.0232  0.0227  0.0225  0.0238  0.0230  0.0233  0.0228  0.0238  0.0226  0.0228  0.0225  0.0224
niter,ni,del,rscale     3    3    5.0000    0.6000
parameters
   -0.2357   33.5319   21.8047   -1.8339   -5.4519   -1.7148
   -1.4501    0.8559    4.0396    6.5715   -3.4153   -6.5787
eta,q 0.97813  9.94512
  0.0228  0.0225  0.0223  0.0233  0.0227  0.0229  0.0225  0.0234  0.0224  0.0226  0.0223  0.0222
  0.0223  0.0222  0.0221  0.0225  0.0222  0.0225  0.0222  0.0226  0.0221  0.0222  0.0220  0.0220
  0.0220  0.0220  0.0220  0.0221  0.0220  0.0222  0.0219  0.0220  0.0219  0.0220  0.0219  0.0219
  0.0219  0.0219  0.0219  0.0219  0.0219  0.0219  0.0219  0.0219  0.0219  0.0219  0.0219  0.0219
  0.0220  0.0220  0.0220  0.0221  0.0220  0.0218  0.0219  0.0220  0.0219  0.0220  0.0219  0.0219
  0.0223  0.0222  0.0221  0.0226  0.0223  0.0221  0.0222  0.0225  0.0221  0.0222  0.0221  0.0221
  0.0228  0.0225  0.0223  0.0233  0.0227  0.0229  0.0225  0.0233  0.0224  0.0226  0.0223  0.0223
niter,ni,del,rscale     2    3    5.0000    0.5000
parameters
   -0.2358   33.5426   21.8023   -1.8601   -5.5307   -1.4966
   -1.4552    0.8722    4.0542    6.5686   -3.4430   -6.7336
eta,q 0.97816  9.94911
  0.0225  0.0223  0.0222  0.0228  0.0224  0.0227  0.0223  0.0229  0.0222  0.0223  0.0221  0.0221
  0.0222  0.0220  0.0220  0.0223  0.0221  0.0223  0.0220  0.0223  0.0220  0.0221  0.0220  0.0219
  0.0219  0.0219  0.0219  0.0220  0.0219  0.0221  0.0219  0.0220  0.0219  0.0219  0.0219  0.0219
  0.0219  0.0219  0.0219  0.0219  0.0219  0.0219  0.0218  0.0218  0.0218  0.0218  0.0218  0.0218
  0.0219  0.0219  0.0219  0.0220  0.0220  0.0218  0.0219  0.0219  0.0219  0.0219  0.0219  0.0219
  0.0222  0.0220  0.0220  0.0223  0.0222  0.0220  0.0220  0.0223  0.0220  0.0221  0.0220  0.0220
  0.0225  0.0223  0.0222  0.0229  0.0224  0.0226  0.0223  0.0229  0.0222  0.0223  0.0221  0.0221
niter,ni,del,rscale     1    3    5.0000    0.4000
parameters
   -0.2369   33.5505   21.8055   -1.8856   -5.6048   -1.2792
   -1.4596    0.8995    4.0550    6.5748   -3.4667   -6.9125
eta,q 0.97819  9.95298
  0.0222  0.0221  0.0220  0.0225  0.0222  0.0224  0.0221  0.0225  0.0220  0.0221  0.0220  0.0220
  0.0220  0.0220  0.0219  0.0221  0.0220  0.0222  0.0219  0.0221  0.0219  0.0220  0.0219  0.0219
  0.0219  0.0219  0.0219  0.0219  0.0219  0.0220  0.0218  0.0219  0.0218  0.0219  0.0218  0.0218
  0.0218  0.0218  0.0218  0.0218  0.0218  0.0218  0.0218  0.0218  0.0218  0.0218  0.0218  0.0218
  0.0219  0.0219  0.0219  0.0219  0.0219  0.0218  0.0218  0.0219  0.0218  0.0219  0.0218  0.0218
  0.0220  0.0220  0.0219  0.0221  0.0220  0.0220  0.0219  0.0221  0.0219  0.0220  0.0219  0.0219
  0.0223  0.0221  0.0220  0.0225  0.0222  0.0223  0.0221  0.0225  0.0220  0.0221  0.0220  0.0220
registration optimization eta report
parameter search radius
    0.8000    0.8000    0.8000    2.4000    2.4000    2.4000
    2.4000    2.4000    2.4000    2.4000    2.4000    2.4000
100000*second partial in parameter space
       65.       41.       33.       12.        6.        9.
        5.       12.        4.        6.        3.        3.
  0.0222  0.0221  0.0220  0.0225  0.0222  0.0224  0.0221  0.0225  0.0220  0.0221  0.0220  0.0220
  0.0220  0.0220  0.0219  0.0221  0.0220  0.0222  0.0219  0.0221  0.0219  0.0220  0.0219  0.0219
  0.0219  0.0219  0.0219  0.0219  0.0219  0.0220  0.0218  0.0219  0.0218  0.0219  0.0218  0.0218
  0.0218  0.0218  0.0218  0.0218  0.0218  0.0218  0.0218  0.0218  0.0218  0.0218  0.0218  0.0218
  0.0219  0.0219  0.0219  0.0219  0.0219  0.0218  0.0218  0.0219  0.0218  0.0219  0.0218  0.0218
  0.0220  0.0220  0.0219  0.0221  0.0220  0.0220  0.0219  0.0221  0.0219  0.0220  0.0219  0.0219
  0.0223  0.0221  0.0220  0.0225  0.0222  0.0223  0.0221  0.0225  0.0220  0.0221  0.0220  0.0220
   -0.2369   33.5505   21.8055   -1.8856   -5.6048   -1.2792
   -1.4596    0.8995    4.0550    6.5748   -3.4667   -6.9125
eta,q 0.97819  9.95298

---------------------------------------------------------------------
imgreg_4dfp /home/aracena/freesurfer/average/711-2C_as_mni_average_305 /home/aracena/freesurfer/average/711-2B_as_mni_average_305_mask talsrcimg_g11 none talsrcimg_to_711-2C_as_mni_average_305_t4 2311
---------------------------------------------------------------------

freesurfer imgreg_4dfp.c
/home/aracena/freesurfer/average/711-2C_as_mni_average_305.4dfp.img
       256       256       256         1
  1.000000  1.000000  1.000000
orientation T byte_order littleendian
Reading image: /home/aracena/freesurfer/average/711-2C_as_mni_average_305.4dfp.img
dimensions:      256       256       256
mmppix:       1.0000   -1.0000   -1.0000
center:     128.0000 -129.0000 -129.0000
/home/aracena/freesurfer/average/711-2B_as_mni_average_305_mask.4dfp.img
       256       256       256         1
  1.000000  1.000000  1.000000
orientation T byte_order littleendian
Reading mask: /home/aracena/freesurfer/average/711-2B_as_mni_average_305_mask.4dfp.img (2306576 pixels)
talsrcimg_g11.4dfp.img
       256       256       256         1
  1.000000  1.000000  1.000000
orientation T byte_order littleendian
Reading image: talsrcimg_g11.4dfp.img
dimensions:      256       256       256
mmppix:       1.0000   -1.0000   -1.0000
center:     128.0000 -129.0000 -129.0000
fimgreg.f
image alignment mode   2311 decimal      907 hex
parameters
   -0.2369   33.5505   21.8055   -1.8856   -5.6048   -1.2792
   -1.4596    0.8995    4.0550    6.5748   -3.4667   -6.9125
eta,q 0.97819  9.95297
niter,ni,del,rscale     5    3    5.0000    0.8000
parameters
   -0.2457   33.5663   21.8404   -1.9917   -5.4423   -1.9027
   -1.4534    0.8564    4.0170    6.7568   -3.3967   -6.5163
eta,q 0.97810  9.93781
  0.0234  0.0229  0.0227  0.0241  0.0233  0.0232  0.0230  0.0243  0.0228  0.0231  0.0226  0.0226
  0.0225  0.0223  0.0222  0.0229  0.0225  0.0226  0.0224  0.0230  0.0223  0.0225  0.0222  0.0223
  0.0220  0.0219  0.0219  0.0221  0.0220  0.0221  0.0220  0.0222  0.0220  0.0221  0.0220  0.0220
  0.0218  0.0218  0.0218  0.0218  0.0218  0.0218  0.0219  0.0219  0.0219  0.0219  0.0219  0.0219
  0.0220  0.0219  0.0219  0.0221  0.0220  0.0220  0.0220  0.0222  0.0220  0.0220  0.0220  0.0220
  0.0226  0.0223  0.0222  0.0230  0.0224  0.0230  0.0224  0.0231  0.0223  0.0224  0.0222  0.0221
  0.0235  0.0228  0.0226  0.0243  0.0231  0.0247  0.0230  0.0244  0.0228  0.0230  0.0226  0.0224
niter,ni,del,rscale     4    3    5.0000    0.7000
parameters
   -0.2417   33.5575   21.7937   -1.8587   -5.4316   -1.9343
   -1.4616    0.8349    4.0470    6.6721   -3.3984   -6.5134
eta,q 0.97810  9.93914
  0.0231  0.0227  0.0225  0.0238  0.0230  0.0231  0.0228  0.0238  0.0226  0.0228  0.0225  0.0224
  0.0225  0.0223  0.0221  0.0229  0.0224  0.0226  0.0223  0.0228  0.0222  0.0223  0.0221  0.0221
  0.0220  0.0220  0.0220  0.0222  0.0220  0.0222  0.0220  0.0221  0.0220  0.0220  0.0220  0.0220
  0.0219  0.0219  0.0219  0.0219  0.0219  0.0219  0.0219  0.0219  0.0219  0.0219  0.0219  0.0219
  0.0220  0.0220  0.0220  0.0221  0.0221  0.0219  0.0220  0.0221  0.0220  0.0220  0.0220  0.0220
  0.0224  0.0223  0.0222  0.0227  0.0224  0.0224  0.0223  0.0228  0.0222  0.0224  0.0221  0.0221
  0.0231  0.0227  0.0225  0.0236  0.0229  0.0235  0.0228  0.0239  0.0226  0.0228  0.0224  0.0224
niter,ni,del,rscale     3    3    5.0000    0.6000
parameters
   -0.2383   33.5497   21.7919   -1.8327   -5.4679   -1.7258
   -1.4587    0.8482    4.0481    6.6143   -3.4148   -6.6209
eta,q 0.97813  9.94459
  0.0228  0.0225  0.0223  0.0233  0.0227  0.0229  0.0225  0.0233  0.0224  0.0225  0.0223  0.0222
  0.0223  0.0222  0.0221  0.0226  0.0222  0.0225  0.0222  0.0226  0.0221  0.0222  0.0221  0.0220
  0.0220  0.0220  0.0219  0.0221  0.0220  0.0222  0.0219  0.0221  0.0219  0.0219  0.0219  0.0219
  0.0219  0.0219  0.0219  0.0219  0.0219  0.0219  0.0219  0.0219  0.0219  0.0219  0.0219  0.0219
  0.0220  0.0220  0.0220  0.0220  0.0220  0.0218  0.0219  0.0220  0.0219  0.0220  0.0219  0.0219
  0.0223  0.0222  0.0221  0.0225  0.0223  0.0221  0.0222  0.0225  0.0221  0.0222  0.0221  0.0221
  0.0228  0.0225  0.0223  0.0233  0.0227  0.0229  0.0225  0.0233  0.0224  0.0226  0.0223  0.0223
niter,ni,del,rscale     2    3    5.0000    0.5000
parameters
   -0.2368   33.5470   21.7975   -1.8524   -5.5343   -1.4987
   -1.4566    0.8726    4.0620    6.5891   -3.4383   -6.7626
eta,q 0.97816  9.94913
  0.0225  0.0223  0.0222  0.0229  0.0224  0.0227  0.0223  0.0229  0.0222  0.0223  0.0221  0.0221
  0.0222  0.0220  0.0220  0.0223  0.0221  0.0223  0.0220  0.0223  0.0220  0.0221  0.0220  0.0219
  0.0219  0.0219  0.0219  0.0220  0.0219  0.0221  0.0219  0.0220  0.0219  0.0219  0.0219  0.0219
  0.0219  0.0219  0.0219  0.0219  0.0219  0.0219  0.0218  0.0218  0.0218  0.0218  0.0218  0.0218
  0.0219  0.0219  0.0219  0.0220  0.0220  0.0218  0.0219  0.0219  0.0219  0.0219  0.0219  0.0219
  0.0222  0.0221  0.0220  0.0223  0.0222  0.0220  0.0220  0.0223  0.0220  0.0221  0.0220  0.0220
  0.0225  0.0223  0.0222  0.0229  0.0224  0.0226  0.0223  0.0229  0.0222  0.0223  0.0221  0.0221
niter,ni,del,rscale     1    3    5.0000    0.4000
parameters
   -0.2365   33.5604   21.7982   -1.8909   -5.6038   -1.2811
   -1.4701    0.9002    4.0620    6.5765   -3.4603   -6.9237
eta,q 0.97819  9.95289
  0.0222  0.0221  0.0220  0.0225  0.0222  0.0224  0.0221  0.0225  0.0220  0.0221  0.0220  0.0220
  0.0220  0.0220  0.0219  0.0221  0.0220  0.0222  0.0219  0.0221  0.0219  0.0220  0.0219  0.0219
  0.0219  0.0219  0.0219  0.0219  0.0219  0.0220  0.0218  0.0219  0.0218  0.0219  0.0218  0.0218
  0.0218  0.0218  0.0218  0.0218  0.0218  0.0218  0.0218  0.0218  0.0218  0.0218  0.0218  0.0218
  0.0219  0.0219  0.0219  0.0219  0.0219  0.0218  0.0219  0.0219  0.0218  0.0219  0.0218  0.0218
  0.0220  0.0220  0.0219  0.0222  0.0220  0.0220  0.0219  0.0221  0.0219  0.0220  0.0219  0.0219
  0.0223  0.0221  0.0220  0.0225  0.0222  0.0223  0.0221  0.0225  0.0220  0.0221  0.0220  0.0220
registration optimization eta report
parameter search radius
    0.8000    0.8000    0.8000    2.4000    2.4000    2.4000
    2.4000    2.4000    2.4000    2.4000    2.4000    2.4000
100000*second partial in parameter space
       64.       42.       32.       12.        6.        9.
        5.       12.        4.        6.        3.        3.
  0.0222  0.0221  0.0220  0.0225  0.0222  0.0224  0.0221  0.0225  0.0220  0.0221  0.0220  0.0220
  0.0220  0.0220  0.0219  0.0221  0.0220  0.0222  0.0219  0.0221  0.0219  0.0220  0.0219  0.0219
  0.0219  0.0219  0.0219  0.0219  0.0219  0.0220  0.0218  0.0219  0.0218  0.0219  0.0218  0.0218
  0.0218  0.0218  0.0218  0.0218  0.0218  0.0218  0.0218  0.0218  0.0218  0.0218  0.0218  0.0218
  0.0219  0.0219  0.0219  0.0219  0.0219  0.0218  0.0219  0.0219  0.0218  0.0219  0.0218  0.0218
  0.0220  0.0220  0.0219  0.0222  0.0220  0.0220  0.0219  0.0221  0.0219  0.0220  0.0219  0.0219
  0.0223  0.0221  0.0220  0.0225  0.0222  0.0223  0.0221  0.0225  0.0220  0.0221  0.0220  0.0220
   -0.2365   33.5604   21.7982   -1.8909   -5.6038   -1.2811
   -1.4701    0.9002    4.0620    6.5765   -3.4603   -6.9237
eta,q 0.97819  9.95289

---------------------------------------------------------------------
compute_vox2vox talsrcimg talsrcimg_to_711-2C_as_mni_average_305_t4 /home/aracena/freesurfer/average/711-2C_as_mni_average_305
---------------------------------------------------------------------

freesurfer compute_vox2vox.c
Reading: talsrcimg.4dfp.ifh
Reading: talsrcimg_to_711-2C_as_mni_average_305_t4
Reading: /home/aracena/freesurfer/average/711-2C_as_mni_average_305.4dfp.ifh
Writing: talsrcimg_to_711-2C_as_mni_average_305_t4_vox2vox.txt

start time mar 28 dic 2021 13:33:43 -03
end		time mar 28 dic 2021 13:34:11 -03

mpr2mni305 success

avi2talxfm orig_nu.mgz /home/aracena/freesurfer/average/mni305.cor.mgz talsrcimg_to_711-2C_as_mni_average_305_t4_vox2vox.txt transforms/talairach.auto.xfm
avi2talxfm done
lta_convert --src orig_nu.mgz --trg /home/aracena/freesurfer/average/mni305.cor.mgz --inxfm transforms/talairach.auto.xfm --outlta transforms/talairach.auto.xfm.lta --subject fsaverage
7.2.0

--src: orig_nu.mgz src image (geometry).
--trg: /home/aracena/freesurfer/average/mni305.cor.mgz trg image (geometry).
--inmni: transforms/talairach.auto.xfm input MNI/XFM transform.
--outlta: transforms/talairach.auto.xfm.lta output LTA.
--s: fsaverage subject name
 LTA read, type : 1
 1.01829  -0.01029   0.01510  -0.88271;
 0.03246   1.00772   0.07442   1.01457;
-0.04608  -0.06976   1.05353  -5.32140;
 0.00000   0.00000   0.00000   1.00000;
setting subject to fsaverage
Writing  LTA to file transforms/talairach.auto.xfm.lta...
lta_convert successful.
 
 
Started at mar 28 dic 2021 13:33:42 -03
Ended   at mar 28 dic 2021 13:34:12 -03
talairach_avi done
