/opt/home/aracena/thesis_practica/tips_nibabel/3_recon-all_freesurfer/output/freesurfer/sub-10/mri
/home/aracena/freesurfer/bin/talairach_avi
--i orig_nu.mgz --xfm transforms/talairach.auto.xfm
talairach_avi 7.2.0
Linux daniela-MS-7760 5.11.0-41-generic #45-Ubuntu SMP Fri Nov 5 11:37:01 UTC 2021 x86_64 x86_64 x86_64 GNU/Linux
mar 28 dic 2021 13:33:45 -03
mri_convert orig_nu.mgz talsrcimg.img 
reading from orig_nu.mgz...
TR=0.00, TE=0.00, TI=0.00, flip angle=0.00
i_ras = (-1, 9.31323e-10, -7.45058e-09)
j_ras = (0, 1.26311e-08, -1)
k_ras = (9.31323e-10, 1, 1.42609e-08)
writing to talsrcimg.img...
Analyze Output Matrix
-1.00000   0.00000   0.00000   126.26553;
 0.00000   0.00000   1.00000  -126.29908;
-0.00000  -1.00000   0.00000   99.79254;
 0.00000   0.00000   0.00000   1.00000;
--------------------
INFO: set hdr.hist.orient to -1
mpr2mni305 talsrcimg
mar 28 dic 2021 13:33:46 -03
/home/aracena/freesurfer/bin/mpr2mni305 talsrcimg
mpr2mni305 7.2.0
target=711-2C_as_mni_average_305

---------------------------------------------------------------------
analyzeto4dfp talsrcimg -O0 -y
---------------------------------------------------------------------

freesurfer ifh2hdr.c
Tue Dec 28 13:33:46 2021
Writing: talsrcimg.4dfp.hdr
freesurfer analyzeto4dfp.c
Reading: talsrcimg.hdr
header size 348 bytes
hdr.dime.datatype	offset=70	value=2
hdr.dime.bitpix		offset=72	value=8
hdr.hist.orient		offset=252	value=-1
dimensionality     4
dimensions       256       256       256         1
Reading: talsrcimg.img
Writing: talsrcimg.4dfp.img
Writing: talsrcimg.4dfp.ifh
ifh2hdr talsrcimg -r0to253
ori=2

---------------------------------------------------------------------
gauss_4dfp talsrcimg 1.1
---------------------------------------------------------------------

freesurfer gauss_4dfp.c
Reading: talsrcimg.4dfp.img
Writing: talsrcimg_g11.4dfp.img
image dimensions 256 256 256 padded to 288 288 288
processing volume 1freesurfer ifh2hdr.c
Tue Dec 28 13:33:53 2021
Writing: talsrcimg_g11.4dfp.hdr

Writing: talsrcimg_g11.4dfp.ifh
including: talsrcimg.4dfp.img.rec in talsrcimg_g11.4dfp.img.rec

---------------------------------------------------------------------
imgreg_4dfp /home/aracena/freesurfer/average/711-2C_as_mni_average_305 none talsrcimg_g11 none talsrcimg_to_711-2C_as_mni_average_305_t4 4355
---------------------------------------------------------------------

freesurfer imgreg_4dfp.c
/home/aracena/freesurfer/average/711-2C_as_mni_average_305.4dfp.img
       256       256       256         1
  1.000000  1.000000  1.000000
orientation T byte_order littleendian
Reading image: /home/aracena/freesurfer/average/711-2C_as_mni_average_305.4dfp.img
dimensions:      256       256       256
mmppix:       1.0000   -1.0000   -1.0000
center:     128.0000 -129.0000 -129.0000
talsrcimg_g11.4dfp.img
       256       256       256         1
  1.000000  1.000000  1.000000
orientation T byte_order littleendian
Reading image: talsrcimg_g11.4dfp.img
dimensions:      256       256       256
mmppix:       1.0000   -1.0000   -1.0000
center:     128.0000 -129.0000 -129.0000
t4_read: open error in t4_sub.f l:  41 t4_file(1:l)talsrcimg_to_711-2C_as_mni_average_305_t4 
t4_read: transform initialized to I4
rotation matrix determinant  1.000000
image alignment mode   4355 decimal     1103 hex
   -7.5000  -45.0000  -45.0000 8785.2939   12.1290
    0.0000  -45.0000  -45.0000 9233.6514   12.1035
    7.5000  -45.0000  -45.0000 8829.8213   12.0611
   -7.5000  -37.5000  -45.0000 9209.3848   11.7612
    0.0000  -37.5000  -45.0000 9655.5215   11.7304
    7.5000  -37.5000  -45.0000 9231.1631   11.6854
   -7.5000  -30.0000  -45.0000 9816.3418   11.4967
    0.0000  -30.0000  -45.000010291.0752   11.4657
    7.5000  -30.0000  -45.0000 9845.1035   11.4202
   -7.5000  -22.5000  -45.000010489.7090   11.3171
    0.0000  -22.5000  -45.000010992.3057   11.2903
    7.5000  -22.5000  -45.000010518.3203   11.2472
   -7.5000  -15.0000  -45.000011217.2051   11.2026
    0.0000  -15.0000  -45.000011753.7217   11.1793
    7.5000  -15.0000  -45.000011241.6279   11.1399
   -7.5000   -7.5000  -45.000012001.2852   11.1542
    0.0000   -7.5000  -45.000012583.1621   11.1330
    7.5000   -7.5000  -45.000012049.7266   11.0965
   -7.5000    0.0000  -45.000012720.5947   11.1241
    0.0000    0.0000  -45.000013337.9707   11.1015
    7.5000    0.0000  -45.000012768.7627   11.0651
   -7.5000    7.5000  -45.000012449.4912   11.1241
    0.0000    7.5000  -45.000013030.6504   11.0970
    7.5000    7.5000  -45.000012483.8965   11.0574
   -7.5000   15.0000  -45.000011984.0469   11.1865
    0.0000   15.0000  -45.000012545.4902   11.1574
    7.5000   15.0000  -45.000012032.3613   11.1152
   -7.5000   22.5000  -45.000011532.9580   11.4011
    0.0000   22.5000  -45.000012100.4355   11.3756
    7.5000   22.5000  -45.000011606.5420   11.3334
   -7.5000   30.0000  -45.000011002.7881   11.4420
    0.0000   30.0000  -45.000011536.8457   11.4210
    7.5000   30.0000  -45.000011063.6699   11.3823
   -7.5000   37.5000  -45.000010825.0010   11.5922
    0.0000   37.5000  -45.000011338.4844   11.5733
    7.5000   37.5000  -45.000010883.2666   11.5370
   -7.5000   45.0000  -45.000010234.3213   11.4481
    0.0000   45.0000  -45.000010716.1982   11.4272
    7.5000   45.0000  -45.000010302.0156   11.3897
   -7.5000  -45.0000  -37.5000 8987.2852   12.1402
    0.0000  -45.0000  -37.5000 9446.6123   12.1094
    7.5000  -45.0000  -37.5000 9058.2842   12.0624
   -7.5000  -37.5000  -37.5000 9437.3311   11.7727
    0.0000  -37.5000  -37.5000 9905.1973   11.7373
    7.5000  -37.5000  -37.5000 9480.5889   11.6901
   -7.5000  -30.0000  -37.500010074.5820   11.5013
    0.0000  -30.0000  -37.500010582.7119   11.4669
    7.5000  -30.0000  -37.500010116.4414   11.4218
   -7.5000  -22.5000  -37.500010800.8486   11.3204
    0.0000  -22.5000  -37.500011361.4375   11.2898
    7.5000  -22.5000  -37.500010857.5781   11.2460
   -7.5000  -15.0000  -37.500011589.6973   11.2092
    0.0000  -15.0000  -37.500012214.3809   11.1818
    7.5000  -15.0000  -37.500011667.1533   11.1393
   -7.5000   -7.5000  -37.500012424.5742   11.1657
    0.0000   -7.5000  -37.500013081.7783   11.1397
    7.5000   -7.5000  -37.500012522.5029   11.0983
   -7.5000    0.0000  -37.500013182.8809   11.1375
    0.0000    0.0000  -37.500013875.8398   11.1096
    7.5000    0.0000  -37.500013299.3467   11.0688
   -7.5000    7.5000  -37.500012917.9209   11.1332
    0.0000    7.5000  -37.500013570.4961   11.1017
    7.5000    7.5000  -37.500013007.4531   11.0605
   -7.5000   15.0000  -37.500012482.1650   11.1901
    0.0000   15.0000  -37.500013101.1162   11.1575
    7.5000   15.0000  -37.500012571.6240   11.1156
   -7.5000   22.5000  -37.500012021.3799   11.4043
    0.0000   22.5000  -37.500012658.6025   11.3754
    7.5000   22.5000  -37.500012153.7275   11.3323
   -7.5000   30.0000  -37.500011493.5977   11.4466
    0.0000   30.0000  -37.500012079.3574   11.4211
    7.5000   30.0000  -37.500011607.4355   11.3793
   -7.5000   37.5000  -37.500011313.6328   11.5986
    0.0000   37.5000  -37.500011858.9004   11.5738
    7.5000   37.5000  -37.500011415.2744   11.5320
   -7.5000   45.0000  -37.500010693.3584   11.4548
    0.0000   45.0000  -37.500011181.8867   11.4270
    7.5000   45.0000  -37.500010774.0557   11.3840
   -7.5000  -45.0000  -30.0000 9365.0322   12.6324
    0.0000  -45.0000  -30.0000 9825.5977   12.5984
    7.5000  -45.0000  -30.0000 9453.7168   12.5467
   -7.5000  -37.5000  -30.0000 9839.1748   12.2541
    0.0000  -37.5000  -30.000010312.5498   12.2167
    7.5000  -37.5000  -30.0000 9892.6182   12.1677
   -7.5000  -30.0000  -30.000010534.3809   11.9677
    0.0000  -30.0000  -30.000011070.3018   11.9318
    7.5000  -30.0000  -30.000010599.2832   11.8891
   -7.5000  -22.5000  -30.000011326.0488   11.7709
    0.0000  -22.5000  -30.000011936.3691   11.7382
    7.5000  -22.5000  -30.000011418.3760   11.6977
   -7.5000  -15.0000  -30.000012170.8574   11.6517
    0.0000  -15.0000  -30.000012835.2529   11.6215
    7.5000  -15.0000  -30.000012294.7148   11.5799
   -7.5000   -7.5000  -30.000013073.8838   11.6124
    0.0000   -7.5000  -30.000013785.1357   11.5834
    7.5000   -7.5000  -30.000013226.4688   11.5391
   -7.5000    0.0000  -30.000013899.5293   11.5918
    0.0000    0.0000  -30.000014670.6396   11.5610
    7.5000    0.0000  -30.000014067.5508   11.5158
   -7.5000    7.5000  -30.000013615.8213   11.5899
    0.0000    7.5000  -30.000014406.0215   11.5566
    7.5000    7.5000  -30.000013797.9521   11.5139
   -7.5000   15.0000  -30.000013160.0967   11.6447
    0.0000   15.0000  -30.000013921.4014   11.6105
    7.5000   15.0000  -30.000013359.6602   11.5706
   -7.5000   22.5000  -30.000012698.0029   11.8591
    0.0000   22.5000  -30.000013430.1455   11.8276
    7.5000   22.5000  -30.000012913.4961   11.7871
   -7.5000   30.0000  -30.000012169.8584   11.8999
    0.0000   30.0000  -30.000012846.7393   11.8708
    7.5000   30.0000  -30.000012354.2471   11.8287
   -7.5000   37.5000  -30.000011984.8594   12.0626
    0.0000   37.5000  -30.000012617.8330   12.0330
    7.5000   37.5000  -30.000012149.0283   11.9860
   -7.5000   45.0000  -30.000011305.2588   11.9282
    0.0000   45.0000  -30.000011878.4131   11.8960
    7.5000   45.0000  -30.000011445.7832   11.8459
   -7.5000  -45.0000  -22.5000 9782.3955   13.0296
    0.0000  -45.0000  -22.500010254.3154   12.9984
    7.5000  -45.0000  -22.5000 9843.0615   12.9481
   -7.5000  -37.5000  -22.500010278.9268   12.6421
    0.0000  -37.5000  -22.500010771.3271   12.6081
    7.5000  -37.5000  -22.500010316.6279   12.5610
   -7.5000  -30.0000  -22.500011035.1133   12.3481
    0.0000  -30.0000  -22.500011599.0146   12.3151
    7.5000  -30.0000  -22.500011102.0039   12.2763
   -7.5000  -22.5000  -22.500011876.0742   12.1361
    0.0000  -22.5000  -22.500012521.2549   12.1060
    7.5000  -22.5000  -22.500011972.8428   12.0721
   -7.5000  -15.0000  -22.500012768.6152   12.0055
    0.0000  -15.0000  -22.500013462.9287   11.9778
    7.5000  -15.0000  -22.500012879.9160   11.9426
   -7.5000   -7.5000  -22.500013716.3984   11.9671
    0.0000   -7.5000  -22.500014475.1797   11.9405
    7.5000   -7.5000  -22.500013873.2090   11.8997
   -7.5000    0.0000  -22.500014605.3252   11.9534
    0.0000    0.0000  -22.500015418.2949   11.9258
    7.5000    0.0000  -22.500014783.2812   11.8819
   -7.5000    7.5000  -22.500014323.7266   11.9591
    0.0000    7.5000  -22.500015141.9014   11.9293
    7.5000    7.5000  -22.500014522.9541   11.8882
   -7.5000   15.0000  -22.500013853.1914   12.0169
    0.0000   15.0000  -22.500014686.7773   11.9856
    7.5000   15.0000  -22.500014114.5928   11.9493
   -7.5000   22.5000  -22.500013370.6064   12.2302
    0.0000   22.5000  -22.500014185.5605   12.2002
    7.5000   22.5000  -22.500013666.0684   12.1656
   -7.5000   30.0000  -22.500012807.2646   12.2675
    0.0000   30.0000  -22.500013584.6738   12.2401
    7.5000   30.0000  -22.500013065.3164   12.2029
   -7.5000   37.5000  -22.500012624.7236   12.4390
    0.0000   37.5000  -22.500013347.8779   12.4112
    7.5000   37.5000  -22.500012833.9775   12.3660
   -7.5000   45.0000  -22.500011888.0146   12.3159
    0.0000   45.0000  -22.500012543.4814   12.2870
    7.5000   45.0000  -22.500012079.5723   12.2364
   -7.5000  -45.0000  -15.000010164.1602   13.3024
    0.0000  -45.0000  -15.000010662.8311   13.2778
    7.5000  -45.0000  -15.000010198.2539   13.2329
   -7.5000  -37.5000  -15.000010695.7959   12.9057
    0.0000  -37.5000  -15.000011209.5205   12.8775
    7.5000  -37.5000  -15.000010697.3418   12.8330
   -7.5000  -30.0000  -15.000011520.1826   12.6111
    0.0000  -30.0000  -15.000012088.8428   12.5824
    7.5000  -30.0000  -15.000011540.1621   12.5435
   -7.5000  -22.5000  -15.000012400.0859   12.3938
    0.0000  -22.5000  -15.000013027.0391   12.3681
    7.5000  -22.5000  -15.000012444.7451   12.3356
   -7.5000  -15.0000  -15.000013329.8848   12.2561
    0.0000  -15.0000  -15.000014009.7295   12.2333
    7.5000  -15.0000  -15.000013388.5713   12.2022
   -7.5000   -7.5000  -15.000014352.4775   12.2127
    0.0000   -7.5000  -15.000015110.3682   12.1920
    7.5000   -7.5000  -15.000014436.2061   12.1570
   -7.5000    0.0000  -15.000015323.7021   12.1981
    0.0000    0.0000  -15.000016156.9170   12.1772
    7.5000    0.0000  -15.000015421.9053   12.1383
   -7.5000    7.5000  -15.000015008.8926   12.2092
    0.0000    7.5000  -15.000015852.1143   12.1851
    7.5000    7.5000  -15.000015169.1729   12.1459
   -7.5000   15.0000  -15.000014563.1191   12.2737
    0.0000   15.0000  -15.000015480.4258   12.2468
    7.5000   15.0000  -15.000014830.0303   12.2106
   -7.5000   22.5000  -15.000014088.5977   12.4910
    0.0000   22.5000  -15.000015047.3203   12.4647
    7.5000   22.5000  -15.000014436.9854   12.4316
   -7.5000   30.0000  -15.000013472.0068   12.5296
    0.0000   30.0000  -15.000014356.4404   12.5072
    7.5000   30.0000  -15.000013783.4053   12.4736
   -7.5000   37.5000  -15.000013252.7598   12.7041
    0.0000   37.5000  -15.000014106.8574   12.6829
    7.5000   37.5000  -15.000013504.3418   12.6437
   -7.5000   45.0000  -15.000012449.1982   12.5853
    0.0000   45.0000  -15.000013237.4463   12.5642
    7.5000   45.0000  -15.000012690.7793   12.5190
   -7.5000  -45.0000   -7.500010527.6348   13.4316
    0.0000  -45.0000   -7.500011057.9756   13.4088
    7.5000  -45.0000   -7.500010562.8262   13.3655
   -7.5000  -37.5000   -7.500011094.0635   13.0282
    0.0000  -37.5000   -7.500011671.4561   13.0002
    7.5000  -37.5000   -7.500011104.4883   12.9541
   -7.5000  -30.0000   -7.500011990.0537   12.7356
    0.0000  -30.0000   -7.500012609.0439   12.7064
    7.5000  -30.0000   -7.500011985.0186   12.6612
   -7.5000  -22.5000   -7.500012920.4512   12.5255
    0.0000  -22.5000   -7.500013583.2979   12.5002
    7.5000  -22.5000   -7.500012929.1279   12.4599
   -7.5000  -15.0000   -7.500013870.0361   12.3902
    0.0000  -15.0000   -7.500014584.6396   12.3684
    7.5000  -15.0000   -7.500013889.5596   12.3324
   -7.5000   -7.5000   -7.500014921.5205   12.3389
    0.0000   -7.5000   -7.500015706.9531   12.3199
    7.5000   -7.5000   -7.500014974.4482   12.2848
   -7.5000    0.0000   -7.500015961.7646   12.3143
    0.0000    0.0000   -7.500016828.1230   12.2947
    7.5000    0.0000   -7.500016036.7422   12.2575
   -7.5000    7.5000   -7.500015740.3848   12.3233
    0.0000    7.5000   -7.500016659.6875   12.2992
    7.5000    7.5000   -7.500015830.5566   12.2584
   -7.5000   15.0000   -7.500015346.8926   12.3944
    0.0000   15.0000   -7.500016513.5820   12.3671
    7.5000   15.0000   -7.500015648.5303   12.3250
   -7.5000   22.5000   -7.500014926.4121   12.6207
    0.0000   22.5000   -7.500016210.8047   12.5955
    7.5000   22.5000   -7.500015384.1094   12.5555
   -7.5000   30.0000   -7.500014240.1943   12.6668
    0.0000   30.0000   -7.500015400.7461   12.6466
    7.5000   30.0000   -7.500014593.6318   12.6097
   -7.5000   37.5000   -7.500013956.2236   12.8374
    0.0000   37.5000   -7.500015046.2188   12.8197
    7.5000   37.5000   -7.500014212.2549   12.7827
   -7.5000   45.0000   -7.500013100.2949   12.7111
    0.0000   45.0000   -7.500014048.4404   12.6932
    7.5000   45.0000   -7.500013318.0615   12.6524
   -7.5000  -45.0000    0.000010758.2334   13.4560
    0.0000  -45.0000    0.000011346.9062   13.4284
    7.5000  -45.0000    0.000010814.3662   13.3817
   -7.5000  -37.5000    0.000011375.7412   13.0492
    0.0000  -37.5000    0.000011987.4072   13.0155
    7.5000  -37.5000    0.000011414.5625   12.9658
   -7.5000  -30.0000    0.000012312.6758   12.7541
    0.0000  -30.0000    0.000012964.7578   12.7202
    7.5000  -30.0000    0.000012366.9512   12.6698
   -7.5000  -22.5000    0.000013308.2539   12.5529
    0.0000  -22.5000    0.000013999.0283   12.5235
    7.5000  -22.5000    0.000013359.3975   12.4758
   -7.5000  -15.0000    0.000014332.7998   12.4256
    0.0000  -15.0000    0.000015074.3916   12.4002
    7.5000  -15.0000    0.000014389.9062   12.3566
   -7.5000   -7.5000    0.000015466.3994   12.3720
    0.0000   -7.5000    0.000016309.5303   12.3491
    7.5000   -7.5000    0.000015535.5283   12.3086
   -7.5000    0.0000    0.000016582.9355   12.3389
    0.0000    0.0000    0.000017593.0391   12.3143
    7.5000    0.0000    0.000016676.3223   12.2740
   -7.5000    7.5000    0.000016353.4580   12.3406
    0.0000    7.5000    0.000017561.6992   12.3109
    7.5000    7.5000    0.000016540.3457   12.2670
   -7.5000   15.0000    0.000015979.3818   12.4114
    0.0000   15.0000    0.000017493.4785   12.3794
    7.5000   15.0000    0.000016405.4023   12.3326
   -7.5000   22.5000    0.000015542.9424   12.6457
    0.0000   22.5000    0.000017131.5039   12.6177
    7.5000   22.5000    0.000016016.1182   12.5709
   -7.5000   30.0000    0.000014818.4277   12.7005
    0.0000   30.0000    0.000016224.4424   12.6777
    7.5000   30.0000    0.000015146.5303   12.6348
   -7.5000   37.5000    0.000014472.1289   12.8683
    0.0000   37.5000    0.000015703.7129   12.8478
    7.5000   37.5000    0.000014714.0674   12.8077
   -7.5000   45.0000    0.000013583.2969   12.7346
    0.0000   45.0000    0.000014596.6699   12.7118
    7.5000   45.0000    0.000013752.2266   12.6702
   -7.5000  -45.0000    7.500010220.8496   13.4867
    0.0000  -45.0000    7.500010791.2236   13.4530
    7.5000  -45.0000    7.500010296.6035   13.4009
   -7.5000  -37.5000    7.500010812.5186   13.0797
    0.0000  -37.5000    7.500011421.1240   13.0408
    7.5000  -37.5000    7.500010852.1855   12.9884
   -7.5000  -30.0000    7.500011721.1045   12.7773
    0.0000  -30.0000    7.500012417.4043   12.7394
    7.5000  -30.0000    7.500011783.2344   12.6892
   -7.5000  -22.5000    7.500012704.3594   12.5749
    0.0000  -22.5000    7.500013483.4297   12.5411
    7.5000  -22.5000    7.500012770.9736   12.4924
   -7.5000  -15.0000    7.500013759.4561   12.4514
    0.0000  -15.0000    7.500014629.0488   12.4212
    7.5000  -15.0000    7.500013811.6035   12.3739
   -7.5000   -7.5000    7.500014870.1602   12.4029
    0.0000   -7.5000    7.500015886.5830   12.3744
    7.5000   -7.5000    7.500014942.7627   12.3285
   -7.5000    0.0000    7.500015905.5986   12.3718
    0.0000    0.0000    7.500016995.2383   12.3411
    7.5000    0.0000    7.500016001.6260   12.2957
   -7.5000    7.5000    7.500015587.2715   12.3684
    0.0000    7.5000    7.500016707.1973   12.3336
    7.5000    7.5000    7.500015779.3975   12.2878
   -7.5000   15.0000    7.500015110.5234   12.4331
    0.0000   15.0000    7.500016349.1240   12.3970
    7.5000   15.0000    7.500015485.5996   12.3504
   -7.5000   22.5000    7.500014629.9033   12.6670
    0.0000   22.5000    7.500015860.2129   12.6352
    7.5000   22.5000    7.500014991.8701   12.5873
   -7.5000   30.0000    7.500013982.1846   12.7233
    0.0000   30.0000    7.500015094.0078   12.6953
    7.5000   30.0000    7.500014240.2383   12.6488
   -7.5000   37.5000    7.500013722.0732   12.8930
    0.0000   37.5000    7.500014754.0029   12.8658
    7.5000   37.5000    7.500013933.9688   12.8194
   -7.5000   45.0000    7.500012884.6777   12.7592
    0.0000   45.0000    7.500013767.9316   12.7286
    7.5000   45.0000    7.500013040.4990   12.6808
   -7.5000  -45.0000   15.0000 9562.6172   13.5175
    0.0000  -45.0000   15.000010169.5625   13.4811
    7.5000  -45.0000   15.0000 9635.0771   13.4258
   -7.5000  -37.5000   15.000010104.4268   13.1126
    0.0000  -37.5000   15.000010776.2344   13.0724
    7.5000  -37.5000   15.000010154.9502   13.0201
   -7.5000  -30.0000   15.000011018.6670   12.8048
    0.0000  -30.0000   15.000011767.7227   12.7663
    7.5000  -30.0000   15.000011074.8066   12.7206
   -7.5000  -22.5000   15.000011977.9111   12.5930
    0.0000  -22.5000   15.000012751.6289   12.5578
    7.5000  -22.5000   15.000012024.3389   12.5145
   -7.5000  -15.0000   15.000012947.1602   12.4655
    0.0000  -15.0000   15.000013737.7617   12.4330
    7.5000  -15.0000   15.000012987.7305   12.3885
   -7.5000   -7.5000   15.000013947.3008   12.4236
    0.0000   -7.5000   15.000014731.6836   12.3924
    7.5000   -7.5000   15.000013992.2158   12.3449
   -7.5000    0.0000   15.000014850.8564   12.4015
    0.0000    0.0000   15.000015623.1172   12.3685
    7.5000    0.0000   15.000014909.5615   12.3201
   -7.5000    7.5000   15.000014481.1504   12.4001
    0.0000    7.5000   15.000015272.1963   12.3644
    7.5000    7.5000   15.000014613.7939   12.3188
   -7.5000   15.0000   15.000013978.9326   12.4596
    0.0000   15.0000   15.000014823.8428   12.4229
    7.5000   15.0000   15.000014235.2217   12.3802
   -7.5000   22.5000   15.000013512.7246   12.6863
    0.0000   22.5000   15.000014306.0801   12.6524
    7.5000   22.5000   15.000013732.5410   12.6091
   -7.5000   30.0000   15.000012926.5889   12.7357
    0.0000   30.0000   15.000013634.3232   12.7045
    7.5000   30.0000   15.000013094.9346   12.6594
   -7.5000   37.5000   15.000012746.1143   12.9093
    0.0000   37.5000   15.000013439.6406   12.8776
    7.5000   37.5000   15.000012917.9844   12.8273
   -7.5000   45.0000   15.000012058.2969   12.7821
    0.0000   45.0000   15.000012719.3037   12.7476
    7.5000   45.0000   15.000012191.1045   12.6940
   -7.5000  -45.0000   22.5000 8873.5303   13.5823
    0.0000  -45.0000   22.5000 9422.3711   13.5493
    7.5000  -45.0000   22.5000 8902.2627   13.4967
   -7.5000  -37.5000   22.5000 9331.2783   13.1752
    0.0000  -37.5000   22.5000 9907.4922   13.1394
    7.5000  -37.5000   22.5000 9349.4727   13.0902
   -7.5000  -30.0000   22.500010149.6367   12.8661
    0.0000  -30.0000   22.500010752.2627   12.8313
    7.5000  -30.0000   22.500010186.5811   12.7906
   -7.5000  -22.5000   22.500010996.7305   12.6434
    0.0000  -22.5000   22.500011613.7744   12.6116
    7.5000  -22.5000   22.500011041.2080   12.5760
   -7.5000  -15.0000   22.500011850.6934   12.5074
    0.0000  -15.0000   22.500012481.1768   12.4780
    7.5000  -15.0000   22.500011908.1914   12.4410
   -7.5000   -7.5000   22.500012780.2500   12.4676
    0.0000   -7.5000   22.500013416.6426   12.4395
    7.5000   -7.5000   22.500012826.9453   12.3967
   -7.5000    0.0000   22.500013621.3291   12.4531
    0.0000    0.0000   22.500014293.1924   12.4241
    7.5000    0.0000   22.500013689.2969   12.3781
   -7.5000    7.5000   22.500013287.0596   12.4586
    0.0000    7.5000   22.500013971.9775   12.4272
    7.5000    7.5000   22.500013407.9805   12.3842
   -7.5000   15.0000   22.500012829.5967   12.5187
    0.0000   15.0000   22.500013533.3154   12.4857
    7.5000   15.0000   22.500012976.1611   12.4477
   -7.5000   22.5000   22.500012389.5654   12.7395
    0.0000   22.5000   22.500013042.1055   12.7076
    7.5000   22.5000   22.500012476.3184   12.6713
   -7.5000   30.0000   22.500011858.0029   12.7809
    0.0000   30.0000   22.500012446.1182   12.7518
    7.5000   30.0000   22.500011926.1514   12.7129
   -7.5000   37.5000   22.500011718.9395   12.9582
    0.0000   37.5000   22.500012317.7930   12.9289
    7.5000   37.5000   22.500011808.9150   12.8817
   -7.5000   45.0000   22.500011107.3184   12.8378
    0.0000   45.0000   22.500011665.0664   12.8074
    7.5000   45.0000   22.500011187.8848   12.7546
   -7.5000  -45.0000   30.0000 8069.6372   13.8778
    0.0000  -45.0000   30.0000 8519.8545   13.8509
    7.5000  -45.0000   30.0000 8094.3271   13.8026
   -7.5000  -37.5000   30.0000 8487.6924   13.4534
    0.0000  -37.5000   30.0000 8968.9072   13.4227
    7.5000  -37.5000   30.0000 8507.3857   13.3747
   -7.5000  -30.0000   30.0000 9229.4580   13.1380
    0.0000  -30.0000   30.0000 9763.8281   13.1067
    7.5000  -30.0000   30.0000 9278.6992   13.0647
   -7.5000  -22.5000   30.000010017.2432   12.9052
    0.0000  -22.5000   30.000010583.1123   12.8772
    7.5000  -22.5000   30.000010083.2188   12.8420
   -7.5000  -15.0000   30.000010804.8555   12.7585
    0.0000  -15.0000   30.000011404.2705   12.7338
    7.5000  -15.0000   30.000010896.2480   12.7002
   -7.5000   -7.5000   30.000011688.9307   12.7131
    0.0000   -7.5000   30.000012287.9346   12.6908
    7.5000   -7.5000   30.000011759.3525   12.6532
   -7.5000    0.0000   30.000012517.8838   12.6988
    0.0000    0.0000   30.000013140.5713   12.6761
    7.5000    0.0000   30.000012578.2803   12.6344
   -7.5000    7.5000   30.000012234.0918   12.7110
    0.0000    7.5000   30.000012841.0361   12.6848
    7.5000    7.5000   30.000012327.7939   12.6426
   -7.5000   15.0000   30.000011840.5244   12.7796
    0.0000   15.0000   30.000012425.2559   12.7503
    7.5000   15.0000   30.000011902.8174   12.7112
   -7.5000   22.5000   30.000011416.5635   13.0075
    0.0000   22.5000   30.000011945.3779   12.9788
    7.5000   22.5000   30.000011436.3623   12.9431
   -7.5000   30.0000   30.000010902.1455   13.0496
    0.0000   30.0000   30.000011401.1885   13.0253
    7.5000   30.0000   30.000010917.6914   12.9892
   -7.5000   37.5000   30.000010793.7617   13.2322
    0.0000   37.5000   30.000011313.7842   13.2094
    7.5000   37.5000   30.000010825.8076   13.1674
   -7.5000   45.0000   30.000010253.4785   13.1130
    0.0000   45.0000   30.000010767.1309   13.0903
    7.5000   45.0000   30.000010288.5117   13.0419
   -7.5000  -45.0000   37.5000 7566.7446   14.3144
    0.0000  -45.0000   37.5000 7968.6304   14.2873
    7.5000  -45.0000   37.5000 7597.1787   14.2382
   -7.5000  -37.5000   37.5000 7990.1709   13.8659
    0.0000  -37.5000   37.5000 8438.4785   13.8329
    7.5000  -37.5000   37.5000 8031.5908   13.7806
   -7.5000  -30.0000   37.5000 8716.1172   13.5413
    0.0000  -30.0000   37.5000 9210.9561   13.5071
    7.5000  -30.0000   37.5000 8775.6436   13.4559
   -7.5000  -22.5000   37.5000 9477.8301   13.3042
    0.0000  -22.5000   37.5000 9984.5645   13.2749
    7.5000  -22.5000   37.5000 9550.4648   13.2299
   -7.5000  -15.0000   37.500010269.2324   13.1485
    0.0000  -15.0000   37.500010808.9873   13.1237
    7.5000  -15.0000   37.500010348.5850   13.0839
   -7.5000   -7.5000   37.500011129.0605   13.0891
    0.0000   -7.5000   37.500011685.5859   13.0674
    7.5000   -7.5000   37.500011193.1475   13.0284
   -7.5000    0.0000   37.500011934.3936   13.0646
    0.0000    0.0000   37.500012517.4346   13.0417
    7.5000    0.0000   37.500012002.1641   12.9998
   -7.5000    7.5000   37.500011675.5215   13.0798
    0.0000    7.5000   37.500012250.0967   13.0515
    7.5000    7.5000   37.500011751.6719   13.0053
   -7.5000   15.0000   37.500011294.7979   13.1631
    0.0000   15.0000   37.500011830.7715   13.1313
    7.5000   15.0000   37.500011328.8496   13.0837
   -7.5000   22.5000   37.500010883.6885   13.3962
    0.0000   22.5000   37.500011372.3740   13.3672
    7.5000   22.5000   37.500010886.5938   13.3227
   -7.5000   30.0000   37.500010397.8643   13.4426
    0.0000   30.0000   37.500010859.3320   13.4197
    7.5000   30.0000   37.500010406.5576   13.3793
   -7.5000   37.5000   37.500010294.5342   13.6260
    0.0000   37.5000   37.500010775.1416   13.6060
    7.5000   37.5000   37.500010314.3818   13.5653
   -7.5000   45.0000   37.5000 9801.8506   13.4973
    0.0000   45.0000   37.500010270.5283   13.4765
    7.5000   45.0000   37.5000 9819.4883   13.4310
   -7.5000  -45.0000   45.0000 6790.0283   14.9297
    0.0000  -45.0000   45.0000 7140.2329   14.8938
    7.5000  -45.0000   45.0000 6858.0444   14.8360
   -7.5000  -37.5000   45.0000 7187.1123   14.4485
    0.0000  -37.5000   45.0000 7585.0220   14.4061
    7.5000  -37.5000   45.0000 7270.9351   14.3451
   -7.5000  -30.0000   45.0000 7860.5498   14.0974
    0.0000  -30.0000   45.0000 8296.6406   14.0549
    7.5000  -30.0000   45.0000 7955.7310   13.9936
   -7.5000  -22.5000   45.0000 8572.0342   13.8521
    0.0000  -22.5000   45.0000 9027.1758   13.8146
    7.5000  -22.5000   45.0000 8667.5127   13.7567
   -7.5000  -15.0000   45.0000 9325.2402   13.6906
    0.0000  -15.0000   45.0000 9812.0791   13.6576
    7.5000  -15.0000   45.0000 9407.5859   13.6047
   -7.5000   -7.5000   45.000010118.7393   13.6210
    0.0000   -7.5000   45.000010645.8389   13.5912
    7.5000   -7.5000   45.000010215.0996   13.5421
   -7.5000    0.0000   45.000010876.9189   13.5843
    0.0000    0.0000   45.000011446.2461   13.5530
    7.5000    0.0000   45.000010985.0332   13.5039
   -7.5000    7.5000   45.000010646.6426   13.5947
    0.0000    7.5000   45.000011203.8223   13.5577
    7.5000    7.5000   45.000010754.0039   13.5044
   -7.5000   15.0000   45.000010307.4492   13.6879
    0.0000   15.0000   45.000010806.9053   13.6480
    7.5000   15.0000   45.000010360.4092   13.5913
   -7.5000   22.5000   45.0000 9939.7324   13.9216
    0.0000   22.5000   45.000010409.5146   13.8862
    7.5000   22.5000   45.0000 9958.3174   13.8300
   -7.5000   30.0000   45.0000 9500.4658   13.9637
    0.0000   30.0000   45.0000 9952.6436   13.9339
    7.5000   30.0000   45.0000 9535.5254   13.8825
   -7.5000   37.5000   45.0000 9430.3721   14.1369
    0.0000   37.5000   45.0000 9877.9307   14.1105
    7.5000   37.5000   45.0000 9461.0771   14.0626
   -7.5000   45.0000   45.0000 8992.6719   13.9915
    0.0000   45.0000   45.0000 9423.0996   13.9628
    7.5000   45.0000   45.0000 9017.5869   13.9129

---------------------------------------------------------------------
imgreg_4dfp /home/aracena/freesurfer/average/711-2C_as_mni_average_305 /home/aracena/freesurfer/average/711-2B_as_mni_average_305_mask talsrcimg_g11 none talsrcimg_to_711-2C_as_mni_average_305_t4 4355
---------------------------------------------------------------------

freesurfer imgreg_4dfp.c
/home/aracena/freesurfer/average/711-2C_as_mni_average_305.4dfp.img
       256       256       256         1
  1.000000  1.000000  1.000000
orientation T byte_order littleendian
Reading image: /home/aracena/freesurfer/average/711-2C_as_mni_average_305.4dfp.img
dimensions:      256       256       256
mmppix:       1.0000   -1.0000   -1.0000
center:     128.0000 -129.0000 -129.0000
/home/aracena/freesurfer/average/711-2B_as_mni_average_305_mask.4dfp.img
       256       256       256         1
  1.000000  1.000000  1.000000
orientation T byte_order littleendian
Reading mask: /home/aracena/freesurfer/average/711-2B_as_mni_average_305_mask.4dfp.img (2306576 pixels)
talsrcimg_g11.4dfp.img
       256       256       256         1
  1.000000  1.000000  1.000000
orientation T byte_order littleendian
Reading image: talsrcimg_g11.4dfp.img
dimensions:      256       256       256
mmppix:       1.0000   -1.0000   -1.0000
center:     128.0000 -129.0000 -129.0000
rotation matrix determinant  1.000000
image alignment mode   4355 decimal     1103 hex
   -7.5000  -45.0000  -45.0000 2254.4690   15.5324
    0.0000  -45.0000  -45.0000 2273.9255   15.3403
    7.5000  -45.0000  -45.0000 2285.2981   15.2539
   -7.5000  -37.5000  -45.0000 2303.6321   14.8213
    0.0000  -37.5000  -45.0000 2320.8555   14.6214
    7.5000  -37.5000  -45.0000 2329.3545   14.5590
   -7.5000  -30.0000  -45.0000 2351.7734   14.2321
    0.0000  -30.0000  -45.0000 2371.5300   14.0044
    7.5000  -30.0000  -45.0000 2376.7881   13.9626
   -7.5000  -22.5000  -45.0000 2401.6982   13.7092
    0.0000  -22.5000  -45.0000 2423.4927   13.5218
    7.5000  -22.5000  -45.0000 2420.7292   13.4921
   -7.5000  -15.0000  -45.0000 2450.4336   13.2970
    0.0000  -15.0000  -45.0000 2470.7715   13.1058
    7.5000  -15.0000  -45.0000 2462.5801   13.1061
   -7.5000   -7.5000  -45.0000 2489.3193   12.9641
    0.0000   -7.5000  -45.0000 2509.0400   12.8038
    7.5000   -7.5000  -45.0000 2502.4971   12.8391
   -7.5000    0.0000  -45.0000 2512.7983   12.7656
    0.0000    0.0000  -45.0000 2523.4307   12.6226
    7.5000    0.0000  -45.0000 2519.1294   12.6913
   -7.5000    7.5000  -45.0000 2524.2974   12.6923
    0.0000    7.5000  -45.0000 2531.5046   12.5308
    7.5000    7.5000  -45.0000 2526.7363   12.6339
   -7.5000   15.0000  -45.0000 2522.6965   12.7074
    0.0000   15.0000  -45.0000 2530.5181   12.5364
    7.5000   15.0000  -45.0000 2524.9055   12.6325
   -7.5000   22.5000  -45.0000 2516.3347   12.7899
    0.0000   22.5000  -45.0000 2527.6545   12.6230
    7.5000   22.5000  -45.0000 2520.4060   12.7241
   -7.5000   30.0000  -45.0000 2502.4443   13.0024
    0.0000   30.0000  -45.0000 2516.2173   12.8347
    7.5000   30.0000  -45.0000 2505.0037   12.9236
   -7.5000   37.5000  -45.0000 2483.0693   13.3702
    0.0000   37.5000  -45.0000 2501.8850   13.1554
    7.5000   37.5000  -45.0000 2490.2727   13.2419
   -7.5000   45.0000  -45.0000 2446.0483   13.8881
    0.0000   45.0000  -45.0000 2471.5928   13.6417
    7.5000   45.0000  -45.0000 2465.4841   13.7041
   -7.5000  -45.0000  -37.5000 2292.6565   14.9456
    0.0000  -45.0000  -37.5000 2309.7026   14.7595
    7.5000  -45.0000  -37.5000 2324.7783   14.6945
   -7.5000  -37.5000  -37.5000 2347.5579   14.2503
    0.0000  -37.5000  -37.5000 2362.8030   14.0273
    7.5000  -37.5000  -37.5000 2370.5728   13.9753
   -7.5000  -30.0000  -37.5000 2398.6997   13.6334
    0.0000  -30.0000  -37.5000 2416.3599   13.3891
    7.5000  -30.0000  -37.5000 2422.8450   13.3750
   -7.5000  -22.5000  -37.5000 2459.4236   13.0909
    0.0000  -22.5000  -37.5000 2479.8059   12.8634
    7.5000  -22.5000  -37.5000 2481.3152   12.8589
   -7.5000  -15.0000  -37.5000 2515.9363   12.5988
    0.0000  -15.0000  -37.5000 2538.4597   12.4029
    7.5000  -15.0000  -37.5000 2532.6641   12.4116
   -7.5000   -7.5000  -37.5000 2562.5164   12.2257
    0.0000   -7.5000  -37.5000 2580.6492   12.0588
    7.5000   -7.5000  -37.5000 2575.1963   12.0885
   -7.5000    0.0000  -37.5000 2591.1470   12.0033
    0.0000    0.0000  -37.5000 2603.8157   11.8571
    7.5000    0.0000  -37.5000 2597.6460   11.8654
   -7.5000    7.5000  -37.5000 2602.9121   11.8644
    0.0000    7.5000  -37.5000 2616.1101   11.7200
    7.5000    7.5000  -37.5000 2609.5725   11.7548
   -7.5000   15.0000  -37.5000 2609.5076   11.7720
    0.0000   15.0000  -37.5000 2617.4656   11.6284
    7.5000   15.0000  -37.5000 2612.5471   11.7028
   -7.5000   22.5000  -37.5000 2609.8254   11.8301
    0.0000   22.5000  -37.5000 2624.7769   11.6838
    7.5000   22.5000  -37.5000 2619.3047   11.7601
   -7.5000   30.0000  -37.5000 2601.6609   12.0578
    0.0000   30.0000  -37.5000 2617.3767   11.8802
    7.5000   30.0000  -37.5000 2610.2305   11.9547
   -7.5000   37.5000  -37.5000 2586.9175   12.4234
    0.0000   37.5000  -37.5000 2605.5759   12.1988
    7.5000   37.5000  -37.5000 2597.5291   12.2680
   -7.5000   45.0000  -37.5000 2550.9866   12.9310
    0.0000   45.0000  -37.5000 2576.6140   12.6711
    7.5000   45.0000  -37.5000 2572.7996   12.7299
   -7.5000  -45.0000  -30.0000 2372.4236   14.9299
    0.0000  -45.0000  -30.0000 2387.9727   14.7020
    7.5000  -45.0000  -30.0000 2407.3152   14.6767
   -7.5000  -37.5000  -30.0000 2430.6335   14.2180
    0.0000  -37.5000  -30.0000 2445.5615   13.9770
    7.5000  -37.5000  -30.0000 2459.9548   13.9358
   -7.5000  -30.0000  -30.0000 2486.6843   13.5687
    0.0000  -30.0000  -30.0000 2504.4434   13.3214
    7.5000  -30.0000  -30.0000 2513.1912   13.2784
   -7.5000  -22.5000  -30.0000 2550.1174   12.9729
    0.0000  -22.5000  -30.0000 2570.5786   12.7680
    7.5000  -22.5000  -30.0000 2575.6589   12.7215
   -7.5000  -15.0000  -30.0000 2608.5938   12.4168
    0.0000  -15.0000  -30.0000 2629.8306   12.2402
    7.5000  -15.0000  -30.0000 2632.1196   12.2246
   -7.5000   -7.5000  -30.0000 2657.0264   11.9841
    0.0000   -7.5000  -30.0000 2677.4451   11.8149
    7.5000   -7.5000  -30.0000 2679.2014   11.8190
   -7.5000    0.0000  -30.0000 2691.9573   11.6701
    0.0000    0.0000  -30.0000 2709.9312   11.5080
    7.5000    0.0000  -30.0000 2708.7070   11.5236
   -7.5000    7.5000  -30.0000 2710.9304   11.4954
    0.0000    7.5000  -30.0000 2732.4053   11.3218
    7.5000    7.5000  -30.0000 2731.0059   11.3426
   -7.5000   15.0000  -30.0000 2726.9900   11.3691
    0.0000   15.0000  -30.0000 2741.6692   11.1970
    7.5000   15.0000  -30.0000 2744.2239   11.2384
   -7.5000   22.5000  -30.0000 2738.3616   11.3662
    0.0000   22.5000  -30.0000 2751.6260   11.1786
    7.5000   22.5000  -30.0000 2757.9502   11.2514
   -7.5000   30.0000  -30.0000 2742.7039   11.5734
    0.0000   30.0000  -30.0000 2758.3494   11.3417
    7.5000   30.0000  -30.0000 2759.5417   11.4308
   -7.5000   37.5000  -30.0000 2734.7363   11.9509
    0.0000   37.5000  -30.0000 2754.2346   11.7002
    7.5000   37.5000  -30.0000 2752.5317   11.7589
   -7.5000   45.0000  -30.0000 2696.7620   12.4665
    0.0000   45.0000  -30.0000 2730.4900   12.1940
    7.5000   45.0000  -30.0000 2726.4487   12.2473
   -7.5000  -45.0000  -22.5000 2432.0649   14.8511
    0.0000  -45.0000  -22.5000 2449.8384   14.6187
    7.5000  -45.0000  -22.5000 2458.6282   14.6027
   -7.5000  -37.5000  -22.5000 2485.3042   14.0872
    0.0000  -37.5000  -22.5000 2507.2278   13.8518
    7.5000  -37.5000  -22.5000 2514.4934   13.8382
   -7.5000  -30.0000  -22.5000 2540.9568   13.3867
    0.0000  -30.0000  -22.5000 2564.6931   13.1800
    7.5000  -30.0000  -22.5000 2570.8750   13.1614
   -7.5000  -22.5000  -22.5000 2604.8062   12.7669
    0.0000  -22.5000  -22.5000 2629.3875   12.5948
    7.5000  -22.5000  -22.5000 2634.9651   12.5745
   -7.5000  -15.0000  -22.5000 2667.0928   12.1904
    0.0000  -15.0000  -22.5000 2685.9883   12.0265
    7.5000  -15.0000  -22.5000 2690.8201   12.0108
   -7.5000   -7.5000  -22.5000 2714.8735   11.7240
    0.0000   -7.5000  -22.5000 2733.4919   11.5505
    7.5000   -7.5000  -22.5000 2738.5757   11.5549
   -7.5000    0.0000  -22.5000 2752.7109   11.3448
    0.0000    0.0000  -22.5000 2771.5757   11.1857
    7.5000    0.0000  -22.5000 2775.5337   11.1983
   -7.5000    7.5000  -22.5000 2786.6936   11.1116
    0.0000    7.5000  -22.5000 2806.3774   10.9238
    7.5000    7.5000  -22.5000 2810.1812   10.9491
   -7.5000   15.0000  -22.5000 2815.5476   10.9571
    0.0000   15.0000  -22.5000 2832.5896   10.7810
    7.5000   15.0000  -22.5000 2839.7461   10.8193
   -7.5000   22.5000  -22.5000 2838.0151   10.9146
    0.0000   22.5000  -22.5000 2852.8396   10.7222
    7.5000   22.5000  -22.5000 2859.3391   10.7793
   -7.5000   30.0000  -22.5000 2853.9678   11.0604
    0.0000   30.0000  -22.5000 2875.1594   10.8354
    7.5000   30.0000  -22.5000 2874.5916   10.9117
   -7.5000   37.5000  -22.5000 2846.7842   11.4381
    0.0000   37.5000  -22.5000 2871.5417   11.1903
    7.5000   37.5000  -22.5000 2870.7473   11.2472
   -7.5000   45.0000  -22.5000 2809.3035   11.9572
    0.0000   45.0000  -22.5000 2841.4458   11.6750
    7.5000   45.0000  -22.5000 2842.5842   11.7221
   -7.5000  -45.0000  -15.0000 2443.0605   14.9021
    0.0000  -45.0000  -15.0000 2464.8440   14.6148
    7.5000  -45.0000  -15.0000 2469.4058   14.6121
   -7.5000  -37.5000  -15.0000 2500.8098   14.0830
    0.0000  -37.5000  -15.0000 2521.0703   13.8032
    7.5000  -37.5000  -15.0000 2524.5935   13.7947
   -7.5000  -30.0000  -15.0000 2559.9724   13.3573
    0.0000  -30.0000  -15.0000 2577.6582   13.0980
    7.5000  -30.0000  -15.0000 2580.3367   13.0970
   -7.5000  -22.5000  -15.0000 2623.7725   12.6827
    0.0000  -22.5000  -15.0000 2641.6941   12.4543
    7.5000  -22.5000  -15.0000 2639.8477   12.4439
   -7.5000  -15.0000  -15.0000 2685.0757   12.0607
    0.0000  -15.0000  -15.0000 2701.0190   11.8589
    7.5000  -15.0000  -15.0000 2701.3262   11.8633
   -7.5000   -7.5000  -15.0000 2738.7009   11.5454
    0.0000   -7.5000  -15.0000 2749.2822   11.3645
    7.5000   -7.5000  -15.0000 2750.4709   11.3697
   -7.5000    0.0000  -15.0000 2781.5857   11.1306
    0.0000    0.0000  -15.0000 2793.4690   10.9604
    7.5000    0.0000  -15.0000 2794.6914   10.9715
   -7.5000    7.5000  -15.0000 2823.4658   10.8486
    0.0000    7.5000  -15.0000 2837.9033   10.6814
    7.5000    7.5000  -15.0000 2839.3625   10.6945
   -7.5000   15.0000  -15.0000 2864.3418   10.6676
    0.0000   15.0000  -15.0000 2877.7119   10.5192
    7.5000   15.0000  -15.0000 2881.0618   10.5364
   -7.5000   22.5000  -15.0000 2902.1714   10.6268
    0.0000   22.5000  -15.0000 2920.4973   10.4612
    7.5000   22.5000  -15.0000 2926.0769   10.5087
   -7.5000   30.0000  -15.0000 2925.6902   10.7029
    0.0000   30.0000  -15.0000 2954.7295   10.5048
    7.5000   30.0000  -15.0000 2950.8987   10.5973
   -7.5000   37.5000  -15.0000 2921.8608   11.0386
    0.0000   37.5000  -15.0000 2953.4714   10.7921
    7.5000   37.5000  -15.0000 2948.3997   10.8678
   -7.5000   45.0000  -15.0000 2880.8208   11.5168
    0.0000   45.0000  -15.0000 2913.2266   11.2505
    7.5000   45.0000  -15.0000 2914.0601   11.2977
   -7.5000  -45.0000   -7.5000 2433.8372   15.0205
    0.0000  -45.0000   -7.5000 2447.1919   14.7029
    7.5000  -45.0000   -7.5000 2456.2236   14.6719
   -7.5000  -37.5000   -7.5000 2490.3699   14.1512
    0.0000  -37.5000   -7.5000 2506.4041   13.8567
    7.5000  -37.5000   -7.5000 2511.2793   13.8292
   -7.5000  -30.0000   -7.5000 2554.3191   13.4119
    0.0000  -30.0000   -7.5000 2571.0872   13.1338
    7.5000  -30.0000   -7.5000 2569.3745   13.1211
   -7.5000  -22.5000   -7.5000 2618.5242   12.6934
    0.0000  -22.5000   -7.5000 2630.1021   12.4432
    7.5000  -22.5000   -7.5000 2627.7739   12.4242
   -7.5000  -15.0000   -7.5000 2672.8813   12.0253
    0.0000  -15.0000   -7.5000 2682.6448   11.8201
    7.5000  -15.0000   -7.5000 2677.8257   11.8078
   -7.5000   -7.5000   -7.5000 2730.0161   11.4840
    0.0000   -7.5000   -7.5000 2735.4299   11.3169
    7.5000   -7.5000   -7.5000 2733.2930   11.3057
   -7.5000    0.0000   -7.5000 2779.9412   11.0471
    0.0000    0.0000   -7.5000 2785.5115   10.9186
    7.5000    0.0000   -7.5000 2787.7649   10.9021
   -7.5000    7.5000   -7.5000 2834.7639   10.7608
    0.0000    7.5000   -7.5000 2842.4194   10.6569
    7.5000    7.5000   -7.5000 2841.0454   10.6197
   -7.5000   15.0000   -7.5000 2883.5876   10.6017
    0.0000   15.0000   -7.5000 2905.3684   10.5515
    7.5000   15.0000   -7.5000 2900.5356   10.4830
   -7.5000   22.5000   -7.5000 2945.1599   10.5303
    0.0000   22.5000   -7.5000 2981.8037   10.4914
    7.5000   22.5000   -7.5000 2972.0884   10.4488
   -7.5000   30.0000   -7.5000 2974.6819   10.5417
    0.0000   30.0000   -7.5000 3028.7959   10.4497
    7.5000   30.0000   -7.5000 3010.7888   10.4578
   -7.5000   37.5000   -7.5000 2963.9043   10.7950
    0.0000   37.5000   -7.5000 3024.2231   10.6111
    7.5000   37.5000   -7.5000 2994.8049   10.6242
   -7.5000   45.0000   -7.5000 2920.6182   11.2848
    0.0000   45.0000   -7.5000 2961.5171   11.0422
    7.5000   45.0000   -7.5000 2950.2383   11.0307
   -7.5000  -45.0000    0.0000 2377.4370   15.3288
    0.0000  -45.0000    0.0000 2396.0325   15.0557
    7.5000  -45.0000    0.0000 2399.3533   15.0042
   -7.5000  -37.5000    0.0000 2445.7893   14.4530
    0.0000  -37.5000    0.0000 2461.1260   14.1644
    7.5000  -37.5000    0.0000 2463.8840   14.1431
   -7.5000  -30.0000    0.0000 2514.5156   13.6781
    0.0000  -30.0000    0.0000 2528.9199   13.3794
    7.5000  -30.0000    0.0000 2531.4583   13.3819
   -7.5000  -22.5000    0.0000 2582.6489   12.9135
    0.0000  -22.5000    0.0000 2587.0168   12.6587
    7.5000  -22.5000    0.0000 2593.8540   12.6580
   -7.5000  -15.0000    0.0000 2642.8298   12.2656
    0.0000  -15.0000    0.0000 2641.4604   12.0350
    7.5000  -15.0000    0.0000 2654.2598   12.0416
   -7.5000   -7.5000    0.0000 2710.6868   11.7216
    0.0000   -7.5000    0.0000 2709.7656   11.5662
    7.5000   -7.5000    0.0000 2717.8232   11.5415
   -7.5000    0.0000    0.0000 2770.5366   11.3001
    0.0000    0.0000    0.0000 2782.1912   11.2141
    7.5000    0.0000    0.0000 2779.3376   11.1569
   -7.5000    7.5000    0.0000 2834.1936   10.9848
    0.0000    7.5000    0.0000 2855.9939   10.9606
    7.5000    7.5000    0.0000 2847.0244   10.8607
   -7.5000   15.0000    0.0000 2895.2981   10.8034
    0.0000   15.0000    0.0000 2930.3159   10.8421
    7.5000   15.0000    0.0000 2917.5281   10.6926
   -7.5000   22.5000    0.0000 2958.5337   10.6734
    0.0000   22.5000    0.0000 3007.8845   10.7452
    7.5000   22.5000    0.0000 2995.2771   10.5958
   -7.5000   30.0000    0.0000 2990.5039   10.6669
    0.0000   30.0000    0.0000 3065.4885   10.6202
    7.5000   30.0000    0.0000 3034.3352   10.5136
   -7.5000   37.5000    0.0000 2978.8821   10.8487
    0.0000   37.5000    0.0000 3050.7615   10.6563
    7.5000   37.5000    0.0000 3022.9756   10.6380
   -7.5000   45.0000    0.0000 2935.7920   11.2754
    0.0000   45.0000    0.0000 2983.1208   11.0377
    7.5000   45.0000    0.0000 2970.9863   11.0393
   -7.5000  -45.0000    7.5000 2313.8650   15.9684
    0.0000  -45.0000    7.5000 2322.8828   15.6847
    7.5000  -45.0000    7.5000 2332.6128   15.6235
   -7.5000  -37.5000    7.5000 2389.1582   14.9859
    0.0000  -37.5000    7.5000 2394.4482   14.7142
    7.5000  -37.5000    7.5000 2402.2253   14.6942
   -7.5000  -30.0000    7.5000 2464.2727   14.2216
    0.0000  -30.0000    7.5000 2472.1599   13.9645
    7.5000  -30.0000    7.5000 2479.7405   13.9373
   -7.5000  -22.5000    7.5000 2538.8223   13.4486
    0.0000  -22.5000    7.5000 2551.4934   13.2577
    7.5000  -22.5000    7.5000 2553.1831   13.2156
   -7.5000  -15.0000    7.5000 2610.9304   12.8071
    0.0000  -15.0000    7.5000 2628.3789   12.6787
    7.5000  -15.0000    7.5000 2622.5283   12.6004
   -7.5000   -7.5000    7.5000 2684.8838   12.2445
    0.0000   -7.5000    7.5000 2709.3340   12.1618
    7.5000   -7.5000    7.5000 2699.1602   12.0605
   -7.5000    0.0000    7.5000 2755.6968   11.7878
    0.0000    0.0000    7.5000 2774.8042   11.7314
    7.5000    0.0000    7.5000 2768.9622   11.6111
   -7.5000    7.5000    7.5000 2823.5105   11.4304
    0.0000    7.5000    7.5000 2843.7258   11.3926
    7.5000    7.5000    7.5000 2838.8101   11.2846
   -7.5000   15.0000    7.5000 2889.6497   11.1758
    0.0000   15.0000    7.5000 2916.0488   11.1492
    7.5000   15.0000    7.5000 2909.6099   11.0611
   -7.5000   22.5000    7.5000 2945.4211   10.9892
    0.0000   22.5000    7.5000 2988.4917   10.9714
    7.5000   22.5000    7.5000 2976.3447   10.8924
   -7.5000   30.0000    7.5000 2976.3508   10.9622
    0.0000   30.0000    7.5000 3027.4658   10.8160
    7.5000   30.0000    7.5000 3010.7498   10.7767
   -7.5000   37.5000    7.5000 2961.7231   11.1982
    0.0000   37.5000    7.5000 3020.1951   11.0056
    7.5000   37.5000    7.5000 3006.5190   10.9462
   -7.5000   45.0000    7.5000 2914.0293   11.5755
    0.0000   45.0000    7.5000 2963.2332   11.3553
    7.5000   45.0000    7.5000 2954.1184   11.3391
   -7.5000  -45.0000   15.0000 2230.1536   17.1050
    0.0000  -45.0000   15.0000 2238.3982   16.9518
    7.5000  -45.0000   15.0000 2249.1931   16.7154
   -7.5000  -37.5000   15.0000 2315.5220   16.0276
    0.0000  -37.5000   15.0000 2333.7480   15.9349
    7.5000  -37.5000   15.0000 2330.8940   15.7367
   -7.5000  -30.0000   15.0000 2408.7751   15.2010
    0.0000  -30.0000   15.0000 2427.9507   15.1146
    7.5000  -30.0000   15.0000 2423.7366   14.9364
   -7.5000  -22.5000   15.0000 2497.8643   14.4048
    0.0000  -22.5000   15.0000 2509.1741   14.2492
    7.5000  -22.5000   15.0000 2512.5405   14.1270
   -7.5000  -15.0000   15.0000 2577.8660   13.6569
    0.0000  -15.0000   15.0000 2585.0591   13.4634
    7.5000  -15.0000   15.0000 2588.0679   13.3482
   -7.5000   -7.5000   15.0000 2659.9067   12.9183
    0.0000   -7.5000   15.0000 2669.8794   12.7330
    7.5000   -7.5000   15.0000 2671.5322   12.6485
   -7.5000    0.0000   15.0000 2728.2520   12.3519
    0.0000    0.0000   15.0000 2737.5376   12.1676
    7.5000    0.0000   15.0000 2741.9229   12.1190
   -7.5000    7.5000   15.0000 2792.6636   11.9487
    0.0000    7.5000   15.0000 2806.6501   11.7732
    7.5000    7.5000   15.0000 2805.2192   11.7189
   -7.5000   15.0000   15.0000 2850.0059   11.6240
    0.0000   15.0000   15.0000 2876.7676   11.4853
    7.5000   15.0000   15.0000 2871.1243   11.4198
   -7.5000   22.5000   15.0000 2902.3076   11.4231
    0.0000   22.5000   15.0000 2935.6553   11.2381
    7.5000   22.5000   15.0000 2930.3713   11.2037
   -7.5000   30.0000   15.0000 2923.7888   11.4010
    0.0000   30.0000   15.0000 2960.2180   11.1442
    7.5000   30.0000   15.0000 2956.1787   11.1463
   -7.5000   37.5000   15.0000 2908.3464   11.6429
    0.0000   37.5000   15.0000 2950.7546   11.3943
    7.5000   37.5000   15.0000 2949.9941   11.3987
   -7.5000   45.0000   15.0000 2863.6875   12.0721
    0.0000   45.0000   15.0000 2906.3989   11.8168
    7.5000   45.0000   15.0000 2903.8281   11.8120
   -7.5000  -45.0000   22.5000 2158.8372   18.8340
    0.0000  -45.0000   22.5000 2160.0002   18.7428
    7.5000  -45.0000   22.5000 2169.8623   18.4923
   -7.5000  -37.5000   22.5000 2251.7791   17.4926
    0.0000  -37.5000   22.5000 2258.9619   17.3856
    7.5000  -37.5000   22.5000 2262.5557   17.1408
   -7.5000  -30.0000   22.5000 2348.9778   16.4074
    0.0000  -30.0000   22.5000 2353.2598   16.2871
    7.5000  -30.0000   22.5000 2361.0139   16.1160
   -7.5000  -22.5000   22.5000 2442.7383   15.4543
    0.0000  -22.5000   22.5000 2443.1421   15.2309
    7.5000  -22.5000   22.5000 2455.6638   15.1061
   -7.5000  -15.0000   22.5000 2526.7278   14.5109
    0.0000  -15.0000   22.5000 2527.9568   14.2593
    7.5000  -15.0000   22.5000 2540.3508   14.1832
   -7.5000   -7.5000   22.5000 2616.8586   13.6746
    0.0000   -7.5000   22.5000 2620.5491   13.4099
    7.5000   -7.5000   22.5000 2631.8384   13.3632
   -7.5000    0.0000   22.5000 2685.9531   13.0474
    0.0000    0.0000   22.5000 2691.6890   12.7994
    7.5000    0.0000   22.5000 2700.8157   12.7560
   -7.5000    7.5000   22.5000 2749.5127   12.5886
    0.0000    7.5000   22.5000 2759.1277   12.3554
    7.5000    7.5000   22.5000 2766.6243   12.3124
   -7.5000   15.0000   22.5000 2802.2070   12.2516
    0.0000   15.0000   22.5000 2825.0422   12.0140
    7.5000   15.0000   22.5000 2825.9258   11.9343
   -7.5000   22.5000   22.5000 2841.6375   12.0066
    0.0000   22.5000   22.5000 2875.4956   11.7382
    7.5000   22.5000   22.5000 2871.2058   11.6930
   -7.5000   30.0000   22.5000 2859.9983   11.9780
    0.0000   30.0000   22.5000 2891.9617   11.6787
    7.5000   30.0000   22.5000 2888.9985   11.6659
   -7.5000   37.5000   22.5000 2842.9534   12.2241
    0.0000   37.5000   22.5000 2880.8716   11.9661
    7.5000   37.5000   22.5000 2881.3279   11.9562
   -7.5000   45.0000   22.5000 2795.3315   12.6674
    0.0000   45.0000   22.5000 2833.2678   12.3922
    7.5000   45.0000   22.5000 2834.0024   12.3969
   -7.5000  -45.0000   30.0000 2067.9717   20.8367
    0.0000  -45.0000   30.0000 2069.6365   20.6296
    7.5000  -45.0000   30.0000 2073.7747   20.4368
   -7.5000  -37.5000   30.0000 2170.1101   19.1561
    0.0000  -37.5000   30.0000 2176.5867   18.9696
    7.5000  -37.5000   30.0000 2175.1816   18.7917
   -7.5000  -30.0000   30.0000 2270.1350   17.7930
    0.0000  -30.0000   30.0000 2277.1292   17.6173
    7.5000  -30.0000   30.0000 2280.2808   17.4938
   -7.5000  -22.5000   30.0000 2372.7002   16.6479
    0.0000  -22.5000   30.0000 2376.1814   16.4005
    7.5000  -22.5000   30.0000 2384.7498   16.3142
   -7.5000  -15.0000   30.0000 2459.8582   15.5600
    0.0000  -15.0000   30.0000 2467.1946   15.2739
    7.5000  -15.0000   30.0000 2479.1665   15.2361
   -7.5000   -7.5000   30.0000 2554.5664   14.6230
    0.0000   -7.5000   30.0000 2559.5830   14.2920
    7.5000   -7.5000   30.0000 2574.2122   14.3053
   -7.5000    0.0000   30.0000 2629.9023   13.9482
    0.0000    0.0000   30.0000 2635.2173   13.6263
    7.5000    0.0000   30.0000 2645.3738   13.6010
   -7.5000    7.5000   30.0000 2687.4895   13.4464
    0.0000    7.5000   30.0000 2700.7046   13.1299
    7.5000    7.5000   30.0000 2710.3987   13.0966
   -7.5000   15.0000   30.0000 2735.7646   13.0592
    0.0000   15.0000   30.0000 2757.1338   12.7404
    7.5000   15.0000   30.0000 2759.9502   12.6946
   -7.5000   22.5000   30.0000 2766.8176   12.7764
    0.0000   22.5000   30.0000 2795.2993   12.4616
    7.5000   22.5000   30.0000 2796.9075   12.4319
   -7.5000   30.0000   30.0000 2776.4731   12.7323
    0.0000   30.0000   30.0000 2808.1406   12.4350
    7.5000   30.0000   30.0000 2807.0466   12.4314
   -7.5000   37.5000   30.0000 2765.0203   12.9768
    0.0000   37.5000   30.0000 2797.5691   12.7206
    7.5000   37.5000   30.0000 2797.7305   12.6967
   -7.5000   45.0000   30.0000 2715.5542   13.4068
    0.0000   45.0000   30.0000 2753.1521   13.1416
    7.5000   45.0000   30.0000 2752.0737   13.1444
   -7.5000  -45.0000   37.5000 1972.9838   23.3026
    0.0000  -45.0000   37.5000 1974.2775   22.9645
    7.5000  -45.0000   37.5000 1976.3993   22.7991
   -7.5000  -37.5000   37.5000 2080.5425   21.2329
    0.0000  -37.5000   37.5000 2095.2031   21.0098
    7.5000  -37.5000   37.5000 2090.5476   20.7859
   -7.5000  -30.0000   37.5000 2184.4924   19.5582
    0.0000  -30.0000   37.5000 2200.4675   19.3330
    7.5000  -30.0000   37.5000 2199.2222   19.2301
   -7.5000  -22.5000   37.5000 2293.9158   18.0972
    0.0000  -22.5000   37.5000 2300.6064   17.8409
    7.5000  -22.5000   37.5000 2308.1643   17.8129
   -7.5000  -15.0000   37.5000 2390.3833   16.8743
    0.0000  -15.0000   37.5000 2398.8760   16.5563
    7.5000  -15.0000   37.5000 2410.3452   16.5537
   -7.5000   -7.5000   37.5000 2488.1047   15.8185
    0.0000   -7.5000   37.5000 2498.6667   15.4799
    7.5000   -7.5000   37.5000 2506.0701   15.4806
   -7.5000    0.0000   37.5000 2557.6755   15.0531
    0.0000    0.0000   37.5000 2571.8887   14.7013
    7.5000    0.0000   37.5000 2581.0447   14.6755
   -7.5000    7.5000   37.5000 2614.2332   14.4530
    0.0000    7.5000   37.5000 2635.9370   14.0889
    7.5000    7.5000   37.5000 2642.1030   14.0713
   -7.5000   15.0000   37.5000 2657.5613   14.0351
    0.0000   15.0000   37.5000 2682.8713   13.6715
    7.5000   15.0000   37.5000 2684.0630   13.6508
   -7.5000   22.5000   37.5000 2683.9341   13.7653
    0.0000   22.5000   37.5000 2712.5803   13.4136
    7.5000   22.5000   37.5000 2715.2651   13.4041
   -7.5000   30.0000   37.5000 2688.3521   13.7184
    0.0000   30.0000   37.5000 2718.7231   13.4116
    7.5000   30.0000   37.5000 2721.5095   13.3912
   -7.5000   37.5000   37.5000 2672.3767   13.9181
    0.0000   37.5000   37.5000 2701.2952   13.6633
    7.5000   37.5000   37.5000 2704.1992   13.6495
   -7.5000   45.0000   37.5000 2632.8958   14.3183
    0.0000   45.0000   37.5000 2666.4312   14.0383
    7.5000   45.0000   37.5000 2665.6121   14.0496
   -7.5000  -45.0000   45.0000 1877.3711   26.4490
    0.0000  -45.0000   45.0000 1877.3439   25.9435
    7.5000  -45.0000   45.0000 1884.4376   25.9001
   -7.5000  -37.5000   45.0000 1990.1852   23.7992
    0.0000  -37.5000   45.0000 1998.5330   23.4459
    7.5000  -37.5000   45.0000 1999.7695   23.3125
   -7.5000  -30.0000   45.0000 2095.3704   21.6376
    0.0000  -30.0000   45.0000 2110.1028   21.3459
    7.5000  -30.0000   45.0000 2110.1233   21.2557
   -7.5000  -22.5000   45.0000 2204.3076   19.8922
    0.0000  -22.5000   45.0000 2214.8818   19.5701
    7.5000  -22.5000   45.0000 2221.1272   19.5503
   -7.5000  -15.0000   45.0000 2306.5652   18.4776
    0.0000  -15.0000   45.0000 2322.2517   18.1380
    7.5000  -15.0000   45.0000 2326.5205   18.0954
   -7.5000   -7.5000   45.0000 2401.3003   17.2808
    0.0000   -7.5000   45.0000 2416.9607   16.9205
    7.5000   -7.5000   45.0000 2423.8450   16.9243
   -7.5000    0.0000   45.0000 2475.6230   16.3568
    0.0000    0.0000   45.0000 2497.0349   15.9967
    7.5000    0.0000   45.0000 2499.2917   15.9754
   -7.5000    7.5000   45.0000 2531.4429   15.6631
    0.0000    7.5000   45.0000 2559.4146   15.2937
    7.5000    7.5000   45.0000 2562.0898   15.2625
   -7.5000   15.0000   45.0000 2567.2310   15.2045
    0.0000   15.0000   45.0000 2596.4224   14.8421
    7.5000   15.0000   45.0000 2598.0908   14.8002
   -7.5000   22.5000   45.0000 2591.4661   14.9308
    0.0000   22.5000   45.0000 2621.6543   14.5869
    7.5000   22.5000   45.0000 2618.2690   14.5481
   -7.5000   30.0000   45.0000 2589.6746   14.8749
    0.0000   30.0000   45.0000 2623.6084   14.5934
    7.5000   30.0000   45.0000 2623.5137   14.5580
   -7.5000   37.5000   45.0000 2574.1375   15.0484
    0.0000   37.5000   45.0000 2605.1179   14.8244
    7.5000   37.5000   45.0000 2607.9895   14.7878
   -7.5000   45.0000   45.0000 2535.9639   15.4457
    0.0000   45.0000   45.0000 2572.5176   15.1561
    7.5000   45.0000   45.0000 2572.6387   15.1508

---------------------------------------------------------------------
imgreg_4dfp /home/aracena/freesurfer/average/711-2C_as_mni_average_305 /home/aracena/freesurfer/average/711-2B_as_mni_average_305_mask talsrcimg_g11 none talsrcimg_to_711-2C_as_mni_average_305_t4 1283
---------------------------------------------------------------------

freesurfer imgreg_4dfp.c
/home/aracena/freesurfer/average/711-2C_as_mni_average_305.4dfp.img
       256       256       256         1
  1.000000  1.000000  1.000000
orientation T byte_order littleendian
Reading image: /home/aracena/freesurfer/average/711-2C_as_mni_average_305.4dfp.img
dimensions:      256       256       256
mmppix:       1.0000   -1.0000   -1.0000
center:     128.0000 -129.0000 -129.0000
/home/aracena/freesurfer/average/711-2B_as_mni_average_305_mask.4dfp.img
       256       256       256         1
  1.000000  1.000000  1.000000
orientation T byte_order littleendian
Reading mask: /home/aracena/freesurfer/average/711-2B_as_mni_average_305_mask.4dfp.img (2306576 pixels)
talsrcimg_g11.4dfp.img
       256       256       256         1
  1.000000  1.000000  1.000000
orientation T byte_order littleendian
Reading image: talsrcimg_g11.4dfp.img
dimensions:      256       256       256
mmppix:       1.0000   -1.0000   -1.0000
center:     128.0000 -129.0000 -129.0000
rotation matrix determinant  1.000000
fimgreg.f
image alignment mode   1283 decimal      503 hex
parameters
    0.0000   30.0000    0.0000    0.0000    0.0000    0.0000
eta,q 0.96116 10.64506
niter,ni,del,rscale     5    3   12.0000    1.2000
parameters
    2.0418   31.6084   -0.1975    0.6521    0.4773   -1.9396
eta,q 0.96438 10.56513
  0.0621  0.0501  0.0445  0.0403  0.0429  0.0378
  0.0536  0.0446  0.0394  0.0387  0.0400  0.0363
  0.0447  0.0401  0.0366  0.0374  0.0379  0.0356
  0.0386  0.0374  0.0369  0.0366  0.0364  0.0362
  0.0374  0.0373  0.0388  0.0362  0.0365  0.0378
  0.0403  0.0385  0.0409  0.0372  0.0384  0.0400
  0.0440  0.0415  0.0443  0.0394  0.0416  0.0436
niter,ni,del,rscale     4    3   12.0000    1.2000
parameters
    2.0317   31.5437   -0.2252    0.5199    0.6422   -2.0641
eta,q 0.96436 10.56610
  0.0497  0.0447  0.0439  0.0390  0.0423  0.0398
  0.0419  0.0394  0.0389  0.0372  0.0392  0.0376
  0.0365  0.0364  0.0358  0.0361  0.0367  0.0362
  0.0356  0.0356  0.0356  0.0356  0.0356  0.0356
  0.0386  0.0367  0.0377  0.0359  0.0365  0.0362
  0.0431  0.0402  0.0397  0.0371  0.0387  0.0378
  0.0483  0.0446  0.0430  0.0397  0.0416  0.0401
niter,ni,del,rscale     3    3   12.0000    1.2000
parameters
    1.9829   31.5809   -0.3131    0.3955    0.7341   -2.1324
eta,q 0.96444 10.56673
  0.0494  0.0449  0.0436  0.0389  0.0421  0.0398
  0.0417  0.0396  0.0387  0.0372  0.0391  0.0376
  0.0365  0.0365  0.0357  0.0359  0.0365  0.0361
  0.0356  0.0356  0.0356  0.0355  0.0356  0.0356
  0.0386  0.0366  0.0377  0.0359  0.0365  0.0361
  0.0431  0.0399  0.0397  0.0370  0.0388  0.0377
  0.0483  0.0443  0.0430  0.0395  0.0417  0.0400
niter,ni,del,rscale     2    3   12.0000    1.2000
parameters
    1.9596   31.6232   -0.3840    0.2952    0.7871   -2.1810
eta,q 0.96449 10.56713
  0.0494  0.0449  0.0436  0.0389  0.0420  0.0398
  0.0417  0.0396  0.0387  0.0372  0.0389  0.0375
  0.0365  0.0364  0.0356  0.0359  0.0363  0.0360
  0.0356  0.0355  0.0355  0.0355  0.0355  0.0355
  0.0385  0.0365  0.0376  0.0359  0.0365  0.0361
  0.0430  0.0399  0.0396  0.0370  0.0388  0.0376
  0.0482  0.0443  0.0428  0.0394  0.0417  0.0400
niter,ni,del,rscale     1    3   12.0000    1.2000
parameters
    1.9500   31.6586   -0.4396    0.2186    0.8253   -2.2151
eta,q 0.96453 10.56691
  0.0494  0.0448  0.0436  0.0389  0.0419  0.0399
  0.0418  0.0396  0.0387  0.0372  0.0389  0.0375
  0.0365  0.0364  0.0356  0.0358  0.0363  0.0360
  0.0355  0.0355  0.0355  0.0355  0.0355  0.0355
  0.0384  0.0365  0.0375  0.0358  0.0365  0.0360
  0.0430  0.0399  0.0396  0.0370  0.0387  0.0376
  0.0481  0.0443  0.0428  0.0394  0.0417  0.0400
registration optimization eta report
parameter search radius
    6.0000    6.0000    6.0000    6.0000    6.0000    6.0000
100000*second partial in parameter space
       36.       25.       21.       10.       17.       12.
  0.0494  0.0448  0.0436  0.0389  0.0419  0.0399
  0.0418  0.0396  0.0387  0.0372  0.0389  0.0375
  0.0365  0.0364  0.0356  0.0358  0.0363  0.0360
  0.0355  0.0355  0.0355  0.0355  0.0355  0.0355
  0.0384  0.0365  0.0375  0.0358  0.0365  0.0360
  0.0430  0.0399  0.0396  0.0370  0.0387  0.0376
  0.0481  0.0443  0.0428  0.0394  0.0417  0.0400
    1.9500   31.6586   -0.4396    0.2186    0.8253   -2.2151
eta,q 0.96453 10.56691

---------------------------------------------------------------------
imgreg_4dfp /home/aracena/freesurfer/average/711-2C_as_mni_average_305 /home/aracena/freesurfer/average/711-2B_as_mni_average_305_mask talsrcimg_g11 none talsrcimg_to_711-2C_as_mni_average_305_t4 3335
---------------------------------------------------------------------

freesurfer imgreg_4dfp.c
/home/aracena/freesurfer/average/711-2C_as_mni_average_305.4dfp.img
       256       256       256         1
  1.000000  1.000000  1.000000
orientation T byte_order littleendian
Reading image: /home/aracena/freesurfer/average/711-2C_as_mni_average_305.4dfp.img
dimensions:      256       256       256
mmppix:       1.0000   -1.0000   -1.0000
center:     128.0000 -129.0000 -129.0000
/home/aracena/freesurfer/average/711-2B_as_mni_average_305_mask.4dfp.img
       256       256       256         1
  1.000000  1.000000  1.000000
orientation T byte_order littleendian
Reading mask: /home/aracena/freesurfer/average/711-2B_as_mni_average_305_mask.4dfp.img (2306576 pixels)
talsrcimg_g11.4dfp.img
       256       256       256         1
  1.000000  1.000000  1.000000
orientation T byte_order littleendian
Reading image: talsrcimg_g11.4dfp.img
dimensions:      256       256       256
mmppix:       1.0000   -1.0000   -1.0000
center:     128.0000 -129.0000 -129.0000
fimgreg.f
image alignment mode   3335 decimal      D07 hex
parameters
    1.9500   31.6586   -0.4396   -0.0851   -0.0752   -0.0111
    3.8595   -1.4540   -3.8647   -0.3256    1.4403    0.3815
eta,q 0.96523 10.60328
niter,ni,del,rscale     5    3    5.0000    1.2000
parameter  5  3.028421 ->  0.500000 qaram    1.1500
parameter  6  1.002301 ->  0.500000 qaram    1.1500
parameter 10 -0.512244 -> -0.500000 qaram    1.1500
parameters
    1.7806   31.9371   -0.5975   -2.4649   -4.2152   -4.1511
    3.5291   -0.2704   -2.8713    3.8144    4.8859   -0.3255
eta,q 0.97341 10.53119
  0.0371  0.0365  0.0357  0.0358  0.0296  0.0277  0.0294  0.0329  0.0295  0.0321  0.0296  0.0275
  0.0358  0.0356  0.0351  0.0351  0.0309  0.0275  0.0284  0.0304  0.0285  0.0301  0.0284  0.0270
  0.0349  0.0350  0.0348  0.0346  0.0326  0.0286  0.0278  0.0286  0.0279  0.0286  0.0275  0.0267
  0.0348  0.0348  0.0347  0.0347  0.0346  0.0314  0.0277  0.0277  0.0275  0.0275  0.0269  0.0266
  0.0352  0.0348  0.0349  0.0358  0.0368  0.0343  0.0280  0.0277  0.0276  0.0270  0.0266  0.0268
  0.0363  0.0352  0.0353  0.0379  0.0391  0.0379  0.0286  0.0286  0.0280  0.0270  0.0267  0.0272
  0.0379  0.0359  0.0361  0.0405  0.0417  0.0421  0.0297  0.0304  0.0287  0.0275  0.0270  0.0279
niter,ni,del,rscale     7    3    5.0000    1.2000
parameter  3  0.826506 ->  0.500000 qaram    1.1500
parameter  5  1.044778 ->  0.500000 qaram    1.3225
parameters
    2.2681   32.6070   -1.9775   -0.6737   -8.9762   -6.8251
    3.8156   -0.8338   -2.9309    4.7169    5.8879   -1.8259
eta,q 0.97830 10.47100
  0.0301  0.0295  0.0253  0.0287  0.0223  0.0250  0.0246  0.0260  0.0238  0.0261  0.0236  0.0226
  0.0284  0.0281  0.0252  0.0273  0.0223  0.0233  0.0233  0.0235  0.0227  0.0241  0.0227  0.0220
  0.0272  0.0271  0.0256  0.0262  0.0231  0.0220  0.0223  0.0221  0.0221  0.0226  0.0221  0.0217
  0.0266  0.0265  0.0263  0.0252  0.0248  0.0225  0.0219  0.0219  0.0219  0.0219  0.0218  0.0218
  0.0265  0.0263  0.0275  0.0247  0.0269  0.0252  0.0222  0.0228  0.0221  0.0219  0.0218  0.0221
  0.0270  0.0266  0.0291  0.0251  0.0293  0.0288  0.0230  0.0246  0.0228  0.0229  0.0222  0.0228
  0.0280  0.0274  0.0309  0.0267  0.0319  0.0336  0.0242  0.0273  0.0238  0.0248  0.0229  0.0237
niter,ni,del,rscale     7    3    5.0000    1.2000
parameters
    2.1288   32.9183   -3.0185    0.5025  -10.7331   -7.8500
    3.8950   -1.1203   -2.9604    5.5586    5.9340   -2.7407
eta,q 0.97923 10.44028
  0.0245  0.0248  0.0224  0.0252  0.0237  0.0255  0.0237  0.0258  0.0228  0.0250  0.0225  0.0218
  0.0229  0.0233  0.0215  0.0236  0.0217  0.0235  0.0222  0.0230  0.0217  0.0229  0.0215  0.0212
  0.0219  0.0222  0.0212  0.0223  0.0208  0.0217  0.0212  0.0213  0.0211  0.0215  0.0210  0.0208
  0.0217  0.0217  0.0216  0.0212  0.0209  0.0208  0.0209  0.0209  0.0208  0.0208  0.0208  0.0208
  0.0222  0.0218  0.0227  0.0209  0.0220  0.0220  0.0212  0.0217  0.0211  0.0210  0.0210  0.0211
  0.0234  0.0224  0.0243  0.0218  0.0241  0.0253  0.0221  0.0237  0.0218  0.0219  0.0215  0.0217
  0.0252  0.0236  0.0262  0.0237  0.0267  0.0291  0.0235  0.0265  0.0228  0.0237  0.0224  0.0225
niter,ni,del,rscale     6    3    5.0000    1.2000
parameters
    2.0886   33.1699   -3.3102    1.0328  -10.7448   -8.2634
    3.9001   -1.1491   -2.9456    6.0153    5.8966   -2.9767
eta,q 0.97935 10.43884
  0.0242  0.0237  0.0229  0.0245  0.0250  0.0260  0.0235  0.0262  0.0227  0.0246  0.0224  0.0219
  0.0223  0.0222  0.0216  0.0230  0.0226  0.0239  0.0220  0.0232  0.0216  0.0226  0.0214  0.0212
  0.0211  0.0212  0.0208  0.0217  0.0210  0.0220  0.0210  0.0213  0.0209  0.0212  0.0208  0.0208
  0.0208  0.0208  0.0207  0.0207  0.0206  0.0206  0.0207  0.0207  0.0207  0.0207  0.0207  0.0207
  0.0212  0.0208  0.0213  0.0207  0.0211  0.0213  0.0210  0.0214  0.0209  0.0209  0.0209  0.0208
  0.0225  0.0215  0.0224  0.0219  0.0226  0.0242  0.0220  0.0233  0.0216  0.0220  0.0215  0.0213
  0.0244  0.0227  0.0240  0.0240  0.0249  0.0279  0.0235  0.0262  0.0227  0.0239  0.0224  0.0221
niter,ni,del,rscale     5    3    5.0000    1.2000
parameters
    2.0831   33.2302   -3.4384    1.1856  -10.6897   -8.4244
    3.8904   -1.1402   -2.9401    6.1553    5.8875   -3.0286
eta,q 0.97933 10.43802
  0.0243  0.0232  0.0232  0.0243  0.0251  0.0262  0.0235  0.0262  0.0227  0.0243  0.0224  0.0220
  0.0223  0.0219  0.0217  0.0228  0.0227  0.0241  0.0220  0.0232  0.0216  0.0224  0.0214  0.0213
  0.0211  0.0210  0.0208  0.0215  0.0211  0.0222  0.0210  0.0213  0.0209  0.0211  0.0208  0.0208
  0.0207  0.0207  0.0207  0.0206  0.0206  0.0206  0.0207  0.0207  0.0207  0.0207  0.0207  0.0207
  0.0211  0.0209  0.0211  0.0209  0.0211  0.0211  0.0210  0.0214  0.0209  0.0210  0.0209  0.0208
  0.0224  0.0217  0.0221  0.0223  0.0226  0.0238  0.0220  0.0233  0.0216  0.0222  0.0215  0.0213
  0.0243  0.0230  0.0236  0.0244  0.0249  0.0275  0.0235  0.0261  0.0226  0.0241  0.0224  0.0220
niter,ni,del,rscale     4    3    5.0000    1.2000
parameters
    2.0830   33.2456   -3.4885    1.2338  -10.6617   -8.4872
    3.8915   -1.1364   -2.9432    6.1961    5.8853   -3.0412
eta,q 0.97933 10.43760
  0.0243  0.0232  0.0233  0.0243  0.0251  0.0263  0.0235  0.0263  0.0227  0.0242  0.0224  0.0220
  0.0224  0.0218  0.0218  0.0228  0.0227  0.0242  0.0220  0.0232  0.0216  0.0223  0.0214  0.0213
  0.0211  0.0210  0.0209  0.0215  0.0211  0.0222  0.0210  0.0213  0.0209  0.0211  0.0208  0.0208
  0.0207  0.0207  0.0207  0.0207  0.0207  0.0207  0.0207  0.0207  0.0207  0.0207  0.0207  0.0207
  0.0211  0.0209  0.0211  0.0209  0.0211  0.0210  0.0210  0.0214  0.0209  0.0210  0.0209  0.0208
  0.0224  0.0218  0.0220  0.0224  0.0227  0.0236  0.0220  0.0233  0.0216  0.0222  0.0215  0.0213
  0.0243  0.0231  0.0234  0.0245  0.0250  0.0274  0.0235  0.0261  0.0226  0.0242  0.0224  0.0220
niter,ni,del,rscale     3    3    5.0000    1.2000
parameters
    2.0836   33.2524   -3.5077    1.2523  -10.6484   -8.5113
    3.8914   -1.1352   -2.9413    6.2109    5.8762   -3.0512
eta,q 0.97933 10.43748
  0.0244  0.0231  0.0234  0.0242  0.0251  0.0263  0.0235  0.0263  0.0227  0.0242  0.0224  0.0220
  0.0224  0.0218  0.0219  0.0228  0.0227  0.0242  0.0220  0.0233  0.0216  0.0223  0.0214  0.0213
  0.0211  0.0210  0.0209  0.0215  0.0211  0.0223  0.0210  0.0213  0.0209  0.0211  0.0208  0.0208
  0.0207  0.0207  0.0207  0.0207  0.0207  0.0207  0.0207  0.0207  0.0207  0.0207  0.0207  0.0207
  0.0211  0.0209  0.0211  0.0210  0.0211  0.0210  0.0210  0.0214  0.0209  0.0210  0.0209  0.0208
  0.0224  0.0218  0.0220  0.0224  0.0227  0.0236  0.0220  0.0233  0.0216  0.0222  0.0215  0.0213
  0.0243  0.0231  0.0234  0.0246  0.0250  0.0273  0.0235  0.0262  0.0226  0.0242  0.0224  0.0220
registration optimization eta report
parameter search radius
    2.4000    2.4000    2.7600    7.2000    9.5220    8.2800
    7.2000    7.2000    7.2000    8.2800    7.2000    7.2000
100000*second partial in parameter space
       64.       43.       35.        7.        5.        9.
        5.       11.        4.        5.        3.        3.
  0.0244  0.0231  0.0234  0.0242  0.0251  0.0263  0.0235  0.0263  0.0227  0.0242  0.0224  0.0220
  0.0224  0.0218  0.0219  0.0228  0.0227  0.0242  0.0220  0.0233  0.0216  0.0223  0.0214  0.0213
  0.0211  0.0210  0.0209  0.0215  0.0211  0.0223  0.0210  0.0213  0.0209  0.0211  0.0208  0.0208
  0.0207  0.0207  0.0207  0.0207  0.0207  0.0207  0.0207  0.0207  0.0207  0.0207  0.0207  0.0207
  0.0211  0.0209  0.0211  0.0210  0.0211  0.0210  0.0210  0.0214  0.0209  0.0210  0.0209  0.0208
  0.0224  0.0218  0.0220  0.0224  0.0227  0.0236  0.0220  0.0233  0.0216  0.0222  0.0215  0.0213
  0.0243  0.0231  0.0234  0.0246  0.0250  0.0273  0.0235  0.0262  0.0226  0.0242  0.0224  0.0220
    2.0836   33.2524   -3.5077    1.2523  -10.6484   -8.5113
    3.8914   -1.1352   -2.9413    6.2109    5.8762   -3.0512
eta,q 0.97933 10.43748

---------------------------------------------------------------------
imgreg_4dfp /home/aracena/freesurfer/average/711-2C_as_mni_average_305 /home/aracena/freesurfer/average/711-2B_as_mni_average_305_mask talsrcimg_g11 none talsrcimg_to_711-2C_as_mni_average_305_t4 2311
---------------------------------------------------------------------

freesurfer imgreg_4dfp.c
/home/aracena/freesurfer/average/711-2C_as_mni_average_305.4dfp.img
       256       256       256         1
  1.000000  1.000000  1.000000
orientation T byte_order littleendian
Reading image: /home/aracena/freesurfer/average/711-2C_as_mni_average_305.4dfp.img
dimensions:      256       256       256
mmppix:       1.0000   -1.0000   -1.0000
center:     128.0000 -129.0000 -129.0000
/home/aracena/freesurfer/average/711-2B_as_mni_average_305_mask.4dfp.img
       256       256       256         1
  1.000000  1.000000  1.000000
orientation T byte_order littleendian
Reading mask: /home/aracena/freesurfer/average/711-2B_as_mni_average_305_mask.4dfp.img (2306576 pixels)
talsrcimg_g11.4dfp.img
       256       256       256         1
  1.000000  1.000000  1.000000
orientation T byte_order littleendian
Reading image: talsrcimg_g11.4dfp.img
dimensions:      256       256       256
mmppix:       1.0000   -1.0000   -1.0000
center:     128.0000 -129.0000 -129.0000
fimgreg.f
image alignment mode   2311 decimal      907 hex
parameters
    2.0836   33.2524   -3.5077    1.2523  -10.6484   -8.5113
    3.8914   -1.1352   -2.9413    6.2109    5.8762   -3.0512
eta,q 0.97933 10.43748
niter,ni,del,rscale     5    3    5.0000    0.8000
parameters
    2.0792   33.2551   -3.5744    1.5682  -10.7496   -7.9248
    3.8237   -1.1665   -2.9920    6.4616    5.8705   -3.1558
eta,q 0.97949 10.45307
  0.0224  0.0218  0.0216  0.0228  0.0217  0.0236  0.0219  0.0233  0.0214  0.0219  0.0214  0.0212
  0.0214  0.0212  0.0210  0.0219  0.0211  0.0225  0.0211  0.0218  0.0209  0.0212  0.0209  0.0208
  0.0209  0.0208  0.0207  0.0211  0.0207  0.0214  0.0207  0.0208  0.0206  0.0207  0.0206  0.0206
  0.0207  0.0207  0.0207  0.0207  0.0206  0.0206  0.0205  0.0205  0.0205  0.0205  0.0205  0.0205
  0.0209  0.0208  0.0208  0.0207  0.0208  0.0206  0.0207  0.0209  0.0206  0.0206  0.0206  0.0206
  0.0215  0.0212  0.0212  0.0214  0.0212  0.0213  0.0212  0.0219  0.0209  0.0210  0.0209  0.0208
  0.0224  0.0218  0.0217  0.0225  0.0218  0.0228  0.0219  0.0234  0.0215  0.0217  0.0214  0.0212
niter,ni,del,rscale     4    3    5.0000    0.7000
parameters
    2.0719   33.2637   -3.3729    1.5532  -10.8583   -7.5879
    3.8246   -1.1858   -3.0020    6.4859    5.8494   -3.1638
eta,q 0.97955 10.45936
  0.0219  0.0214  0.0215  0.0221  0.0213  0.0229  0.0215  0.0227  0.0212  0.0214  0.0212  0.0210
  0.0211  0.0209  0.0210  0.0214  0.0208  0.0220  0.0209  0.0214  0.0208  0.0209  0.0208  0.0207
  0.0207  0.0206  0.0207  0.0208  0.0206  0.0211  0.0206  0.0207  0.0205  0.0206  0.0205  0.0205
  0.0205  0.0205  0.0205  0.0205  0.0205  0.0205  0.0205  0.0205  0.0205  0.0205  0.0205  0.0205
  0.0207  0.0206  0.0205  0.0207  0.0206  0.0206  0.0206  0.0207  0.0205  0.0206  0.0206  0.0205
  0.0211  0.0209  0.0207  0.0213  0.0209  0.0212  0.0210  0.0215  0.0208  0.0209  0.0208  0.0207
  0.0219  0.0214  0.0211  0.0222  0.0214  0.0225  0.0215  0.0227  0.0212  0.0214  0.0212  0.0210
niter,ni,del,rscale     3    3    5.0000    0.6000
parameters
    2.0622   33.2651   -3.2584    1.5551  -10.9321   -7.3785
    3.8210   -1.1967   -3.0076    6.4941    5.8128   -3.1779
eta,q 0.97956 10.46315
  0.0215  0.0211  0.0212  0.0217  0.0211  0.0223  0.0212  0.0221  0.0210  0.0212  0.0210  0.0208
  0.0209  0.0207  0.0208  0.0211  0.0207  0.0215  0.0208  0.0212  0.0207  0.0208  0.0207  0.0206
  0.0206  0.0205  0.0206  0.0206  0.0205  0.0208  0.0205  0.0206  0.0205  0.0205  0.0205  0.0205
  0.0205  0.0205  0.0205  0.0205  0.0205  0.0205  0.0204  0.0204  0.0204  0.0204  0.0204  0.0204
  0.0206  0.0205  0.0205  0.0206  0.0205  0.0206  0.0205  0.0206  0.0205  0.0205  0.0205  0.0205
  0.0209  0.0207  0.0207  0.0210  0.0207  0.0211  0.0208  0.0212  0.0207  0.0207  0.0207  0.0206
  0.0215  0.0211  0.0209  0.0218  0.0211  0.0221  0.0212  0.0221  0.0210  0.0211  0.0210  0.0208
niter,ni,del,rscale     2    3    5.0000    0.5000
parameters
    2.0537   33.2645   -3.1883    1.5728  -10.9852   -7.2505
    3.8115   -1.2047   -2.9906    6.4881    5.7697   -3.1791
eta,q 0.97957 10.46533
  0.0211  0.0209  0.0209  0.0214  0.0209  0.0218  0.0210  0.0216  0.0208  0.0209  0.0208  0.0207
  0.0208  0.0206  0.0207  0.0209  0.0206  0.0212  0.0207  0.0209  0.0206  0.0206  0.0206  0.0206
  0.0205  0.0205  0.0205  0.0206  0.0205  0.0207  0.0205  0.0206  0.0205  0.0205  0.0205  0.0205
  0.0204  0.0204  0.0204  0.0204  0.0204  0.0204  0.0204  0.0204  0.0204  0.0204  0.0204  0.0204
  0.0205  0.0205  0.0205  0.0205  0.0205  0.0206  0.0205  0.0206  0.0205  0.0205  0.0205  0.0205
  0.0208  0.0206  0.0206  0.0208  0.0206  0.0210  0.0207  0.0210  0.0206  0.0207  0.0206  0.0206
  0.0212  0.0209  0.0208  0.0214  0.0209  0.0216  0.0210  0.0216  0.0208  0.0209  0.0208  0.0207
niter,ni,del,rscale     1    3    5.0000    0.4000
parameters
    2.0514   33.2651   -3.1427    1.5996  -11.0274   -7.1809
    3.8008   -1.2010   -2.9795    6.4829    5.7190   -3.1800
eta,q 0.97957 10.46660
  0.0209  0.0207  0.0207  0.0211  0.0207  0.0214  0.0208  0.0212  0.0207  0.0207  0.0207  0.0206
  0.0206  0.0206  0.0206  0.0207  0.0205  0.0209  0.0206  0.0208  0.0205  0.0206  0.0205  0.0205
  0.0205  0.0205  0.0205  0.0205  0.0205  0.0206  0.0205  0.0205  0.0205  0.0205  0.0205  0.0205
  0.0204  0.0204  0.0204  0.0204  0.0204  0.0204  0.0204  0.0204  0.0204  0.0204  0.0204  0.0204
  0.0205  0.0205  0.0205  0.0205  0.0205  0.0205  0.0205  0.0205  0.0205  0.0205  0.0205  0.0205
  0.0206  0.0206  0.0205  0.0207  0.0206  0.0208  0.0206  0.0208  0.0205  0.0206  0.0205  0.0205
  0.0209  0.0207  0.0207  0.0211  0.0207  0.0213  0.0208  0.0212  0.0207  0.0207  0.0207  0.0206
registration optimization eta report
parameter search radius
    0.8000    0.8000    0.8000    2.4000    2.4000    2.4000
    2.4000    2.4000    2.4000    2.4000    2.4000    2.4000
100000*second partial in parameter space
       72.       44.       41.       11.        5.       15.
        6.       13.        4.        5.        4.        3.
  0.0209  0.0207  0.0207  0.0211  0.0207  0.0214  0.0208  0.0212  0.0207  0.0207  0.0207  0.0206
  0.0206  0.0206  0.0206  0.0207  0.0205  0.0209  0.0206  0.0208  0.0205  0.0206  0.0205  0.0205
  0.0205  0.0205  0.0205  0.0205  0.0205  0.0206  0.0205  0.0205  0.0205  0.0205  0.0205  0.0205
  0.0204  0.0204  0.0204  0.0204  0.0204  0.0204  0.0204  0.0204  0.0204  0.0204  0.0204  0.0204
  0.0205  0.0205  0.0205  0.0205  0.0205  0.0205  0.0205  0.0205  0.0205  0.0205  0.0205  0.0205
  0.0206  0.0206  0.0205  0.0207  0.0206  0.0208  0.0206  0.0208  0.0205  0.0206  0.0205  0.0205
  0.0209  0.0207  0.0207  0.0211  0.0207  0.0213  0.0208  0.0212  0.0207  0.0207  0.0207  0.0206
    2.0514   33.2651   -3.1427    1.5996  -11.0274   -7.1809
    3.8008   -1.2010   -2.9795    6.4829    5.7190   -3.1800
eta,q 0.97957 10.46660

---------------------------------------------------------------------
imgreg_4dfp /home/aracena/freesurfer/average/711-2C_as_mni_average_305 /home/aracena/freesurfer/average/711-2B_as_mni_average_305_mask talsrcimg_g11 none talsrcimg_to_711-2C_as_mni_average_305_t4 2311
---------------------------------------------------------------------

freesurfer imgreg_4dfp.c
/home/aracena/freesurfer/average/711-2C_as_mni_average_305.4dfp.img
       256       256       256         1
  1.000000  1.000000  1.000000
orientation T byte_order littleendian
Reading image: /home/aracena/freesurfer/average/711-2C_as_mni_average_305.4dfp.img
dimensions:      256       256       256
mmppix:       1.0000   -1.0000   -1.0000
center:     128.0000 -129.0000 -129.0000
/home/aracena/freesurfer/average/711-2B_as_mni_average_305_mask.4dfp.img
       256       256       256         1
  1.000000  1.000000  1.000000
orientation T byte_order littleendian
Reading mask: /home/aracena/freesurfer/average/711-2B_as_mni_average_305_mask.4dfp.img (2306576 pixels)
talsrcimg_g11.4dfp.img
       256       256       256         1
  1.000000  1.000000  1.000000
orientation T byte_order littleendian
Reading image: talsrcimg_g11.4dfp.img
dimensions:      256       256       256
mmppix:       1.0000   -1.0000   -1.0000
center:     128.0000 -129.0000 -129.0000
fimgreg.f
image alignment mode   2311 decimal      907 hex
parameters
    2.0514   33.2651   -3.1427    1.5996  -11.0274   -7.1809
    3.8008   -1.2010   -2.9795    6.4829    5.7190   -3.1800
eta,q 0.97957 10.46660
niter,ni,del,rscale     5    3    5.0000    0.8000
parameters
    2.0501   33.2529   -3.1087    1.3645  -10.9781   -7.3783
    3.8350   -1.1674   -2.9858    6.3818    5.8272   -3.1225
eta,q 0.97954 10.46088
  0.0222  0.0215  0.0215  0.0223  0.0217  0.0230  0.0219  0.0233  0.0214  0.0217  0.0214  0.0212
  0.0212  0.0209  0.0209  0.0214  0.0210  0.0219  0.0211  0.0217  0.0209  0.0210  0.0209  0.0208
  0.0206  0.0206  0.0206  0.0207  0.0206  0.0209  0.0206  0.0208  0.0206  0.0206  0.0206  0.0205
  0.0204  0.0204  0.0204  0.0204  0.0204  0.0204  0.0205  0.0205  0.0205  0.0204  0.0205  0.0205
  0.0206  0.0206  0.0205  0.0207  0.0206  0.0208  0.0206  0.0208  0.0206  0.0206  0.0206  0.0205
  0.0213  0.0209  0.0209  0.0216  0.0209  0.0219  0.0211  0.0217  0.0209  0.0210  0.0208  0.0208
  0.0222  0.0216  0.0214  0.0228  0.0216  0.0238  0.0218  0.0232  0.0214  0.0218  0.0213  0.0211
niter,ni,del,rscale     4    3    5.0000    0.7000
parameters
    2.0640   33.2529   -3.1891    1.4409  -10.9517   -7.3826
    3.8263   -1.1886   -2.9962    6.4186    5.8317   -3.1456
eta,q 0.97955 10.46161
  0.0218  0.0213  0.0212  0.0221  0.0213  0.0227  0.0215  0.0226  0.0212  0.0214  0.0212  0.0210
  0.0211  0.0208  0.0208  0.0214  0.0208  0.0217  0.0209  0.0214  0.0208  0.0209  0.0207  0.0207
  0.0206  0.0206  0.0205  0.0208  0.0205  0.0208  0.0206  0.0207  0.0205  0.0206  0.0205  0.0205
  0.0205  0.0205  0.0205  0.0205  0.0204  0.0204  0.0204  0.0204  0.0204  0.0204  0.0204  0.0204
  0.0206  0.0205  0.0206  0.0206  0.0205  0.0207  0.0206  0.0207  0.0205  0.0205  0.0205  0.0205
  0.0211  0.0208  0.0209  0.0212  0.0208  0.0215  0.0209  0.0215  0.0208  0.0209  0.0208  0.0207
  0.0218  0.0213  0.0213  0.0221  0.0213  0.0229  0.0215  0.0227  0.0212  0.0214  0.0211  0.0210
niter,ni,del,rscale     3    3    5.0000    0.6000
parameters
    2.0587   33.2564   -3.1917    1.5110  -10.9649   -7.3056
    3.8191   -1.1982   -3.0014    6.4599    5.8018   -3.1672
eta,q 0.97956 10.46385
  0.0214  0.0211  0.0210  0.0217  0.0211  0.0222  0.0212  0.0221  0.0210  0.0212  0.0210  0.0208
  0.0209  0.0207  0.0207  0.0211  0.0207  0.0214  0.0208  0.0212  0.0207  0.0208  0.0207  0.0206
  0.0206  0.0205  0.0205  0.0207  0.0205  0.0207  0.0205  0.0206  0.0205  0.0205  0.0205  0.0205
  0.0204  0.0204  0.0204  0.0204  0.0204  0.0204  0.0204  0.0204  0.0204  0.0204  0.0204  0.0204
  0.0206  0.0205  0.0205  0.0205  0.0205  0.0206  0.0205  0.0206  0.0205  0.0205  0.0205  0.0205
  0.0209  0.0207  0.0207  0.0210  0.0207  0.0212  0.0208  0.0212  0.0207  0.0207  0.0207  0.0206
  0.0215  0.0211  0.0210  0.0217  0.0211  0.0222  0.0212  0.0221  0.0210  0.0211  0.0210  0.0208
niter,ni,del,rscale     2    3    5.0000    0.5000
parameters
    2.0550   33.2607   -3.1639    1.5546  -10.9931   -7.2269
    3.8117   -1.1991   -2.9892    6.4819    5.7720   -3.1827
eta,q 0.97957 10.46562
  0.0211  0.0209  0.0209  0.0214  0.0209  0.0218  0.0210  0.0216  0.0208  0.0209  0.0208  0.0207
  0.0208  0.0206  0.0206  0.0209  0.0206  0.0211  0.0207  0.0209  0.0206  0.0207  0.0206  0.0206
  0.0205  0.0205  0.0205  0.0206  0.0205  0.0206  0.0205  0.0206  0.0205  0.0205  0.0205  0.0205
  0.0204  0.0204  0.0204  0.0204  0.0204  0.0204  0.0204  0.0204  0.0204  0.0204  0.0204  0.0204
  0.0205  0.0205  0.0205  0.0205  0.0205  0.0206  0.0205  0.0206  0.0205  0.0205  0.0205  0.0205
  0.0208  0.0206  0.0206  0.0208  0.0206  0.0210  0.0207  0.0210  0.0206  0.0206  0.0206  0.0206
  0.0212  0.0209  0.0208  0.0214  0.0209  0.0217  0.0210  0.0216  0.0208  0.0209  0.0208  0.0207
niter,ni,del,rscale     1    3    5.0000    0.4000
parameters
    2.0499   33.2644   -3.1328    1.5949  -11.0317   -7.1701
    3.8037   -1.2013   -2.9750    6.4828    5.7265   -3.1894
eta,q 0.97956 10.46669
  0.0209  0.0207  0.0207  0.0211  0.0207  0.0214  0.0208  0.0212  0.0207  0.0207  0.0207  0.0206
  0.0206  0.0206  0.0206  0.0208  0.0205  0.0209  0.0206  0.0208  0.0205  0.0206  0.0205  0.0205
  0.0205  0.0205  0.0205  0.0205  0.0205  0.0206  0.0205  0.0205  0.0205  0.0205  0.0205  0.0204
  0.0204  0.0204  0.0204  0.0204  0.0204  0.0204  0.0204  0.0204  0.0204  0.0204  0.0204  0.0204
  0.0205  0.0205  0.0205  0.0205  0.0205  0.0205  0.0205  0.0205  0.0205  0.0205  0.0205  0.0205
  0.0206  0.0206  0.0205  0.0207  0.0206  0.0208  0.0206  0.0208  0.0205  0.0206  0.0206  0.0205
  0.0209  0.0207  0.0207  0.0211  0.0207  0.0213  0.0208  0.0212  0.0207  0.0207  0.0207  0.0206
registration optimization eta report
parameter search radius
    0.8000    0.8000    0.8000    2.4000    2.4000    2.4000
    2.4000    2.4000    2.4000    2.4000    2.4000    2.4000
100000*second partial in parameter space
       71.       44.       42.       11.        5.       15.
        6.       13.        4.        5.        4.        3.
  0.0209  0.0207  0.0207  0.0211  0.0207  0.0214  0.0208  0.0212  0.0207  0.0207  0.0207  0.0206
  0.0206  0.0206  0.0206  0.0208  0.0205  0.0209  0.0206  0.0208  0.0205  0.0206  0.0205  0.0205
  0.0205  0.0205  0.0205  0.0205  0.0205  0.0206  0.0205  0.0205  0.0205  0.0205  0.0205  0.0204
  0.0204  0.0204  0.0204  0.0204  0.0204  0.0204  0.0204  0.0204  0.0204  0.0204  0.0204  0.0204
  0.0205  0.0205  0.0205  0.0205  0.0205  0.0205  0.0205  0.0205  0.0205  0.0205  0.0205  0.0205
  0.0206  0.0206  0.0205  0.0207  0.0206  0.0208  0.0206  0.0208  0.0205  0.0206  0.0206  0.0205
  0.0209  0.0207  0.0207  0.0211  0.0207  0.0213  0.0208  0.0212  0.0207  0.0207  0.0207  0.0206
    2.0499   33.2644   -3.1328    1.5949  -11.0317   -7.1701
    3.8037   -1.2013   -2.9750    6.4828    5.7265   -3.1894
eta,q 0.97956 10.46669

---------------------------------------------------------------------
compute_vox2vox talsrcimg talsrcimg_to_711-2C_as_mni_average_305_t4 /home/aracena/freesurfer/average/711-2C_as_mni_average_305
---------------------------------------------------------------------

freesurfer compute_vox2vox.c
Reading: talsrcimg.4dfp.ifh
Reading: talsrcimg_to_711-2C_as_mni_average_305_t4
Reading: /home/aracena/freesurfer/average/711-2C_as_mni_average_305.4dfp.ifh
Writing: talsrcimg_to_711-2C_as_mni_average_305_t4_vox2vox.txt

start time mar 28 dic 2021 13:33:46 -03
end		time mar 28 dic 2021 13:34:13 -03

mpr2mni305 success

avi2talxfm orig_nu.mgz /home/aracena/freesurfer/average/mni305.cor.mgz talsrcimg_to_711-2C_as_mni_average_305_t4_vox2vox.txt transforms/talairach.auto.xfm
avi2talxfm done
lta_convert --src orig_nu.mgz --trg /home/aracena/freesurfer/average/mni305.cor.mgz --inxfm transforms/talairach.auto.xfm --outlta transforms/talairach.auto.xfm.lta --subject fsaverage
7.2.0

--src: orig_nu.mgz src image (geometry).
--trg: /home/aracena/freesurfer/average/mni305.cor.mgz trg image (geometry).
--inmni: transforms/talairach.auto.xfm input MNI/XFM transform.
--outlta: transforms/talairach.auto.xfm.lta output LTA.
--s: fsaverage subject name
 LTA read, type : 1
 0.98221   0.01560  -0.04143   0.86288;
-0.05931   1.07361   0.04102   0.33026;
 0.03717  -0.07771   1.11962  -4.62810;
 0.00000   0.00000   0.00000   1.00000;
setting subject to fsaverage
Writing  LTA to file transforms/talairach.auto.xfm.lta...
lta_convert successful.
 
 
Started at mar 28 dic 2021 13:33:45 -03
Ended   at mar 28 dic 2021 13:34:13 -03
talairach_avi done
