status file for recon-all
lun 27 dic 2021 16:32:29 -03
#@# MotionCor lun 27 dic 2021 16:32:34 -03
#@# Talairach lun 27 dic 2021 16:32:43 -03
#@# Talairach Failure Detection lun 27 dic 2021 16:36:21 -03
#@# Nu Intensity Correction lun 27 dic 2021 16:36:21 -03
#@# Intensity Normalization lun 27 dic 2021 16:39:47 -03
#@# Skull Stripping lun 27 dic 2021 16:41:46 -03
#@# EM Registration lun 27 dic 2021 16:53:51 -03
#@# CA Normalize lun 27 dic 2021 17:02:32 -03
#@# CA Reg lun 27 dic 2021 17:03:45 -03
#@# SubCort Seg lun 27 dic 2021 19:29:27 -03
#@# CC Seg lun 27 dic 2021 20:22:12 -03
#@# Merge ASeg lun 27 dic 2021 20:22:52 -03
#@# Intensity Normalization2 lun 27 dic 2021 20:22:52 -03
#@# Mask BFS lun 27 dic 2021 20:25:49 -03
#@# WM Segmentation lun 27 dic 2021 20:25:50 -03
#@# Fill lun 27 dic 2021 20:28:59 -03
#@# Tessellate lh lun 27 dic 2021 20:30:07 -03
#@# Tessellate rh lun 27 dic 2021 20:30:12 -03
#@# Smooth1 lh lun 27 dic 2021 20:30:17 -03
#@# Smooth1 rh lun 27 dic 2021 20:30:21 -03
#@# Inflation1 lh lun 27 dic 2021 20:30:24 -03
#@# Inflation1 rh lun 27 dic 2021 20:30:46 -03
#@# QSphere lh lun 27 dic 2021 20:31:07 -03
#@# QSphere rh lun 27 dic 2021 20:33:35 -03
#@# Fix Topology lh lun 27 dic 2021 20:36:04 -03
#@# Fix Topology rh lun 27 dic 2021 20:41:25 -03
#@# Smooth2 lh lun 27 dic 2021 20:59:21 -03
#@# Smooth2 rh lun 27 dic 2021 20:59:25 -03
#@# Inflation2 lh lun 27 dic 2021 20:59:29 -03
#@# Inflation2 rh lun 27 dic 2021 21:00:00 -03
#@# Curv .H and .K lh lun 27 dic 2021 21:00:29 -03
#@# Curv .H and .K rh lun 27 dic 2021 21:01:26 -03
#@# Sphere lh lun 27 dic 2021 21:02:21 -03
#@# Sphere rh lun 27 dic 2021 21:29:50 -03
#@# Surf Reg lh lun 27 dic 2021 21:40:43 -03
#@# Surf Reg rh lun 27 dic 2021 21:59:58 -03
#@# Jacobian white lh lun 27 dic 2021 22:08:55 -03
#@# Jacobian white rh lun 27 dic 2021 22:08:56 -03
#@# AvgCurv lh lun 27 dic 2021 22:08:57 -03
#@# AvgCurv rh lun 27 dic 2021 22:08:58 -03
#@# Cortical Parc lh lun 27 dic 2021 22:08:59 -03
#@# Cortical Parc rh lun 27 dic 2021 22:09:10 -03
#@# white curv lh lun 27 dic 2021 22:27:02 -03
#@# white area lh lun 27 dic 2021 22:27:04 -03
#@# pial curv lh lun 27 dic 2021 22:27:06 -03
#@# pial area lh lun 27 dic 2021 22:27:08 -03
#@# thickness lh lun 27 dic 2021 22:27:09 -03
#@# area and vertex vol lh lun 27 dic 2021 22:27:50 -03
#@# white curv rh lun 27 dic 2021 22:27:52 -03
#@# white area rh lun 27 dic 2021 22:27:54 -03
#@# pial curv rh lun 27 dic 2021 22:27:55 -03
#@# pial area rh lun 27 dic 2021 22:27:57 -03
#@# thickness rh lun 27 dic 2021 22:27:58 -03
#@# area and vertex vol rh lun 27 dic 2021 22:28:37 -03
#@# Curvature Stats lh lun 27 dic 2021 22:28:39 -03
#@# Curvature Stats rh lun 27 dic 2021 22:28:42 -03
#@# Cortical ribbon mask lun 27 dic 2021 22:28:45 -03
#@# Cortical Parc 2 lh lun 27 dic 2021 22:33:28 -03
#@# Cortical Parc 2 rh lun 27 dic 2021 22:33:42 -03
#@# Cortical Parc 3 lh lun 27 dic 2021 22:33:57 -03
#@# Cortical Parc 3 rh lun 27 dic 2021 22:34:08 -03
#@# WM/GM Contrast lh lun 27 dic 2021 22:34:19 -03
#@# WM/GM Contrast rh lun 27 dic 2021 22:34:23 -03
#@# Relabel Hypointensities lun 27 dic 2021 22:34:27 -03
#@# APas-to-ASeg lun 27 dic 2021 22:34:44 -03
#@# AParc-to-ASeg aparc lun 27 dic 2021 22:35:04 -03
#@# AParc-to-ASeg aparc.a2009s lun 27 dic 2021 22:37:45 -03
#@# AParc-to-ASeg aparc.DKTatlas lun 27 dic 2021 22:40:27 -03
#@# WMParc lun 27 dic 2021 22:43:09 -03
#@# Parcellation Stats lh lun 27 dic 2021 22:49:21 -03
#@# Parcellation Stats rh lun 27 dic 2021 22:49:49 -03
#@# Parcellation Stats 2 lh lun 27 dic 2021 22:50:16 -03
#@# Parcellation Stats 2 rh lun 27 dic 2021 22:50:32 -03
#@# Parcellation Stats 3 lh lun 27 dic 2021 22:50:46 -03
#@# Parcellation Stats 3 rh lun 27 dic 2021 22:51:01 -03
#@# ASeg Stats lun 27 dic 2021 22:51:14 -03
#@# BA_exvivo Labels lh lun 27 dic 2021 22:53:58 -03
#@# BA_exvivo Labels rh lun 27 dic 2021 22:57:52 -03
recon-all -s sub-02 finished without error at lun 27 dic 2021 23:01:39 -03
