/opt/home/aracena/thesis_practica/tips_nibabel/3_recon-all_freesurfer/output/freesurfer/sub-07/mri
/home/aracena/freesurfer/bin/talairach_avi
--i orig_nu.mgz --xfm transforms/talairach.auto.xfm
talairach_avi 7.2.0
Linux daniela-MS-7760 5.11.0-41-generic #45-Ubuntu SMP Fri Nov 5 11:37:01 UTC 2021 x86_64 x86_64 x86_64 GNU/Linux
mar 28 dic 2021 13:34:47 -03
mri_convert orig_nu.mgz talsrcimg.img 
reading from orig_nu.mgz...
TR=0.00, TE=0.00, TI=0.00, flip angle=0.00
i_ras = (-1, 9.31323e-10, 0)
j_ras = (0, -3.20142e-10, -1)
k_ras = (-9.31323e-10, 1, -9.8953e-10)
writing to talsrcimg.img...
Analyze Output Matrix
-1.00000   0.00000  -0.00000   130.37149;
 0.00000  -0.00000   1.00000  -126.71142;
 0.00000  -1.00000  -0.00000   94.96944;
 0.00000   0.00000   0.00000   1.00000;
--------------------
INFO: set hdr.hist.orient to -1
mpr2mni305 talsrcimg
mar 28 dic 2021 13:34:48 -03
/home/aracena/freesurfer/bin/mpr2mni305 talsrcimg
mpr2mni305 7.2.0
target=711-2C_as_mni_average_305

---------------------------------------------------------------------
analyzeto4dfp talsrcimg -O0 -y
---------------------------------------------------------------------

freesurfer ifh2hdr.c
Tue Dec 28 13:34:48 2021
Writing: talsrcimg.4dfp.hdr
freesurfer analyzeto4dfp.c
Reading: talsrcimg.hdr
header size 348 bytes
hdr.dime.datatype	offset=70	value=2
hdr.dime.bitpix		offset=72	value=8
hdr.hist.orient		offset=252	value=-1
dimensionality     4
dimensions       256       256       256         1
Reading: talsrcimg.img
Writing: talsrcimg.4dfp.img
Writing: talsrcimg.4dfp.ifh
ifh2hdr talsrcimg -r0to255
ori=2

---------------------------------------------------------------------
gauss_4dfp talsrcimg 1.1
---------------------------------------------------------------------

freesurfer gauss_4dfp.c
Reading: talsrcimg.4dfp.img
Writing: talsrcimg_g11.4dfp.img
image dimensions 256 256 256 padded to 288 288 288
processing volume 1freesurfer ifh2hdr.c
Tue Dec 28 13:34:56 2021
Writing: talsrcimg_g11.4dfp.hdr

Writing: talsrcimg_g11.4dfp.ifh
including: talsrcimg.4dfp.img.rec in talsrcimg_g11.4dfp.img.rec

---------------------------------------------------------------------
imgreg_4dfp /home/aracena/freesurfer/average/711-2C_as_mni_average_305 none talsrcimg_g11 none talsrcimg_to_711-2C_as_mni_average_305_t4 4355
---------------------------------------------------------------------

freesurfer imgreg_4dfp.c
/home/aracena/freesurfer/average/711-2C_as_mni_average_305.4dfp.img
       256       256       256         1
  1.000000  1.000000  1.000000
orientation T byte_order littleendian
Reading image: /home/aracena/freesurfer/average/711-2C_as_mni_average_305.4dfp.img
dimensions:      256       256       256
mmppix:       1.0000   -1.0000   -1.0000
center:     128.0000 -129.0000 -129.0000
talsrcimg_g11.4dfp.img
       256       256       256         1
  1.000000  1.000000  1.000000
orientation T byte_order littleendian
Reading image: talsrcimg_g11.4dfp.img
dimensions:      256       256       256
mmppix:       1.0000   -1.0000   -1.0000
center:     128.0000 -129.0000 -129.0000
t4_read: open error in t4_sub.f l:  41 t4_file(1:l)talsrcimg_to_711-2C_as_mni_average_305_t4 
t4_read: transform initialized to I4
rotation matrix determinant  1.000000
image alignment mode   4355 decimal     1103 hex
   -7.5000  -45.0000  -45.0000 7918.5054   11.6159
    0.0000  -45.0000  -45.0000 8182.6353   11.6342
    7.5000  -45.0000  -45.0000 7834.9146   11.6686
   -7.5000  -37.5000  -45.0000 8219.7363   11.2089
    0.0000  -37.5000  -45.0000 8487.9932   11.2297
    7.5000  -37.5000  -45.0000 8116.8179   11.2678
   -7.5000  -30.0000  -45.0000 8857.8994   10.8839
    0.0000  -30.0000  -45.0000 9188.0566   10.9037
    7.5000  -30.0000  -45.0000 8760.1729   10.9378
   -7.5000  -22.5000  -45.0000 9616.1465   10.6628
    0.0000  -22.5000  -45.0000 9987.8887   10.6798
    7.5000  -22.5000  -45.0000 9496.0771   10.7110
   -7.5000  -15.0000  -45.000010457.1572   10.5248
    0.0000  -15.0000  -45.000010877.0801   10.5382
    7.5000  -15.0000  -45.000010335.6914   10.5670
   -7.5000   -7.5000  -45.000011363.4971   10.4598
    0.0000   -7.5000  -45.000011824.8096   10.4724
    7.5000   -7.5000  -45.000011224.2832   10.5007
   -7.5000    0.0000  -45.000012245.5635   10.4704
    0.0000    0.0000  -45.000012734.8359   10.4850
    7.5000    0.0000  -45.000012076.0781   10.5154
   -7.5000    7.5000  -45.000012176.7334   10.4837
    0.0000    7.5000  -45.000012649.7832   10.5005
    7.5000    7.5000  -45.000011969.6836   10.5330
   -7.5000   15.0000  -45.000012060.0742   10.6787
    0.0000   15.0000  -45.000012524.8496   10.6966
    7.5000   15.0000  -45.000011864.5068   10.7290
   -7.5000   22.5000  -45.000011766.7266   10.8315
    0.0000   22.5000  -45.000012215.2354   10.8488
    7.5000   22.5000  -45.000011575.1592   10.8792
   -7.5000   30.0000  -45.000011366.6436   10.8196
    0.0000   30.0000  -45.000011809.1787   10.8347
    7.5000   30.0000  -45.000011179.3418   10.8619
   -7.5000   37.5000  -45.000011257.2285   10.9484
    0.0000   37.5000  -45.000011707.0010   10.9644
    7.5000   37.5000  -45.000011089.5254   10.9920
   -7.5000   45.0000  -45.000010692.2334   10.8056
    0.0000   45.0000  -45.000011155.4688   10.8243
    7.5000   45.0000  -45.000010578.3467   10.8534
   -7.5000  -45.0000  -37.5000 8137.5601   11.6088
    0.0000  -45.0000  -37.5000 8445.1885   11.6278
    7.5000  -45.0000  -37.5000 8084.3691   11.6621
   -7.5000  -37.5000  -37.5000 8433.7051   11.2038
    0.0000  -37.5000  -37.5000 8750.6230   11.2253
    7.5000  -37.5000  -37.5000 8347.8682   11.2636
   -7.5000  -30.0000  -37.5000 9135.9688   10.8812
    0.0000  -30.0000  -37.5000 9495.1611   10.9016
    7.5000  -30.0000  -37.5000 9029.8652   10.9359
   -7.5000  -22.5000  -37.5000 9975.0879   10.6590
    0.0000  -22.5000  -37.500010373.9023   10.6768
    7.5000  -22.5000  -37.5000 9833.9658   10.7074
   -7.5000  -15.0000  -37.500010899.3760   10.5185
    0.0000  -15.0000  -37.500011356.6592   10.5322
    7.5000  -15.0000  -37.500010735.2227   10.5596
   -7.5000   -7.5000  -37.500011855.2920   10.4504
    0.0000   -7.5000  -37.500012360.8379   10.4630
    7.5000   -7.5000  -37.500011675.6191   10.4902
   -7.5000    0.0000  -37.500012788.5254   10.4606
    0.0000    0.0000  -37.500013321.2012   10.4754
    7.5000    0.0000  -37.500012573.0840   10.5052
   -7.5000    7.5000  -37.500012729.2373   10.4774
    0.0000    7.5000  -37.500013231.3408   10.4948
    7.5000    7.5000  -37.500012479.7080   10.5271
   -7.5000   15.0000  -37.500012642.3672   10.6755
    0.0000   15.0000  -37.500013140.2842   10.6941
    7.5000   15.0000  -37.500012389.7412   10.7271
   -7.5000   22.5000  -37.500012327.3828   10.8292
    0.0000   22.5000  -37.500012825.5869   10.8474
    7.5000   22.5000  -37.500012093.9951   10.8776
   -7.5000   30.0000  -37.500011913.9443   10.8157
    0.0000   30.0000  -37.500012391.3066   10.8320
    7.5000   30.0000  -37.500011686.9678   10.8584
   -7.5000   37.5000  -37.500011788.7607   10.9444
    0.0000   37.5000  -37.500012284.9160   10.9607
    7.5000   37.5000  -37.500011586.9248   10.9873
   -7.5000   45.0000  -37.500011190.0732   10.8029
    0.0000   45.0000  -37.500011679.7100   10.8214
    7.5000   45.0000  -37.500011032.9707   10.8499
   -7.5000  -45.0000  -30.0000 8488.2529   12.0833
    0.0000  -45.0000  -30.0000 8850.0400   12.1014
    7.5000  -45.0000  -30.0000 8466.7705   12.1338
   -7.5000  -37.5000  -30.0000 8811.6113   11.6605
    0.0000  -37.5000  -30.0000 9182.2979   11.6778
    7.5000  -37.5000  -30.0000 8754.7979   11.7139
   -7.5000  -30.0000  -30.0000 9570.6006   11.3175
    0.0000  -30.0000  -30.0000 9983.9307   11.3344
    7.5000  -30.0000  -30.0000 9476.3652   11.3685
   -7.5000  -22.5000  -30.000010470.3623   11.0856
    0.0000  -22.5000  -30.000010915.3340   11.1035
    7.5000  -22.5000  -30.000010336.3027   11.1356
   -7.5000  -15.0000  -30.000011456.9717   10.9430
    0.0000  -15.0000  -30.000011970.9590   10.9597
    7.5000  -15.0000  -30.000011295.8730   10.9894
   -7.5000   -7.5000  -30.000012488.8359   10.8748
    0.0000   -7.5000  -30.000013036.0840   10.8893
    7.5000   -7.5000  -30.000012291.7158   10.9171
   -7.5000    0.0000  -30.000013511.8086   10.8856
    0.0000    0.0000  -30.000014083.2275   10.8990
    7.5000    0.0000  -30.000013276.1738   10.9275
   -7.5000    7.5000  -30.000013483.1562   10.9001
    0.0000    7.5000  -30.000014035.4209   10.9138
    7.5000    7.5000  -30.000013197.5977   10.9444
   -7.5000   15.0000  -30.000013415.4902   11.1029
    0.0000   15.0000  -30.000013956.5615   11.1183
    7.5000   15.0000  -30.000013106.7900   11.1516
   -7.5000   22.5000  -30.000013088.7793   11.2632
    0.0000   22.5000  -30.000013644.1592   11.2819
    7.5000   22.5000  -30.000012797.8311   11.3139
   -7.5000   30.0000  -30.000012645.9932   11.2567
    0.0000   30.0000  -30.000013156.9648   11.2773
    7.5000   30.0000  -30.000012348.1641   11.3067
   -7.5000   37.5000  -30.000012517.8574   11.3972
    0.0000   37.5000  -30.000013045.1367   11.4165
    7.5000   37.5000  -30.000012259.2539   11.4443
   -7.5000   45.0000  -30.000011886.4492   11.2584
    0.0000   45.0000  -30.000012411.0938   11.2761
    7.5000   45.0000  -30.000011667.6621   11.3038
   -7.5000  -45.0000  -22.5000 8836.5439   12.4730
    0.0000  -45.0000  -22.5000 9221.8760   12.4897
    7.5000  -45.0000  -22.5000 8827.9219   12.5201
   -7.5000  -37.5000  -22.5000 9189.7412   12.0332
    0.0000  -37.5000  -22.5000 9590.5713   12.0458
    7.5000  -37.5000  -22.5000 9162.8857   12.0788
   -7.5000  -30.0000  -22.500010009.5049   11.6696
    0.0000  -30.0000  -22.500010453.4805   11.6821
    7.5000  -30.0000  -22.5000 9951.8613   11.7147
   -7.5000  -22.5000  -22.500010972.2715   11.4305
    0.0000  -22.5000  -22.500011447.1416   11.4478
    7.5000  -22.5000  -22.500010868.8125   11.4812
   -7.5000  -15.0000  -22.500012025.8564   11.2902
    0.0000  -15.0000  -22.500012561.1494   11.3097
    7.5000  -15.0000  -22.500011875.4443   11.3422
   -7.5000   -7.5000  -22.500013119.1787   11.2252
    0.0000   -7.5000  -22.500013692.4893   11.2422
    7.5000   -7.5000  -22.500012929.8193   11.2715
   -7.5000    0.0000  -22.500014204.3965   11.2366
    0.0000    0.0000  -22.500014828.8584   11.2488
    7.5000    0.0000  -22.500013965.4600   11.2763
   -7.5000    7.5000  -22.500014170.9775   11.2443
    0.0000    7.5000  -22.500014786.9268   11.2540
    7.5000    7.5000  -22.500013883.8936   11.2823
   -7.5000   15.0000  -22.500014128.9521   11.4467
    0.0000   15.0000  -22.500014714.5479   11.4579
    7.5000   15.0000  -22.500013793.5967   11.4898
   -7.5000   22.5000  -22.500013810.3066   11.6116
    0.0000   22.5000  -22.500014369.3008   11.6300
    7.5000   22.5000  -22.500013477.3594   11.6630
   -7.5000   30.0000  -22.500013322.1494   11.6144
    0.0000   30.0000  -22.500013856.2422   11.6386
    7.5000   30.0000  -22.500013001.6670   11.6711
   -7.5000   37.5000  -22.500013221.4072   11.7662
    0.0000   37.5000  -22.500013781.0244   11.7885
    7.5000   37.5000  -22.500012908.2432   11.8183
   -7.5000   45.0000  -22.500012556.6406   11.6302
    0.0000   45.0000  -22.500013084.9932   11.6473
    7.5000   45.0000  -22.500012283.2256   11.6748
   -7.5000  -45.0000  -15.0000 9205.6836   12.7393
    0.0000  -45.0000  -15.0000 9604.4043   12.7557
    7.5000  -45.0000  -15.0000 9204.8896   12.7863
   -7.5000  -37.5000  -15.0000 9559.9209   12.2886
    0.0000  -37.5000  -15.0000 9992.7842   12.3002
    7.5000  -37.5000  -15.0000 9555.7305   12.3332
   -7.5000  -30.0000  -15.000010417.2891   11.9141
    0.0000  -30.0000  -15.000010911.3125   11.9252
    7.5000  -30.0000  -15.000010393.8896   11.9576
   -7.5000  -22.5000  -15.000011445.2715   11.6705
    0.0000  -22.5000  -15.000011971.3691   11.6864
    7.5000  -22.5000  -15.000011387.8779   11.7205
   -7.5000  -15.0000  -15.000012567.7754   11.5294
    0.0000  -15.0000  -15.000013124.0127   11.5487
    7.5000  -15.0000  -15.000012446.9102   11.5827
   -7.5000   -7.5000  -15.000013761.3232   11.4659
    0.0000   -7.5000  -15.000014352.3955   11.4834
    7.5000   -7.5000  -15.000013568.5850   11.5141
   -7.5000    0.0000  -15.000014908.4521   11.4780
    0.0000    0.0000  -15.000015547.9463   11.4903
    7.5000    0.0000  -15.000014640.8652   11.5186
   -7.5000    7.5000  -15.000014841.5811   11.4823
    0.0000    7.5000  -15.000015464.5107   11.4908
    7.5000    7.5000  -15.000014529.1309   11.5196
   -7.5000   15.0000  -15.000014777.9209   11.6858
    0.0000   15.0000  -15.000015370.1006   11.6954
    7.5000   15.0000  -15.000014460.5967   11.7266
   -7.5000   22.5000  -15.000014460.8086   11.8531
    0.0000   22.5000  -15.000015027.7646   11.8700
    7.5000   22.5000  -15.000014149.7500   11.9033
   -7.5000   30.0000  -15.000013961.3398   11.8600
    0.0000   30.0000  -15.000014508.4453   11.8834
    7.5000   30.0000  -15.000013662.6504   11.9169
   -7.5000   37.5000  -15.000013855.3545   12.0153
    0.0000   37.5000  -15.000014409.6787   12.0380
    7.5000   37.5000  -15.000013527.7441   12.0694
   -7.5000   45.0000  -15.000013162.6318   11.8812
    0.0000   45.0000  -15.000013692.1309   11.8990
    7.5000   45.0000  -15.000012868.9307   11.9277
   -7.5000  -45.0000   -7.5000 9560.4043   12.8584
    0.0000  -45.0000   -7.500010019.0312   12.8757
    7.5000  -45.0000   -7.5000 9607.6953   12.9096
   -7.5000  -37.5000   -7.5000 9961.3379   12.4059
    0.0000  -37.5000   -7.500010423.8633   12.4220
    7.5000  -37.5000   -7.5000 9989.9727   12.4590
   -7.5000  -30.0000   -7.500010910.6328   12.0348
    0.0000  -30.0000   -7.500011394.1777   12.0500
    7.5000  -30.0000   -7.500010889.6152   12.0846
   -7.5000  -22.5000   -7.500011986.2783   11.7888
    0.0000  -22.5000   -7.500012514.0303   11.8049
    7.5000  -22.5000   -7.500011949.9727   11.8392
   -7.5000  -15.0000   -7.500013161.5420   11.6412
    0.0000  -15.0000   -7.500013724.7061   11.6577
    7.5000  -15.0000   -7.500013065.4902   11.6909
   -7.5000   -7.5000   -7.500014398.4990   11.5737
    0.0000   -7.5000   -7.500015029.8594   11.5891
    7.5000   -7.5000   -7.500014244.4297   11.6203
   -7.5000    0.0000   -7.500015577.9717   11.5863
    0.0000    0.0000   -7.500016292.0996   11.5997
    7.5000    0.0000   -7.500015358.7676   11.6306
   -7.5000    7.5000   -7.500015469.0723   11.5949
    0.0000    7.5000   -7.500016137.5654   11.6073
    7.5000    7.5000   -7.500015213.9902   11.6393
   -7.5000   15.0000   -7.500015371.4746   11.8043
    0.0000   15.0000   -7.500016013.6572   11.8176
    7.5000   15.0000   -7.500015114.2256   11.8504
   -7.5000   22.5000   -7.500015160.4600   11.9710
    0.0000   22.5000   -7.500015768.1582   11.9876
    7.5000   22.5000   -7.500014863.5391   12.0208
   -7.5000   30.0000   -7.500014773.9912   11.9742
    0.0000   30.0000   -7.500015369.7041   11.9933
    7.5000   30.0000   -7.500014430.8604   12.0251
   -7.5000   37.5000   -7.500014658.2129   12.1250
    0.0000   37.5000   -7.500015220.4707   12.1448
    7.5000   37.5000   -7.500014271.3613   12.1761
   -7.5000   45.0000   -7.500013863.0625   11.9915
    0.0000   45.0000   -7.500014404.3838   12.0104
    7.5000   45.0000   -7.500013547.0498   12.0412
   -7.5000  -45.0000    0.0000 9863.2285   12.8793
    0.0000  -45.0000    0.000010305.0283   12.8990
    7.5000  -45.0000    0.0000 9923.5068   12.9367
   -7.5000  -37.5000    0.000010297.2510   12.4297
    0.0000  -37.5000    0.000010752.5225   12.4523
    7.5000  -37.5000    0.000010329.7197   12.4940
   -7.5000  -30.0000    0.000011270.5762   12.0682
    0.0000  -30.0000    0.000011764.3789   12.0896
    7.5000  -30.0000    0.000011273.6025   12.1268
   -7.5000  -22.5000    0.000012413.9482   11.8212
    0.0000  -22.5000    0.000012948.4189   11.8393
    7.5000  -22.5000    0.000012381.6191   11.8732
   -7.5000  -15.0000    0.000013644.6885   11.6659
    0.0000  -15.0000    0.000014210.0059   11.6801
    7.5000  -15.0000    0.000013564.2080   11.7113
   -7.5000   -7.5000    0.000014935.5586   11.5918
    0.0000   -7.5000    0.000015549.0469   11.6052
    7.5000   -7.5000    0.000014815.0010   11.6361
   -7.5000    0.0000    0.000016172.8047   11.6038
    0.0000    0.0000    0.000016856.0879   11.6194
    7.5000    0.0000    0.000016012.3750   11.6526
   -7.5000    7.5000    0.000016029.4775   11.6199
    0.0000    7.5000    0.000016701.7031   11.6380
    7.5000    7.5000    0.000015841.2939   11.6735
   -7.5000   15.0000    0.000015932.5264   11.8365
    0.0000   15.0000    0.000016578.2402   11.8557
    7.5000   15.0000    0.000015691.2725   11.8910
   -7.5000   22.5000    0.000015803.7285   12.0028
    0.0000   22.5000    0.000016554.3203   12.0213
    7.5000   22.5000    0.000015440.5039   12.0542
   -7.5000   30.0000    0.000015558.6338   11.9994
    0.0000   30.0000    0.000016323.8193   12.0155
    7.5000   30.0000    0.000015115.3037   12.0450
   -7.5000   37.5000    0.000015478.1973   12.1438
    0.0000   37.5000    0.000016195.0381   12.1610
    7.5000   37.5000    0.000015027.7148   12.1912
   -7.5000   45.0000    0.000014593.8613   12.0108
    0.0000   45.0000    0.000015216.2871   12.0311
    7.5000   45.0000    0.000014208.6514   12.0631
   -7.5000  -45.0000    7.5000 9406.7305   12.8831
    0.0000  -45.0000    7.5000 9821.0684   12.9037
    7.5000  -45.0000    7.5000 9453.6504   12.9415
   -7.5000  -37.5000    7.5000 9852.0742   12.4356
    0.0000  -37.5000    7.500010272.4648   12.4591
    7.5000  -37.5000    7.5000 9856.4629   12.5012
   -7.5000  -30.0000    7.500010816.4326   12.0768
    0.0000  -30.0000    7.500011250.3369   12.0990
    7.5000  -30.0000    7.500010800.6289   12.1367
   -7.5000  -22.5000    7.500011914.7197   11.8290
    0.0000  -22.5000    7.500012361.2637   11.8482
    7.5000  -22.5000    7.500011866.0049   11.8817
   -7.5000  -15.0000    7.500013060.9004   11.6714
    0.0000  -15.0000    7.500013546.5684   11.6860
    7.5000  -15.0000    7.500012982.7568   11.7160
   -7.5000   -7.5000    7.500014256.8604   11.5943
    0.0000   -7.5000    7.500014814.7656   11.6078
    7.5000   -7.5000    7.500014147.9502   11.6376
   -7.5000    0.0000    7.500015443.0283   11.6058
    0.0000    0.0000    7.500016077.6465   11.6218
    7.5000    0.0000    7.500015305.5918   11.6546
   -7.5000    7.5000    7.500015354.7295   11.6256
    0.0000    7.5000    7.500016006.6680   11.6446
    7.5000    7.5000    7.500015195.6836   11.6801
   -7.5000   15.0000    7.500015303.8564   11.8458
    0.0000   15.0000    7.500015971.1182   11.8660
    7.5000   15.0000    7.500015073.6826   11.9022
   -7.5000   22.5000    7.500015108.9082   12.0133
    0.0000   22.5000    7.500015830.9824   12.0330
    7.5000   22.5000    7.500014796.8643   12.0659
   -7.5000   30.0000    7.500014736.7256   12.0081
    0.0000   30.0000    7.500015424.2002   12.0257
    7.5000   30.0000    7.500014434.8525   12.0545
   -7.5000   37.5000    7.500014682.2871   12.1526
    0.0000   37.5000    7.500015336.5186   12.1701
    7.5000   37.5000    7.500014399.0000   12.1993
   -7.5000   45.0000    7.500013928.6484   12.0207
    0.0000   45.0000    7.500014514.8457   12.0409
    7.5000   45.0000    7.500013669.8975   12.0722
   -7.5000  -45.0000   15.0000 8903.3115   12.9181
    0.0000  -45.0000   15.0000 9270.4658   12.9371
    7.5000  -45.0000   15.0000 8924.4180   12.9714
   -7.5000  -37.5000   15.0000 9317.8984   12.4677
    0.0000  -37.5000   15.0000 9692.7549   12.4859
    7.5000  -37.5000   15.0000 9321.2510   12.5242
   -7.5000  -30.0000   15.000010216.0098   12.1006
    0.0000  -30.0000   15.000010616.0869   12.1184
    7.5000  -30.0000   15.000010197.3584   12.1545
   -7.5000  -22.5000   15.000011248.1006   11.8519
    0.0000  -22.5000   15.000011677.9297   11.8707
    7.5000  -22.5000   15.000011188.8418   11.9047
   -7.5000  -15.0000   15.000012352.6211   11.6986
    0.0000  -15.0000   15.000012800.4277   11.7160
    7.5000  -15.0000   15.000012266.6777   11.7474
   -7.5000   -7.5000   15.000013502.6094   11.6250
    0.0000   -7.5000   15.000013987.4287   11.6401
    7.5000   -7.5000   15.000013387.8447   11.6694
   -7.5000    0.0000   15.000014653.2070   11.6368
    0.0000    0.0000   15.000015218.0596   11.6508
    7.5000    0.0000   15.000014529.8633   11.6809
   -7.5000    7.5000   15.000014618.2568   11.6533
    0.0000    7.5000   15.000015198.9375   11.6678
    7.5000    7.5000   15.000014485.4180   11.7000
   -7.5000   15.0000   15.000014549.3867   11.8700
    0.0000   15.0000   15.000015150.3350   11.8862
    7.5000   15.0000   15.000014387.9316   11.9214
   -7.5000   22.5000   15.000014291.9639   12.0389
    0.0000   22.5000   15.000014882.5576   12.0585
    7.5000   22.5000   15.000014104.2803   12.0923
   -7.5000   30.0000   15.000013804.3750   12.0386
    0.0000   30.0000   15.000014303.7529   12.0603
    7.5000   30.0000   15.000013676.1074   12.0914
   -7.5000   37.5000   15.000013688.0166   12.1897
    0.0000   37.5000   15.000014152.7646   12.2100
    7.5000   37.5000   15.000013596.4785   12.2394
   -7.5000   45.0000   15.000013028.8418   12.0581
    0.0000   45.0000   15.000013488.5195   12.0768
    7.5000   45.0000   15.000012927.1699   12.1061
   -7.5000  -45.0000   22.5000 8324.4932   12.9863
    0.0000  -45.0000   22.5000 8664.6045   13.0035
    7.5000  -45.0000   22.5000 8330.8613   13.0349
   -7.5000  -37.5000   22.5000 8713.9717   12.5282
    0.0000  -37.5000   22.5000 9056.7598   12.5411
    7.5000  -37.5000   22.5000 8716.3662   12.5753
   -7.5000  -30.0000   22.5000 9579.8145   12.1483
    0.0000  -30.0000   22.5000 9942.0049   12.1611
    7.5000  -30.0000   22.5000 9561.5049   12.1949
   -7.5000  -22.5000   22.500010572.5752   11.8983
    0.0000  -22.5000   22.500010968.9287   11.9160
    7.5000  -22.5000   22.500010525.1377   11.9506
   -7.5000  -15.0000   22.500011633.2939   11.7514
    0.0000  -15.0000   22.500012078.5430   11.7715
    7.5000  -15.0000   22.500011589.9326   11.8052
   -7.5000   -7.5000   22.500012705.1357   11.6838
    0.0000   -7.5000   22.500013229.8857   11.7012
    7.5000   -7.5000   22.500012650.5508   11.7315
   -7.5000    0.0000   22.500013793.6992   11.6963
    0.0000    0.0000   22.500014378.6523   11.7088
    7.5000    0.0000   22.500013698.3057   11.7372
   -7.5000    7.5000   22.500013717.0586   11.7052
    0.0000    7.5000   22.500014333.4775   11.7150
    7.5000    7.5000   22.500013606.9160   11.7443
   -7.5000   15.0000   22.500013602.5938   11.9156
    0.0000   15.0000   22.500014213.6641   11.9270
    7.5000   15.0000   22.500013489.7002   11.9601
   -7.5000   22.5000   22.500013309.2529   12.0849
    0.0000   22.5000   22.500013875.6016   12.1039
    7.5000   22.5000   22.500013190.0527   12.1380
   -7.5000   30.0000   22.500012819.1318   12.0912
    0.0000   30.0000   22.500013292.0615   12.1162
    7.5000   30.0000   22.500012741.8096   12.1499
   -7.5000   37.5000   22.500012712.6602   12.2496
    0.0000   37.5000   22.500013174.7812   12.2726
    7.5000   37.5000   22.500012651.8945   12.3035
   -7.5000   45.0000   22.500012097.8438   12.1172
    0.0000   45.0000   22.500012533.3330   12.1349
    7.5000   45.0000   22.500012018.6006   12.1634
   -7.5000  -45.0000   30.0000 7692.0669   13.1243
    0.0000  -45.0000   30.0000 8036.0967   13.1415
    7.5000  -45.0000   30.0000 7721.1426   13.1732
   -7.5000  -37.5000   30.0000 8079.6206   12.6566
    0.0000  -37.5000   30.0000 8440.8984   12.6688
    7.5000  -37.5000   30.0000 8096.7012   12.7029
   -7.5000  -30.0000   30.0000 8868.4043   12.2681
    0.0000  -30.0000   30.0000 9280.3789   12.2796
    7.5000  -30.0000   30.0000 8902.2812   12.3132
   -7.5000  -22.5000   30.0000 9789.2471   12.0146
    0.0000  -22.5000   30.000010254.4189   12.0311
    7.5000  -22.5000   30.0000 9817.8965   12.0666
   -7.5000  -15.0000   30.000010767.2334   11.8668
    0.0000  -15.0000   30.000011287.2725   11.8869
    7.5000  -15.0000   30.000010789.2637   11.9223
   -7.5000   -7.5000   30.000011770.3574   11.8004
    0.0000   -7.5000   30.000012341.7598   11.8187
    7.5000   -7.5000   30.000011761.4102   11.8505
   -7.5000    0.0000   30.000012771.8623   11.8138
    0.0000    0.0000   30.000013369.1279   11.8267
    7.5000    0.0000   30.000012702.7344   11.8559
   -7.5000    7.5000   30.000012681.4873   11.8201
    0.0000    7.5000   30.000013258.5615   11.8290
    7.5000    7.5000   30.000012597.9238   11.8586
   -7.5000   15.0000   30.000012546.1377   12.0266
    0.0000   15.0000   30.000013106.6240   12.0365
    7.5000   15.0000   30.000012448.2725   12.0689
   -7.5000   22.5000   30.000012226.7529   12.1967
    0.0000   22.5000   30.000012732.9619   12.2142
    7.5000   22.5000   30.000012139.6504   12.2488
   -7.5000   30.0000   30.000011772.1455   12.2040
    0.0000   30.0000   30.000012211.1709   12.2284
    7.5000   30.0000   30.000011699.9131   12.2634
   -7.5000   37.5000   30.000011685.9180   12.3639
    0.0000   37.5000   30.000012114.4199   12.3876
    7.5000   37.5000   30.000011615.4590   12.4202
   -7.5000   45.0000   30.000011125.6270   12.2293
    0.0000   45.0000   30.000011535.8662   12.2479
    7.5000   45.0000   30.000011043.3994   12.2777
   -7.5000  -45.0000   37.5000 7274.4092   13.4117
    0.0000  -45.0000   37.5000 7689.2344   13.4310
    7.5000  -45.0000   37.5000 7322.9492   13.4671
   -7.5000  -37.5000   37.5000 7678.6821   12.9303
    0.0000  -37.5000   37.5000 8096.1489   12.9479
    7.5000  -37.5000   37.5000 7703.3599   12.9868
   -7.5000  -30.0000   37.5000 8466.3750   12.5372
    0.0000  -30.0000   37.5000 8906.8330   12.5537
    7.5000  -30.0000   37.5000 8494.4785   12.5899
   -7.5000  -22.5000   37.5000 9349.9395   12.2730
    0.0000  -22.5000   37.5000 9813.5195   12.2905
    7.5000  -22.5000   37.5000 9384.1973   12.3268
   -7.5000  -15.0000   37.500010277.9893   12.1110
    0.0000  -15.0000   37.500010777.1924   12.1291
    7.5000  -15.0000   37.500010306.2031   12.1644
   -7.5000   -7.5000   37.500011217.8174   12.0364
    0.0000   -7.5000   37.500011766.9746   12.0535
    7.5000   -7.5000   37.500011224.3447   12.0866
   -7.5000    0.0000   37.500012165.0859   12.0515
    0.0000    0.0000   37.500012739.0225   12.0664
    7.5000    0.0000   37.500012134.2139   12.0990
   -7.5000    7.5000   37.500012063.2383   12.0653
    0.0000    7.5000   37.500012620.7871   12.0787
    7.5000    7.5000   37.500011996.8027   12.1122
   -7.5000   15.0000   37.500011932.3398   12.2654
    0.0000   15.0000   37.500012468.5615   12.2797
    7.5000   15.0000   37.500011845.7285   12.3140
   -7.5000   22.5000   37.500011619.3750   12.4328
    0.0000   22.5000   37.500012118.4346   12.4508
    7.5000   22.5000   37.500011540.9385   12.4859
   -7.5000   30.0000   37.500011177.5381   12.4345
    0.0000   30.0000   37.500011634.3252   12.4553
    7.5000   30.0000   37.500011112.0029   12.4892
   -7.5000   37.5000   37.500011098.0645   12.5923
    0.0000   37.5000   37.500011540.2266   12.6141
    7.5000   37.5000   37.500011030.0566   12.6475
   -7.5000   45.0000   37.500010580.0469   12.4565
    0.0000   45.0000   37.500010998.2422   12.4774
    7.5000   45.0000   37.500010513.3477   12.5100
   -7.5000  -45.0000   45.0000 6520.7192   13.7831
    0.0000  -45.0000   45.0000 6849.1611   13.8034
    7.5000  -45.0000   45.0000 6536.0347   13.8461
   -7.5000  -37.5000   45.0000 6905.4224   13.2887
    0.0000  -37.5000   45.0000 7245.5254   13.3123
    7.5000  -37.5000   45.0000 6908.9785   13.3593
   -7.5000  -30.0000   45.0000 7637.4897   12.8882
    0.0000  -30.0000   45.0000 8003.4072   12.9110
    7.5000  -30.0000   45.0000 7649.7578   12.9526
   -7.5000  -22.5000   45.0000 8440.6045   12.6100
    0.0000  -22.5000   45.0000 8833.5088   12.6293
    7.5000  -22.5000   45.0000 8465.0879   12.6676
   -7.5000  -15.0000   45.0000 9299.7959   12.4327
    0.0000  -15.0000   45.0000 9730.9316   12.4475
    7.5000  -15.0000   45.0000 9316.7412   12.4830
   -7.5000   -7.5000   45.000010175.0908   12.3480
    0.0000   -7.5000   45.000010657.2793   12.3617
    7.5000   -7.5000   45.000010172.4863   12.3966
   -7.5000    0.0000   45.000011069.2793   12.3627
    0.0000    0.0000   45.000011589.6748   12.3786
    7.5000    0.0000   45.000011033.2646   12.4160
   -7.5000    7.5000   45.000010980.5381   12.3838
    0.0000    7.5000   45.000011498.5439   12.4025
    7.5000    7.5000   45.000010927.0146   12.4421
   -7.5000   15.0000   45.000010844.2568   12.5763
    0.0000   15.0000   45.000011341.7100   12.5967
    7.5000   15.0000   45.000010773.2070   12.6360
   -7.5000   22.5000   45.000010548.3428   12.7358
    0.0000   22.5000   45.000011023.8525   12.7553
    7.5000   22.5000   45.000010488.9785   12.7924
   -7.5000   30.0000   45.000010145.8730   12.7250
    0.0000   30.0000   45.000010582.7109   12.7420
    7.5000   30.0000   45.000010087.3193   12.7756
   -7.5000   37.5000   45.000010077.6699   12.8820
    0.0000   37.5000   45.000010499.0498   12.9001
    7.5000   37.5000   45.000010033.4678   12.9347
   -7.5000   45.0000   45.0000 9625.6982   12.7519
    0.0000   45.0000   45.000010028.8818   12.7738
    7.5000   45.0000   45.0000 9583.8760   12.8103

---------------------------------------------------------------------
imgreg_4dfp /home/aracena/freesurfer/average/711-2C_as_mni_average_305 /home/aracena/freesurfer/average/711-2B_as_mni_average_305_mask talsrcimg_g11 none talsrcimg_to_711-2C_as_mni_average_305_t4 4355
---------------------------------------------------------------------

freesurfer imgreg_4dfp.c
/home/aracena/freesurfer/average/711-2C_as_mni_average_305.4dfp.img
       256       256       256         1
  1.000000  1.000000  1.000000
orientation T byte_order littleendian
Reading image: /home/aracena/freesurfer/average/711-2C_as_mni_average_305.4dfp.img
dimensions:      256       256       256
mmppix:       1.0000   -1.0000   -1.0000
center:     128.0000 -129.0000 -129.0000
/home/aracena/freesurfer/average/711-2B_as_mni_average_305_mask.4dfp.img
       256       256       256         1
  1.000000  1.000000  1.000000
orientation T byte_order littleendian
Reading mask: /home/aracena/freesurfer/average/711-2B_as_mni_average_305_mask.4dfp.img (2306576 pixels)
talsrcimg_g11.4dfp.img
       256       256       256         1
  1.000000  1.000000  1.000000
orientation T byte_order littleendian
Reading image: talsrcimg_g11.4dfp.img
dimensions:      256       256       256
mmppix:       1.0000   -1.0000   -1.0000
center:     128.0000 -129.0000 -129.0000
rotation matrix determinant  1.000000
image alignment mode   4355 decimal     1103 hex
   -7.5000  -45.0000  -45.0000 2118.9751   16.6467
    0.0000  -45.0000  -45.0000 2146.6858   16.4769
    7.5000  -45.0000  -45.0000 2142.4880   16.3628
   -7.5000  -37.5000  -45.0000 2172.8284   15.5905
    0.0000  -37.5000  -45.0000 2194.8228   15.4748
    7.5000  -37.5000  -45.0000 2193.9910   15.4146
   -7.5000  -30.0000  -45.0000 2226.9841   14.6112
    0.0000  -30.0000  -45.0000 2247.5195   14.5254
    7.5000  -30.0000  -45.0000 2250.1355   14.4611
   -7.5000  -22.5000  -45.0000 2288.1091   13.7040
    0.0000  -22.5000  -45.0000 2307.2417   13.6466
    7.5000  -22.5000  -45.0000 2301.7834   13.6138
   -7.5000  -15.0000  -45.0000 2345.8625   12.9438
    0.0000  -15.0000  -45.0000 2363.7017   12.9087
    7.5000  -15.0000  -45.0000 2353.5674   12.8849
   -7.5000   -7.5000  -45.0000 2405.6582   12.3731
    0.0000   -7.5000  -45.0000 2422.2402   12.3248
    7.5000   -7.5000  -45.0000 2408.6121   12.3533
   -7.5000    0.0000  -45.0000 2448.0579   11.9213
    0.0000    0.0000  -45.0000 2462.5986   11.8826
    7.5000    0.0000  -45.0000 2447.9797   11.9371
   -7.5000    7.5000  -45.0000 2474.1465   11.6016
    0.0000    7.5000  -45.0000 2490.8030   11.5913
    7.5000    7.5000  -45.0000 2468.0291   11.6538
   -7.5000   15.0000  -45.0000 2483.7231   11.4199
    0.0000   15.0000  -45.0000 2494.9797   11.4018
    7.5000   15.0000  -45.0000 2478.8684   11.4650
   -7.5000   22.5000  -45.0000 2487.3699   11.3007
    0.0000   22.5000  -45.0000 2497.9512   11.2584
    7.5000   22.5000  -45.0000 2478.3340   11.3399
   -7.5000   30.0000  -45.0000 2488.7866   11.2071
    0.0000   30.0000  -45.0000 2497.9922   11.1676
    7.5000   30.0000  -45.0000 2477.8201   11.2958
   -7.5000   37.5000  -45.0000 2483.2847   11.3101
    0.0000   37.5000  -45.0000 2490.0955   11.2704
    7.5000   37.5000  -45.0000 2468.6445   11.4332
   -7.5000   45.0000  -45.0000 2455.2756   11.5847
    0.0000   45.0000  -45.0000 2469.1428   11.5686
    7.5000   45.0000  -45.0000 2442.9946   11.7385
   -7.5000  -45.0000  -37.5000 2153.6260   15.9759
    0.0000  -45.0000  -37.5000 2178.5081   15.8610
    7.5000  -45.0000  -37.5000 2177.4275   15.7431
   -7.5000  -37.5000  -37.5000 2206.1794   14.9199
    0.0000  -37.5000  -37.5000 2227.7822   14.8484
    7.5000  -37.5000  -37.5000 2226.9844   14.7456
   -7.5000  -30.0000  -37.5000 2267.3892   13.8983
    0.0000  -30.0000  -37.5000 2283.6252   13.8487
    7.5000  -30.0000  -37.5000 2284.4973   13.7660
   -7.5000  -22.5000  -37.5000 2339.2788   12.9721
    0.0000  -22.5000  -37.5000 2356.2090   12.9224
    7.5000  -22.5000  -37.5000 2350.9822   12.8890
   -7.5000  -15.0000  -37.5000 2409.1323   12.2231
    0.0000  -15.0000  -37.5000 2425.9304   12.1575
    7.5000  -15.0000  -37.5000 2412.9075   12.1439
   -7.5000   -7.5000  -37.5000 2476.4092   11.6235
    0.0000   -7.5000  -37.5000 2492.2639   11.5705
    7.5000   -7.5000  -37.5000 2476.6597   11.5909
   -7.5000    0.0000  -37.5000 2524.1912   11.1669
    0.0000    0.0000  -37.5000 2538.2444   11.1036
    7.5000    0.0000  -37.5000 2521.4497   11.1723
   -7.5000    7.5000  -37.5000 2555.0842   10.8198
    0.0000    7.5000  -37.5000 2569.2817   10.7595
    7.5000    7.5000  -37.5000 2549.2668   10.8344
   -7.5000   15.0000  -37.5000 2574.7651   10.5950
    0.0000   15.0000  -37.5000 2584.2532   10.5507
    7.5000   15.0000  -37.5000 2568.6047   10.6225
   -7.5000   22.5000  -37.5000 2586.4050   10.4573
    0.0000   22.5000  -37.5000 2596.1921   10.4212
    7.5000   22.5000  -37.5000 2575.3943   10.5038
   -7.5000   30.0000  -37.5000 2592.8496   10.3769
    0.0000   30.0000  -37.5000 2598.3555   10.3511
    7.5000   30.0000  -37.5000 2575.5410   10.4602
   -7.5000   37.5000  -37.5000 2587.1248   10.4695
    0.0000   37.5000  -37.5000 2593.9609   10.4622
    7.5000   37.5000  -37.5000 2567.6707   10.5880
   -7.5000   45.0000  -37.5000 2560.9932   10.7540
    0.0000   45.0000  -37.5000 2575.0415   10.7456
    7.5000   45.0000  -37.5000 2542.3792   10.8720
   -7.5000  -45.0000  -30.0000 2219.7944   15.8989
    0.0000  -45.0000  -30.0000 2245.4194   15.7965
    7.5000  -45.0000  -30.0000 2251.2041   15.6647
   -7.5000  -37.5000  -30.0000 2276.9807   14.8277
    0.0000  -37.5000  -30.0000 2295.3889   14.7494
    7.5000  -37.5000  -30.0000 2303.1406   14.6372
   -7.5000  -30.0000  -30.0000 2341.0566   13.7561
    0.0000  -30.0000  -30.0000 2358.2278   13.7015
    7.5000  -30.0000  -30.0000 2359.7659   13.6326
   -7.5000  -22.5000  -30.0000 2421.7708   12.8025
    0.0000  -22.5000  -30.0000 2432.6587   12.7282
    7.5000  -22.5000  -30.0000 2431.4546   12.7299
   -7.5000  -15.0000  -30.0000 2498.8765   12.0069
    0.0000  -15.0000  -30.0000 2514.9880   11.9307
    7.5000  -15.0000  -30.0000 2504.7000   11.9612
   -7.5000   -7.5000  -30.0000 2568.6968   11.3701
    0.0000   -7.5000  -30.0000 2586.3372   11.2919
    7.5000   -7.5000  -30.0000 2570.8538   11.3598
   -7.5000    0.0000  -30.0000 2627.8804   10.8471
    0.0000    0.0000  -30.0000 2640.3486   10.7771
    7.5000    0.0000  -30.0000 2626.4744   10.8592
   -7.5000    7.5000  -30.0000 2675.4973   10.4581
    0.0000    7.5000  -30.0000 2685.7412   10.3872
    7.5000    7.5000  -30.0000 2668.2512   10.4810
   -7.5000   15.0000  -30.0000 2704.7827   10.1903
    0.0000   15.0000  -30.0000 2713.5139   10.1243
    7.5000   15.0000  -30.0000 2696.5613   10.2201
   -7.5000   22.5000  -30.0000 2723.5972    9.9979
    0.0000   22.5000  -30.0000 2731.5291    9.9627
    7.5000   22.5000  -30.0000 2711.6248   10.0517
   -7.5000   30.0000  -30.0000 2737.9224    9.9287
    0.0000   30.0000  -30.0000 2747.0562    9.9152
    7.5000   30.0000  -30.0000 2714.6711   10.0328
   -7.5000   37.5000  -30.0000 2738.3132   10.0436
    0.0000   37.5000  -30.0000 2745.6016   10.0359
    7.5000   37.5000  -30.0000 2712.9170   10.1494
   -7.5000   45.0000  -30.0000 2713.2344   10.3429
    0.0000   45.0000  -30.0000 2727.9729   10.3209
    7.5000   45.0000  -30.0000 2691.6936   10.4447
   -7.5000  -45.0000  -22.5000 2271.2192   15.6425
    0.0000  -45.0000  -22.5000 2293.7781   15.5393
    7.5000  -45.0000  -22.5000 2296.9460   15.4866
   -7.5000  -37.5000  -22.5000 2335.3215   14.5393
    0.0000  -37.5000  -22.5000 2354.8044   14.4696
    7.5000  -37.5000  -22.5000 2356.5364   14.4304
   -7.5000  -30.0000  -22.5000 2404.6853   13.4926
    0.0000  -30.0000  -22.5000 2421.3872   13.4142
    7.5000  -30.0000  -22.5000 2421.9858   13.4346
   -7.5000  -22.5000  -22.5000 2482.2446   12.5506
    0.0000  -22.5000  -22.5000 2491.9919   12.4679
    7.5000  -22.5000  -22.5000 2493.1113   12.5012
   -7.5000  -15.0000  -22.5000 2559.7410   11.7423
    0.0000  -15.0000  -22.5000 2570.5681   11.6630
    7.5000  -15.0000  -22.5000 2563.2754   11.6993
   -7.5000   -7.5000  -22.5000 2629.8247   11.0787
    0.0000   -7.5000  -22.5000 2640.7275   10.9894
    7.5000   -7.5000  -22.5000 2634.9368   11.0623
   -7.5000    0.0000  -22.5000 2695.0269   10.5100
    0.0000    0.0000  -22.5000 2707.1438   10.4309
    7.5000    0.0000  -22.5000 2699.2188   10.5279
   -7.5000    7.5000  -22.5000 2752.4509   10.0662
    0.0000    7.5000  -22.5000 2766.4675   10.0004
    7.5000    7.5000  -22.5000 2750.3872   10.1025
   -7.5000   15.0000  -22.5000 2794.0208    9.7324
    0.0000   15.0000  -22.5000 2809.2764    9.6628
    7.5000   15.0000  -22.5000 2789.4092    9.7797
   -7.5000   22.5000  -22.5000 2828.0229    9.5093
    0.0000   22.5000  -22.5000 2841.5359    9.4541
    7.5000   22.5000  -22.5000 2814.8613    9.5865
   -7.5000   30.0000  -22.5000 2850.7664    9.4398
    0.0000   30.0000  -22.5000 2861.6003    9.3921
    7.5000   30.0000  -22.5000 2825.3579    9.5487
   -7.5000   37.5000  -22.5000 2860.1909    9.5512
    0.0000   37.5000  -22.5000 2869.1255    9.5210
    7.5000   37.5000  -22.5000 2833.0361    9.6673
   -7.5000   45.0000  -22.5000 2837.0156    9.8725
    0.0000   45.0000  -22.5000 2849.3059    9.8210
    7.5000   45.0000  -22.5000 2817.1067    9.9593
   -7.5000  -45.0000  -15.0000 2300.9517   15.4648
    0.0000  -45.0000  -15.0000 2320.4036   15.2793
    7.5000  -45.0000  -15.0000 2319.4619   15.3501
   -7.5000  -37.5000  -15.0000 2372.6921   14.2768
    0.0000  -37.5000  -15.0000 2387.2239   14.1479
    7.5000  -37.5000  -15.0000 2386.9067   14.2427
   -7.5000  -30.0000  -15.0000 2440.8293   13.1965
    0.0000  -30.0000  -15.0000 2462.3340   13.0998
    7.5000  -30.0000  -15.0000 2455.1890   13.1964
   -7.5000  -22.5000  -15.0000 2515.7283   12.2592
    0.0000  -22.5000  -15.0000 2535.8003   12.2015
    7.5000  -22.5000  -15.0000 2527.6431   12.2728
   -7.5000  -15.0000  -15.0000 2589.1194   11.4644
    0.0000  -15.0000  -15.0000 2604.3105   11.3901
    7.5000  -15.0000  -15.0000 2595.8938   11.4829
   -7.5000   -7.5000  -15.0000 2662.9880   10.7979
    0.0000   -7.5000  -15.0000 2675.4114   10.7187
    7.5000   -7.5000  -15.0000 2666.7341   10.8089
   -7.5000    0.0000  -15.0000 2725.0344   10.2081
    0.0000    0.0000  -15.0000 2739.6562   10.1392
    7.5000    0.0000  -15.0000 2727.0310   10.2287
   -7.5000    7.5000  -15.0000 2790.1108    9.7159
    0.0000    7.5000  -15.0000 2803.3682    9.6474
    7.5000    7.5000  -15.0000 2785.5305    9.7726
   -7.5000   15.0000  -15.0000 2846.6350    9.3396
    0.0000   15.0000  -15.0000 2863.2466    9.2591
    7.5000   15.0000  -15.0000 2843.5569    9.4103
   -7.5000   22.5000  -15.0000 2895.6853    9.1099
    0.0000   22.5000  -15.0000 2911.8345    9.0217
    7.5000   22.5000  -15.0000 2887.6619    9.1872
   -7.5000   30.0000  -15.0000 2928.7969    9.0418
    0.0000   30.0000  -15.0000 2946.3030    8.9456
    7.5000   30.0000  -15.0000 2907.5796    9.1421
   -7.5000   37.5000  -15.0000 2950.5166    9.1288
    0.0000   37.5000  -15.0000 2964.1755    9.0667
    7.5000   37.5000  -15.0000 2916.6677    9.2548
   -7.5000   45.0000  -15.0000 2922.3972    9.4570
    0.0000   45.0000  -15.0000 2936.2224    9.3850
    7.5000   45.0000  -15.0000 2897.2563    9.5569
   -7.5000  -45.0000   -7.5000 2308.4324   15.3453
    0.0000  -45.0000   -7.5000 2331.3831   15.1341
    7.5000  -45.0000   -7.5000 2331.2896   15.2739
   -7.5000  -37.5000   -7.5000 2381.9343   14.1502
    0.0000  -37.5000   -7.5000 2403.8315   13.9947
    7.5000  -37.5000   -7.5000 2399.0681   14.1486
   -7.5000  -30.0000   -7.5000 2455.9299   13.0840
    0.0000  -30.0000   -7.5000 2478.3179   12.9369
    7.5000  -30.0000   -7.5000 2467.1907   13.1059
   -7.5000  -22.5000   -7.5000 2531.2749   12.1284
    0.0000  -22.5000   -7.5000 2554.2307   11.9909
    7.5000  -22.5000   -7.5000 2544.0696   12.1523
   -7.5000  -15.0000   -7.5000 2602.9722   11.2783
    0.0000  -15.0000   -7.5000 2617.6992   11.1533
    7.5000  -15.0000   -7.5000 2608.8174   11.2974
   -7.5000   -7.5000   -7.5000 2672.8711   10.5715
    0.0000   -7.5000   -7.5000 2688.2109   10.4709
    7.5000   -7.5000   -7.5000 2677.9314   10.6017
   -7.5000    0.0000   -7.5000 2737.8196    9.9498
    0.0000    0.0000   -7.5000 2754.3743    9.8676
    7.5000    0.0000   -7.5000 2739.6794    9.9920
   -7.5000    7.5000   -7.5000 2803.6094    9.4364
    0.0000    7.5000   -7.5000 2818.8784    9.3670
    7.5000    7.5000   -7.5000 2801.5037    9.4991
   -7.5000   15.0000   -7.5000 2867.1489    9.0634
    0.0000   15.0000   -7.5000 2886.2402    8.9799
    7.5000   15.0000   -7.5000 2864.6663    9.1224
   -7.5000   22.5000   -7.5000 2930.5237    8.8535
    0.0000   22.5000   -7.5000 2949.4854    8.7434
    7.5000   22.5000   -7.5000 2923.8389    8.9006
   -7.5000   30.0000   -7.5000 2991.6284    8.8038
    0.0000   30.0000   -7.5000 3014.5181    8.6970
    7.5000   30.0000   -7.5000 2964.9133    8.8682
   -7.5000   37.5000   -7.5000 3020.7307    8.8826
    0.0000   37.5000   -7.5000 3041.6853    8.7927
    7.5000   37.5000   -7.5000 2974.0354    8.9912
   -7.5000   45.0000   -7.5000 2980.7261    9.1672
    0.0000   45.0000   -7.5000 2994.0095    9.0985
    7.5000   45.0000   -7.5000 2947.9060    9.2764
   -7.5000  -45.0000    0.0000 2287.5969   15.4593
    0.0000  -45.0000    0.0000 2311.5173   15.2056
    7.5000  -45.0000    0.0000 2310.9336   15.4373
   -7.5000  -37.5000    0.0000 2370.6257   14.2506
    0.0000  -37.5000    0.0000 2391.2195   14.0363
    7.5000  -37.5000    0.0000 2389.5664   14.2737
   -7.5000  -30.0000    0.0000 2448.2754   13.1695
    0.0000  -30.0000    0.0000 2467.5935   12.9567
    7.5000  -30.0000    0.0000 2461.5906   13.1904
   -7.5000  -22.5000    0.0000 2529.2620   12.1703
    0.0000  -22.5000    0.0000 2546.4021   11.9865
    7.5000  -22.5000    0.0000 2533.8103   12.1852
   -7.5000  -15.0000    0.0000 2597.2063   11.2658
    0.0000  -15.0000    0.0000 2614.4343   11.1222
    7.5000  -15.0000    0.0000 2599.9160   11.2916
   -7.5000   -7.5000    0.0000 2669.2258   10.5036
    0.0000   -7.5000    0.0000 2682.7307   10.3992
    7.5000   -7.5000    0.0000 2669.4534   10.5590
   -7.5000    0.0000    0.0000 2736.5452    9.8745
    0.0000    0.0000    0.0000 2747.9290    9.7853
    7.5000    0.0000    0.0000 2732.7385    9.9404
   -7.5000    7.5000    0.0000 2802.0286    9.3524
    0.0000    7.5000    0.0000 2811.8608    9.2525
    7.5000    7.5000    0.0000 2796.2661    9.4245
   -7.5000   15.0000    0.0000 2866.5632    8.9794
    0.0000   15.0000    0.0000 2880.8164    8.8649
    7.5000   15.0000    0.0000 2865.0171    9.0503
   -7.5000   22.5000    0.0000 2940.6191    8.8035
    0.0000   22.5000    0.0000 2961.9377    8.6959
    7.5000   22.5000    0.0000 2931.1111    8.8351
   -7.5000   30.0000    0.0000 3015.2383    8.8097
    0.0000   30.0000    0.0000 3041.0503    8.7614
    7.5000   30.0000    0.0000 2981.8440    8.8256
   -7.5000   37.5000    0.0000 3053.1633    8.8807
    0.0000   37.5000    0.0000 3086.1030    8.8484
    7.5000   37.5000    0.0000 2999.2822    8.9491
   -7.5000   45.0000    0.0000 3009.2209    9.0786
    0.0000   45.0000    0.0000 3027.8806    9.0284
    7.5000   45.0000    0.0000 2969.4192    9.1937
   -7.5000  -45.0000    7.5000 2241.5867   15.8360
    0.0000  -45.0000    7.5000 2269.0393   15.5447
    7.5000  -45.0000    7.5000 2269.9763   15.7717
   -7.5000  -37.5000    7.5000 2333.2031   14.5780
    0.0000  -37.5000    7.5000 2351.5784   14.3349
    7.5000  -37.5000    7.5000 2348.7861   14.5750
   -7.5000  -30.0000    7.5000 2416.6431   13.4492
    0.0000  -30.0000    7.5000 2435.2454   13.2273
    7.5000  -30.0000    7.5000 2424.5283   13.4728
   -7.5000  -22.5000    7.5000 2505.4456   12.3760
    0.0000  -22.5000    7.5000 2521.7190   12.1548
    7.5000  -22.5000    7.5000 2502.9509   12.4101
   -7.5000  -15.0000    7.5000 2580.4749   11.3880
    0.0000  -15.0000    7.5000 2591.3511   11.1933
    7.5000  -15.0000    7.5000 2577.6179   11.4489
   -7.5000   -7.5000    7.5000 2650.0981   10.5939
    0.0000   -7.5000    7.5000 2663.1980   10.4451
    7.5000   -7.5000    7.5000 2648.2104   10.6508
   -7.5000    0.0000    7.5000 2716.9001    9.9924
    0.0000    0.0000    7.5000 2725.9792    9.8724
    7.5000    0.0000    7.5000 2712.0564   10.0571
   -7.5000    7.5000    7.5000 2785.6431    9.5048
    0.0000    7.5000    7.5000 2793.6826    9.4050
    7.5000    7.5000    7.5000 2778.2114    9.5844
   -7.5000   15.0000    7.5000 2856.2839    9.1470
    0.0000   15.0000    7.5000 2867.0093    9.0644
    7.5000   15.0000    7.5000 2843.3167    9.2427
   -7.5000   22.5000    7.5000 2930.4045    8.9468
    0.0000   22.5000    7.5000 2945.3052    8.8767
    7.5000   22.5000    7.5000 2905.7402    9.0186
   -7.5000   30.0000    7.5000 2994.6399    8.8805
    0.0000   30.0000    7.5000 3015.6406    8.8210
    7.5000   30.0000    7.5000 2963.0078    8.9440
   -7.5000   37.5000    7.5000 3027.3618    8.9543
    0.0000   37.5000    7.5000 3047.9280    8.8713
    7.5000   37.5000    7.5000 2981.1604    9.0600
   -7.5000   45.0000    7.5000 2989.1599    9.2101
    0.0000   45.0000    7.5000 3006.0957    9.1282
    7.5000   45.0000    7.5000 2952.8301    9.3412
   -7.5000  -45.0000   15.0000 2177.9939   16.5474
    0.0000  -45.0000   15.0000 2203.8743   16.1822
    7.5000  -45.0000   15.0000 2199.6382   16.4224
   -7.5000  -37.5000   15.0000 2269.7812   15.1372
    0.0000  -37.5000   15.0000 2292.7971   14.8436
    7.5000  -37.5000   15.0000 2283.6528   15.1379
   -7.5000  -30.0000   15.0000 2358.6851   13.8779
    0.0000  -30.0000   15.0000 2378.1155   13.5952
    7.5000  -30.0000   15.0000 2366.6064   13.8900
   -7.5000  -22.5000   15.0000 2451.4751   12.7169
    0.0000  -22.5000   15.0000 2468.7268   12.4605
    7.5000  -22.5000   15.0000 2450.6052   12.7543
   -7.5000  -15.0000   15.0000 2535.6909   11.7004
    0.0000  -15.0000   15.0000 2546.2502   11.4785
    7.5000  -15.0000   15.0000 2529.6055   11.7608
   -7.5000   -7.5000   15.0000 2616.9419   10.9151
    0.0000   -7.5000   15.0000 2625.1121   10.7392
    7.5000   -7.5000   15.0000 2605.9951   10.9826
   -7.5000    0.0000   15.0000 2687.2903   10.3233
    0.0000    0.0000   15.0000 2696.1387   10.1992
    7.5000    0.0000   15.0000 2674.4670   10.4126
   -7.5000    7.5000   15.0000 2758.1072    9.8639
    0.0000    7.5000   15.0000 2767.2820    9.7508
    7.5000    7.5000   15.0000 2745.0881    9.9685
   -7.5000   15.0000   15.0000 2825.2395    9.4963
    0.0000   15.0000   15.0000 2834.4380    9.4014
    7.5000   15.0000   15.0000 2810.0823    9.6093
   -7.5000   22.5000   15.0000 2894.1353    9.2802
    0.0000   22.5000   15.0000 2903.3027    9.1740
    7.5000   22.5000   15.0000 2872.4453    9.3787
   -7.5000   30.0000   15.0000 2947.5769    9.1547
    0.0000   30.0000   15.0000 2961.2778    9.0324
    7.5000   30.0000   15.0000 2923.7754    9.2832
   -7.5000   37.5000   15.0000 2967.1375    9.1939
    0.0000   37.5000   15.0000 2980.1506    9.0701
    7.5000   37.5000   15.0000 2937.1523    9.3708
   -7.5000   45.0000   15.0000 2940.5552    9.4876
    0.0000   45.0000   15.0000 2955.7744    9.3812
    7.5000   45.0000   15.0000 2909.5867    9.6413
   -7.5000  -45.0000   22.5000 2105.6545   17.6076
    0.0000  -45.0000   22.5000 2125.5583   17.1783
    7.5000  -45.0000   22.5000 2118.3406   17.4362
   -7.5000  -37.5000   22.5000 2195.0115   15.9840
    0.0000  -37.5000   22.5000 2209.1870   15.5865
    7.5000  -37.5000   22.5000 2207.2444   15.8843
   -7.5000  -30.0000   22.5000 2288.4143   14.5720
    0.0000  -30.0000   22.5000 2297.8142   14.2489
    7.5000  -30.0000   22.5000 2296.0652   14.5716
   -7.5000  -22.5000   22.5000 2384.8213   13.3628
    0.0000  -22.5000   22.5000 2396.5513   13.0716
    7.5000  -22.5000   22.5000 2385.2727   13.3940
   -7.5000  -15.0000   22.5000 2481.8826   12.2980
    0.0000  -15.0000   22.5000 2491.2825   12.1085
    7.5000  -15.0000   22.5000 2474.6230   12.3954
   -7.5000   -7.5000   22.5000 2568.5764   11.4644
    0.0000   -7.5000   22.5000 2580.8640   11.3317
    7.5000   -7.5000   22.5000 2556.8701   11.5843
   -7.5000    0.0000   22.5000 2644.9243   10.8548
    0.0000    0.0000   22.5000 2659.2310   10.7443
    7.5000    0.0000   22.5000 2630.5662   10.9638
   -7.5000    7.5000   22.5000 2717.5212   10.3630
    0.0000    7.5000   22.5000 2735.1077   10.2682
    7.5000    7.5000   22.5000 2705.9736   10.4692
   -7.5000   15.0000   22.5000 2783.3018    9.9689
    0.0000   15.0000   22.5000 2797.4709    9.8785
    7.5000   15.0000   22.5000 2768.0874   10.0814
   -7.5000   22.5000   22.5000 2845.4570    9.7060
    0.0000   22.5000   22.5000 2856.3469    9.6110
    7.5000   22.5000   22.5000 2824.7905    9.8445
   -7.5000   30.0000   22.5000 2883.3533    9.5800
    0.0000   30.0000   22.5000 2894.6184    9.4632
    7.5000   30.0000   22.5000 2861.8035    9.7574
   -7.5000   37.5000   22.5000 2897.2314    9.6186
    0.0000   37.5000   22.5000 2906.0818    9.5326
    7.5000   37.5000   22.5000 2872.1025    9.8169
   -7.5000   45.0000   22.5000 2868.6587    9.9159
    0.0000   45.0000   22.5000 2883.1663    9.8317
    7.5000   45.0000   22.5000 2841.2754   10.0969
   -7.5000  -45.0000   30.0000 2016.9641   19.1739
    0.0000  -45.0000   30.0000 2031.6719   18.7438
    7.5000  -45.0000   30.0000 2027.7246   19.0751
   -7.5000  -37.5000   30.0000 2109.7471   17.2426
    0.0000  -37.5000   30.0000 2122.3364   16.9094
    7.5000  -37.5000   30.0000 2117.2480   17.2292
   -7.5000  -30.0000   30.0000 2203.5679   15.6313
    0.0000  -30.0000   30.0000 2219.0232   15.4095
    7.5000  -30.0000   30.0000 2211.0510   15.7070
   -7.5000  -22.5000   30.0000 2309.0242   14.2899
    0.0000  -22.5000   30.0000 2325.0720   14.1269
    7.5000  -22.5000   30.0000 2309.8645   14.3999
   -7.5000  -15.0000   30.0000 2411.1472   13.1467
    0.0000  -15.0000   30.0000 2426.6780   13.0131
    7.5000  -15.0000   30.0000 2407.4055   13.2858
   -7.5000   -7.5000   30.0000 2507.7920   12.2340
    0.0000   -7.5000   30.0000 2529.5093   12.1251
    7.5000   -7.5000   30.0000 2501.3955   12.3676
   -7.5000    0.0000   30.0000 2590.1812   11.5587
    0.0000    0.0000   30.0000 2609.8201   11.4791
    7.5000    0.0000   30.0000 2578.9463   11.6727
   -7.5000    7.5000   30.0000 2665.8140   11.0169
    0.0000    7.5000   30.0000 2683.1543   10.9377
    7.5000    7.5000   30.0000 2654.9290   11.1215
   -7.5000   15.0000   30.0000 2727.9307   10.5755
    0.0000   15.0000   30.0000 2742.6067   10.4928
    7.5000   15.0000   30.0000 2710.3992   10.6940
   -7.5000   22.5000   30.0000 2780.2935   10.3005
    0.0000   22.5000   30.0000 2793.0457   10.2028
    7.5000   22.5000   30.0000 2761.5498   10.4278
   -7.5000   30.0000   30.0000 2810.1069   10.1603
    0.0000   30.0000   30.0000 2822.1753   10.0710
    7.5000   30.0000   30.0000 2789.7803   10.3295
   -7.5000   37.5000   30.0000 2818.5779   10.1938
    0.0000   37.5000   30.0000 2828.8938   10.1324
    7.5000   37.5000   30.0000 2794.3950   10.3874
   -7.5000   45.0000   30.0000 2780.6187   10.4964
    0.0000   45.0000   30.0000 2795.9634   10.4229
    7.5000   45.0000   30.0000 2757.5684   10.6606
   -7.5000  -45.0000   37.5000 1921.1998   21.2747
    0.0000  -45.0000   37.5000 1940.9844   21.0421
    7.5000  -45.0000   37.5000 1931.5190   21.2787
   -7.5000  -37.5000   37.5000 2020.1736   18.9597
    0.0000  -37.5000   37.5000 2038.3141   18.7874
    7.5000  -37.5000   37.5000 2025.5925   19.0823
   -7.5000  -30.0000   37.5000 2124.8757   17.1150
    0.0000  -30.0000   37.5000 2141.6323   16.9583
    7.5000  -30.0000   37.5000 2127.2827   17.2606
   -7.5000  -22.5000   37.5000 2234.9607   15.5187
    0.0000  -22.5000   37.5000 2252.9961   15.3888
    7.5000  -22.5000   37.5000 2237.9907   15.7139
   -7.5000  -15.0000   37.5000 2341.6394   14.2043
    0.0000  -15.0000   37.5000 2359.4192   14.0946
    7.5000  -15.0000   37.5000 2341.3953   14.3738
   -7.5000   -7.5000   37.5000 2442.2341   13.1681
    0.0000   -7.5000   37.5000 2464.6660   13.1027
    7.5000   -7.5000   37.5000 2439.0254   13.3312
   -7.5000    0.0000   37.5000 2526.3379   12.4320
    0.0000    0.0000   37.5000 2546.5100   12.3895
    7.5000    0.0000   37.5000 2519.7603   12.5728
   -7.5000    7.5000   37.5000 2597.9644   11.8443
    0.0000    7.5000   37.5000 2615.8604   11.7799
    7.5000    7.5000   37.5000 2585.6423   11.9605
   -7.5000   15.0000   37.5000 2658.1006   11.3753
    0.0000   15.0000   37.5000 2673.9258   11.3153
    7.5000   15.0000   37.5000 2641.9016   11.4876
   -7.5000   22.5000   37.5000 2705.4329   11.0808
    0.0000   22.5000   37.5000 2719.3406   11.0072
    7.5000   22.5000   37.5000 2687.1711   11.1997
   -7.5000   30.0000   37.5000 2725.9663   10.9046
    0.0000   30.0000   37.5000 2737.1799   10.8485
    7.5000   30.0000   37.5000 2707.4790   11.0442
   -7.5000   37.5000   37.5000 2728.9617   10.9476
    0.0000   37.5000   37.5000 2737.5549   10.8970
    7.5000   37.5000   37.5000 2706.5305   11.1034
   -7.5000   45.0000   37.5000 2695.2200   11.2059
    0.0000   45.0000   37.5000 2708.6707   11.1691
    7.5000   45.0000   37.5000 2673.6165   11.3739
   -7.5000  -45.0000   45.0000 1822.3690   24.0444
    0.0000  -45.0000   45.0000 1837.1049   23.7255
    7.5000  -45.0000   45.0000 1831.3677   24.0357
   -7.5000  -37.5000   45.0000 1927.0421   21.1613
    0.0000  -37.5000   45.0000 1944.3020   20.9660
    7.5000  -37.5000   45.0000 1931.3889   21.2966
   -7.5000  -30.0000   45.0000 2037.5714   18.8978
    0.0000  -30.0000   45.0000 2052.6064   18.7530
    7.5000  -30.0000   45.0000 2037.2390   19.1011
   -7.5000  -22.5000   45.0000 2147.0967   17.0266
    0.0000  -22.5000   45.0000 2161.8691   16.8991
    7.5000  -22.5000   45.0000 2150.5486   17.2554
   -7.5000  -15.0000   45.0000 2256.3645   15.5174
    0.0000  -15.0000   45.0000 2274.0264   15.4127
    7.5000  -15.0000   45.0000 2259.2432   15.7166
   -7.5000   -7.5000   45.0000 2357.0210   14.3649
    0.0000   -7.5000   45.0000 2376.9873   14.3058
    7.5000   -7.5000   45.0000 2355.6824   14.5353
   -7.5000    0.0000   45.0000 2444.0281   13.5548
    0.0000    0.0000   45.0000 2466.0969   13.5009
    7.5000    0.0000   45.0000 2437.4109   13.6830
   -7.5000    7.5000   45.0000 2517.9109   12.8875
    0.0000    7.5000   45.0000 2537.5945   12.8393
    7.5000    7.5000   45.0000 2510.8445   13.0052
   -7.5000   15.0000   45.0000 2574.5276   12.3703
    0.0000   15.0000   45.0000 2594.0815   12.3200
    7.5000   15.0000   45.0000 2565.5950   12.4865
   -7.5000   22.5000   45.0000 2615.1445   12.0184
    0.0000   22.5000   45.0000 2630.9446   11.9668
    7.5000   22.5000   45.0000 2601.3379   12.1505
   -7.5000   30.0000   45.0000 2631.9529   11.8118
    0.0000   30.0000   45.0000 2641.3267   11.7671
    7.5000   30.0000   45.0000 2616.1301   11.9559
   -7.5000   37.5000   45.0000 2626.6045   11.8561
    0.0000   37.5000   45.0000 2635.8911   11.8197
    7.5000   37.5000   45.0000 2610.1104   11.9854
   -7.5000   45.0000   45.0000 2602.2976   12.0541
    0.0000   45.0000   45.0000 2614.4443   12.0232
    7.5000   45.0000   45.0000 2586.6165   12.1981

---------------------------------------------------------------------
imgreg_4dfp /home/aracena/freesurfer/average/711-2C_as_mni_average_305 /home/aracena/freesurfer/average/711-2B_as_mni_average_305_mask talsrcimg_g11 none talsrcimg_to_711-2C_as_mni_average_305_t4 1283
---------------------------------------------------------------------

freesurfer imgreg_4dfp.c
/home/aracena/freesurfer/average/711-2C_as_mni_average_305.4dfp.img
       256       256       256         1
  1.000000  1.000000  1.000000
orientation T byte_order littleendian
Reading image: /home/aracena/freesurfer/average/711-2C_as_mni_average_305.4dfp.img
dimensions:      256       256       256
mmppix:       1.0000   -1.0000   -1.0000
center:     128.0000 -129.0000 -129.0000
/home/aracena/freesurfer/average/711-2B_as_mni_average_305_mask.4dfp.img
       256       256       256         1
  1.000000  1.000000  1.000000
orientation T byte_order littleendian
Reading mask: /home/aracena/freesurfer/average/711-2B_as_mni_average_305_mask.4dfp.img (2306576 pixels)
talsrcimg_g11.4dfp.img
       256       256       256         1
  1.000000  1.000000  1.000000
orientation T byte_order littleendian
Reading image: talsrcimg_g11.4dfp.img
dimensions:      256       256       256
mmppix:       1.0000   -1.0000   -1.0000
center:     128.0000 -129.0000 -129.0000
rotation matrix determinant  1.000000
fimgreg.f
image alignment mode   1283 decimal      503 hex
parameters
    0.0000   37.5000    0.0000    0.0000    0.0000    0.0000
eta,q 0.96770  8.88533
niter,ni,del,rscale     5    3   12.0000    1.2000
parameter  4  0.846168 ->  0.500000 qaram    1.1500
parameters
   -1.8911   36.9477    0.4266   -3.4500    0.6924    0.2153
eta,q 0.96957  8.84426
  0.0421  0.0412  0.0441  0.0316  0.0408  0.0374
  0.0359  0.0370  0.0382  0.0307  0.0363  0.0344
  0.0335  0.0345  0.0344  0.0315  0.0329  0.0318
  0.0358  0.0335  0.0336  0.0335  0.0308  0.0305
  0.0418  0.0352  0.0344  0.0361  0.0308  0.0312
  0.0491  0.0392  0.0369  0.0387  0.0336  0.0337
  0.0565  0.0449  0.0410  0.0417  0.0374  0.0366
niter,ni,del,rscale     5    3   12.0000    1.2000
parameters
   -2.0612   37.4126   -0.1446   -3.8770    0.7753    0.2802
eta,q 0.97033  8.83883
  0.0469  0.0431  0.0390  0.0363  0.0389  0.0364
  0.0390  0.0374  0.0329  0.0334  0.0347  0.0334
  0.0329  0.0326  0.0298  0.0303  0.0314  0.0309
  0.0304  0.0304  0.0303  0.0298  0.0297  0.0297
  0.0332  0.0312  0.0332  0.0316  0.0308  0.0306
  0.0402  0.0349  0.0366  0.0345  0.0343  0.0333
  0.0490  0.0400  0.0412  0.0378  0.0386  0.0362
niter,ni,del,rscale     4    3   12.0000    1.2000
parameters
   -2.1145   37.5192   -0.2448   -4.0456    0.7847    0.2991
eta,q 0.97044  8.83681
  0.0475  0.0415  0.0407  0.0364  0.0387  0.0362
  0.0393  0.0357  0.0341  0.0339  0.0345  0.0332
  0.0325  0.0314  0.0300  0.0306  0.0311  0.0307
  0.0297  0.0297  0.0297  0.0296  0.0296  0.0296
  0.0324  0.0312  0.0323  0.0312  0.0309  0.0306
  0.0396  0.0356  0.0358  0.0339  0.0344  0.0333
  0.0483  0.0404  0.0399  0.0373  0.0388  0.0361
niter,ni,del,rscale     3    3   12.0000    1.2000
parameters
   -2.1268   37.5608   -0.2866   -4.1238    0.7808    0.3076
eta,q 0.97049  8.83562
  0.0478  0.0412  0.0410  0.0364  0.0387  0.0362
  0.0395  0.0353  0.0343  0.0341  0.0345  0.0332
  0.0325  0.0312  0.0300  0.0308  0.0311  0.0307
  0.0296  0.0296  0.0296  0.0295  0.0295  0.0295
  0.0323  0.0313  0.0322  0.0310  0.0308  0.0305
  0.0395  0.0358  0.0356  0.0337  0.0344  0.0333
  0.0481  0.0404  0.0398  0.0370  0.0388  0.0361
niter,ni,del,rscale     2    3   12.0000    1.2000
parameters
   -2.1302   37.5796   -0.3060   -4.1630    0.7770    0.3117
eta,q 0.97052  8.83491
  0.0478  0.0410  0.0411  0.0363  0.0387  0.0361
  0.0395  0.0352  0.0343  0.0342  0.0345  0.0332
  0.0325  0.0312  0.0300  0.0308  0.0311  0.0306
  0.0295  0.0295  0.0295  0.0295  0.0295  0.0295
  0.0322  0.0314  0.0321  0.0309  0.0308  0.0305
  0.0395  0.0359  0.0356  0.0336  0.0344  0.0333
  0.0480  0.0403  0.0397  0.0369  0.0388  0.0361
registration optimization eta report
parameter search radius
    6.0000    6.0000    6.0000    6.9000    6.0000    6.0000
100000*second partial in parameter space
       50.       30.       30.       14.       25.       18.
  0.0478  0.0410  0.0411  0.0363  0.0387  0.0361
  0.0395  0.0352  0.0343  0.0342  0.0345  0.0332
  0.0325  0.0312  0.0300  0.0308  0.0311  0.0306
  0.0295  0.0295  0.0295  0.0295  0.0295  0.0295
  0.0322  0.0314  0.0321  0.0309  0.0308  0.0305
  0.0395  0.0359  0.0356  0.0336  0.0344  0.0333
  0.0480  0.0403  0.0397  0.0369  0.0388  0.0361
   -2.1302   37.5796   -0.3060   -4.1630    0.7770    0.3117
eta,q 0.97052  8.83491

---------------------------------------------------------------------
imgreg_4dfp /home/aracena/freesurfer/average/711-2C_as_mni_average_305 /home/aracena/freesurfer/average/711-2B_as_mni_average_305_mask talsrcimg_g11 none talsrcimg_to_711-2C_as_mni_average_305_t4 3335
---------------------------------------------------------------------

freesurfer imgreg_4dfp.c
/home/aracena/freesurfer/average/711-2C_as_mni_average_305.4dfp.img
       256       256       256         1
  1.000000  1.000000  1.000000
orientation T byte_order littleendian
Reading image: /home/aracena/freesurfer/average/711-2C_as_mni_average_305.4dfp.img
dimensions:      256       256       256
mmppix:       1.0000   -1.0000   -1.0000
center:     128.0000 -129.0000 -129.0000
/home/aracena/freesurfer/average/711-2B_as_mni_average_305_mask.4dfp.img
       256       256       256         1
  1.000000  1.000000  1.000000
orientation T byte_order littleendian
Reading mask: /home/aracena/freesurfer/average/711-2B_as_mni_average_305_mask.4dfp.img (2306576 pixels)
talsrcimg_g11.4dfp.img
       256       256       256         1
  1.000000  1.000000  1.000000
orientation T byte_order littleendian
Reading image: talsrcimg_g11.4dfp.img
dimensions:      256       256       256
mmppix:       1.0000   -1.0000   -1.0000
center:     128.0000 -129.0000 -129.0000
fimgreg.f
image alignment mode   3335 decimal      D07 hex
parameters
   -2.1302   37.5796   -0.3060   -0.0107   -0.2648   -0.2730
   -0.4441   -1.3920    0.5439    7.2520    1.3561   -7.2588
eta,q 0.97188  8.86704
niter,ni,del,rscale     5    3    5.0000    1.2000
parameter  4  0.622865 ->  0.500000 qaram    1.1500
parameter  5  0.824088 ->  0.500000 qaram    1.1500
parameters
   -2.1099   38.0430   -0.5449   -4.1507   -4.4048   -2.1267
    0.0724   -0.6737    2.7176    5.9241   -0.5510   -6.9233
eta,q 0.97490  8.66456
  0.0313  0.0307  0.0296  0.0273  0.0252  0.0269  0.0282  0.0298  0.0274  0.0267  0.0256  0.0264
  0.0296  0.0295  0.0287  0.0266  0.0251  0.0266  0.0268  0.0278  0.0265  0.0255  0.0253  0.0257
  0.0285  0.0286  0.0281  0.0268  0.0256  0.0257  0.0259  0.0263  0.0258  0.0251  0.0251  0.0253
  0.0281  0.0281  0.0281  0.0280  0.0265  0.0252  0.0255  0.0255  0.0254  0.0253  0.0252  0.0251
  0.0284  0.0281  0.0284  0.0302  0.0280  0.0261  0.0257  0.0256  0.0253  0.0259  0.0254  0.0252
  0.0295  0.0285  0.0292  0.0330  0.0299  0.0286  0.0264  0.0266  0.0254  0.0268  0.0259  0.0256
  0.0312  0.0293  0.0304  0.0361  0.0321  0.0319  0.0275  0.0286  0.0259  0.0280  0.0267  0.0262
niter,ni,del,rscale     6    3    5.0000    1.2000
parameters
   -2.2405   38.3331   -1.5395   -4.3929   -5.3904   -3.3239
   -0.2380   -0.6059    2.9304    6.6909   -0.7737   -8.3156
eta,q 0.97498  8.59023
  0.0279  0.0275  0.0253  0.0284  0.0272  0.0266  0.0274  0.0288  0.0266  0.0278  0.0259  0.0258
  0.0263  0.0263  0.0249  0.0271  0.0260  0.0262  0.0261  0.0269  0.0258  0.0263  0.0254  0.0253
  0.0253  0.0255  0.0248  0.0257  0.0251  0.0255  0.0253  0.0256  0.0253  0.0254  0.0252  0.0250
  0.0251  0.0251  0.0251  0.0248  0.0248  0.0248  0.0251  0.0251  0.0251  0.0251  0.0251  0.0251
  0.0256  0.0252  0.0256  0.0252  0.0255  0.0250  0.0255  0.0254  0.0252  0.0252  0.0252  0.0254
  0.0268  0.0257  0.0265  0.0269  0.0268  0.0269  0.0264  0.0267  0.0257  0.0258  0.0255  0.0259
  0.0285  0.0266  0.0275  0.0295  0.0288  0.0296  0.0278  0.0288  0.0264  0.0267  0.0260  0.0267
niter,ni,del,rscale     5    3    5.0000    1.2000
parameters
   -2.2185   38.5448   -2.0390   -4.2651   -5.5691   -3.8513
   -0.3141   -0.5803    3.0344    7.4438   -0.9211   -9.0287
eta,q 0.97498  8.57095
  0.0281  0.0273  0.0258  0.0285  0.0277  0.0270  0.0275  0.0287  0.0265  0.0277  0.0259  0.0261
  0.0264  0.0262  0.0252  0.0272  0.0264  0.0264  0.0262  0.0268  0.0257  0.0263  0.0254  0.0254
  0.0254  0.0254  0.0249  0.0259  0.0254  0.0258  0.0253  0.0256  0.0252  0.0254  0.0251  0.0250
  0.0250  0.0250  0.0250  0.0249  0.0249  0.0249  0.0251  0.0251  0.0251  0.0251  0.0250  0.0250
  0.0254  0.0251  0.0254  0.0251  0.0252  0.0248  0.0254  0.0254  0.0252  0.0252  0.0252  0.0253
  0.0264  0.0257  0.0260  0.0265  0.0264  0.0262  0.0263  0.0267  0.0257  0.0258  0.0255  0.0258
  0.0280  0.0266  0.0268  0.0289  0.0282  0.0287  0.0277  0.0288  0.0265  0.0267  0.0260  0.0265
niter,ni,del,rscale     4    3    5.0000    1.2000
parameters
   -2.2141   38.7373   -2.2660   -4.2871   -5.7763   -4.0560
   -0.3498   -0.5690    3.1332    8.0777   -1.0199   -9.5326
eta,q 0.97497  8.55982
  0.0280  0.0273  0.0262  0.0284  0.0277  0.0272  0.0275  0.0287  0.0265  0.0275  0.0260  0.0261
  0.0264  0.0261  0.0254  0.0272  0.0265  0.0265  0.0262  0.0268  0.0258  0.0262  0.0255  0.0255
  0.0254  0.0254  0.0250  0.0259  0.0255  0.0259  0.0254  0.0256  0.0252  0.0254  0.0252  0.0251
  0.0250  0.0250  0.0250  0.0250  0.0250  0.0250  0.0251  0.0251  0.0251  0.0251  0.0251  0.0251
  0.0254  0.0251  0.0253  0.0252  0.0253  0.0247  0.0254  0.0254  0.0252  0.0253  0.0252  0.0253
  0.0264  0.0257  0.0259  0.0267  0.0264  0.0260  0.0262  0.0267  0.0257  0.0259  0.0255  0.0257
  0.0280  0.0267  0.0266  0.0290  0.0283  0.0284  0.0276  0.0288  0.0265  0.0267  0.0260  0.0264
niter,ni,del,rscale     3    3    5.0000    1.2000
parameters
   -2.2093   38.9066   -2.3969   -4.3338   -6.0018   -4.1477
   -0.3727   -0.5624    3.1969    8.6428   -1.0860   -9.9370
eta,q 0.97494  8.55155
  0.0280  0.0272  0.0264  0.0283  0.0276  0.0273  0.0275  0.0286  0.0265  0.0274  0.0260  0.0262
  0.0264  0.0261  0.0255  0.0272  0.0265  0.0266  0.0262  0.0268  0.0258  0.0262  0.0255  0.0255
  0.0254  0.0254  0.0251  0.0259  0.0256  0.0260  0.0254  0.0256  0.0253  0.0254  0.0252  0.0251
  0.0250  0.0250  0.0250  0.0250  0.0250  0.0250  0.0251  0.0251  0.0251  0.0251  0.0251  0.0251
  0.0254  0.0252  0.0253  0.0252  0.0253  0.0247  0.0254  0.0254  0.0252  0.0253  0.0252  0.0253
  0.0264  0.0258  0.0258  0.0267  0.0264  0.0259  0.0262  0.0267  0.0257  0.0259  0.0255  0.0257
  0.0280  0.0267  0.0265  0.0290  0.0282  0.0284  0.0276  0.0288  0.0265  0.0267  0.0260  0.0264
niter,ni,del,rscale     2    3    5.0000    1.2000
parameters
   -2.2070   39.0661   -2.4900   -4.3832   -6.2331   -4.2164
   -0.3828   -0.5627    3.2419    9.1859   -1.1496  -10.2948
eta,q 0.97491  8.54373
  0.0280  0.0272  0.0264  0.0283  0.0276  0.0273  0.0275  0.0286  0.0265  0.0274  0.0260  0.0262
  0.0264  0.0261  0.0256  0.0272  0.0264  0.0266  0.0262  0.0268  0.0258  0.0261  0.0255  0.0255
  0.0254  0.0253  0.0251  0.0260  0.0256  0.0261  0.0254  0.0256  0.0253  0.0254  0.0252  0.0252
  0.0251  0.0251  0.0251  0.0250  0.0251  0.0251  0.0251  0.0251  0.0251  0.0251  0.0251  0.0251
  0.0254  0.0252  0.0253  0.0252  0.0253  0.0248  0.0254  0.0254  0.0252  0.0253  0.0252  0.0253
  0.0264  0.0258  0.0259  0.0267  0.0264  0.0259  0.0262  0.0267  0.0257  0.0259  0.0255  0.0258
  0.0280  0.0267  0.0265  0.0290  0.0282  0.0284  0.0275  0.0288  0.0265  0.0267  0.0261  0.0264
niter,ni,del,rscale     1    3    5.0000    1.2000
parameters
   -2.2044   39.2306   -2.5709   -4.4319   -6.4901   -4.2773
   -0.3896   -0.5599    3.2660    9.7420   -1.2030  -10.6349
eta,q 0.97487  8.53563
  0.0280  0.0271  0.0265  0.0283  0.0275  0.0274  0.0275  0.0286  0.0265  0.0273  0.0261  0.0262
  0.0264  0.0261  0.0256  0.0272  0.0264  0.0267  0.0262  0.0268  0.0258  0.0261  0.0256  0.0256
  0.0254  0.0254  0.0252  0.0260  0.0256  0.0261  0.0254  0.0256  0.0253  0.0254  0.0252  0.0252
  0.0251  0.0251  0.0251  0.0251  0.0251  0.0251  0.0251  0.0251  0.0251  0.0251  0.0251  0.0251
  0.0254  0.0252  0.0253  0.0252  0.0253  0.0248  0.0254  0.0255  0.0253  0.0253  0.0253  0.0254
  0.0264  0.0258  0.0259  0.0267  0.0264  0.0260  0.0263  0.0267  0.0257  0.0259  0.0256  0.0258
  0.0280  0.0266  0.0266  0.0290  0.0281  0.0284  0.0275  0.0287  0.0265  0.0266  0.0261  0.0264
registration optimization eta report
parameter search radius
    2.4000    2.4000    2.4000    8.2800    8.2800    7.2000
    7.2000    7.2000    7.2000    7.2000    7.2000    7.2000
100000*second partial in parameter space
       50.       31.       25.        5.        4.        5.
        5.        7.        3.        4.        2.        2.
  0.0280  0.0271  0.0265  0.0283  0.0275  0.0274  0.0275  0.0286  0.0265  0.0273  0.0261  0.0262
  0.0264  0.0261  0.0256  0.0272  0.0264  0.0267  0.0262  0.0268  0.0258  0.0261  0.0256  0.0256
  0.0254  0.0254  0.0252  0.0260  0.0256  0.0261  0.0254  0.0256  0.0253  0.0254  0.0252  0.0252
  0.0251  0.0251  0.0251  0.0251  0.0251  0.0251  0.0251  0.0251  0.0251  0.0251  0.0251  0.0251
  0.0254  0.0252  0.0253  0.0252  0.0253  0.0248  0.0254  0.0255  0.0253  0.0253  0.0253  0.0254
  0.0264  0.0258  0.0259  0.0267  0.0264  0.0260  0.0263  0.0267  0.0257  0.0259  0.0256  0.0258
  0.0280  0.0266  0.0266  0.0290  0.0281  0.0284  0.0275  0.0287  0.0265  0.0266  0.0261  0.0264
   -2.2044   39.2306   -2.5709   -4.4319   -6.4901   -4.2773
   -0.3896   -0.5599    3.2660    9.7420   -1.2030  -10.6349
eta,q 0.97487  8.53563

---------------------------------------------------------------------
imgreg_4dfp /home/aracena/freesurfer/average/711-2C_as_mni_average_305 /home/aracena/freesurfer/average/711-2B_as_mni_average_305_mask talsrcimg_g11 none talsrcimg_to_711-2C_as_mni_average_305_t4 2311
---------------------------------------------------------------------

freesurfer imgreg_4dfp.c
/home/aracena/freesurfer/average/711-2C_as_mni_average_305.4dfp.img
       256       256       256         1
  1.000000  1.000000  1.000000
orientation T byte_order littleendian
Reading image: /home/aracena/freesurfer/average/711-2C_as_mni_average_305.4dfp.img
dimensions:      256       256       256
mmppix:       1.0000   -1.0000   -1.0000
center:     128.0000 -129.0000 -129.0000
/home/aracena/freesurfer/average/711-2B_as_mni_average_305_mask.4dfp.img
       256       256       256         1
  1.000000  1.000000  1.000000
orientation T byte_order littleendian
Reading mask: /home/aracena/freesurfer/average/711-2B_as_mni_average_305_mask.4dfp.img (2306576 pixels)
talsrcimg_g11.4dfp.img
       256       256       256         1
  1.000000  1.000000  1.000000
orientation T byte_order littleendian
Reading image: talsrcimg_g11.4dfp.img
dimensions:      256       256       256
mmppix:       1.0000   -1.0000   -1.0000
center:     128.0000 -129.0000 -129.0000
fimgreg.f
image alignment mode   2311 decimal      907 hex
parameters
   -2.2044   39.2306   -2.5709   -4.4319   -6.4901   -4.2773
   -0.3896   -0.5599    3.2660    9.7420   -1.2030  -10.6349
eta,q 0.97487  8.53563
niter,ni,del,rscale     5    3    5.0000    0.8000
parameters
   -2.2005   39.3927   -2.7396   -3.6673   -6.3482   -3.4119
   -0.4610   -0.3655    3.2114    9.7949   -1.0471  -11.2053
eta,q 0.97522  8.58839
  0.0264  0.0261  0.0257  0.0269  0.0260  0.0267  0.0260  0.0269  0.0254  0.0258  0.0254  0.0253
  0.0257  0.0256  0.0253  0.0262  0.0256  0.0263  0.0253  0.0259  0.0251  0.0252  0.0251  0.0250
  0.0253  0.0253  0.0251  0.0255  0.0252  0.0256  0.0249  0.0251  0.0249  0.0249  0.0249  0.0248
  0.0251  0.0251  0.0251  0.0251  0.0250  0.0250  0.0248  0.0248  0.0248  0.0248  0.0248  0.0248
  0.0253  0.0252  0.0253  0.0250  0.0251  0.0247  0.0250  0.0250  0.0249  0.0250  0.0248  0.0250
  0.0257  0.0254  0.0255  0.0254  0.0254  0.0251  0.0254  0.0256  0.0251  0.0253  0.0250  0.0252
  0.0264  0.0257  0.0259  0.0262  0.0260  0.0262  0.0260  0.0267  0.0255  0.0257  0.0254  0.0256
niter,ni,del,rscale     4    3    5.0000    0.7000
parameters
   -2.1899   39.3694   -2.5273   -3.6816   -6.4059   -2.9558
   -0.4356   -0.3508    3.1401    9.7793   -0.9764  -11.1857
eta,q 0.97531  8.60203
  0.0259  0.0254  0.0256  0.0261  0.0256  0.0264  0.0256  0.0263  0.0252  0.0255  0.0252  0.0253
  0.0253  0.0251  0.0252  0.0255  0.0252  0.0259  0.0251  0.0255  0.0249  0.0250  0.0249  0.0250
  0.0249  0.0248  0.0249  0.0250  0.0249  0.0252  0.0248  0.0249  0.0248  0.0248  0.0248  0.0248
  0.0248  0.0248  0.0248  0.0248  0.0248  0.0248  0.0247  0.0247  0.0247  0.0247  0.0247  0.0247
  0.0249  0.0249  0.0248  0.0249  0.0249  0.0247  0.0248  0.0249  0.0248  0.0248  0.0247  0.0248
  0.0253  0.0251  0.0249  0.0254  0.0252  0.0251  0.0251  0.0254  0.0249  0.0251  0.0249  0.0250
  0.0259  0.0254  0.0252  0.0262  0.0257  0.0261  0.0256  0.0263  0.0252  0.0255  0.0252  0.0252
niter,ni,del,rscale     3    3    5.0000    0.6000
parameters
   -2.1872   39.3523   -2.3681   -3.6803   -6.4129   -2.5862
   -0.4048   -0.3407    3.0961    9.6234   -0.9566  -11.0891
eta,q 0.97536  8.61364
  0.0255  0.0252  0.0253  0.0257  0.0253  0.0261  0.0253  0.0259  0.0250  0.0252  0.0250  0.0251
  0.0251  0.0249  0.0250  0.0252  0.0250  0.0255  0.0250  0.0252  0.0248  0.0249  0.0248  0.0249
  0.0248  0.0247  0.0248  0.0249  0.0248  0.0250  0.0247  0.0248  0.0247  0.0247  0.0247  0.0247
  0.0247  0.0247  0.0247  0.0247  0.0247  0.0247  0.0246  0.0246  0.0246  0.0246  0.0246  0.0246
  0.0248  0.0248  0.0247  0.0248  0.0248  0.0246  0.0247  0.0248  0.0247  0.0248  0.0247  0.0247
  0.0251  0.0249  0.0248  0.0252  0.0250  0.0250  0.0250  0.0252  0.0248  0.0250  0.0248  0.0248
  0.0255  0.0252  0.0250  0.0258  0.0254  0.0258  0.0253  0.0259  0.0250  0.0253  0.0250  0.0250
niter,ni,del,rscale     2    3    5.0000    0.5000
parameters
   -2.1942   39.2862   -2.2228   -3.6326   -6.3559   -2.2882
   -0.3721   -0.3436    3.0758    9.3513   -0.9682  -10.9362
eta,q 0.97540  8.62492
  0.0252  0.0249  0.0251  0.0254  0.0251  0.0257  0.0251  0.0255  0.0249  0.0250  0.0249  0.0249
  0.0249  0.0248  0.0248  0.0250  0.0249  0.0252  0.0248  0.0250  0.0247  0.0247  0.0247  0.0248
  0.0247  0.0247  0.0247  0.0248  0.0247  0.0248  0.0247  0.0247  0.0246  0.0246  0.0246  0.0246
  0.0246  0.0246  0.0246  0.0246  0.0246  0.0246  0.0246  0.0246  0.0246  0.0246  0.0246  0.0246
  0.0247  0.0247  0.0246  0.0247  0.0247  0.0246  0.0247  0.0247  0.0246  0.0247  0.0246  0.0246
  0.0249  0.0248  0.0247  0.0250  0.0248  0.0248  0.0248  0.0250  0.0247  0.0249  0.0247  0.0247
  0.0252  0.0250  0.0249  0.0254  0.0251  0.0254  0.0251  0.0255  0.0249  0.0251  0.0249  0.0249
niter,ni,del,rscale     1    3    5.0000    0.4000
parameters
   -2.2015   39.1866   -2.0933   -3.6173   -6.2505   -2.0244
   -0.3622   -0.3318    3.0638    9.0129   -0.9974  -10.7398
eta,q 0.97544  8.63497
  0.0250  0.0248  0.0249  0.0251  0.0249  0.0253  0.0249  0.0252  0.0247  0.0248  0.0247  0.0248
  0.0248  0.0247  0.0247  0.0248  0.0248  0.0250  0.0247  0.0248  0.0247  0.0246  0.0246  0.0247
  0.0246  0.0246  0.0246  0.0247  0.0246  0.0247  0.0246  0.0246  0.0246  0.0246  0.0246  0.0246
  0.0246  0.0246  0.0246  0.0246  0.0246  0.0246  0.0246  0.0246  0.0246  0.0246  0.0246  0.0246
  0.0246  0.0246  0.0246  0.0246  0.0246  0.0246  0.0246  0.0246  0.0246  0.0246  0.0246  0.0246
  0.0248  0.0247  0.0246  0.0248  0.0247  0.0247  0.0247  0.0248  0.0247  0.0248  0.0246  0.0246
  0.0250  0.0249  0.0247  0.0251  0.0249  0.0251  0.0249  0.0251  0.0248  0.0250  0.0247  0.0247
registration optimization eta report
parameter search radius
    0.8000    0.8000    0.8000    2.4000    2.4000    2.4000
    2.4000    2.4000    2.4000    2.4000    2.4000    2.4000
100000*second partial in parameter space
       58.       35.       32.        9.        6.       11.
        6.       10.        3.        5.        3.        4.
  0.0250  0.0248  0.0249  0.0251  0.0249  0.0253  0.0249  0.0252  0.0247  0.0248  0.0247  0.0248
  0.0248  0.0247  0.0247  0.0248  0.0248  0.0250  0.0247  0.0248  0.0247  0.0246  0.0246  0.0247
  0.0246  0.0246  0.0246  0.0247  0.0246  0.0247  0.0246  0.0246  0.0246  0.0246  0.0246  0.0246
  0.0246  0.0246  0.0246  0.0246  0.0246  0.0246  0.0246  0.0246  0.0246  0.0246  0.0246  0.0246
  0.0246  0.0246  0.0246  0.0246  0.0246  0.0246  0.0246  0.0246  0.0246  0.0246  0.0246  0.0246
  0.0248  0.0247  0.0246  0.0248  0.0247  0.0247  0.0247  0.0248  0.0247  0.0248  0.0246  0.0246
  0.0250  0.0249  0.0247  0.0251  0.0249  0.0251  0.0249  0.0251  0.0248  0.0250  0.0247  0.0247
   -2.2015   39.1866   -2.0933   -3.6173   -6.2505   -2.0244
   -0.3622   -0.3318    3.0638    9.0129   -0.9974  -10.7398
eta,q 0.97544  8.63497

---------------------------------------------------------------------
imgreg_4dfp /home/aracena/freesurfer/average/711-2C_as_mni_average_305 /home/aracena/freesurfer/average/711-2B_as_mni_average_305_mask talsrcimg_g11 none talsrcimg_to_711-2C_as_mni_average_305_t4 2311
---------------------------------------------------------------------

freesurfer imgreg_4dfp.c
/home/aracena/freesurfer/average/711-2C_as_mni_average_305.4dfp.img
       256       256       256         1
  1.000000  1.000000  1.000000
orientation T byte_order littleendian
Reading image: /home/aracena/freesurfer/average/711-2C_as_mni_average_305.4dfp.img
dimensions:      256       256       256
mmppix:       1.0000   -1.0000   -1.0000
center:     128.0000 -129.0000 -129.0000
/home/aracena/freesurfer/average/711-2B_as_mni_average_305_mask.4dfp.img
       256       256       256         1
  1.000000  1.000000  1.000000
orientation T byte_order littleendian
Reading mask: /home/aracena/freesurfer/average/711-2B_as_mni_average_305_mask.4dfp.img (2306576 pixels)
talsrcimg_g11.4dfp.img
       256       256       256         1
  1.000000  1.000000  1.000000
orientation T byte_order littleendian
Reading image: talsrcimg_g11.4dfp.img
dimensions:      256       256       256
mmppix:       1.0000   -1.0000   -1.0000
center:     128.0000 -129.0000 -129.0000
fimgreg.f
image alignment mode   2311 decimal      907 hex
parameters
   -2.2015   39.1866   -2.0933   -3.6173   -6.2505   -2.0244
   -0.3622   -0.3318    3.0638    9.0129   -0.9974  -10.7398
eta,q 0.97544  8.63497
niter,ni,del,rscale     5    3    5.0000    0.8000
parameters
   -2.2026   39.0876   -1.9133   -3.8464   -6.3513   -2.3601
   -0.3530   -0.4186    3.0786    8.9220   -0.9616  -10.4058
eta,q 0.97539  8.61861
  0.0260  0.0253  0.0256  0.0261  0.0256  0.0262  0.0258  0.0266  0.0253  0.0257  0.0252  0.0254
  0.0252  0.0249  0.0250  0.0254  0.0251  0.0256  0.0252  0.0255  0.0249  0.0250  0.0249  0.0250
  0.0247  0.0246  0.0247  0.0248  0.0247  0.0249  0.0248  0.0249  0.0247  0.0247  0.0247  0.0247
  0.0246  0.0246  0.0246  0.0246  0.0246  0.0246  0.0246  0.0246  0.0246  0.0246  0.0246  0.0246
  0.0247  0.0247  0.0246  0.0248  0.0247  0.0247  0.0247  0.0248  0.0247  0.0248  0.0247  0.0247
  0.0252  0.0250  0.0248  0.0255  0.0251  0.0257  0.0252  0.0256  0.0249  0.0252  0.0249  0.0249
  0.0260  0.0256  0.0252  0.0266  0.0258  0.0273  0.0258  0.0268  0.0253  0.0257  0.0252  0.0252
niter,ni,del,rscale     4    3    5.0000    0.7000
parameters
   -2.2129   39.0783   -2.0411   -3.7245   -6.1805   -2.4057
   -0.3559   -0.4121    3.0862    8.7404   -0.9345  -10.4026
eta,q 0.97542  8.62267
  0.0257  0.0253  0.0251  0.0260  0.0255  0.0261  0.0255  0.0262  0.0251  0.0254  0.0251  0.0251
  0.0251  0.0249  0.0248  0.0254  0.0251  0.0255  0.0250  0.0254  0.0248  0.0249  0.0248  0.0248
  0.0247  0.0247  0.0246  0.0249  0.0248  0.0249  0.0247  0.0248  0.0247  0.0246  0.0246  0.0246
  0.0246  0.0246  0.0246  0.0246  0.0246  0.0246  0.0246  0.0246  0.0246  0.0246  0.0246  0.0246
  0.0247  0.0247  0.0247  0.0247  0.0246  0.0246  0.0247  0.0248  0.0246  0.0247  0.0246  0.0247
  0.0251  0.0249  0.0249  0.0251  0.0249  0.0252  0.0250  0.0253  0.0248  0.0251  0.0248  0.0249
  0.0257  0.0253  0.0253  0.0260  0.0254  0.0265  0.0255  0.0262  0.0251  0.0255  0.0251  0.0251
niter,ni,del,rscale     3    3    5.0000    0.6000
parameters
   -2.2137   39.0147   -2.0601   -3.6679   -6.0589   -2.2691
   -0.3665   -0.3823    3.0691    8.5504   -0.9416  -10.3661
eta,q 0.97544  8.62976
  0.0254  0.0250  0.0250  0.0257  0.0253  0.0259  0.0253  0.0258  0.0250  0.0252  0.0249  0.0250
  0.0249  0.0248  0.0248  0.0251  0.0250  0.0253  0.0249  0.0252  0.0247  0.0248  0.0247  0.0248
  0.0247  0.0246  0.0246  0.0248  0.0247  0.0249  0.0247  0.0247  0.0246  0.0246  0.0246  0.0246
  0.0246  0.0246  0.0246  0.0246  0.0246  0.0246  0.0246  0.0246  0.0246  0.0246  0.0246  0.0246
  0.0247  0.0247  0.0246  0.0247  0.0246  0.0246  0.0246  0.0247  0.0246  0.0247  0.0246  0.0246
  0.0250  0.0249  0.0248  0.0250  0.0249  0.0250  0.0249  0.0251  0.0247  0.0249  0.0247  0.0248
  0.0254  0.0251  0.0250  0.0257  0.0253  0.0259  0.0253  0.0258  0.0250  0.0253  0.0249  0.0250
niter,ni,del,rscale     2    3    5.0000    0.5000
parameters
   -2.2164   38.9481   -2.0081   -3.6080   -5.9846   -2.0721
   -0.3642   -0.3679    3.0272    8.3566   -0.9531  -10.2808
eta,q 0.97547  8.63799
  0.0251  0.0249  0.0249  0.0253  0.0251  0.0256  0.0250  0.0254  0.0248  0.0250  0.0248  0.0249
  0.0248  0.0247  0.0247  0.0250  0.0248  0.0251  0.0248  0.0250  0.0247  0.0247  0.0247  0.0247
  0.0246  0.0246  0.0246  0.0247  0.0246  0.0248  0.0246  0.0247  0.0246  0.0246  0.0246  0.0246
  0.0246  0.0246  0.0246  0.0246  0.0246  0.0246  0.0245  0.0245  0.0245  0.0245  0.0245  0.0245
  0.0246  0.0246  0.0246  0.0246  0.0246  0.0246  0.0246  0.0246  0.0246  0.0246  0.0246  0.0246
  0.0248  0.0248  0.0247  0.0249  0.0248  0.0248  0.0248  0.0249  0.0247  0.0248  0.0247  0.0247
  0.0251  0.0250  0.0248  0.0253  0.0251  0.0254  0.0250  0.0254  0.0248  0.0251  0.0248  0.0248
niter,ni,del,rscale     1    3    5.0000    0.4000
parameters
   -2.2145   38.8888   -1.9206   -3.5953   -5.9538   -1.8557
   -0.3487   -0.3419    2.9873    8.1715   -1.0033  -10.1883
eta,q 0.97549  8.64493
  0.0249  0.0247  0.0248  0.0250  0.0249  0.0252  0.0248  0.0251  0.0247  0.0248  0.0247  0.0247
  0.0247  0.0246  0.0246  0.0248  0.0247  0.0249  0.0247  0.0248  0.0246  0.0246  0.0246  0.0246
  0.0246  0.0245  0.0246  0.0246  0.0246  0.0247  0.0246  0.0246  0.0245  0.0245  0.0245  0.0245
  0.0245  0.0245  0.0245  0.0245  0.0245  0.0245  0.0245  0.0245  0.0245  0.0245  0.0245  0.0245
  0.0246  0.0246  0.0245  0.0246  0.0246  0.0245  0.0246  0.0246  0.0245  0.0246  0.0245  0.0245
  0.0247  0.0247  0.0246  0.0248  0.0247  0.0247  0.0247  0.0248  0.0246  0.0247  0.0246  0.0246
  0.0249  0.0248  0.0247  0.0251  0.0249  0.0251  0.0248  0.0251  0.0247  0.0249  0.0247  0.0247
registration optimization eta report
parameter search radius
    0.8000    0.8000    0.8000    2.4000    2.4000    2.4000
    2.4000    2.4000    2.4000    2.4000    2.4000    2.4000
100000*second partial in parameter space
       59.       38.       32.        9.        6.       11.
        6.       10.        3.        6.        3.        4.
  0.0249  0.0247  0.0248  0.0250  0.0249  0.0252  0.0248  0.0251  0.0247  0.0248  0.0247  0.0247
  0.0247  0.0246  0.0246  0.0248  0.0247  0.0249  0.0247  0.0248  0.0246  0.0246  0.0246  0.0246
  0.0246  0.0245  0.0246  0.0246  0.0246  0.0247  0.0246  0.0246  0.0245  0.0245  0.0245  0.0245
  0.0245  0.0245  0.0245  0.0245  0.0245  0.0245  0.0245  0.0245  0.0245  0.0245  0.0245  0.0245
  0.0246  0.0246  0.0245  0.0246  0.0246  0.0245  0.0246  0.0246  0.0245  0.0246  0.0245  0.0245
  0.0247  0.0247  0.0246  0.0248  0.0247  0.0247  0.0247  0.0248  0.0246  0.0247  0.0246  0.0246
  0.0249  0.0248  0.0247  0.0251  0.0249  0.0251  0.0248  0.0251  0.0247  0.0249  0.0247  0.0247
   -2.2145   38.8888   -1.9206   -3.5953   -5.9538   -1.8557
   -0.3487   -0.3419    2.9873    8.1715   -1.0033  -10.1883
eta,q 0.97549  8.64493

---------------------------------------------------------------------
compute_vox2vox talsrcimg talsrcimg_to_711-2C_as_mni_average_305_t4 /home/aracena/freesurfer/average/711-2C_as_mni_average_305
---------------------------------------------------------------------

freesurfer compute_vox2vox.c
Reading: talsrcimg.4dfp.ifh
Reading: talsrcimg_to_711-2C_as_mni_average_305_t4
Reading: /home/aracena/freesurfer/average/711-2C_as_mni_average_305.4dfp.ifh
Writing: talsrcimg_to_711-2C_as_mni_average_305_t4_vox2vox.txt

start time mar 28 dic 2021 13:34:48 -03
end		time mar 28 dic 2021 13:35:18 -03

mpr2mni305 success

avi2talxfm orig_nu.mgz /home/aracena/freesurfer/average/mni305.cor.mgz talsrcimg_to_711-2C_as_mni_average_305_t4_vox2vox.txt transforms/talairach.auto.xfm
avi2talxfm done
lta_convert --src orig_nu.mgz --trg /home/aracena/freesurfer/average/mni305.cor.mgz --inxfm transforms/talairach.auto.xfm --outlta transforms/talairach.auto.xfm.lta --subject fsaverage
7.2.0

--src: orig_nu.mgz src image (geometry).
--trg: /home/aracena/freesurfer/average/mni305.cor.mgz trg image (geometry).
--inmni: transforms/talairach.auto.xfm input MNI/XFM transform.
--outlta: transforms/talairach.auto.xfm.lta output LTA.
--s: fsaverage subject name
 LTA read, type : 1
 1.03720   0.00326   0.00420   0.85605;
 0.00712   1.00982   0.10942  -0.88738;
-0.03356  -0.08784   1.05367  -5.20279;
 0.00000   0.00000   0.00000   1.00000;
setting subject to fsaverage
Writing  LTA to file transforms/talairach.auto.xfm.lta...
lta_convert successful.
 
 
Started at mar 28 dic 2021 13:34:47 -03
Ended   at mar 28 dic 2021 13:35:18 -03
talairach_avi done
