/opt/home/aracena/thesis_practica/tips_nibabel/3_recon-all_freesurfer/output/freesurfer/sub-02/mri
/home/aracena/freesurfer/bin/talairach_avi
--i orig_nu.mgz --xfm transforms/talairach.auto.xfm
talairach_avi 7.2.0
Linux daniela-MS-7760 5.11.0-41-generic #45-Ubuntu SMP Fri Nov 5 11:37:01 UTC 2021 x86_64 x86_64 x86_64 GNU/Linux
lun 27 dic 2021 16:35:45 -03
mri_convert orig_nu.mgz talsrcimg.img 
reading from orig_nu.mgz...
TR=0.00, TE=0.00, TI=0.00, flip angle=0.00
i_ras = (-1, -5.58794e-09, 0)
j_ras = (-7.45058e-09, 1.16415e-09, -1)
k_ras = (-1.86265e-09, 1, 5.3551e-09)
writing to talsrcimg.img...
Analyze Output Matrix
-1.00000  -0.00000  -0.00000   121.05128;
-0.00000   0.00000   1.00000  -142.56079;
 0.00000  -1.00000   0.00000   103.67717;
 0.00000   0.00000   0.00000   1.00000;
--------------------
INFO: set hdr.hist.orient to -1
mpr2mni305 talsrcimg
lun 27 dic 2021 16:35:46 -03
/home/aracena/freesurfer/bin/mpr2mni305 talsrcimg
mpr2mni305 7.2.0
target=711-2C_as_mni_average_305

---------------------------------------------------------------------
analyzeto4dfp talsrcimg -O0 -y
---------------------------------------------------------------------

freesurfer ifh2hdr.c
Mon Dec 27 16:35:46 2021
Writing: talsrcimg.4dfp.hdr
freesurfer analyzeto4dfp.c
Reading: talsrcimg.hdr
header size 348 bytes
hdr.dime.datatype	offset=70	value=2
hdr.dime.bitpix		offset=72	value=8
hdr.hist.orient		offset=252	value=-1
dimensionality     4
dimensions       256       256       256         1
Reading: talsrcimg.img
Writing: talsrcimg.4dfp.img
Writing: talsrcimg.4dfp.ifh
ifh2hdr talsrcimg -r0to236
ori=2

---------------------------------------------------------------------
gauss_4dfp talsrcimg 1.1
---------------------------------------------------------------------

freesurfer gauss_4dfp.c
Reading: talsrcimg.4dfp.img
Writing: talsrcimg_g11.4dfp.img
image dimensions 256 256 256 padded to 288 288 288
processing volume 1freesurfer ifh2hdr.c
Mon Dec 27 16:35:54 2021
Writing: talsrcimg_g11.4dfp.hdr

Writing: talsrcimg_g11.4dfp.ifh
including: talsrcimg.4dfp.img.rec in talsrcimg_g11.4dfp.img.rec

---------------------------------------------------------------------
imgreg_4dfp /home/aracena/freesurfer/average/711-2C_as_mni_average_305 none talsrcimg_g11 none talsrcimg_to_711-2C_as_mni_average_305_t4 4355
---------------------------------------------------------------------

freesurfer imgreg_4dfp.c
/home/aracena/freesurfer/average/711-2C_as_mni_average_305.4dfp.img
       256       256       256         1
  1.000000  1.000000  1.000000
orientation T byte_order littleendian
Reading image: /home/aracena/freesurfer/average/711-2C_as_mni_average_305.4dfp.img
dimensions:      256       256       256
mmppix:       1.0000   -1.0000   -1.0000
center:     128.0000 -129.0000 -129.0000
talsrcimg_g11.4dfp.img
       256       256       256         1
  1.000000  1.000000  1.000000
orientation T byte_order littleendian
Reading image: talsrcimg_g11.4dfp.img
dimensions:      256       256       256
mmppix:       1.0000   -1.0000   -1.0000
center:     128.0000 -129.0000 -129.0000
t4_read: open error in t4_sub.f l:  41 t4_file(1:l)talsrcimg_to_711-2C_as_mni_average_305_t4 
t4_read: transform initialized to I4
rotation matrix determinant  1.000000
image alignment mode   4355 decimal     1103 hex
   -7.5000  -45.0000  -45.0000 8276.0332   13.2236
    0.0000  -45.0000  -45.0000 8656.4297   13.2388
    7.5000  -45.0000  -45.0000 8397.6631   13.2430
   -7.5000  -37.5000  -45.0000 8619.6504   12.8058
    0.0000  -37.5000  -45.0000 9052.5146   12.8205
    7.5000  -37.5000  -45.0000 8779.0146   12.8263
   -7.5000  -30.0000  -45.0000 9123.4121   12.4845
    0.0000  -30.0000  -45.0000 9597.5879   12.4972
    7.5000  -30.0000  -45.0000 9323.8896   12.5054
   -7.5000  -22.5000  -45.0000 9713.0693   12.2761
    0.0000  -22.5000  -45.000010230.8145   12.2893
    7.5000  -22.5000  -45.0000 9929.4619   12.2992
   -7.5000  -15.0000  -45.000010344.9385   12.1660
    0.0000  -15.0000  -45.000010909.7617   12.1803
    7.5000  -15.0000  -45.000010558.5371   12.1893
   -7.5000   -7.5000  -45.000011036.7578   12.1498
    0.0000   -7.5000  -45.000011611.7051   12.1648
    7.5000   -7.5000  -45.000011242.5957   12.1708
   -7.5000    0.0000  -45.000011698.0127   12.1332
    0.0000    0.0000  -45.000012290.4561   12.1480
    7.5000    0.0000  -45.000011892.3311   12.1528
   -7.5000    7.5000  -45.000011453.9717   12.1256
    0.0000    7.5000  -45.000012015.0439   12.1388
    7.5000    7.5000  -45.000011625.2832   12.1454
   -7.5000   15.0000  -45.000011097.3906   12.2135
    0.0000   15.0000  -45.000011631.5840   12.2264
    7.5000   15.0000  -45.000011241.8691   12.2365
   -7.5000   22.5000  -45.000010719.0850   12.4580
    0.0000   22.5000  -45.000011247.8916   12.4738
    7.5000   22.5000  -45.000010879.9141   12.4865
   -7.5000   30.0000  -45.000010210.5137   12.5205
    0.0000   30.0000  -45.000010726.1553   12.5388
    7.5000   30.0000  -45.000010374.2451   12.5503
   -7.5000   37.5000  -45.000010034.1162   12.7095
    0.0000   37.5000  -45.000010542.3994   12.7305
    7.5000   37.5000  -45.000010226.5762   12.7391
   -7.5000   45.0000  -45.0000 9463.6484   12.5519
    0.0000   45.0000  -45.0000 9965.2275   12.5723
    7.5000   45.0000  -45.0000 9695.6699   12.5775
   -7.5000  -45.0000  -37.5000 8491.7217   13.1794
    0.0000  -45.0000  -37.5000 8922.2949   13.1904
    7.5000  -45.0000  -37.5000 8661.3828   13.1942
   -7.5000  -37.5000  -37.5000 8836.1787   12.7659
    0.0000  -37.5000  -37.5000 9318.6680   12.7781
    7.5000  -37.5000  -37.5000 9025.8662   12.7835
   -7.5000  -30.0000  -37.5000 9394.0547   12.4482
    0.0000  -30.0000  -37.5000 9917.4531   12.4607
    7.5000  -30.0000  -37.5000 9605.6660   12.4695
   -7.5000  -22.5000  -37.500010044.6953   12.2446
    0.0000  -22.5000  -37.500010590.1797   12.2581
    7.5000  -22.5000  -37.500010260.4092   12.2681
   -7.5000  -15.0000  -37.500010741.2539   12.1359
    0.0000  -15.0000  -37.500011306.7412   12.1492
    7.5000  -15.0000  -37.500010942.2080   12.1572
   -7.5000   -7.5000  -37.500011489.5830   12.1170
    0.0000   -7.5000  -37.500012095.0352   12.1289
    7.5000   -7.5000  -37.500011699.5234   12.1339
   -7.5000    0.0000  -37.500012205.2383   12.0962
    0.0000    0.0000  -37.500012848.0684   12.1073
    7.5000    0.0000  -37.500012425.7061   12.1116
   -7.5000    7.5000  -37.500011962.5654   12.0872
    0.0000    7.5000  -37.500012570.2393   12.0985
    7.5000    7.5000  -37.500012151.3467   12.1053
   -7.5000   15.0000  -37.500011609.8496   12.1778
    0.0000   15.0000  -37.500012203.7324   12.1910
    7.5000   15.0000  -37.500011787.4707   12.2020
   -7.5000   22.5000  -37.500011250.8994   12.4255
    0.0000   22.5000  -37.500011840.9053   12.4415
    7.5000   22.5000  -37.500011448.4385   12.4544
   -7.5000   30.0000  -37.500010736.0986   12.4862
    0.0000   30.0000  -37.500011288.6494   12.5032
    7.5000   30.0000  -37.500010931.6553   12.5131
   -7.5000   37.5000  -37.500010553.4658   12.6689
    0.0000   37.5000  -37.500011094.8945   12.6857
    7.5000   37.5000  -37.500010744.3232   12.6926
   -7.5000   45.0000  -37.5000 9974.8613   12.5075
    0.0000   45.0000  -37.500010516.4502   12.5236
    7.5000   45.0000  -37.500010189.5537   12.5283
   -7.5000  -45.0000  -30.0000 8861.7393   13.7110
    0.0000  -45.0000  -30.0000 9340.5205   13.7181
    7.5000  -45.0000  -30.0000 9077.4248   13.7218
   -7.5000  -37.5000  -30.0000 9228.9287   13.2815
    0.0000  -37.5000  -30.0000 9760.5762   13.2912
    7.5000  -37.5000  -30.0000 9454.0664   13.2952
   -7.5000  -30.0000  -30.0000 9835.0615   12.9521
    0.0000  -30.0000  -30.000010406.9160   12.9640
    7.5000  -30.0000  -30.000010070.9658   12.9710
   -7.5000  -22.5000  -30.000010558.3350   12.7440
    0.0000  -22.5000  -30.000011169.9346   12.7578
    7.5000  -22.5000  -30.000010811.5557   12.7664
   -7.5000  -15.0000  -30.000011342.5303   12.6326
    0.0000  -15.0000  -30.000011999.9180   12.6454
    7.5000  -15.0000  -30.000011596.9072   12.6531
   -7.5000   -7.5000  -30.000012165.0293   12.6098
    0.0000   -7.5000  -30.000012869.9746   12.6197
    7.5000   -7.5000  -30.000012437.2686   12.6256
   -7.5000    0.0000  -30.000012971.2891   12.5836
    0.0000    0.0000  -30.000013685.0469   12.5921
    7.5000    0.0000  -30.000013210.1094   12.5969
   -7.5000    7.5000  -30.000012715.2197   12.5731
    0.0000    7.5000  -30.000013404.8740   12.5830
    7.5000    7.5000  -30.000012944.2236   12.5892
   -7.5000   15.0000  -30.000012357.8203   12.6704
    0.0000   15.0000  -30.000013044.3135   12.6837
    7.5000   15.0000  -30.000012610.7422   12.6933
   -7.5000   22.5000  -30.000011988.1465   12.9290
    0.0000   22.5000  -30.000012640.1807   12.9451
    7.5000   22.5000  -30.000012218.8291   12.9566
   -7.5000   30.0000  -30.000011446.8418   12.9949
    0.0000   30.0000  -30.000012055.4512   13.0114
    7.5000   30.0000  -30.000011663.5742   13.0212
   -7.5000   37.5000  -30.000011275.9551   13.1814
    0.0000   37.5000  -30.000011872.5166   13.1963
    7.5000   37.5000  -30.000011456.5928   13.2042
   -7.5000   45.0000  -30.000010671.7744   13.0184
    0.0000   45.0000  -30.000011249.3154   13.0325
    7.5000   45.0000  -30.000010868.5176   13.0384
   -7.5000  -45.0000  -22.5000 9263.9795   14.1625
    0.0000  -45.0000  -22.5000 9789.0361   14.1699
    7.5000  -45.0000  -22.5000 9497.7529   14.1735
   -7.5000  -37.5000  -22.5000 9660.2080   13.7147
    0.0000  -37.5000  -22.500010227.9082   13.7235
    7.5000  -37.5000  -22.5000 9905.4053   13.7258
   -7.5000  -30.0000  -22.500010308.4902   13.3720
    0.0000  -30.0000  -22.500010927.7334   13.3824
    7.5000  -30.0000  -22.500010572.4531   13.3862
   -7.5000  -22.5000  -22.500011077.1553   13.1573
    0.0000  -22.5000  -22.500011772.0947   13.1702
    7.5000  -22.5000  -22.500011389.7305   13.1768
   -7.5000  -15.0000  -22.500011916.1016   13.0445
    0.0000  -15.0000  -22.500012681.5166   13.0577
    7.5000  -15.0000  -22.500012265.3574   13.0657
   -7.5000   -7.5000  -22.500012849.8916   13.0217
    0.0000   -7.5000  -22.500013660.0215   13.0329
    7.5000   -7.5000  -22.500013204.6699   13.0404
   -7.5000    0.0000  -22.500013705.6279   12.9936
    0.0000    0.0000  -22.500014551.9111   13.0032
    7.5000    0.0000  -22.500014056.6094   13.0086
   -7.5000    7.5000  -22.500013460.4023   12.9819
    0.0000    7.5000  -22.500014275.8281   12.9914
    7.5000    7.5000  -22.500013808.2871   12.9960
   -7.5000   15.0000  -22.500013138.4346   13.0811
    0.0000   15.0000  -22.500013890.0674   13.0929
    7.5000   15.0000  -22.500013440.0156   13.0994
   -7.5000   22.5000  -22.500012762.5498   13.3448
    0.0000   22.5000  -22.500013459.7227   13.3602
    7.5000   22.5000  -22.500013023.0420   13.3695
   -7.5000   30.0000  -22.500012200.2744   13.4183
    0.0000   30.0000  -22.500012854.9111   13.4356
    7.5000   30.0000  -22.500012452.7197   13.4467
   -7.5000   37.5000  -22.500012030.5684   13.6116
    0.0000   37.5000  -22.500012677.8857   13.6298
    7.5000   37.5000  -22.500012268.9922   13.6406
   -7.5000   45.0000  -22.500011378.2617   13.4497
    0.0000   45.0000  -22.500012008.9795   13.4672
    7.5000   45.0000  -22.500011620.3271   13.4747
   -7.5000  -45.0000  -15.0000 9714.4082   14.4749
    0.0000  -45.0000  -15.000010260.9023   14.4856
    7.5000  -45.0000  -15.0000 9948.0186   14.4901
   -7.5000  -37.5000  -15.000010121.6045   14.0125
    0.0000  -37.5000  -15.000010723.3428   14.0224
    7.5000  -37.5000  -15.000010374.9004   14.0258
   -7.5000  -30.0000  -15.000010803.3955   13.6592
    0.0000  -30.0000  -15.000011469.9834   13.6683
    7.5000  -30.0000  -15.000011099.1611   13.6722
   -7.5000  -22.5000  -15.000011620.5420   13.4362
    0.0000  -22.5000  -15.000012380.9209   13.4480
    7.5000  -22.5000  -15.000011982.7852   13.4551
   -7.5000  -15.0000  -15.000012531.2480   13.3212
    0.0000  -15.0000  -15.000013378.8916   13.3354
    7.5000  -15.0000  -15.000012958.9697   13.3448
   -7.5000   -7.5000  -15.000013545.8496   13.3015
    0.0000   -7.5000  -15.000014468.1064   13.3157
    7.5000   -7.5000  -15.000014003.4746   13.3248
   -7.5000    0.0000  -15.000014448.4238   13.2764
    0.0000    0.0000  -15.000015419.8604   13.2889
    7.5000    0.0000  -15.000014920.4561   13.2956
   -7.5000    7.5000  -15.000014226.0781   13.2646
    0.0000    7.5000  -15.000015162.7041   13.2748
    7.5000    7.5000  -15.000014704.9717   13.2798
   -7.5000   15.0000  -15.000013910.6289   13.3619
    0.0000   15.0000  -15.000014745.9912   13.3722
    7.5000   15.0000  -15.000014309.2617   13.3783
   -7.5000   22.5000  -15.000013497.3438   13.6258
    0.0000   22.5000  -15.000014281.2920   13.6406
    7.5000   22.5000  -15.000013870.2510   13.6502
   -7.5000   30.0000  -15.000012915.6621   13.7052
    0.0000   30.0000  -15.000013642.5713   13.7238
    7.5000   30.0000  -15.000013256.8877   13.7369
   -7.5000   37.5000  -15.000012765.3408   13.9079
    0.0000   37.5000  -15.000013472.0381   13.9302
    7.5000   37.5000  -15.000013087.8311   13.9429
   -7.5000   45.0000  -15.000012078.4805   13.7507
    0.0000   45.0000  -15.000012770.2236   13.7724
    7.5000   45.0000  -15.000012393.9941   13.7806
   -7.5000  -45.0000   -7.500010173.6680   14.6173
    0.0000  -45.0000   -7.500010758.3633   14.6325
    7.5000  -45.0000   -7.500010424.7305   14.6382
   -7.5000  -37.5000   -7.500010600.6279   14.1505
    0.0000  -37.5000   -7.500011239.8594   14.1642
    7.5000  -37.5000   -7.500010875.3311   14.1704
   -7.5000  -30.0000   -7.500011340.2617   13.7928
    0.0000  -30.0000   -7.500012042.2246   13.8039
    7.5000  -30.0000   -7.500011661.0225   13.8111
   -7.5000  -22.5000   -7.500012239.2627   13.5634
    0.0000  -22.5000   -7.500013041.3359   13.5757
    7.5000  -22.5000   -7.500012625.3604   13.5854
   -7.5000  -15.0000   -7.500013212.1074   13.4450
    0.0000  -15.0000   -7.500014140.9316   13.4597
    7.5000  -15.0000   -7.500013694.9688   13.4703
   -7.5000   -7.5000   -7.500014273.8438   13.4277
    0.0000   -7.5000   -7.500015309.6006   13.4438
    7.5000   -7.5000   -7.500014822.0020   13.4527
   -7.5000    0.0000   -7.500015216.0117   13.4070
    0.0000    0.0000   -7.500016308.5566   13.4227
    7.5000    0.0000   -7.500015825.7109   13.4297
   -7.5000    7.5000   -7.500015009.6182   13.3967
    0.0000    7.5000   -7.500016065.5020   13.4096
    7.5000    7.5000   -7.500015601.3672   13.4165
   -7.5000   15.0000   -7.500014680.6123   13.4923
    0.0000   15.0000   -7.500015672.0400   13.5039
    7.5000   15.0000   -7.500015240.0771   13.5130
   -7.5000   22.5000   -7.500014234.9785   13.7550
    0.0000   22.5000   -7.500015188.4561   13.7704
    7.5000   22.5000   -7.500014797.8389   13.7828
   -7.5000   30.0000   -7.500013631.6641   13.8352
    0.0000   30.0000   -7.500014472.5664   13.8543
    7.5000   30.0000   -7.500014097.6016   13.8682
   -7.5000   37.5000   -7.500013498.8916   14.0439
    0.0000   37.5000   -7.500014311.3203   14.0675
    7.5000   37.5000   -7.500013928.4229   14.0796
   -7.5000   45.0000   -7.500012781.1514   13.8921
    0.0000   45.0000   -7.500013575.1182   13.9153
    7.5000   45.0000   -7.500013210.5283   13.9229
   -7.5000  -45.0000    0.000010590.6025   14.6342
    0.0000  -45.0000    0.000011194.6299   14.6509
    7.5000  -45.0000    0.000010858.7686   14.6562
   -7.5000  -37.5000    0.000011048.2725   14.1701
    0.0000  -37.5000    0.000011701.7598   14.1860
    7.5000  -37.5000    0.000011318.7910   14.1933
   -7.5000  -30.0000    0.000011856.2734   13.8133
    0.0000  -30.0000    0.000012589.8965   13.8268
    7.5000  -30.0000    0.000012154.2607   13.8367
   -7.5000  -22.5000    0.000012786.7109   13.5823
    0.0000  -22.5000    0.000013665.7012   13.5963
    7.5000  -22.5000    0.000013183.9287   13.6079
   -7.5000  -15.0000    0.000013803.6963   13.4619
    0.0000  -15.0000    0.000014838.7246   13.4771
    7.5000  -15.0000    0.000014324.0527   13.4874
   -7.5000   -7.5000    0.000014910.2012   13.4442
    0.0000   -7.5000    0.000016028.4541   13.4602
    7.5000   -7.5000    0.000015483.6914   13.4672
   -7.5000    0.0000    0.000015862.3623   13.4247
    0.0000    0.0000    0.000017061.4141   13.4407
    7.5000    0.0000    0.000016510.0273   13.4465
   -7.5000    7.5000    0.000015636.7842   13.4154
    0.0000    7.5000    0.000016820.2852   13.4297
    7.5000    7.5000    0.000016338.0312   13.4377
   -7.5000   15.0000    0.000015324.7998   13.5119
    0.0000   15.0000    0.000016489.9902   13.5257
    7.5000   15.0000    0.000016086.2705   13.5376
   -7.5000   22.5000    0.000014956.8369   13.7769
    0.0000   22.5000    0.000016084.8447   13.7937
    7.5000   22.5000    0.000015708.4746   13.8083
   -7.5000   30.0000    0.000014338.5742   13.8553
    0.0000   30.0000    0.000015325.6729   13.8748
    7.5000   30.0000    0.000014941.6377   13.8879
   -7.5000   37.5000    0.000014199.7363   14.0633
    0.0000   37.5000    0.000015140.1953   14.0858
    7.5000   37.5000    0.000014747.0986   14.0957
   -7.5000   45.0000    0.000013447.5566   13.9141
    0.0000   45.0000    0.000014378.7031   13.9362
    7.5000   45.0000    0.000014007.3047   13.9426
   -7.5000  -45.0000    7.500010193.6289   14.6545
    0.0000  -45.0000    7.500010782.8623   14.6668
    7.5000  -45.0000    7.500010452.7139   14.6714
   -7.5000  -37.5000    7.500010637.0557   14.1937
    0.0000  -37.5000    7.500011257.5527   14.2072
    7.5000  -37.5000    7.500010866.9688   14.2135
   -7.5000  -30.0000    7.500011430.8164   13.8390
    0.0000  -30.0000    7.500012161.4854   13.8529
    7.5000  -30.0000    7.500011722.7148   13.8628
   -7.5000  -22.5000    7.500012355.9648   13.6107
    0.0000  -22.5000    7.500013236.6064   13.6258
    7.5000  -22.5000    7.500012751.7998   13.6372
   -7.5000  -15.0000    7.500013358.1309   13.4897
    0.0000  -15.0000    7.500014360.0938   13.5044
    7.5000  -15.0000    7.500013841.4824   13.5137
   -7.5000   -7.5000    7.500014429.5830   13.4685
    0.0000   -7.5000    7.500015491.7354   13.4817
    7.5000   -7.5000    7.500014937.6572   13.4876
   -7.5000    0.0000    7.500015370.8193   13.4455
    0.0000    0.0000    7.500016477.0898   13.4577
    7.5000    0.0000    7.500015926.3486   13.4628
   -7.5000    7.5000    7.500015157.7998   13.4361
    0.0000    7.5000    7.500016257.8398   13.4486
    7.5000    7.5000    7.500015785.0186   13.4564
   -7.5000   15.0000    7.500014852.6025   13.5368
    0.0000   15.0000    7.500016059.7363   13.5515
    7.5000   15.0000    7.500015754.1348   13.5639
   -7.5000   22.5000    7.500014560.4414   13.8064
    0.0000   22.5000    7.500015870.8740   13.8241
    7.5000   22.5000    7.500015626.5205   13.8387
   -7.5000   30.0000    7.500014026.7051   13.8826
    0.0000   30.0000    7.500015228.6660   13.9014
    7.5000   30.0000    7.500014895.5234   13.9127
   -7.5000   37.5000    7.500013873.0010   14.0852
    0.0000   37.5000    7.500015051.3828   14.1037
    7.5000   37.5000    7.500014633.1846   14.1117
   -7.5000   45.0000    7.500013098.4355   13.9331
    0.0000   45.0000    7.500014226.1973   13.9508
    7.5000   45.0000    7.500013782.5781   13.9564
   -7.5000  -45.0000   15.0000 9673.5459   14.6808
    0.0000  -45.0000   15.000010254.1768   14.6885
    7.5000  -45.0000   15.0000 9947.9609   14.6928
   -7.5000  -37.5000   15.000010114.4424   14.2196
    0.0000  -37.5000   15.000010712.2734   14.2300
    7.5000  -37.5000   15.000010351.8330   14.2345
   -7.5000  -30.0000   15.000010919.1465   13.8653
    0.0000  -30.0000   15.000011611.0088   13.8781
    7.5000  -30.0000   15.000011193.3750   13.8857
   -7.5000  -22.5000   15.000011848.4082   13.6406
    0.0000  -22.5000   15.000012661.7041   13.6556
    7.5000  -22.5000   15.000012197.0498   13.6649
   -7.5000  -15.0000   15.000012851.1221   13.5209
    0.0000  -15.0000   15.000013750.3252   13.5347
    7.5000  -15.0000   15.000013239.9326   13.5431
   -7.5000   -7.5000   15.000013913.9131   13.4964
    0.0000   -7.5000   15.000014859.3018   13.5070
    7.5000   -7.5000   15.000014304.7920   13.5135
   -7.5000    0.0000   15.000014786.0078   13.4685
    0.0000    0.0000   15.000015869.7285   13.4776
    7.5000    0.0000   15.000015324.8301   13.4829
   -7.5000    7.5000   15.000014525.6270   13.4580
    0.0000    7.5000   15.000015697.4463   13.4685
    7.5000    7.5000   15.000015239.1416   13.4752
   -7.5000   15.0000   15.000014199.1426   13.5622
    0.0000   15.0000   15.000015484.2256   13.5765
    7.5000   15.0000   15.000015192.6250   13.5868
   -7.5000   22.5000   15.000013872.5264   13.8349
    0.0000   22.5000   15.000015187.4922   13.8521
    7.5000   22.5000   15.000014940.4531   13.8645
   -7.5000   30.0000   15.000013365.3906   13.9106
    0.0000   30.0000   15.000014593.2285   13.9282
    7.5000   30.0000   15.000014263.4756   13.9389
   -7.5000   37.5000   15.000013253.4805   14.1086
    0.0000   37.5000   15.000014447.3945   14.1246
    7.5000   37.5000   15.000014081.1875   14.1333
   -7.5000   45.0000   15.000012551.1465   13.9517
    0.0000   45.0000   15.000013622.1182   13.9667
    7.5000   45.0000   15.000013241.2461   13.9733
   -7.5000  -45.0000   22.5000 9124.9189   14.7155
    0.0000  -45.0000   22.5000 9668.6387   14.7232
    7.5000  -45.0000   22.5000 9374.4180   14.7272
   -7.5000  -37.5000   22.5000 9539.8037   14.2484
    0.0000  -37.5000   22.500010108.3564   14.2575
    7.5000  -37.5000   22.5000 9751.7852   14.2602
   -7.5000  -30.0000   22.500010333.2451   13.8907
    0.0000  -30.0000   22.500011010.1455   13.9013
    7.5000  -30.0000   22.500010596.0674   13.9056
   -7.5000  -22.5000   22.500011274.8145   13.6658
    0.0000  -22.5000   22.500012076.0205   13.6792
    7.5000  -22.5000   22.500011614.7705   13.6863
   -7.5000  -15.0000   22.500012265.5459   13.5481
    0.0000  -15.0000   22.500013189.3535   13.5619
    7.5000  -15.0000   22.500012687.4922   13.5703
   -7.5000   -7.5000   22.500013258.1592   13.5244
    0.0000   -7.5000   22.500014304.9033   13.5360
    7.5000   -7.5000   22.500013763.7119   13.5440
   -7.5000    0.0000   22.500014068.6660   13.4954
    0.0000    0.0000   22.500015223.1338   13.5053
    7.5000    0.0000   22.500014674.4102   13.5112
   -7.5000    7.5000   22.500013785.7715   13.4836
    0.0000    7.5000   22.500014935.5361   13.4934
    7.5000    7.5000   22.500014448.7070   13.4984
   -7.5000   15.0000   22.500013431.8184   13.5868
    0.0000   15.0000   22.500014553.2812   13.5990
    7.5000   15.0000   22.500014197.6631   13.6060
   -7.5000   22.5000   22.500013077.5430   13.8574
    0.0000   22.5000   22.500014126.2256   13.8734
    7.5000   22.5000   22.500013763.1152   13.8831
   -7.5000   30.0000   22.500012590.5811   13.9350
    0.0000   30.0000   22.500013513.6318   13.9529
    7.5000   30.0000   22.500013116.4814   13.9645
   -7.5000   37.5000   22.500012488.1211   14.1332
    0.0000   37.5000   22.500013404.8496   14.1520
    7.5000   37.5000   22.500012994.0410   14.1633
   -7.5000   45.0000   22.500011870.9043   13.9731
    0.0000   45.0000   22.500012742.2432   13.9911
    7.5000   45.0000   22.500012355.8223   13.9992
   -7.5000  -45.0000   30.0000 8457.4102   14.7890
    0.0000  -45.0000   30.0000 9069.7607   14.7996
    7.5000  -45.0000   30.0000 8786.8740   14.8043
   -7.5000  -37.5000   30.0000 8831.3262   14.3148
    0.0000  -37.5000   30.0000 9484.3203   14.3247
    7.5000  -37.5000   30.0000 9157.5137   14.3282
   -7.5000  -30.0000   30.0000 9597.7832   13.9521
    0.0000  -30.0000   30.000010349.9404   13.9613
    7.5000  -30.0000   30.0000 9987.5811   13.9652
   -7.5000  -22.5000   30.000010506.6816   13.7221
    0.0000  -22.5000   30.000011323.6533   13.7340
    7.5000  -22.5000   30.000010923.8486   13.7411
   -7.5000  -15.0000   30.000011440.5039   13.6033
    0.0000  -15.0000   30.000012311.1162   13.6175
    7.5000  -15.0000   30.000011874.9668   13.6271
   -7.5000   -7.5000   30.000012375.3291   13.5833
    0.0000   -7.5000   30.000013295.5703   13.5976
    7.5000   -7.5000   30.000012824.9307   13.6068
   -7.5000    0.0000   30.000013154.0742   13.5588
    0.0000    0.0000   30.000014097.1328   13.5714
    7.5000    0.0000   30.000013604.4922   13.5783
   -7.5000    7.5000   30.000012879.8242   13.5480
    0.0000    7.5000   30.000013793.0967   13.5583
    7.5000    7.5000   30.000013355.3105   13.5633
   -7.5000   15.0000   30.000012529.3906   13.6486
    0.0000   15.0000   30.000013408.6123   13.6589
    7.5000   15.0000   30.000013011.5615   13.6652
   -7.5000   22.5000   30.000012168.2900   13.9137
    0.0000   22.5000   30.000012978.2842   13.9287
    7.5000   22.5000   30.000012557.5566   13.9385
   -7.5000   30.0000   30.000011681.5977   13.9924
    0.0000   30.0000   30.000012426.4443   14.0111
    7.5000   30.0000   30.000012007.5352   14.0244
   -7.5000   37.5000   30.000011589.0059   14.1961
    0.0000   37.5000   30.000012347.4717   14.2186
    7.5000   37.5000   30.000011934.8379   14.2316
   -7.5000   45.0000   30.000011019.4258   14.0367
    0.0000   45.0000   30.000011768.9033   14.0585
    7.5000   45.0000   30.000011367.5889   14.0669
   -7.5000  -45.0000   37.5000 8080.1846   14.9843
    0.0000  -45.0000   37.5000 8664.1367   15.0005
    7.5000  -45.0000   37.5000 8411.6914   15.0075
   -7.5000  -37.5000   37.5000 8448.5820   14.5010
    0.0000  -37.5000   37.5000 9075.2217   14.5156
    7.5000  -37.5000   37.5000 8789.1396   14.5230
   -7.5000  -30.0000   37.5000 9225.3633   14.1312
    0.0000  -30.0000   37.5000 9908.3369   14.1427
    7.5000  -30.0000   37.5000 9593.3486   14.1512
   -7.5000  -22.5000   37.500010102.0811   13.8915
    0.0000  -22.5000   37.500010793.7959   13.9042
    7.5000  -22.5000   37.500010446.5742   13.9152
   -7.5000  -15.0000   37.500010986.3691   13.7655
    0.0000  -15.0000   37.500011709.5078   13.7807
    7.5000  -15.0000   37.500011331.9453   13.7926
   -7.5000   -7.5000   37.500011870.7520   13.7464
    0.0000   -7.5000   37.500012663.1963   13.7632
    7.5000   -7.5000   37.500012259.5977   13.7732
   -7.5000    0.0000   37.500012620.0078   13.7267
    0.0000    0.0000   37.500013444.5967   13.7432
    7.5000    0.0000   37.500013020.5469   13.7515
   -7.5000    7.5000   37.500012368.2910   13.7196
    0.0000    7.5000   37.500013187.1826   13.7331
    7.5000    7.5000   37.500012772.3916   13.7412
   -7.5000   15.0000   37.500012037.8662   13.8225
    0.0000   15.0000   37.500012817.5850   13.8345
    7.5000   15.0000   37.500012391.7891   13.8450
   -7.5000   22.5000   37.500011655.9365   14.0760
    0.0000   22.5000   37.500012394.2539   14.0917
    7.5000   22.5000   37.500011932.4395   14.1055
   -7.5000   30.0000   37.500011180.6455   14.1526
    0.0000   30.0000   37.500011873.1924   14.1722
    7.5000   30.0000   37.500011425.7959   14.1875
   -7.5000   37.5000   37.500011087.9492   14.3635
    0.0000   37.5000   37.500011785.2510   14.3880
    7.5000   37.5000   37.500011349.9834   14.4016
   -7.5000   45.0000   37.500010561.5332   14.2064
    0.0000   45.0000   37.500011233.2969   14.2305
    7.5000   45.0000   37.500010827.5479   14.2396
   -7.5000  -45.0000   45.0000 7333.6821   15.2884
    0.0000  -45.0000   45.0000 7818.4497   15.3094
    7.5000  -45.0000   45.0000 7570.4038   15.3167
   -7.5000  -37.5000   45.0000 7690.5210   14.7914
    0.0000  -37.5000   45.0000 8213.1660   14.8111
    7.5000  -37.5000   45.0000 7953.1797   14.8206
   -7.5000  -30.0000   45.0000 8426.3486   14.4112
    0.0000  -30.0000   45.0000 8991.1074   14.4278
    7.5000  -30.0000   45.0000 8708.2510   14.4402
   -7.5000  -22.5000   45.0000 9217.1348   14.1603
    0.0000  -22.5000   45.0000 9811.4385   14.1775
    7.5000  -22.5000   45.0000 9520.7686   14.1919
   -7.5000  -15.0000   45.000010017.7773   14.0245
    0.0000  -15.0000   45.000010657.6084   14.0430
    7.5000  -15.0000   45.000010344.9893   14.0560
   -7.5000   -7.5000   45.000010856.1250   14.0022
    0.0000   -7.5000   45.000011551.1182   14.0219
    7.5000   -7.5000   45.000011204.6670   14.0311
   -7.5000    0.0000   45.000011554.0283   13.9838
    0.0000    0.0000   45.000012281.3750   14.0035
    7.5000    0.0000   45.000011907.4072   14.0112
   -7.5000    7.5000   45.000011347.1289   13.9803
    0.0000    7.5000   45.000012061.3428   13.9978
    7.5000    7.5000   45.000011685.0947   14.0079
   -7.5000   15.0000   45.000011028.5449   14.0909
    0.0000   15.0000   45.000011714.1475   14.1076
    7.5000   15.0000   45.000011317.3701   14.1222
   -7.5000   22.5000   45.000010655.2842   14.3262
    0.0000   22.5000   45.000011317.6621   14.3464
    7.5000   22.5000   45.000010878.5771   14.3639
   -7.5000   30.0000   45.000010183.6045   14.3845
    0.0000   30.0000   45.000010817.2861   14.4078
    7.5000   30.0000   45.000010377.5283   14.4238
   -7.5000   37.5000   45.000010098.8984   14.5969
    0.0000   37.5000   45.000010732.7451   14.6237
    7.5000   37.5000   45.000010318.0059   14.6362
   -7.5000   45.0000   45.0000 9630.9014   14.4498
    0.0000   45.0000   45.000010237.0791   14.4762
    7.5000   45.0000   45.0000 9846.3848   14.4849

---------------------------------------------------------------------
imgreg_4dfp /home/aracena/freesurfer/average/711-2C_as_mni_average_305 /home/aracena/freesurfer/average/711-2B_as_mni_average_305_mask talsrcimg_g11 none talsrcimg_to_711-2C_as_mni_average_305_t4 4355
---------------------------------------------------------------------

freesurfer imgreg_4dfp.c
/home/aracena/freesurfer/average/711-2C_as_mni_average_305.4dfp.img
       256       256       256         1
  1.000000  1.000000  1.000000
orientation T byte_order littleendian
Reading image: /home/aracena/freesurfer/average/711-2C_as_mni_average_305.4dfp.img
dimensions:      256       256       256
mmppix:       1.0000   -1.0000   -1.0000
center:     128.0000 -129.0000 -129.0000
/home/aracena/freesurfer/average/711-2B_as_mni_average_305_mask.4dfp.img
       256       256       256         1
  1.000000  1.000000  1.000000
orientation T byte_order littleendian
Reading mask: /home/aracena/freesurfer/average/711-2B_as_mni_average_305_mask.4dfp.img (2306576 pixels)
talsrcimg_g11.4dfp.img
       256       256       256         1
  1.000000  1.000000  1.000000
orientation T byte_order littleendian
Reading image: talsrcimg_g11.4dfp.img
dimensions:      256       256       256
mmppix:       1.0000   -1.0000   -1.0000
center:     128.0000 -129.0000 -129.0000
rotation matrix determinant  1.000000
image alignment mode   4355 decimal     1103 hex
   -7.5000  -45.0000  -45.0000 2200.8970   18.5029
    0.0000  -45.0000  -45.0000 2217.9175   17.9556
    7.5000  -45.0000  -45.0000 2231.7620   17.7900
   -7.5000  -37.5000  -45.0000 2245.5012   17.8832
    0.0000  -37.5000  -45.0000 2267.4663   17.4401
    7.5000  -37.5000  -45.0000 2275.9255   17.2894
   -7.5000  -30.0000  -45.0000 2278.3413   17.3410
    0.0000  -30.0000  -45.0000 2300.9373   16.9839
    7.5000  -30.0000  -45.0000 2307.7654   16.8805
   -7.5000  -22.5000  -45.0000 2307.9639   16.8959
    0.0000  -22.5000  -45.0000 2329.4670   16.5894
    7.5000  -22.5000  -45.0000 2337.8279   16.4964
   -7.5000  -15.0000  -45.0000 2333.6409   16.5615
    0.0000  -15.0000  -45.0000 2356.1091   16.2760
    7.5000  -15.0000  -45.0000 2363.5876   16.2065
   -7.5000   -7.5000  -45.0000 2359.2725   16.3087
    0.0000   -7.5000  -45.0000 2371.7542   16.0488
    7.5000   -7.5000  -45.0000 2380.7927   16.0164
   -7.5000    0.0000  -45.0000 2370.4392   16.1377
    0.0000    0.0000  -45.0000 2379.6240   15.9006
    7.5000    0.0000  -45.0000 2383.1187   15.8773
   -7.5000    7.5000  -45.0000 2373.1333   16.0690
    0.0000    7.5000  -45.0000 2380.5383   15.8489
    7.5000    7.5000  -45.0000 2383.9189   15.8139
   -7.5000   15.0000  -45.0000 2365.9229   16.1641
    0.0000   15.0000  -45.0000 2372.3213   15.8588
    7.5000   15.0000  -45.0000 2375.0103   15.8027
   -7.5000   22.5000  -45.0000 2354.6511   16.2767
    0.0000   22.5000  -45.0000 2366.8682   15.9639
    7.5000   22.5000  -45.0000 2369.0474   15.8935
   -7.5000   30.0000  -45.0000 2342.1626   16.4747
    0.0000   30.0000  -45.0000 2359.9885   16.1823
    7.5000   30.0000  -45.0000 2360.8567   16.1068
   -7.5000   37.5000  -45.0000 2319.7000   16.8742
    0.0000   37.5000  -45.0000 2338.6912   16.5267
    7.5000   37.5000  -45.0000 2346.3010   16.4589
   -7.5000   45.0000  -45.0000 2291.9319   17.4917
    0.0000   45.0000  -45.0000 2308.4583   17.1213
    7.5000   45.0000  -45.0000 2319.0903   17.0639
   -7.5000  -45.0000  -37.5000 2241.1533   17.6382
    0.0000  -45.0000  -37.5000 2264.4751   17.1244
    7.5000  -45.0000  -37.5000 2285.0447   16.9486
   -7.5000  -37.5000  -37.5000 2291.9893   16.9480
    0.0000  -37.5000  -37.5000 2319.0137   16.5942
    7.5000  -37.5000  -37.5000 2334.3242   16.4752
   -7.5000  -30.0000  -37.5000 2338.2429   16.3359
    0.0000  -30.0000  -37.5000 2362.2412   16.0413
    7.5000  -30.0000  -37.5000 2372.7632   15.9465
   -7.5000  -22.5000  -37.5000 2377.3999   15.8619
    0.0000  -22.5000  -37.5000 2398.0527   15.5564
    7.5000  -22.5000  -37.5000 2406.0632   15.4497
   -7.5000  -15.0000  -37.5000 2410.3308   15.4975
    0.0000  -15.0000  -37.5000 2429.5105   15.1822
    7.5000  -15.0000  -37.5000 2436.9434   15.1127
   -7.5000   -7.5000  -37.5000 2440.8254   15.2004
    0.0000   -7.5000  -37.5000 2456.8142   14.9293
    7.5000   -7.5000  -37.5000 2461.1785   14.8713
   -7.5000    0.0000  -37.5000 2457.9250   14.9591
    0.0000    0.0000  -37.5000 2473.3352   14.6989
    7.5000    0.0000  -37.5000 2476.6633   14.6343
   -7.5000    7.5000  -37.5000 2465.6892   14.8435
    0.0000    7.5000  -37.5000 2474.7195   14.5844
    7.5000    7.5000  -37.5000 2482.3687   14.5196
   -7.5000   15.0000  -37.5000 2465.1050   14.8597
    0.0000   15.0000  -37.5000 2476.1599   14.5796
    7.5000   15.0000  -37.5000 2478.5466   14.4877
   -7.5000   22.5000  -37.5000 2459.7820   14.9737
    0.0000   22.5000  -37.5000 2473.6829   14.6784
    7.5000   22.5000  -37.5000 2474.8511   14.6090
   -7.5000   30.0000  -37.5000 2446.9517   15.1517
    0.0000   30.0000  -37.5000 2466.0010   14.8719
    7.5000   30.0000  -37.5000 2470.2905   14.7945
   -7.5000   37.5000  -37.5000 2421.9011   15.5157
    0.0000   37.5000  -37.5000 2442.4966   15.2442
    7.5000   37.5000  -37.5000 2453.0410   15.1409
   -7.5000   45.0000  -37.5000 2390.4712   16.1041
    0.0000   45.0000  -37.5000 2414.0159   15.7849
    7.5000   45.0000  -37.5000 2422.1204   15.7017
   -7.5000  -45.0000  -30.0000 2326.9136   17.4268
    0.0000  -45.0000  -30.0000 2355.3516   16.9581
    7.5000  -45.0000  -30.0000 2380.3347   16.7802
   -7.5000  -37.5000  -30.0000 2383.1729   16.7255
    0.0000  -37.5000  -30.0000 2412.0300   16.3302
    7.5000  -37.5000  -30.0000 2432.2861   16.2372
   -7.5000  -30.0000  -30.0000 2434.6797   16.0251
    0.0000  -30.0000  -30.0000 2459.8875   15.7001
    7.5000  -30.0000  -30.0000 2472.3213   15.6288
   -7.5000  -22.5000  -30.0000 2484.6006   15.4639
    0.0000  -22.5000  -30.0000 2506.6196   15.1754
    7.5000  -22.5000  -30.0000 2519.8064   15.0810
   -7.5000  -15.0000  -30.0000 2528.6414   15.0339
    0.0000  -15.0000  -30.0000 2551.3047   14.7490
    7.5000  -15.0000  -30.0000 2559.3125   14.6434
   -7.5000   -7.5000  -30.0000 2563.2485   14.6748
    0.0000   -7.5000  -30.0000 2582.5376   14.4247
    7.5000   -7.5000  -30.0000 2589.4573   14.3249
   -7.5000    0.0000  -30.0000 2587.2314   14.3785
    0.0000    0.0000  -30.0000 2599.5300   14.1172
    7.5000    0.0000  -30.0000 2603.4092   14.0580
   -7.5000    7.5000  -30.0000 2599.8975   14.2000
    0.0000    7.5000  -30.0000 2607.4631   13.9361
    7.5000    7.5000  -30.0000 2612.9990   13.8614
   -7.5000   15.0000  -30.0000 2603.6711   14.1335
    0.0000   15.0000  -30.0000 2619.8328   13.8898
    7.5000   15.0000  -30.0000 2618.7095   13.7803
   -7.5000   22.5000  -30.0000 2600.3408   14.1957
    0.0000   22.5000  -30.0000 2618.1958   13.9676
    7.5000   22.5000  -30.0000 2622.6116   13.8930
   -7.5000   30.0000  -30.0000 2585.7290   14.3733
    0.0000   30.0000  -30.0000 2608.2708   14.1438
    7.5000   30.0000  -30.0000 2616.7954   14.0717
   -7.5000   37.5000  -30.0000 2564.0256   14.7466
    0.0000   37.5000  -30.0000 2588.9104   14.4851
    7.5000   37.5000  -30.0000 2599.8679   14.4035
   -7.5000   45.0000  -30.0000 2530.8669   15.3133
    0.0000   45.0000  -30.0000 2561.8110   15.0295
    7.5000   45.0000  -30.0000 2569.8401   14.9339
   -7.5000  -45.0000  -22.5000 2389.2974   17.0959
    0.0000  -45.0000  -22.5000 2422.6021   16.7025
    7.5000  -45.0000  -22.5000 2449.0061   16.4986
   -7.5000  -37.5000  -22.5000 2449.3708   16.3703
    0.0000  -37.5000  -22.5000 2478.3660   16.0316
    7.5000  -37.5000  -22.5000 2499.1782   15.8607
   -7.5000  -30.0000  -22.5000 2505.5027   15.6592
    0.0000  -30.0000  -22.5000 2530.0117   15.3315
    7.5000  -30.0000  -22.5000 2545.6287   15.2113
   -7.5000  -22.5000  -22.5000 2560.5291   15.0478
    0.0000  -22.5000  -22.5000 2586.6416   14.7544
    7.5000  -22.5000  -22.5000 2603.3523   14.6383
   -7.5000  -15.0000  -22.5000 2605.0784   14.5564
    0.0000  -15.0000  -22.5000 2633.8779   14.3085
    7.5000  -15.0000  -22.5000 2646.2612   14.1687
   -7.5000   -7.5000  -22.5000 2643.3931   14.1525
    0.0000   -7.5000  -22.5000 2666.0083   13.8930
    7.5000   -7.5000  -22.5000 2676.6567   13.7756
   -7.5000    0.0000  -22.5000 2671.6538   13.7445
    0.0000    0.0000  -22.5000 2687.4609   13.5197
    7.5000    0.0000  -22.5000 2696.0894   13.4309
   -7.5000    7.5000  -22.5000 2695.2080   13.4685
    0.0000    7.5000  -22.5000 2710.4624   13.2513
    7.5000    7.5000  -22.5000 2714.8596   13.1728
   -7.5000   15.0000  -22.5000 2703.4519   13.3145
    0.0000   15.0000  -22.5000 2721.5532   13.0890
    7.5000   15.0000  -22.5000 2721.5583   13.0304
   -7.5000   22.5000  -22.5000 2705.4504   13.3290
    0.0000   22.5000  -22.5000 2722.0469   13.0966
    7.5000   22.5000  -22.5000 2728.2083   13.0276
   -7.5000   30.0000  -22.5000 2697.1597   13.5226
    0.0000   30.0000  -22.5000 2723.0010   13.2715
    7.5000   30.0000  -22.5000 2733.1960   13.2087
   -7.5000   37.5000  -22.5000 2684.3589   13.8870
    0.0000   37.5000  -22.5000 2710.0786   13.6009
    7.5000   37.5000  -22.5000 2723.7563   13.5386
   -7.5000   45.0000  -22.5000 2650.4207   14.4742
    0.0000   45.0000  -22.5000 2683.5930   14.1723
    7.5000   45.0000  -22.5000 2697.3394   14.0649
   -7.5000  -45.0000  -15.0000 2429.2495   16.8510
    0.0000  -45.0000  -15.0000 2462.4985   16.4351
    7.5000  -45.0000  -15.0000 2486.9375   16.2390
   -7.5000  -37.5000  -15.0000 2487.7886   16.0424
    0.0000  -37.5000  -15.0000 2518.0071   15.7204
    7.5000  -37.5000  -15.0000 2538.3386   15.5464
   -7.5000  -30.0000  -15.0000 2538.7742   15.3001
    0.0000  -30.0000  -15.0000 2566.3250   14.9999
    7.5000  -30.0000  -15.0000 2585.4421   14.8696
   -7.5000  -22.5000  -15.0000 2594.5457   14.6636
    0.0000  -22.5000  -15.0000 2622.7473   14.4103
    7.5000  -22.5000  -15.0000 2639.7810   14.2750
   -7.5000  -15.0000  -15.0000 2640.9021   14.1221
    0.0000  -15.0000  -15.0000 2673.2117   13.9117
    7.5000  -15.0000  -15.0000 2688.6006   13.7783
   -7.5000   -7.5000  -15.0000 2683.4136   13.6690
    0.0000   -7.5000  -15.0000 2712.3503   13.4332
    7.5000   -7.5000  -15.0000 2726.6355   13.2945
   -7.5000    0.0000  -15.0000 2713.7693   13.1861
    0.0000    0.0000  -15.0000 2736.4456   12.9536
    7.5000    0.0000  -15.0000 2746.7090   12.8511
   -7.5000    7.5000  -15.0000 2748.3701   12.7923
    0.0000    7.5000  -15.0000 2763.5642   12.5663
    7.5000    7.5000  -15.0000 2779.4912   12.4934
   -7.5000   15.0000  -15.0000 2766.8191   12.5771
    0.0000   15.0000  -15.0000 2778.6040   12.3212
    7.5000   15.0000  -15.0000 2789.5566   12.2676
   -7.5000   22.5000  -15.0000 2774.0249   12.5663
    0.0000   22.5000  -15.0000 2792.7136   12.2908
    7.5000   22.5000  -15.0000 2803.0308   12.2239
   -7.5000   30.0000  -15.0000 2773.2344   12.7238
    0.0000   30.0000  -15.0000 2806.3352   12.4108
    7.5000   30.0000  -15.0000 2821.8567   12.3535
   -7.5000   37.5000  -15.0000 2773.3154   13.0949
    0.0000   37.5000  -15.0000 2806.7209   12.7733
    7.5000   37.5000  -15.0000 2823.3662   12.7007
   -7.5000   45.0000  -15.0000 2743.8530   13.6580
    0.0000   45.0000  -15.0000 2778.1619   13.3149
    7.5000   45.0000  -15.0000 2799.6794   13.2293
   -7.5000  -45.0000   -7.5000 2447.1079   16.6918
    0.0000  -45.0000   -7.5000 2485.7354   16.2821
    7.5000  -45.0000   -7.5000 2508.9963   16.0179
   -7.5000  -37.5000   -7.5000 2501.3926   15.8068
    0.0000  -37.5000   -7.5000 2537.8564   15.4896
    7.5000  -37.5000   -7.5000 2559.1924   15.2741
   -7.5000  -30.0000   -7.5000 2555.7183   15.0092
    0.0000  -30.0000   -7.5000 2588.9038   14.7335
    7.5000  -30.0000   -7.5000 2610.2712   14.5821
   -7.5000  -22.5000   -7.5000 2612.4043   14.3590
    0.0000  -22.5000   -7.5000 2641.9062   14.1119
    7.5000  -22.5000   -7.5000 2660.7114   13.9922
   -7.5000  -15.0000   -7.5000 2657.9619   13.7856
    0.0000  -15.0000   -7.5000 2690.0667   13.5524
    7.5000  -15.0000   -7.5000 2708.3276   13.4371
   -7.5000   -7.5000   -7.5000 2698.3848   13.2747
    0.0000   -7.5000   -7.5000 2731.9609   13.0234
    7.5000   -7.5000   -7.5000 2749.9148   12.8896
   -7.5000    0.0000   -7.5000 2730.0105   12.7347
    0.0000    0.0000   -7.5000 2758.6208   12.4758
    7.5000    0.0000   -7.5000 2777.2183   12.3697
   -7.5000    7.5000   -7.5000 2777.9478   12.2778
    0.0000    7.5000   -7.5000 2796.3855   12.0109
    7.5000    7.5000   -7.5000 2811.7263   11.9249
   -7.5000   15.0000   -7.5000 2810.7043   12.0177
    0.0000   15.0000   -7.5000 2826.0496   11.7318
    7.5000   15.0000   -7.5000 2839.3550   11.6452
   -7.5000   22.5000   -7.5000 2830.8994   11.9554
    0.0000   22.5000   -7.5000 2854.3818   11.6430
    7.5000   22.5000   -7.5000 2868.7869   11.5491
   -7.5000   30.0000   -7.5000 2840.4832   12.0889
    0.0000   30.0000   -7.5000 2876.2861   11.7166
    7.5000   30.0000   -7.5000 2896.9377   11.6421
   -7.5000   37.5000   -7.5000 2839.2234   12.4437
    0.0000   37.5000   -7.5000 2879.1360   12.0611
    7.5000   37.5000   -7.5000 2899.7512   11.9682
   -7.5000   45.0000   -7.5000 2810.7947   12.9958
    0.0000   45.0000   -7.5000 2848.1333   12.5921
    7.5000   45.0000   -7.5000 2870.8984   12.4957
   -7.5000  -45.0000    0.0000 2441.4944   16.7147
    0.0000  -45.0000    0.0000 2479.9045   16.2148
    7.5000  -45.0000    0.0000 2503.6619   15.9521
   -7.5000  -37.5000    0.0000 2502.0466   15.7989
    0.0000  -37.5000    0.0000 2535.3779   15.3881
    7.5000  -37.5000    0.0000 2562.1653   15.1595
   -7.5000  -30.0000    0.0000 2560.5916   14.9853
    0.0000  -30.0000    0.0000 2590.6519   14.6603
    7.5000  -30.0000    0.0000 2609.9338   14.4464
   -7.5000  -22.5000    0.0000 2612.1372   14.2658
    0.0000  -22.5000    0.0000 2642.6174   14.0037
    7.5000  -22.5000    0.0000 2657.1365   13.8156
   -7.5000  -15.0000    0.0000 2657.3555   13.5992
    0.0000  -15.0000    0.0000 2692.4126   13.3996
    7.5000  -15.0000    0.0000 2708.5508   13.2484
   -7.5000   -7.5000    0.0000 2699.9185   13.0100
    0.0000   -7.5000    0.0000 2731.7712   12.7813
    7.5000   -7.5000    0.0000 2747.0579   12.6381
   -7.5000    0.0000    0.0000 2734.3167   12.4258
    0.0000    0.0000    0.0000 2761.7417   12.1732
    7.5000    0.0000    0.0000 2775.0020   12.0658
   -7.5000    7.5000    0.0000 2784.9971   11.9474
    0.0000    7.5000    0.0000 2805.7058   11.6834
    7.5000    7.5000    0.0000 2819.4077   11.6060
   -7.5000   15.0000    0.0000 2828.5898   11.6958
    0.0000   15.0000    0.0000 2843.6570   11.4097
    7.5000   15.0000    0.0000 2862.3718   11.3337
   -7.5000   22.5000    0.0000 2870.6804   11.6012
    0.0000   22.5000    0.0000 2897.1658   11.2873
    7.5000   22.5000    0.0000 2915.3433   11.2188
   -7.5000   30.0000    0.0000 2888.2683   11.7155
    0.0000   30.0000    0.0000 2933.6501   11.3101
    7.5000   30.0000    0.0000 2957.8293   11.2444
   -7.5000   37.5000    0.0000 2889.3806   12.0302
    0.0000   37.5000    0.0000 2940.9338   11.6202
    7.5000   37.5000    0.0000 2961.2588   11.5292
   -7.5000   45.0000    0.0000 2854.9868   12.5726
    0.0000   45.0000    0.0000 2903.5847   12.1586
    7.5000   45.0000    0.0000 2926.2463   12.0591
   -7.5000  -45.0000    7.5000 2416.1458   17.0147
    0.0000  -45.0000    7.5000 2446.8186   16.4243
    7.5000  -45.0000    7.5000 2470.2603   16.0956
   -7.5000  -37.5000    7.5000 2481.9248   16.0160
    0.0000  -37.5000    7.5000 2507.3794   15.5088
    7.5000  -37.5000    7.5000 2531.5422   15.2352
   -7.5000  -30.0000    7.5000 2542.6201   15.1308
    0.0000  -30.0000    7.5000 2571.9509   14.7467
    7.5000  -30.0000    7.5000 2589.9231   14.4964
   -7.5000  -22.5000    7.5000 2593.8167   14.3563
    0.0000  -22.5000    7.5000 2627.3145   14.0660
    7.5000  -22.5000    7.5000 2641.1460   13.8608
   -7.5000  -15.0000    7.5000 2644.1343   13.6700
    0.0000  -15.0000    7.5000 2670.7312   13.4225
    7.5000  -15.0000    7.5000 2685.2739   13.2604
   -7.5000   -7.5000    7.5000 2688.2795   13.0047
    0.0000   -7.5000    7.5000 2710.4900   12.7337
    7.5000   -7.5000    7.5000 2722.7236   12.6026
   -7.5000    0.0000    7.5000 2730.0532   12.3891
    0.0000    0.0000    7.5000 2743.4285   12.0990
    7.5000    0.0000    7.5000 2755.9783   12.0079
   -7.5000    7.5000    7.5000 2787.2185   11.9265
    0.0000    7.5000    7.5000 2792.9099   11.6151
    7.5000    7.5000    7.5000 2808.9658   11.5783
   -7.5000   15.0000    7.5000 2838.4016   11.6423
    0.0000   15.0000    7.5000 2847.7820   11.3286
    7.5000   15.0000    7.5000 2871.5164   11.3341
   -7.5000   22.5000    7.5000 2890.9934   11.5470
    0.0000   22.5000    7.5000 2923.3015   11.2568
    7.5000   22.5000    7.5000 2946.3613   11.2823
   -7.5000   30.0000    7.5000 2919.3430   11.6312
    0.0000   30.0000    7.5000 2975.3079   11.2962
    7.5000   30.0000    7.5000 3007.5796   11.3108
   -7.5000   37.5000    7.5000 2916.4849   11.9038
    0.0000   37.5000    7.5000 2983.1990   11.5148
    7.5000   37.5000    7.5000 3012.1680   11.4681
   -7.5000   45.0000    7.5000 2875.6831   12.4178
    0.0000   45.0000    7.5000 2937.1436   12.0159
    7.5000   45.0000    7.5000 2958.8560   11.9116
   -7.5000  -45.0000   15.0000 2352.7378   17.5379
    0.0000  -45.0000   15.0000 2382.6328   16.8566
    7.5000  -45.0000   15.0000 2410.7356   16.5218
   -7.5000  -37.5000   15.0000 2431.4844   16.4469
    0.0000  -37.5000   15.0000 2456.5356   15.8822
    7.5000  -37.5000   15.0000 2482.1223   15.5978
   -7.5000  -30.0000   15.0000 2503.3462   15.5287
    0.0000  -30.0000   15.0000 2529.8950   15.0441
    7.5000  -30.0000   15.0000 2552.4126   14.8024
   -7.5000  -22.5000   15.0000 2567.6074   14.7284
    0.0000  -22.5000   15.0000 2593.5496   14.3227
    7.5000  -22.5000   15.0000 2610.3862   14.0907
   -7.5000  -15.0000   15.0000 2624.9414   14.0129
    0.0000  -15.0000   15.0000 2640.1733   13.6332
    7.5000  -15.0000   15.0000 2654.9409   13.4442
   -7.5000   -7.5000   15.0000 2675.9119   13.3129
    0.0000   -7.5000   15.0000 2683.6724   12.9335
    7.5000   -7.5000   15.0000 2689.6958   12.7882
   -7.5000    0.0000   15.0000 2716.5618   12.6582
    0.0000    0.0000   15.0000 2724.1077   12.3373
    7.5000    0.0000   15.0000 2730.7654   12.2595
   -7.5000    7.5000   15.0000 2770.4695   12.1350
    0.0000    7.5000   15.0000 2779.7532   11.8709
    7.5000    7.5000   15.0000 2786.3765   11.8485
   -7.5000   15.0000   15.0000 2826.6487   11.8007
    0.0000   15.0000   15.0000 2846.6528   11.5608
    7.5000   15.0000   15.0000 2861.5872   11.5857
   -7.5000   22.5000   15.0000 2879.3325   11.6662
    0.0000   22.5000   15.0000 2914.2458   11.4351
    7.5000   22.5000   15.0000 2940.6160   11.4803
   -7.5000   30.0000   15.0000 2912.9858   11.7614
    0.0000   30.0000   15.0000 2964.6440   11.4290
    7.5000   30.0000   15.0000 2996.5886   11.4494
   -7.5000   37.5000   15.0000 2913.2871   12.0679
    0.0000   37.5000   15.0000 2979.2290   11.6867
    7.5000   37.5000   15.0000 3010.3699   11.6702
   -7.5000   45.0000   15.0000 2874.8015   12.5460
    0.0000   45.0000   15.0000 2930.2869   12.1732
    7.5000   45.0000   15.0000 2955.7532   12.1401
   -7.5000  -45.0000   22.5000 2278.3557   18.4607
    0.0000  -45.0000   22.5000 2306.4788   17.6166
    7.5000  -45.0000   22.5000 2333.3936   17.2725
   -7.5000  -37.5000   22.5000 2369.7153   17.2223
    0.0000  -37.5000   22.5000 2390.5667   16.5090
    7.5000  -37.5000   22.5000 2415.3262   16.1802
   -7.5000  -30.0000   22.5000 2449.2988   16.1883
    0.0000  -30.0000   22.5000 2476.5598   15.6440
    7.5000  -30.0000   22.5000 2494.4458   15.3173
   -7.5000  -22.5000   22.5000 2524.1191   15.3220
    0.0000  -22.5000   22.5000 2553.1831   14.9036
    7.5000  -22.5000   22.5000 2567.3560   14.6363
   -7.5000  -15.0000   22.5000 2589.6504   14.5339
    0.0000  -15.0000   22.5000 2613.8328   14.1946
    7.5000  -15.0000   22.5000 2626.3396   14.0066
   -7.5000   -7.5000   22.5000 2642.9165   13.8050
    0.0000   -7.5000   22.5000 2665.1135   13.5023
    7.5000   -7.5000   22.5000 2670.8909   13.3422
   -7.5000    0.0000   22.5000 2693.1362   13.1156
    0.0000    0.0000   22.5000 2705.3269   12.8419
    7.5000    0.0000   22.5000 2711.7551   12.7258
   -7.5000    7.5000   22.5000 2748.6892   12.5625
    0.0000    7.5000   22.5000 2757.7637   12.3062
    7.5000    7.5000   22.5000 2763.3845   12.2148
   -7.5000   15.0000   22.5000 2803.4189   12.1808
    0.0000   15.0000   22.5000 2823.4194   11.9071
    7.5000   15.0000   22.5000 2838.9651   11.8699
   -7.5000   22.5000   22.5000 2852.2461   12.0351
    0.0000   22.5000   22.5000 2883.0872   11.7139
    7.5000   22.5000   22.5000 2905.7114   11.6952
   -7.5000   30.0000   22.5000 2881.3420   12.1313
    0.0000   30.0000   22.5000 2925.8118   11.7291
    7.5000   30.0000   22.5000 2949.1350   11.6616
   -7.5000   37.5000   22.5000 2879.7705   12.4165
    0.0000   37.5000   22.5000 2929.9626   12.0270
    7.5000   37.5000   22.5000 2954.0830   11.9585
   -7.5000   45.0000   22.5000 2845.5654   12.9204
    0.0000   45.0000   22.5000 2895.7524   12.5376
    7.5000   45.0000   22.5000 2914.2690   12.4885
   -7.5000  -45.0000   30.0000 2187.0386   19.8023
    0.0000  -45.0000   30.0000 2221.8508   19.0872
    7.5000  -45.0000   30.0000 2248.9695   18.6449
   -7.5000  -37.5000   30.0000 2284.2395   18.3230
    0.0000  -37.5000   30.0000 2314.0793   17.8048
    7.5000  -37.5000   30.0000 2340.2126   17.4056
   -7.5000  -30.0000   30.0000 2372.8987   17.1296
    0.0000  -30.0000   30.0000 2411.7383   16.7188
    7.5000  -30.0000   30.0000 2430.1536   16.3778
   -7.5000  -22.5000   30.0000 2461.9126   16.1701
    0.0000  -22.5000   30.0000 2495.4019   15.8136
    7.5000  -22.5000   30.0000 2518.3318   15.5751
   -7.5000  -15.0000   30.0000 2540.0044   15.3131
    0.0000  -15.0000   30.0000 2564.3545   14.9470
    7.5000  -15.0000   30.0000 2583.6497   14.7781
   -7.5000   -7.5000   30.0000 2602.5464   14.5210
    0.0000   -7.5000   30.0000 2623.3127   14.1452
    7.5000   -7.5000   30.0000 2636.0720   14.0054
   -7.5000    0.0000   30.0000 2655.8701   13.8039
    0.0000    0.0000   30.0000 2669.4189   13.4285
    7.5000    0.0000   30.0000 2677.2812   13.3001
   -7.5000    7.5000   30.0000 2711.7842   13.2029
    0.0000    7.5000   30.0000 2728.0781   12.8176
    7.5000    7.5000   30.0000 2733.0520   12.7259
   -7.5000   15.0000   30.0000 2764.7087   12.7824
    0.0000   15.0000   30.0000 2788.0159   12.3924
    7.5000   15.0000   30.0000 2800.5835   12.3081
   -7.5000   22.5000   30.0000 2809.6416   12.6348
    0.0000   22.5000   30.0000 2838.7258   12.2122
    7.5000   22.5000   30.0000 2857.2458   12.0985
   -7.5000   30.0000   30.0000 2827.0049   12.6959
    0.0000   30.0000   30.0000 2864.2078   12.2841
    7.5000   30.0000   30.0000 2885.0774   12.1781
   -7.5000   37.5000   30.0000 2820.6921   12.9598
    0.0000   37.5000   30.0000 2861.1733   12.5880
    7.5000   37.5000   30.0000 2883.1096   12.5347
   -7.5000   45.0000   30.0000 2784.5020   13.4514
    0.0000   45.0000   30.0000 2828.9321   13.0981
    7.5000   45.0000   30.0000 2848.6033   13.0305
   -7.5000  -45.0000   37.5000 2100.6819   21.6886
    0.0000  -45.0000   37.5000 2130.5752   20.9476
    7.5000  -45.0000   37.5000 2158.7751   20.5838
   -7.5000  -37.5000   37.5000 2200.9104   19.9178
    0.0000  -37.5000   37.5000 2231.6711   19.3118
    7.5000  -37.5000   37.5000 2262.9785   18.9513
   -7.5000  -30.0000   37.5000 2296.8560   18.4338
    0.0000  -30.0000   37.5000 2332.3481   17.9591
    7.5000  -30.0000   37.5000 2359.6689   17.6581
   -7.5000  -22.5000   37.5000 2393.8960   17.3086
    0.0000  -22.5000   37.5000 2421.8396   16.8377
    7.5000  -22.5000   37.5000 2448.0247   16.5810
   -7.5000  -15.0000   37.5000 2475.0527   16.3108
    0.0000  -15.0000   37.5000 2499.5017   15.8460
    7.5000  -15.0000   37.5000 2523.0198   15.6785
   -7.5000   -7.5000   37.5000 2545.9685   15.4528
    0.0000   -7.5000   37.5000 2567.3845   14.9982
    7.5000   -7.5000   37.5000 2586.7898   14.8450
   -7.5000    0.0000   37.5000 2608.9553   14.6533
    0.0000    0.0000   37.5000 2621.3042   14.2346
    7.5000    0.0000   37.5000 2635.2490   14.0755
   -7.5000    7.5000   37.5000 2668.9492   14.0307
    0.0000    7.5000   37.5000 2686.8196   13.5739
    7.5000    7.5000   37.5000 2698.8357   13.4293
   -7.5000   15.0000   37.5000 2719.0156   13.6372
    0.0000   15.0000   37.5000 2747.8745   13.1471
    7.5000   15.0000   37.5000 2760.1404   12.9770
   -7.5000   22.5000   37.5000 2752.1443   13.4363
    0.0000   22.5000   37.5000 2791.1462   12.9583
    7.5000   22.5000   37.5000 2806.5649   12.7939
   -7.5000   30.0000   37.5000 2760.4915   13.4583
    0.0000   30.0000   37.5000 2804.2053   13.0255
    7.5000   30.0000   37.5000 2817.7859   12.9092
   -7.5000   37.5000   37.5000 2751.8755   13.7419
    0.0000   37.5000   37.5000 2785.3962   13.3623
    7.5000   37.5000   37.5000 2803.7622   13.2908
   -7.5000   45.0000   37.5000 2712.4202   14.2161
    0.0000   45.0000   37.5000 2748.2893   13.8674
    7.5000   45.0000   37.5000 2766.4766   13.7864
   -7.5000  -45.0000   45.0000 2003.0807   24.2014
    0.0000  -45.0000   45.0000 2030.0234   23.3168
    7.5000  -45.0000   45.0000 2055.9165   22.8577
   -7.5000  -37.5000   45.0000 2108.3179   21.9340
    0.0000  -37.5000   45.0000 2136.9519   21.2050
    7.5000  -37.5000   45.0000 2167.8384   20.8484
   -7.5000  -30.0000   45.0000 2214.5430   20.1548
    0.0000  -30.0000   45.0000 2242.5435   19.4989
    7.5000  -30.0000   45.0000 2270.4897   19.1811
   -7.5000  -22.5000   45.0000 2316.6387   18.7474
    0.0000  -22.5000   45.0000 2344.2324   18.1531
    7.5000  -22.5000   45.0000 2372.6543   17.9157
   -7.5000  -15.0000   45.0000 2401.5374   17.5546
    0.0000  -15.0000   45.0000 2426.4170   16.9980
    7.5000  -15.0000   45.0000 2455.2976   16.8403
   -7.5000   -7.5000   45.0000 2480.3047   16.6015
    0.0000   -7.5000   45.0000 2500.5342   16.0566
    7.5000   -7.5000   45.0000 2526.9043   15.9008
   -7.5000    0.0000   45.0000 2545.2146   15.7305
    0.0000    0.0000   45.0000 2564.7761   15.2215
    7.5000    0.0000   45.0000 2586.7480   15.0733
   -7.5000    7.5000   45.0000 2612.6233   15.0871
    0.0000    7.5000   45.0000 2631.5808   14.5594
    7.5000    7.5000   45.0000 2650.2725   14.4042
   -7.5000   15.0000   45.0000 2655.8787   14.6595
    0.0000   15.0000   45.0000 2682.9277   14.1244
    7.5000   15.0000   45.0000 2699.9038   13.9279
   -7.5000   22.5000   45.0000 2682.4636   14.4333
    0.0000   22.5000   45.0000 2720.4111   13.9535
    7.5000   22.5000   45.0000 2731.5991   13.7656
   -7.5000   30.0000   45.0000 2681.6445   14.4455
    0.0000   30.0000   45.0000 2723.4802   14.0124
    7.5000   30.0000   45.0000 2729.9128   13.8582
   -7.5000   37.5000   45.0000 2669.5403   14.7114
    0.0000   37.5000   45.0000 2704.5786   14.3408
    7.5000   37.5000   45.0000 2718.3669   14.2215
   -7.5000   45.0000   45.0000 2631.7744   15.1879
    0.0000   45.0000   45.0000 2666.5398   14.8401
    7.5000   45.0000   45.0000 2682.9539   14.7208

---------------------------------------------------------------------
imgreg_4dfp /home/aracena/freesurfer/average/711-2C_as_mni_average_305 /home/aracena/freesurfer/average/711-2B_as_mni_average_305_mask talsrcimg_g11 none talsrcimg_to_711-2C_as_mni_average_305_t4 1283
---------------------------------------------------------------------

freesurfer imgreg_4dfp.c
/home/aracena/freesurfer/average/711-2C_as_mni_average_305.4dfp.img
       256       256       256         1
  1.000000  1.000000  1.000000
orientation T byte_order littleendian
Reading image: /home/aracena/freesurfer/average/711-2C_as_mni_average_305.4dfp.img
dimensions:      256       256       256
mmppix:       1.0000   -1.0000   -1.0000
center:     128.0000 -129.0000 -129.0000
/home/aracena/freesurfer/average/711-2B_as_mni_average_305_mask.4dfp.img
       256       256       256         1
  1.000000  1.000000  1.000000
orientation T byte_order littleendian
Reading mask: /home/aracena/freesurfer/average/711-2B_as_mni_average_305_mask.4dfp.img (2306576 pixels)
talsrcimg_g11.4dfp.img
       256       256       256         1
  1.000000  1.000000  1.000000
orientation T byte_order littleendian
Reading image: talsrcimg_g11.4dfp.img
dimensions:      256       256       256
mmppix:       1.0000   -1.0000   -1.0000
center:     128.0000 -129.0000 -129.0000
rotation matrix determinant  1.000000
fimgreg.f
image alignment mode   1283 decimal      503 hex
parameters
    7.5000   37.5000    7.5000    0.0000    0.0000    0.0000
eta,q 0.94465 11.43505
niter,ni,del,rscale     5    3   12.0000    1.2000
parameter  2  0.759847 ->  0.500000 qaram    1.1500
parameter  6  0.650807 ->  0.500000 qaram    1.1500
parameters
    6.0688   34.0500   10.2826   -2.2770    1.1022   -3.4500
eta,q 0.95170 11.33192
  0.0630  0.0557  0.0678  0.0538  0.0585  0.0502
  0.0588  0.0543  0.0633  0.0524  0.0554  0.0485
  0.0573  0.0558  0.0588  0.0514  0.0531  0.0487
  0.0584  0.0576  0.0547  0.0524  0.0514  0.0509
  0.0608  0.0606  0.0524  0.0545  0.0510  0.0537
  0.0649  0.0649  0.0533  0.0564  0.0526  0.0568
  0.0704  0.0689  0.0560  0.0577  0.0550  0.0597
niter,ni,del,rscale     6    3   12.0000    1.2000
parameters
    6.0406   35.1880   10.0835   -3.0498    1.5107   -3.6489
eta,q 0.95253 11.35246
  0.0625  0.0636  0.0584  0.0529  0.0554  0.0546
  0.0558  0.0591  0.0535  0.0497  0.0525  0.0517
  0.0502  0.0526  0.0488  0.0478  0.0492  0.0490
  0.0483  0.0483  0.0479  0.0477  0.0475  0.0474
  0.0513  0.0486  0.0508  0.0495  0.0480  0.0487
  0.0564  0.0524  0.0547  0.0525  0.0502  0.0518
  0.0621  0.0575  0.0591  0.0555  0.0543  0.0559
niter,ni,del,rscale     5    3   12.0000    1.2000
parameters
    5.9343   35.5051   10.0022   -3.2829    1.6089   -3.6817
eta,q 0.95266 11.35472
  0.0616  0.0623  0.0583  0.0540  0.0549  0.0548
  0.0545  0.0563  0.0535  0.0503  0.0520  0.0517
  0.0491  0.0500  0.0486  0.0480  0.0488  0.0490
  0.0475  0.0474  0.0474  0.0474  0.0473  0.0473
  0.0505  0.0497  0.0501  0.0488  0.0482  0.0482
  0.0557  0.0541  0.0539  0.0514  0.0507  0.0513
  0.0618  0.0602  0.0584  0.0545  0.0553  0.0555
niter,ni,del,rscale     4    3   12.0000    1.2000
parameters
    5.8903   35.5887    9.9692   -3.3520    1.6398   -3.6860
eta,q 0.95269 11.35471
  0.0619  0.0618  0.0583  0.0544  0.0549  0.0548
  0.0547  0.0555  0.0535  0.0505  0.0519  0.0517
  0.0491  0.0495  0.0487  0.0481  0.0487  0.0490
  0.0473  0.0473  0.0473  0.0473  0.0473  0.0473
  0.0502  0.0501  0.0499  0.0486  0.0482  0.0482
  0.0555  0.0547  0.0537  0.0512  0.0508  0.0512
  0.0616  0.0611  0.0582  0.0542  0.0556  0.0555
niter,ni,del,rscale     3    3   12.0000    1.2000
parameters
    5.8749   35.6104    9.9545   -3.3728    1.6499   -3.6859
eta,q 0.95270 11.35447
  0.0621  0.0617  0.0584  0.0545  0.0548  0.0548
  0.0548  0.0553  0.0536  0.0505  0.0519  0.0517
  0.0492  0.0493  0.0487  0.0481  0.0487  0.0490
  0.0473  0.0473  0.0473  0.0473  0.0473  0.0473
  0.0501  0.0503  0.0498  0.0486  0.0482  0.0481
  0.0555  0.0549  0.0536  0.0511  0.0508  0.0512
  0.0616  0.0614  0.0581  0.0541  0.0556  0.0554
registration optimization eta report
parameter search radius
    6.0000    6.9000    6.0000    6.0000    6.0000    6.9000
100000*second partial in parameter space
       39.       29.       29.       19.       22.       16.
  0.0621  0.0617  0.0584  0.0545  0.0548  0.0548
  0.0548  0.0553  0.0536  0.0505  0.0519  0.0517
  0.0492  0.0493  0.0487  0.0481  0.0487  0.0490
  0.0473  0.0473  0.0473  0.0473  0.0473  0.0473
  0.0501  0.0503  0.0498  0.0486  0.0482  0.0481
  0.0555  0.0549  0.0536  0.0511  0.0508  0.0512
  0.0616  0.0614  0.0581  0.0541  0.0556  0.0554
    5.8749   35.6104    9.9545   -3.3728    1.6499   -3.6859
eta,q 0.95270 11.35447

---------------------------------------------------------------------
imgreg_4dfp /home/aracena/freesurfer/average/711-2C_as_mni_average_305 /home/aracena/freesurfer/average/711-2B_as_mni_average_305_mask talsrcimg_g11 none talsrcimg_to_711-2C_as_mni_average_305_t4 3335
---------------------------------------------------------------------

freesurfer imgreg_4dfp.c
/home/aracena/freesurfer/average/711-2C_as_mni_average_305.4dfp.img
       256       256       256         1
  1.000000  1.000000  1.000000
orientation T byte_order littleendian
Reading image: /home/aracena/freesurfer/average/711-2C_as_mni_average_305.4dfp.img
dimensions:      256       256       256
mmppix:       1.0000   -1.0000   -1.0000
center:     128.0000 -129.0000 -129.0000
/home/aracena/freesurfer/average/711-2B_as_mni_average_305_mask.4dfp.img
       256       256       256         1
  1.000000  1.000000  1.000000
orientation T byte_order littleendian
Reading mask: /home/aracena/freesurfer/average/711-2B_as_mni_average_305_mask.4dfp.img (2306576 pixels)
talsrcimg_g11.4dfp.img
       256       256       256         1
  1.000000  1.000000  1.000000
orientation T byte_order littleendian
Reading image: talsrcimg_g11.4dfp.img
dimensions:      256       256       256
mmppix:       1.0000   -1.0000   -1.0000
center:     128.0000 -129.0000 -129.0000
fimgreg.f
image alignment mode   3335 decimal      D07 hex
parameters
    5.8749   35.6104    9.9545   -0.2482   -0.3906   -0.2146
    6.5866   -2.4902   -6.4260    6.0558    2.8793   -5.8808
eta,q 0.95278 11.38143
niter,ni,del,rscale     5    3    5.0000    1.2000
parameter  5  0.503396 ->  0.500000 qaram    1.1500
parameters
    5.5978   35.8154    9.8424    1.8804   -4.5306   -1.1059
    5.3077   -0.7418   -5.9032    6.9751    4.1296   -7.0459
eta,q 0.95452 11.33826
  0.0492  0.0492  0.0488  0.0531  0.0467  0.0496  0.0478  0.0525  0.0479  0.0490  0.0482  0.0465
  0.0480  0.0482  0.0479  0.0507  0.0462  0.0478  0.0467  0.0500  0.0467  0.0474  0.0470  0.0459
  0.0473  0.0475  0.0473  0.0487  0.0462  0.0465  0.0461  0.0477  0.0460  0.0462  0.0461  0.0455
  0.0472  0.0472  0.0472  0.0472  0.0467  0.0462  0.0461  0.0460  0.0456  0.0456  0.0456  0.0455
  0.0477  0.0473  0.0474  0.0467  0.0476  0.0471  0.0468  0.0457  0.0458  0.0457  0.0456  0.0459
  0.0488  0.0478  0.0481  0.0475  0.0490  0.0493  0.0479  0.0467  0.0464  0.0464  0.0460  0.0466
  0.0503  0.0486  0.0491  0.0490  0.0509  0.0520  0.0494  0.0487  0.0473  0.0477  0.0469  0.0475
niter,ni,del,rscale     5    3    5.0000    1.2000
parameters
    5.9263   35.1110    9.5828    3.0562   -4.8576   -1.4305
    5.3387   -0.7983   -5.9262    7.0504    4.4231   -7.1254
eta,q 0.95484 11.33200
  0.0492  0.0461  0.0468  0.0512  0.0479  0.0497  0.0477  0.0500  0.0472  0.0481  0.0473  0.0467
  0.0474  0.0455  0.0458  0.0487  0.0462  0.0475  0.0463  0.0476  0.0460  0.0466  0.0462  0.0459
  0.0461  0.0453  0.0453  0.0465  0.0453  0.0459  0.0454  0.0458  0.0454  0.0455  0.0455  0.0454
  0.0455  0.0454  0.0453  0.0452  0.0452  0.0452  0.0452  0.0452  0.0452  0.0452  0.0452  0.0452
  0.0455  0.0459  0.0456  0.0454  0.0456  0.0459  0.0455  0.0458  0.0454  0.0455  0.0453  0.0453
  0.0463  0.0468  0.0464  0.0466  0.0466  0.0480  0.0463  0.0476  0.0461  0.0465  0.0460  0.0459
  0.0477  0.0480  0.0475  0.0484  0.0483  0.0507  0.0477  0.0502  0.0472  0.0480  0.0470  0.0467
niter,ni,del,rscale     4    3    5.0000    1.2000
parameters
    5.9303   35.0210    9.5710    3.3589   -4.9751   -1.5358
    5.3304   -0.8830   -5.9054    7.0583    4.5186   -7.0959
eta,q 0.95482 11.33083
  0.0481  0.0468  0.0470  0.0502  0.0481  0.0499  0.0477  0.0499  0.0472  0.0481  0.0472  0.0467
  0.0465  0.0458  0.0460  0.0477  0.0464  0.0477  0.0463  0.0476  0.0461  0.0466  0.0461  0.0459
  0.0455  0.0453  0.0454  0.0458  0.0454  0.0460  0.0454  0.0458  0.0454  0.0455  0.0454  0.0454
  0.0452  0.0452  0.0452  0.0452  0.0452  0.0452  0.0452  0.0452  0.0452  0.0452  0.0452  0.0452
  0.0455  0.0454  0.0454  0.0458  0.0456  0.0458  0.0455  0.0458  0.0454  0.0455  0.0454  0.0454
  0.0465  0.0460  0.0460  0.0472  0.0465  0.0477  0.0463  0.0476  0.0461  0.0465  0.0461  0.0459
  0.0481  0.0470  0.0470  0.0493  0.0482  0.0504  0.0477  0.0502  0.0472  0.0481  0.0471  0.0467
niter,ni,del,rscale     3    3    5.0000    1.2000
parameters
    5.9241   34.9934    9.5733    3.4509   -5.0063   -1.5741
    5.3101   -0.9226   -5.8942    7.0424    4.5527   -7.0672
eta,q 0.95481 11.33055
  0.0481  0.0469  0.0471  0.0499  0.0482  0.0500  0.0477  0.0499  0.0472  0.0481  0.0471  0.0467
  0.0465  0.0459  0.0460  0.0475  0.0464  0.0478  0.0463  0.0476  0.0461  0.0466  0.0461  0.0459
  0.0455  0.0453  0.0454  0.0456  0.0454  0.0461  0.0454  0.0459  0.0454  0.0455  0.0454  0.0454
  0.0452  0.0452  0.0452  0.0452  0.0452  0.0452  0.0452  0.0452  0.0452  0.0452  0.0452  0.0452
  0.0455  0.0454  0.0454  0.0459  0.0456  0.0458  0.0455  0.0458  0.0454  0.0455  0.0454  0.0454
  0.0465  0.0460  0.0461  0.0474  0.0465  0.0476  0.0464  0.0476  0.0461  0.0466  0.0461  0.0459
  0.0481  0.0469  0.0470  0.0495  0.0481  0.0503  0.0477  0.0501  0.0472  0.0481  0.0471  0.0467
niter,ni,del,rscale     2    3    5.0000    1.2000
parameters
    5.9212   34.9806    9.5752    3.4799   -5.0166   -1.5880
    5.3035   -0.9401   -5.8943    7.0349    4.5691   -7.0504
eta,q 0.95481 11.33040
  0.0481  0.0469  0.0471  0.0498  0.0482  0.0500  0.0477  0.0500  0.0472  0.0481  0.0471  0.0467
  0.0465  0.0459  0.0460  0.0474  0.0464  0.0478  0.0463  0.0476  0.0461  0.0466  0.0461  0.0459
  0.0455  0.0454  0.0454  0.0456  0.0454  0.0461  0.0454  0.0459  0.0454  0.0455  0.0454  0.0454
  0.0452  0.0452  0.0452  0.0452  0.0452  0.0452  0.0452  0.0452  0.0452  0.0452  0.0452  0.0452
  0.0455  0.0454  0.0454  0.0460  0.0456  0.0457  0.0455  0.0458  0.0454  0.0455  0.0454  0.0454
  0.0465  0.0460  0.0461  0.0475  0.0465  0.0476  0.0464  0.0476  0.0461  0.0466  0.0461  0.0459
  0.0481  0.0469  0.0470  0.0496  0.0481  0.0503  0.0477  0.0501  0.0472  0.0481  0.0471  0.0467
registration optimization eta report
parameter search radius
    2.4000    2.4000    2.4000    7.2000    8.2800    7.2000
    7.2000    7.2000    7.2000    7.2000    7.2000    7.2000
100000*second partial in parameter space
       50.       30.       32.        9.        4.        9.
        5.        9.        4.        6.        4.        3.
  0.0481  0.0469  0.0471  0.0498  0.0482  0.0500  0.0477  0.0500  0.0472  0.0481  0.0471  0.0467
  0.0465  0.0459  0.0460  0.0474  0.0464  0.0478  0.0463  0.0476  0.0461  0.0466  0.0461  0.0459
  0.0455  0.0454  0.0454  0.0456  0.0454  0.0461  0.0454  0.0459  0.0454  0.0455  0.0454  0.0454
  0.0452  0.0452  0.0452  0.0452  0.0452  0.0452  0.0452  0.0452  0.0452  0.0452  0.0452  0.0452
  0.0455  0.0454  0.0454  0.0460  0.0456  0.0457  0.0455  0.0458  0.0454  0.0455  0.0454  0.0454
  0.0465  0.0460  0.0461  0.0475  0.0465  0.0476  0.0464  0.0476  0.0461  0.0466  0.0461  0.0459
  0.0481  0.0469  0.0470  0.0496  0.0481  0.0503  0.0477  0.0501  0.0472  0.0481  0.0471  0.0467
    5.9212   34.9806    9.5752    3.4799   -5.0166   -1.5880
    5.3035   -0.9401   -5.8943    7.0349    4.5691   -7.0504
eta,q 0.95481 11.33040

---------------------------------------------------------------------
imgreg_4dfp /home/aracena/freesurfer/average/711-2C_as_mni_average_305 /home/aracena/freesurfer/average/711-2B_as_mni_average_305_mask talsrcimg_g11 none talsrcimg_to_711-2C_as_mni_average_305_t4 2311
---------------------------------------------------------------------

freesurfer imgreg_4dfp.c
/home/aracena/freesurfer/average/711-2C_as_mni_average_305.4dfp.img
       256       256       256         1
  1.000000  1.000000  1.000000
orientation T byte_order littleendian
Reading image: /home/aracena/freesurfer/average/711-2C_as_mni_average_305.4dfp.img
dimensions:      256       256       256
mmppix:       1.0000   -1.0000   -1.0000
center:     128.0000 -129.0000 -129.0000
/home/aracena/freesurfer/average/711-2B_as_mni_average_305_mask.4dfp.img
       256       256       256         1
  1.000000  1.000000  1.000000
orientation T byte_order littleendian
Reading mask: /home/aracena/freesurfer/average/711-2B_as_mni_average_305_mask.4dfp.img (2306576 pixels)
talsrcimg_g11.4dfp.img
       256       256       256         1
  1.000000  1.000000  1.000000
orientation T byte_order littleendian
Reading image: talsrcimg_g11.4dfp.img
dimensions:      256       256       256
mmppix:       1.0000   -1.0000   -1.0000
center:     128.0000 -129.0000 -129.0000
fimgreg.f
image alignment mode   2311 decimal      907 hex
parameters
    5.9212   34.9806    9.5752    3.4799   -5.0166   -1.5880
    5.3035   -0.9401   -5.8943    7.0349    4.5691   -7.0504
eta,q 0.95481 11.33041
niter,ni,del,rscale     5    3    5.0000    0.8000
parameters
    5.9176   34.9589    9.5608    3.3227   -5.1829   -1.3598
    5.2450   -0.8753   -5.8856    7.0567    4.5140   -7.2002
eta,q 0.95485 11.32907
  0.0465  0.0459  0.0460  0.0474  0.0461  0.0479  0.0463  0.0476  0.0461  0.0466  0.0461  0.0458
  0.0458  0.0455  0.0456  0.0461  0.0455  0.0466  0.0456  0.0464  0.0456  0.0458  0.0456  0.0455
  0.0453  0.0453  0.0453  0.0453  0.0452  0.0457  0.0453  0.0455  0.0453  0.0453  0.0453  0.0452
  0.0452  0.0452  0.0452  0.0452  0.0452  0.0452  0.0452  0.0452  0.0452  0.0452  0.0451  0.0452
  0.0453  0.0453  0.0453  0.0456  0.0453  0.0453  0.0453  0.0454  0.0452  0.0453  0.0453  0.0452
  0.0458  0.0455  0.0456  0.0464  0.0457  0.0462  0.0457  0.0462  0.0456  0.0458  0.0456  0.0455
  0.0465  0.0460  0.0461  0.0475  0.0462  0.0475  0.0463  0.0475  0.0461  0.0465  0.0461  0.0459
niter,ni,del,rscale     4    3    5.0000    0.7000
parameters
    5.9141   34.9374    9.5932    3.2182   -5.3087   -1.2267
    5.2316   -0.8503   -5.8711    7.0845    4.4911   -7.2360
eta,q 0.95486 11.32823
  0.0462  0.0457  0.0458  0.0469  0.0459  0.0472  0.0460  0.0471  0.0458  0.0462  0.0458  0.0457
  0.0456  0.0454  0.0455  0.0459  0.0454  0.0462  0.0455  0.0461  0.0455  0.0456  0.0455  0.0454
  0.0453  0.0452  0.0452  0.0452  0.0452  0.0455  0.0452  0.0454  0.0452  0.0453  0.0452  0.0452
  0.0452  0.0452  0.0452  0.0452  0.0451  0.0451  0.0451  0.0451  0.0451  0.0451  0.0451  0.0451
  0.0453  0.0452  0.0452  0.0455  0.0453  0.0453  0.0452  0.0454  0.0452  0.0453  0.0452  0.0452
  0.0456  0.0454  0.0454  0.0461  0.0455  0.0460  0.0455  0.0460  0.0454  0.0456  0.0455  0.0454
  0.0462  0.0458  0.0458  0.0469  0.0459  0.0471  0.0460  0.0470  0.0458  0.0462  0.0459  0.0457
niter,ni,del,rscale     3    3    5.0000    0.6000
parameters
    5.9147   34.9239    9.6189    3.1345   -5.4038   -1.1327
    5.2174   -0.8331   -5.8490    7.0906    4.4903   -7.2443
eta,q 0.95487 11.32762
  0.0459  0.0456  0.0456  0.0465  0.0457  0.0467  0.0458  0.0466  0.0456  0.0459  0.0457  0.0455
  0.0455  0.0453  0.0454  0.0457  0.0454  0.0459  0.0454  0.0458  0.0454  0.0455  0.0454  0.0453
  0.0452  0.0452  0.0452  0.0452  0.0452  0.0454  0.0452  0.0453  0.0452  0.0452  0.0452  0.0452
  0.0451  0.0451  0.0451  0.0451  0.0451  0.0451  0.0451  0.0451  0.0451  0.0451  0.0451  0.0451
  0.0452  0.0452  0.0452  0.0454  0.0452  0.0453  0.0452  0.0453  0.0452  0.0452  0.0452  0.0452
  0.0455  0.0453  0.0453  0.0458  0.0454  0.0458  0.0454  0.0458  0.0453  0.0455  0.0454  0.0453
  0.0459  0.0456  0.0456  0.0465  0.0457  0.0466  0.0458  0.0466  0.0456  0.0459  0.0457  0.0455
niter,ni,del,rscale     2    3    5.0000    0.5000
parameters
    5.9154   34.9165    9.6370    3.0623   -5.4762   -1.0623
    5.1929   -0.8311   -5.8257    7.0773    4.4993   -7.2168
eta,q 0.95488 11.32714
  0.0456  0.0454  0.0455  0.0461  0.0455  0.0463  0.0456  0.0462  0.0455  0.0457  0.0455  0.0454
  0.0453  0.0452  0.0453  0.0455  0.0453  0.0457  0.0453  0.0456  0.0453  0.0454  0.0453  0.0453
  0.0452  0.0452  0.0452  0.0452  0.0452  0.0453  0.0452  0.0452  0.0452  0.0452  0.0452  0.0452
  0.0451  0.0451  0.0451  0.0451  0.0451  0.0451  0.0451  0.0451  0.0451  0.0451  0.0451  0.0451
  0.0452  0.0452  0.0452  0.0453  0.0452  0.0452  0.0452  0.0452  0.0452  0.0452  0.0452  0.0451
  0.0454  0.0453  0.0453  0.0456  0.0453  0.0456  0.0453  0.0456  0.0453  0.0454  0.0453  0.0452
  0.0456  0.0454  0.0455  0.0461  0.0455  0.0462  0.0456  0.0461  0.0455  0.0457  0.0455  0.0454
niter,ni,del,rscale     1    3    5.0000    0.4000
parameters
    5.9187   34.9007    9.6548    2.9992   -5.5166   -1.0104
    5.1818   -0.8399   -5.8118    7.0748    4.5154   -7.1902
eta,q 0.95489 11.32684
  0.0455  0.0453  0.0453  0.0457  0.0454  0.0459  0.0454  0.0458  0.0453  0.0455  0.0454  0.0453
  0.0453  0.0452  0.0452  0.0454  0.0452  0.0455  0.0452  0.0454  0.0452  0.0453  0.0452  0.0452
  0.0451  0.0451  0.0451  0.0452  0.0451  0.0452  0.0451  0.0452  0.0451  0.0451  0.0451  0.0451
  0.0451  0.0451  0.0451  0.0451  0.0451  0.0451  0.0451  0.0451  0.0451  0.0451  0.0451  0.0451
  0.0452  0.0451  0.0451  0.0452  0.0452  0.0452  0.0451  0.0452  0.0451  0.0452  0.0451  0.0451
  0.0453  0.0452  0.0452  0.0454  0.0452  0.0454  0.0453  0.0454  0.0452  0.0453  0.0452  0.0452
  0.0454  0.0453  0.0453  0.0458  0.0454  0.0458  0.0454  0.0458  0.0453  0.0455  0.0454  0.0453
registration optimization eta report
parameter search radius
    0.8000    0.8000    0.8000    2.4000    2.4000    2.4000
    2.4000    2.4000    2.4000    2.4000    2.4000    2.4000
100000*second partial in parameter space
       53.       31.       35.       11.        5.       13.
        5.       12.        4.        6.        4.        3.
  0.0455  0.0453  0.0453  0.0457  0.0454  0.0459  0.0454  0.0458  0.0453  0.0455  0.0454  0.0453
  0.0453  0.0452  0.0452  0.0454  0.0452  0.0455  0.0452  0.0454  0.0452  0.0453  0.0452  0.0452
  0.0451  0.0451  0.0451  0.0452  0.0451  0.0452  0.0451  0.0452  0.0451  0.0451  0.0451  0.0451
  0.0451  0.0451  0.0451  0.0451  0.0451  0.0451  0.0451  0.0451  0.0451  0.0451  0.0451  0.0451
  0.0452  0.0451  0.0451  0.0452  0.0452  0.0452  0.0451  0.0452  0.0451  0.0452  0.0451  0.0451
  0.0453  0.0452  0.0452  0.0454  0.0452  0.0454  0.0453  0.0454  0.0452  0.0453  0.0452  0.0452
  0.0454  0.0453  0.0453  0.0458  0.0454  0.0458  0.0454  0.0458  0.0453  0.0455  0.0454  0.0453
    5.9187   34.9007    9.6548    2.9992   -5.5166   -1.0104
    5.1818   -0.8399   -5.8118    7.0748    4.5154   -7.1902
eta,q 0.95489 11.32684

---------------------------------------------------------------------
imgreg_4dfp /home/aracena/freesurfer/average/711-2C_as_mni_average_305 /home/aracena/freesurfer/average/711-2B_as_mni_average_305_mask talsrcimg_g11 none talsrcimg_to_711-2C_as_mni_average_305_t4 2311
---------------------------------------------------------------------

freesurfer imgreg_4dfp.c
/home/aracena/freesurfer/average/711-2C_as_mni_average_305.4dfp.img
       256       256       256         1
  1.000000  1.000000  1.000000
orientation T byte_order littleendian
Reading image: /home/aracena/freesurfer/average/711-2C_as_mni_average_305.4dfp.img
dimensions:      256       256       256
mmppix:       1.0000   -1.0000   -1.0000
center:     128.0000 -129.0000 -129.0000
/home/aracena/freesurfer/average/711-2B_as_mni_average_305_mask.4dfp.img
       256       256       256         1
  1.000000  1.000000  1.000000
orientation T byte_order littleendian
Reading mask: /home/aracena/freesurfer/average/711-2B_as_mni_average_305_mask.4dfp.img (2306576 pixels)
talsrcimg_g11.4dfp.img
       256       256       256         1
  1.000000  1.000000  1.000000
orientation T byte_order littleendian
Reading image: talsrcimg_g11.4dfp.img
dimensions:      256       256       256
mmppix:       1.0000   -1.0000   -1.0000
center:     128.0000 -129.0000 -129.0000
fimgreg.f
image alignment mode   2311 decimal      907 hex
parameters
    5.9187   34.9007    9.6548    2.9992   -5.5166   -1.0104
    5.1818   -0.8399   -5.8118    7.0748    4.5154   -7.1902
eta,q 0.95489 11.32684
niter,ni,del,rscale     5    3    5.0000    0.8000
parameters
    5.9145   34.9067    9.6754    3.2075   -5.4266   -1.1872
    5.2346   -0.8629   -5.8712    7.0857    4.4900   -7.1806
eta,q 0.95487 11.32776
  0.0464  0.0459  0.0460  0.0477  0.0462  0.0475  0.0463  0.0475  0.0460  0.0465  0.0460  0.0458
  0.0457  0.0455  0.0455  0.0463  0.0456  0.0463  0.0457  0.0463  0.0455  0.0458  0.0455  0.0455
  0.0453  0.0452  0.0452  0.0454  0.0452  0.0454  0.0453  0.0454  0.0452  0.0453  0.0452  0.0452
  0.0451  0.0451  0.0451  0.0451  0.0451  0.0451  0.0451  0.0451  0.0451  0.0451  0.0451  0.0451
  0.0453  0.0452  0.0452  0.0454  0.0453  0.0455  0.0453  0.0454  0.0452  0.0453  0.0452  0.0452
  0.0457  0.0455  0.0455  0.0461  0.0456  0.0465  0.0456  0.0463  0.0455  0.0458  0.0456  0.0454
  0.0465  0.0459  0.0460  0.0472  0.0461  0.0480  0.0462  0.0476  0.0461  0.0465  0.0461  0.0458
niter,ni,del,rscale     4    3    5.0000    0.7000
parameters
    5.9164   34.9145    9.6418    3.2054   -5.4085   -1.1811
    5.2382   -0.8433   -5.8692    7.0820    4.4816   -7.2120
eta,q 0.95487 11.32776
  0.0461  0.0457  0.0458  0.0470  0.0459  0.0471  0.0460  0.0471  0.0458  0.0462  0.0458  0.0457
  0.0456  0.0454  0.0454  0.0459  0.0455  0.0461  0.0455  0.0460  0.0455  0.0456  0.0455  0.0454
  0.0452  0.0452  0.0452  0.0453  0.0452  0.0454  0.0452  0.0454  0.0452  0.0452  0.0452  0.0452
  0.0451  0.0451  0.0451  0.0451  0.0451  0.0451  0.0451  0.0451  0.0451  0.0451  0.0451  0.0451
  0.0452  0.0452  0.0452  0.0454  0.0452  0.0453  0.0452  0.0454  0.0452  0.0453  0.0452  0.0452
  0.0456  0.0454  0.0454  0.0460  0.0455  0.0461  0.0455  0.0460  0.0454  0.0456  0.0455  0.0454
  0.0461  0.0457  0.0458  0.0469  0.0459  0.0472  0.0460  0.0470  0.0458  0.0462  0.0459  0.0457
niter,ni,del,rscale     3    3    5.0000    0.6000
parameters
    5.9163   34.9138    9.6399    3.1387   -5.4398   -1.1202
    5.2243   -0.8305   -5.8544    7.0874    4.4853   -7.2225
eta,q 0.95488 11.32748
  0.0459  0.0456  0.0456  0.0465  0.0457  0.0467  0.0458  0.0466  0.0456  0.0459  0.0457  0.0455
  0.0455  0.0453  0.0454  0.0457  0.0454  0.0459  0.0454  0.0458  0.0454  0.0455  0.0454  0.0453
  0.0452  0.0452  0.0452  0.0452  0.0452  0.0454  0.0452  0.0453  0.0452  0.0452  0.0452  0.0452
  0.0451  0.0451  0.0451  0.0451  0.0451  0.0451  0.0451  0.0451  0.0451  0.0451  0.0451  0.0451
  0.0452  0.0452  0.0452  0.0454  0.0452  0.0453  0.0452  0.0453  0.0452  0.0452  0.0452  0.0452
  0.0455  0.0453  0.0454  0.0458  0.0454  0.0458  0.0454  0.0458  0.0454  0.0455  0.0454  0.0453
  0.0459  0.0456  0.0456  0.0465  0.0457  0.0466  0.0458  0.0466  0.0456  0.0459  0.0457  0.0455
niter,ni,del,rscale     2    3    5.0000    0.5000
parameters
    5.9196   34.9037    9.6455    3.0667   -5.4938   -1.0554
    5.2096   -0.8276   -5.8284    7.0781    4.4956   -7.2039
eta,q 0.95488 11.32703
  0.0457  0.0454  0.0455  0.0461  0.0455  0.0463  0.0456  0.0462  0.0455  0.0457  0.0455  0.0454
  0.0454  0.0453  0.0453  0.0455  0.0453  0.0457  0.0453  0.0456  0.0453  0.0454  0.0453  0.0453
  0.0452  0.0452  0.0452  0.0452  0.0452  0.0453  0.0452  0.0452  0.0452  0.0452  0.0452  0.0452
  0.0451  0.0451  0.0451  0.0451  0.0451  0.0451  0.0451  0.0451  0.0451  0.0451  0.0451  0.0451
  0.0452  0.0452  0.0452  0.0453  0.0452  0.0452  0.0452  0.0452  0.0452  0.0452  0.0452  0.0451
  0.0454  0.0453  0.0453  0.0456  0.0453  0.0456  0.0453  0.0456  0.0453  0.0454  0.0453  0.0452
  0.0456  0.0454  0.0455  0.0461  0.0455  0.0462  0.0456  0.0461  0.0455  0.0457  0.0455  0.0454
niter,ni,del,rscale     1    3    5.0000    0.4000
parameters
    5.9188   34.8943    9.6591    2.9972   -5.5277   -1.0078
    5.1907   -0.8400   -5.8145    7.0678    4.5203   -7.1732
eta,q 0.95488 11.32681
  0.0455  0.0453  0.0453  0.0457  0.0454  0.0459  0.0454  0.0458  0.0453  0.0455  0.0454  0.0453
  0.0453  0.0452  0.0452  0.0454  0.0452  0.0455  0.0452  0.0454  0.0452  0.0453  0.0452  0.0452
  0.0452  0.0451  0.0451  0.0452  0.0451  0.0452  0.0451  0.0452  0.0451  0.0451  0.0451  0.0451
  0.0451  0.0451  0.0451  0.0451  0.0451  0.0451  0.0451  0.0451  0.0451  0.0451  0.0451  0.0451
  0.0452  0.0451  0.0451  0.0452  0.0451  0.0452  0.0452  0.0452  0.0451  0.0452  0.0451  0.0451
  0.0453  0.0452  0.0452  0.0454  0.0452  0.0454  0.0453  0.0454  0.0452  0.0453  0.0452  0.0452
  0.0455  0.0453  0.0453  0.0458  0.0454  0.0458  0.0454  0.0458  0.0453  0.0455  0.0454  0.0453
registration optimization eta report
parameter search radius
    0.8000    0.8000    0.8000    2.4000    2.4000    2.4000
    2.4000    2.4000    2.4000    2.4000    2.4000    2.4000
100000*second partial in parameter space
       53.       31.       35.       11.        5.       13.
        5.       12.        4.        6.        4.        3.
  0.0455  0.0453  0.0453  0.0457  0.0454  0.0459  0.0454  0.0458  0.0453  0.0455  0.0454  0.0453
  0.0453  0.0452  0.0452  0.0454  0.0452  0.0455  0.0452  0.0454  0.0452  0.0453  0.0452  0.0452
  0.0452  0.0451  0.0451  0.0452  0.0451  0.0452  0.0451  0.0452  0.0451  0.0451  0.0451  0.0451
  0.0451  0.0451  0.0451  0.0451  0.0451  0.0451  0.0451  0.0451  0.0451  0.0451  0.0451  0.0451
  0.0452  0.0451  0.0451  0.0452  0.0451  0.0452  0.0452  0.0452  0.0451  0.0452  0.0451  0.0451
  0.0453  0.0452  0.0452  0.0454  0.0452  0.0454  0.0453  0.0454  0.0452  0.0453  0.0452  0.0452
  0.0455  0.0453  0.0453  0.0458  0.0454  0.0458  0.0454  0.0458  0.0453  0.0455  0.0454  0.0453
    5.9188   34.8943    9.6591    2.9972   -5.5277   -1.0078
    5.1907   -0.8400   -5.8145    7.0678    4.5203   -7.1732
eta,q 0.95488 11.32681

---------------------------------------------------------------------
compute_vox2vox talsrcimg talsrcimg_to_711-2C_as_mni_average_305_t4 /home/aracena/freesurfer/average/711-2C_as_mni_average_305
---------------------------------------------------------------------

freesurfer compute_vox2vox.c
Reading: talsrcimg.4dfp.ifh
Reading: talsrcimg_to_711-2C_as_mni_average_305_t4
Reading: /home/aracena/freesurfer/average/711-2C_as_mni_average_305.4dfp.ifh
Writing: talsrcimg_to_711-2C_as_mni_average_305_t4_vox2vox.txt

start time lun 27 dic 2021 16:35:46 -03
end		time lun 27 dic 2021 16:36:19 -03

mpr2mni305 success

avi2talxfm orig_nu.mgz /home/aracena/freesurfer/average/mni305.cor.mgz talsrcimg_to_711-2C_as_mni_average_305_t4_vox2vox.txt transforms/talairach.auto.xfm
avi2talxfm done
lta_convert --src orig_nu.mgz --trg /home/aracena/freesurfer/average/mni305.cor.mgz --inxfm transforms/talairach.auto.xfm --outlta transforms/talairach.auto.xfm.lta --subject fsaverage
7.2.0

--src: orig_nu.mgz src image (geometry).
--trg: /home/aracena/freesurfer/average/mni305.cor.mgz trg image (geometry).
--inmni: transforms/talairach.auto.xfm input MNI/XFM transform.
--outlta: transforms/talairach.auto.xfm.lta output LTA.
--s: fsaverage subject name
 LTA read, type : 1
 0.96743   0.01194  -0.05225   2.52242;
-0.03965   1.00424   0.07843   3.09132;
 0.06251  -0.07440   1.04943  -10.28238;
 0.00000   0.00000   0.00000   1.00000;
setting subject to fsaverage
Writing  LTA to file transforms/talairach.auto.xfm.lta...
lta_convert successful.
 
 
Started at lun 27 dic 2021 16:35:45 -03
Ended   at lun 27 dic 2021 16:36:19 -03
talairach_avi done
