/opt/home/aracena/thesis_practica/tips_nibabel/3_recon-all_freesurfer/output/freesurfer/sub-09/mri
/home/aracena/freesurfer/bin/talairach_avi
--i orig_nu.mgz --xfm transforms/talairach.auto.xfm
talairach_avi 7.2.0
Linux daniela-MS-7760 5.11.0-41-generic #45-Ubuntu SMP Fri Nov 5 11:37:01 UTC 2021 x86_64 x86_64 x86_64 GNU/Linux
mar 28 dic 2021 13:35:08 -03
mri_convert orig_nu.mgz talsrcimg.img 
reading from orig_nu.mgz...
TR=0.00, TE=0.00, TI=0.00, flip angle=0.00
i_ras = (-1, 0, 3.72529e-09)
j_ras = (-3.72529e-09, 6.98492e-10, -1)
k_ras = (0, 1, 2.56114e-09)
writing to talsrcimg.img...
Analyze Output Matrix
-1.00000  -0.00000   0.00000   131.94110;
 0.00000   0.00000   1.00000  -144.02321;
 0.00000  -1.00000   0.00000   93.35336;
 0.00000   0.00000   0.00000   1.00000;
--------------------
INFO: set hdr.hist.orient to -1
mpr2mni305 talsrcimg
mar 28 dic 2021 13:35:09 -03
/home/aracena/freesurfer/bin/mpr2mni305 talsrcimg
mpr2mni305 7.2.0
target=711-2C_as_mni_average_305

---------------------------------------------------------------------
analyzeto4dfp talsrcimg -O0 -y
---------------------------------------------------------------------

freesurfer ifh2hdr.c
Tue Dec 28 13:35:09 2021
Writing: talsrcimg.4dfp.hdr
freesurfer analyzeto4dfp.c
Reading: talsrcimg.hdr
header size 348 bytes
hdr.dime.datatype	offset=70	value=2
hdr.dime.bitpix		offset=72	value=8
hdr.hist.orient		offset=252	value=-1
dimensionality     4
dimensions       256       256       256         1
Reading: talsrcimg.img
Writing: talsrcimg.4dfp.img
Writing: talsrcimg.4dfp.ifh
ifh2hdr talsrcimg -r0to255
ori=2

---------------------------------------------------------------------
gauss_4dfp talsrcimg 1.1
---------------------------------------------------------------------

freesurfer gauss_4dfp.c
Reading: talsrcimg.4dfp.img
Writing: talsrcimg_g11.4dfp.img
image dimensions 256 256 256 padded to 288 288 288
processing volume 1freesurfer ifh2hdr.c
Tue Dec 28 13:35:19 2021
Writing: talsrcimg_g11.4dfp.hdr

Writing: talsrcimg_g11.4dfp.ifh
including: talsrcimg.4dfp.img.rec in talsrcimg_g11.4dfp.img.rec

---------------------------------------------------------------------
imgreg_4dfp /home/aracena/freesurfer/average/711-2C_as_mni_average_305 none talsrcimg_g11 none talsrcimg_to_711-2C_as_mni_average_305_t4 4355
---------------------------------------------------------------------

freesurfer imgreg_4dfp.c
/home/aracena/freesurfer/average/711-2C_as_mni_average_305.4dfp.img
       256       256       256         1
  1.000000  1.000000  1.000000
orientation T byte_order littleendian
Reading image: /home/aracena/freesurfer/average/711-2C_as_mni_average_305.4dfp.img
dimensions:      256       256       256
mmppix:       1.0000   -1.0000   -1.0000
center:     128.0000 -129.0000 -129.0000
talsrcimg_g11.4dfp.img
       256       256       256         1
  1.000000  1.000000  1.000000
orientation T byte_order littleendian
Reading image: talsrcimg_g11.4dfp.img
dimensions:      256       256       256
mmppix:       1.0000   -1.0000   -1.0000
center:     128.0000 -129.0000 -129.0000
t4_read: open error in t4_sub.f l:  41 t4_file(1:l)talsrcimg_to_711-2C_as_mni_average_305_t4 
t4_read: transform initialized to I4
rotation matrix determinant  1.000000
image alignment mode   4355 decimal     1103 hex
   -7.5000  -45.0000  -45.0000 6920.1460   10.2011
    0.0000  -45.0000  -45.0000 7167.6045   10.1968
    7.5000  -45.0000  -45.0000 6854.5933   10.1963
   -7.5000  -37.5000  -45.0000 7338.4844    9.8261
    0.0000  -37.5000  -45.0000 7599.1650    9.8193
    7.5000  -37.5000  -45.0000 7266.7036    9.8178
   -7.5000  -30.0000  -45.0000 7973.5146    9.5095
    0.0000  -30.0000  -45.0000 8268.1699    9.5048
    7.5000  -30.0000  -45.0000 7901.2886    9.5046
   -7.5000  -22.5000  -45.0000 8681.6826    9.3223
    0.0000  -22.5000  -45.0000 9008.6191    9.3209
    7.5000  -22.5000  -45.0000 8613.7852    9.3204
   -7.5000  -15.0000  -45.0000 9408.4561    9.2315
    0.0000  -15.0000  -45.0000 9774.8467    9.2312
    7.5000  -15.0000  -45.0000 9343.9258    9.2309
   -7.5000   -7.5000  -45.000010174.5488    9.2016
    0.0000   -7.5000  -45.000010575.2871    9.1998
    7.5000   -7.5000  -45.000010087.6904    9.1995
   -7.5000    0.0000  -45.000010943.3252    9.1981
    0.0000    0.0000  -45.000011380.1758    9.1932
    7.5000    0.0000  -45.000010841.2812    9.1925
   -7.5000    7.5000  -45.000010916.5312    9.1949
    0.0000    7.5000  -45.000011355.4941    9.1897
    7.5000    7.5000  -45.000010800.5527    9.1894
   -7.5000   15.0000  -45.000010837.2295    9.2928
    0.0000   15.0000  -45.000011250.8398    9.2896
    7.5000   15.0000  -45.000010700.2705    9.2893
   -7.5000   22.5000  -45.000010569.6025    9.4004
    0.0000   22.5000  -45.000010965.8125    9.3982
    7.5000   22.5000  -45.000010395.9014    9.3961
   -7.5000   30.0000  -45.000010173.2197    9.3894
    0.0000   30.0000  -45.000010549.5342    9.3887
    7.5000   30.0000  -45.0000 9994.5166    9.3856
   -7.5000   37.5000  -45.000010091.4072    9.4865
    0.0000   37.5000  -45.000010471.4824    9.4842
    7.5000   37.5000  -45.0000 9925.5781    9.4821
   -7.5000   45.0000  -45.0000 9565.5400    9.3283
    0.0000   45.0000  -45.0000 9951.7500    9.3224
    7.5000   45.0000  -45.0000 9451.1162    9.3204
   -7.5000  -45.0000  -37.5000 7322.3594   10.1089
    0.0000  -45.0000  -37.5000 7575.8677   10.1080
    7.5000  -45.0000  -37.5000 7212.3013   10.1123
   -7.5000  -37.5000  -37.5000 7749.5806    9.7389
    0.0000  -37.5000  -37.5000 7996.8955    9.7357
    7.5000  -37.5000  -37.5000 7608.0405    9.7392
   -7.5000  -30.0000  -37.5000 8415.7100    9.4285
    0.0000  -30.0000  -37.5000 8698.6758    9.4264
    7.5000  -30.0000  -37.5000 8279.4014    9.4306
   -7.5000  -22.5000  -37.5000 9159.7139    9.2438
    0.0000  -22.5000  -37.5000 9491.8076    9.2430
    7.5000  -22.5000  -37.5000 9038.3643    9.2466
   -7.5000  -15.0000  -37.5000 9947.9502    9.1550
    0.0000  -15.0000  -37.500010331.3145    9.1547
    7.5000  -15.0000  -37.5000 9814.4521    9.1582
   -7.5000   -7.5000  -37.500010785.1943    9.1273
    0.0000   -7.5000  -37.500011206.8877    9.1266
    7.5000   -7.5000  -37.500010624.8955    9.1297
   -7.5000    0.0000  -37.500011626.9961    9.1246
    0.0000    0.0000  -37.500012094.6611    9.1226
    7.5000    0.0000  -37.500011452.8154    9.1253
   -7.5000    7.5000  -37.500011627.9648    9.1197
    0.0000    7.5000  -37.500012092.9883    9.1177
    7.5000    7.5000  -37.500011442.3213    9.1210
   -7.5000   15.0000  -37.500011537.1582    9.2143
    0.0000   15.0000  -37.500011989.1973    9.2139
    7.5000   15.0000  -37.500011335.4189    9.2170
   -7.5000   22.5000  -37.500011241.3467    9.3216
    0.0000   22.5000  -37.500011665.7617    9.3209
    7.5000   22.5000  -37.500011020.7383    9.3224
   -7.5000   30.0000  -37.500010813.9189    9.3130
    0.0000   30.0000  -37.500011225.8701    9.3134
    7.5000   30.0000  -37.500010594.2881    9.3139
   -7.5000   37.5000  -37.500010703.6475    9.4134
    0.0000   37.5000  -37.500011109.7168    9.4126
    7.5000   37.5000  -37.500010506.9834    9.4136
   -7.5000   45.0000  -37.500010157.4844    9.2595
    0.0000   45.0000  -37.500010551.8340    9.2568
    7.5000   45.0000  -37.5000 9971.6143    9.2574
   -7.5000  -45.0000  -30.0000 7815.5278   10.4831
    0.0000  -45.0000  -30.0000 8074.0186   10.4825
    7.5000  -45.0000  -30.0000 7684.6514   10.4925
   -7.5000  -37.5000  -30.0000 8248.2803   10.1023
    0.0000  -37.5000  -30.0000 8528.2900   10.0999
    7.5000  -37.5000  -30.0000 8092.3130   10.1092
   -7.5000  -30.0000  -30.0000 8970.4014    9.7841
    0.0000  -30.0000  -30.0000 9302.7627    9.7824
    7.5000  -30.0000  -30.0000 8816.1992    9.7918
   -7.5000  -22.5000  -30.0000 9769.0215    9.5914
    0.0000  -22.5000  -30.000010155.9512    9.5906
    7.5000  -22.5000  -30.0000 9624.6426    9.5999
   -7.5000  -15.0000  -30.000010644.8135    9.4977
    0.0000  -15.0000  -30.000011072.8340    9.4969
    7.5000  -15.0000  -30.000010476.3965    9.5056
   -7.5000   -7.5000  -30.000011581.3281    9.4676
    0.0000   -7.5000  -30.000012051.1807    9.4666
    7.5000   -7.5000  -30.000011373.1309    9.4743
   -7.5000    0.0000  -30.000012503.6592    9.4654
    0.0000    0.0000  -30.000013028.5977    9.4637
    7.5000    0.0000  -30.000012288.8877    9.4708
   -7.5000    7.5000  -30.000012500.9824    9.4630
    0.0000    7.5000  -30.000013025.5254    9.4619
    7.5000    7.5000  -30.000012288.7412    9.4698
   -7.5000   15.0000  -30.000012387.7393    9.5653
    0.0000   15.0000  -30.000012873.0537    9.5659
    7.5000   15.0000  -30.000012163.2334    9.5740
   -7.5000   22.5000  -30.000012091.3359    9.6780
    0.0000   22.5000  -30.000012557.1934    9.6782
    7.5000   22.5000  -30.000011840.0078    9.6853
   -7.5000   30.0000  -30.000011651.0723    9.6726
    0.0000   30.0000  -30.000012108.1846    9.6729
    7.5000   30.0000  -30.000011409.7617    9.6786
   -7.5000   37.5000  -30.000011526.9580    9.7789
    0.0000   37.5000  -30.000011972.3408    9.7784
    7.5000   37.5000  -30.000011289.0635    9.7839
   -7.5000   45.0000  -30.000010909.9248    9.6287
    0.0000   45.0000  -30.000011346.7451    9.6274
    7.5000   45.0000  -30.000010704.2734    9.6319
   -7.5000  -45.0000  -22.5000 8257.4648   10.8161
    0.0000  -45.0000  -22.5000 8560.3633   10.8116
    7.5000  -45.0000  -22.5000 8140.9395   10.8227
   -7.5000  -37.5000  -22.5000 8705.6406   10.4278
    0.0000  -37.5000  -22.5000 9033.1816   10.4218
    7.5000  -37.5000  -22.5000 8569.5654   10.4312
   -7.5000  -30.0000  -22.5000 9491.7959   10.1014
    0.0000  -30.0000  -22.5000 9857.3545   10.0970
    7.5000  -30.0000  -22.5000 9351.4316   10.1063
   -7.5000  -22.5000  -22.500010397.8086    9.9007
    0.0000  -22.5000  -22.500010797.9502    9.8989
    7.5000  -22.5000  -22.500010228.1777    9.9093
   -7.5000  -15.0000  -22.500011357.1553    9.8002
    0.0000  -15.0000  -22.500011810.2607    9.7986
    7.5000  -15.0000  -22.500011162.2490    9.8087
   -7.5000   -7.5000  -22.500012367.3896    9.7648
    0.0000   -7.5000  -22.500012869.5586    9.7619
    7.5000   -7.5000  -22.500012136.8271    9.7707
   -7.5000    0.0000  -22.500013382.2627    9.7621
    0.0000    0.0000  -22.500013941.1377    9.7574
    7.5000    0.0000  -22.500013124.3779    9.7655
   -7.5000    7.5000  -22.500013406.9229    9.7659
    0.0000    7.5000  -22.500013971.9111    9.7616
    7.5000    7.5000  -22.500013151.7402    9.7703
   -7.5000   15.0000  -22.500013297.7852    9.8790
    0.0000   15.0000  -22.500013844.3369    9.8770
    7.5000   15.0000  -22.500013030.0996    9.8860
   -7.5000   22.5000  -22.500012978.4521    9.9957
    0.0000   22.5000  -22.500013487.2520    9.9946
    7.5000   22.5000  -22.500012692.8438   10.0035
   -7.5000   30.0000  -22.500012520.8682    9.9900
    0.0000   30.0000  -22.500013002.0469    9.9886
    7.5000   30.0000  -22.500012225.1162    9.9957
   -7.5000   37.5000  -22.500012376.5176   10.0964
    0.0000   37.5000  -22.500012861.0498   10.0938
    7.5000   37.5000  -22.500012088.0801   10.1003
   -7.5000   45.0000  -22.500011696.0117    9.9469
    0.0000   45.0000  -22.500012180.2412    9.9429
    7.5000   45.0000  -22.500011463.9355    9.9485
   -7.5000  -45.0000  -15.0000 8672.5312   11.0749
    0.0000  -45.0000  -15.0000 9012.8525   11.0659
    7.5000  -45.0000  -15.0000 8578.5137   11.0718
   -7.5000  -37.5000  -15.0000 9168.9824   10.6794
    0.0000  -37.5000  -15.0000 9516.1035   10.6685
    7.5000  -37.5000  -15.0000 9041.9648   10.6722
   -7.5000  -30.0000  -15.000010039.0684   10.3436
    0.0000  -30.0000  -15.000010429.0605   10.3356
    7.5000  -30.0000  -15.0000 9894.7080   10.3396
   -7.5000  -22.5000  -15.000011032.9092   10.1374
    0.0000  -22.5000  -15.000011459.3105   10.1342
    7.5000  -22.5000  -15.000010860.5791   10.1396
   -7.5000  -15.0000  -15.000012091.3262   10.0321
    0.0000  -15.0000  -15.000012574.3916   10.0297
    7.5000  -15.0000  -15.000011900.6680   10.0354
   -7.5000   -7.5000  -15.000013186.3145    9.9923
    0.0000   -7.5000  -15.000013727.1914    9.9874
    7.5000   -7.5000  -15.000012966.1738    9.9924
   -7.5000    0.0000  -15.000014260.5479    9.9885
    0.0000    0.0000  -15.000014863.5654    9.9799
    7.5000    0.0000  -15.000014011.1230    9.9844
   -7.5000    7.5000  -15.000014316.3584    9.9958
    0.0000    7.5000  -15.000014934.2617    9.9870
    7.5000    7.5000  -15.000014052.9297    9.9917
   -7.5000   15.0000  -15.000014216.6211   10.1152
    0.0000   15.0000  -15.000014811.4863   10.1097
    7.5000   15.0000  -15.000013903.4629   10.1143
   -7.5000   22.5000  -15.000013856.5039   10.2336
    0.0000   22.5000  -15.000014427.2705   10.2302
    7.5000   22.5000  -15.000013546.6641   10.2350
   -7.5000   30.0000  -15.000013363.0957   10.2263
    0.0000   30.0000  -15.000013894.8564   10.2232
    7.5000   30.0000  -15.000013035.5615   10.2262
   -7.5000   37.5000  -15.000013205.9121   10.3300
    0.0000   37.5000  -15.000013755.7119   10.3252
    7.5000   37.5000  -15.000012900.5176   10.3282
   -7.5000   45.0000  -15.000012512.9883   10.1786
    0.0000   45.0000  -15.000013047.6396   10.1702
    7.5000   45.0000  -15.000012259.8467   10.1732
   -7.5000  -45.0000   -7.5000 9131.7500   11.2143
    0.0000  -45.0000   -7.5000 9472.3379   11.2056
    7.5000  -45.0000   -7.5000 9053.8213   11.2054
   -7.5000  -37.5000   -7.5000 9672.4600   10.8104
    0.0000  -37.5000   -7.500010031.1924   10.7996
    7.5000  -37.5000   -7.5000 9550.7109   10.7977
   -7.5000  -30.0000   -7.500010632.4990   10.4660
    0.0000  -30.0000   -7.500011042.4453   10.4585
    7.5000  -30.0000   -7.500010491.0430   10.4576
   -7.5000  -22.5000   -7.500011732.0215   10.2585
    0.0000  -22.5000   -7.500012174.4551   10.2560
    7.5000  -22.5000   -7.500011553.9414   10.2558
   -7.5000  -15.0000   -7.500012883.8076   10.1536
    0.0000  -15.0000   -7.500013382.6738   10.1524
    7.5000  -15.0000   -7.500012672.4180   10.1526
   -7.5000   -7.5000   -7.500014076.1992   10.1145
    0.0000   -7.5000   -7.500014618.1465   10.1105
    7.5000   -7.5000   -7.500013830.2881   10.1107
   -7.5000    0.0000   -7.500015227.7676   10.1099
    0.0000    0.0000   -7.500015827.8418   10.1014
    7.5000    0.0000   -7.500014952.6162   10.1014
   -7.5000    7.5000   -7.500015296.6045   10.1138
    0.0000    7.5000   -7.500015922.9541   10.1050
    7.5000    7.5000   -7.500015000.5176   10.1052
   -7.5000   15.0000   -7.500015159.0596   10.2302
    0.0000   15.0000   -7.500015773.0664   10.2247
    7.5000   15.0000   -7.500014840.5254   10.2246
   -7.5000   22.5000   -7.500014756.8066   10.3477
    0.0000   22.5000   -7.500015365.6699   10.3444
    7.5000   22.5000   -7.500014461.0654   10.3434
   -7.5000   30.0000   -7.500014205.9678   10.3412
    0.0000   30.0000   -7.500014795.4668   10.3390
    7.5000   30.0000   -7.500013896.5146   10.3367
   -7.5000   37.5000   -7.500014051.4443   10.4454
    0.0000   37.5000   -7.500014652.9287   10.4411
    7.5000   37.5000   -7.500013743.4375   10.4398
   -7.5000   45.0000   -7.500013349.4688   10.2917
    0.0000   45.0000   -7.500013924.3037   10.2827
    7.5000   45.0000   -7.500013084.0957   10.2819
   -7.5000  -45.0000    0.0000 9591.1143   11.2416
    0.0000  -45.0000    0.0000 9945.2373   11.2376
    7.5000  -45.0000    0.0000 9510.6943   11.2369
   -7.5000  -37.5000    0.000010182.7100   10.8325
    0.0000  -37.5000    0.000010561.3643   10.8258
    7.5000  -37.5000    0.000010067.4150   10.8240
   -7.5000  -30.0000    0.000011238.1572   10.4845
    0.0000  -30.0000    0.000011657.4189   10.4801
    7.5000  -30.0000    0.000011105.4609   10.4797
   -7.5000  -22.5000    0.000012399.1055   10.2774
    0.0000  -22.5000    0.000012875.5547   10.2765
    7.5000  -22.5000    0.000012242.7383   10.2758
   -7.5000  -15.0000    0.000013628.0010   10.1752
    0.0000  -15.0000    0.000014147.7314   10.1755
    7.5000  -15.0000    0.000013414.3311   10.1750
   -7.5000   -7.5000    0.000014897.5391   10.1400
    0.0000   -7.5000    0.000015440.3457   10.1386
    7.5000   -7.5000    0.000014626.2871   10.1383
   -7.5000    0.0000    0.000016113.9951   10.1361
    0.0000    0.0000    0.000016723.0410   10.1315
    7.5000    0.0000    0.000015815.8750   10.1307
   -7.5000    7.5000    0.000016174.6963   10.1343
    0.0000    7.5000    0.000016805.0488   10.1294
    7.5000    7.5000    0.000015857.3369   10.1290
   -7.5000   15.0000    0.000015981.7236   10.2436
    0.0000   15.0000    0.000016602.1426   10.2410
    7.5000   15.0000    0.000015669.7529   10.2405
   -7.5000   22.5000    0.000015552.4805   10.3604
    0.0000   22.5000    0.000016161.8506   10.3587
    7.5000   22.5000    0.000015263.7422   10.3563
   -7.5000   30.0000    0.000014956.2021   10.3567
    0.0000   30.0000    0.000015564.2686   10.3565
    7.5000   30.0000    0.000014666.1494   10.3532
   -7.5000   37.5000    0.000014792.0098   10.4651
    0.0000   37.5000    0.000015415.1152   10.4631
    7.5000   37.5000    0.000014509.9561   10.4609
   -7.5000   45.0000    0.000014026.2959   10.3123
    0.0000   45.0000    0.000014633.2842   10.3063
    7.5000   45.0000    0.000013796.6426   10.3043
   -7.5000  -45.0000    7.5000 9305.5059   11.2186
    0.0000  -45.0000    7.5000 9679.6230   11.2181
    7.5000  -45.0000    7.5000 9263.0078   11.2231
   -7.5000  -37.5000    7.5000 9906.7500   10.8096
    0.0000  -37.5000    7.500010296.0791   10.8067
    7.5000  -37.5000    7.5000 9831.2285   10.8108
   -7.5000  -30.0000    7.500010990.6035   10.4645
    0.0000  -30.0000    7.500011402.9160   10.4626
    7.5000  -30.0000    7.500010874.3975   10.4675
   -7.5000  -22.5000    7.500012129.2207   10.2579
    0.0000  -22.5000    7.500012589.5479   10.2575
    7.5000  -22.5000    7.500011976.2070   10.2617
   -7.5000  -15.0000    7.500013324.0996   10.1573
    0.0000  -15.0000    7.500013827.8545   10.1575
    7.5000  -15.0000    7.500013132.1943   10.1617
   -7.5000   -7.5000    7.500014540.6113   10.1250
    0.0000   -7.5000    7.500015064.0361   10.1248
    7.5000   -7.5000    7.500014308.7461   10.1285
   -7.5000    0.0000    7.500015760.1182   10.1222
    0.0000    0.0000    7.500016333.1328   10.1206
    7.5000    0.0000    7.500015473.8096   10.1239
   -7.5000    7.5000    7.500015800.3896   10.1182
    0.0000    7.5000    7.500016384.8750   10.1166
    7.5000    7.5000    7.500015507.2754   10.1205
   -7.5000   15.0000    7.500015587.2910   10.2248
    0.0000   15.0000    7.500016146.2217   10.2249
    7.5000   15.0000    7.500015327.9180   10.2286
   -7.5000   22.5000    7.500015219.8955   10.3423
    0.0000   22.5000    7.500015790.3984   10.3419
    7.5000   22.5000    7.500014946.0596   10.3439
   -7.5000   30.0000    7.500014709.8799   10.3418
    0.0000   30.0000    7.500015329.9570   10.3425
    7.5000   30.0000    7.500014391.6777   10.3435
   -7.5000   37.5000    7.500014550.9746   10.4552
    0.0000   37.5000    7.500015177.9590   10.4547
    7.5000   37.5000    7.500014276.7441   10.4563
   -7.5000   45.0000    7.500013740.8936   10.3066
    0.0000   45.0000    7.500014339.9014   10.3040
    7.5000   45.0000    7.500013537.4004   10.3050
   -7.5000  -45.0000   15.0000 8991.1904   11.1999
    0.0000  -45.0000   15.0000 9346.8955   11.1995
    7.5000  -45.0000   15.0000 8953.5986   11.2104
   -7.5000  -37.5000   15.0000 9584.2725   10.7944
    0.0000  -37.5000   15.0000 9955.6064   10.7921
    7.5000  -37.5000   15.0000 9509.7900   10.8023
   -7.5000  -30.0000   15.000010619.1680   10.4539
    0.0000  -30.0000   15.000011007.2119   10.4523
    7.5000  -30.0000   15.000010514.1211   10.4625
   -7.5000  -22.5000   15.000011723.1543   10.2470
    0.0000  -22.5000   15.000012153.4229   10.2464
    7.5000  -22.5000   15.000011582.7803   10.2566
   -7.5000  -15.0000   15.000012856.1270   10.1456
    0.0000  -15.0000   15.000013344.3320   10.1450
    7.5000  -15.0000   15.000012697.9082   10.1546
   -7.5000   -7.5000   15.000014026.0430   10.1126
    0.0000   -7.5000   15.000014541.6494   10.1118
    7.5000   -7.5000   15.000013832.3682   10.1203
   -7.5000    0.0000   15.000015179.7822   10.1103
    0.0000    0.0000   15.000015748.0332   10.1089
    7.5000    0.0000   15.000014944.5557   10.1167
   -7.5000    7.5000   15.000015160.5781   10.1090
    0.0000    7.5000   15.000015727.7295   10.1080
    7.5000    7.5000   15.000014949.0137   10.1168
   -7.5000   15.0000   15.000014972.0742   10.2194
    0.0000   15.0000   15.000015503.6406   10.2201
    7.5000   15.0000   15.000014755.5410   10.2292
   -7.5000   22.5000   15.000014749.5439   10.3387
    0.0000   22.5000   15.000015305.2500   10.3391
    7.5000   22.5000   15.000014400.5840   10.3470
   -7.5000   30.0000   15.000014370.0449   10.3394
    0.0000   30.0000   15.000014896.4170   10.3398
    7.5000   30.0000   15.000013916.0967   10.3462
   -7.5000   37.5000   15.000014201.7686   10.4544
    0.0000   37.5000   15.000014749.6768   10.4539
    7.5000   37.5000   15.000013825.6533   10.4601
   -7.5000   45.0000   15.000013411.7539   10.3089
    0.0000   45.0000   15.000013925.3838   10.3076
    7.5000   45.0000   15.000013098.0127   10.3126
   -7.5000  -45.0000   22.5000 8595.3076   11.2100
    0.0000  -45.0000   22.5000 8928.1436   11.2057
    7.5000  -45.0000   22.5000 8555.8193   11.2173
   -7.5000  -37.5000   22.5000 9129.7920   10.8087
    0.0000  -37.5000   22.5000 9478.5967   10.8026
    7.5000  -37.5000   22.5000 9058.7129   10.8125
   -7.5000  -30.0000   22.500010107.8418   10.4700
    0.0000  -30.0000   22.500010491.7549   10.4655
    7.5000  -30.0000   22.500010032.7197   10.4754
   -7.5000  -22.5000   22.500011191.9961   10.2616
    0.0000  -22.5000   22.500011639.3574   10.2598
    7.5000  -22.5000   22.500011105.3994   10.2708
   -7.5000  -15.0000   22.500012289.2002   10.1570
    0.0000  -15.0000   22.500012772.3408   10.1553
    7.5000  -15.0000   22.500012188.3730   10.1661
   -7.5000   -7.5000   22.500013386.1367   10.1201
    0.0000   -7.5000   22.500013892.3379   10.1172
    7.5000   -7.5000   22.500013248.3066   10.1267
   -7.5000    0.0000   22.500014475.9346   10.1175
    0.0000    0.0000   22.500015016.6553   10.1128
    7.5000    0.0000   22.500014293.4355   10.1216
   -7.5000    7.5000   22.500014467.7393   10.1223
    0.0000    7.5000   22.500015016.7471   10.1179
    7.5000    7.5000   22.500014295.2715   10.1272
   -7.5000   15.0000   22.500014306.5879   10.2398
    0.0000   15.0000   22.500014845.8447   10.2379
    7.5000   15.0000   22.500014128.9180   10.2475
   -7.5000   22.5000   22.500014098.8164   10.3597
    0.0000   22.5000   22.500014642.0029   10.3586
    7.5000   22.5000   22.500013810.9043   10.3681
   -7.5000   30.0000   22.500013743.9277   10.3573
    0.0000   30.0000   22.500014189.3975   10.3559
    7.5000   30.0000   22.500013344.5771   10.3635
   -7.5000   37.5000   22.500013641.5605   10.4683
    0.0000   37.5000   22.500014066.8525   10.4657
    7.5000   37.5000   22.500013245.1465   10.4726
   -7.5000   45.0000   22.500012868.9082   10.3214
    0.0000   45.0000   22.500013291.3438   10.3173
    7.5000   45.0000   22.500012563.6426   10.3233
   -7.5000  -45.0000   30.0000 8107.0215   11.2586
    0.0000  -45.0000   30.0000 8417.0488   11.2495
    7.5000  -45.0000   30.0000 8064.2314   11.2556
   -7.5000  -37.5000   30.0000 8600.0586   10.8567
    0.0000  -37.5000   30.0000 8936.0938   10.8455
    7.5000  -37.5000   30.0000 8557.3145   10.8495
   -7.5000  -30.0000   30.0000 9525.5693   10.5150
    0.0000  -30.0000   30.0000 9903.8535   10.5069
    7.5000  -30.0000   30.0000 9485.5156   10.5112
   -7.5000  -22.5000   30.000010553.4570   10.3055
    0.0000  -22.5000   30.000010970.5430   10.3022
    7.5000  -22.5000   30.000010506.0410   10.3080
   -7.5000  -15.0000   30.000011597.5166   10.1986
    0.0000  -15.0000   30.000012049.3828   10.1963
    7.5000  -15.0000   30.000011526.5713   10.2022
   -7.5000   -7.5000   30.000012676.8809   10.1587
    0.0000   -7.5000   30.000013174.6260   10.1537
    7.5000   -7.5000   30.000012562.6201   10.1591
   -7.5000    0.0000   30.000013755.1709   10.1552
    0.0000    0.0000   30.000014292.9336   10.1465
    7.5000    0.0000   30.000013600.6807   10.1512
   -7.5000    7.5000   30.000013829.3398   10.1630
    0.0000    7.5000   30.000014347.8223   10.1540
    7.5000    7.5000   30.000013627.9404   10.1590
   -7.5000   15.0000   30.000013699.7588   10.2838
    0.0000   15.0000   30.000014212.9736   10.2781
    7.5000   15.0000   30.000013482.1641   10.2830
   -7.5000   22.5000   30.000013376.0801   10.4023
    0.0000   22.5000   30.000013874.5342   10.3988
    7.5000   22.5000   30.000013155.7207   10.4037
   -7.5000   30.0000   30.000012837.3652   10.3952
    0.0000   30.0000   30.000013275.5928   10.3919
    7.5000   30.0000   30.000012676.3789   10.3951
   -7.5000   37.5000   30.000012705.1631   10.5003
    0.0000   37.5000   30.000013130.5908   10.4952
    7.5000   37.5000   30.000012547.0244   10.4983
   -7.5000   45.0000   30.000012068.9375   10.3485
    0.0000   45.0000   30.000012482.3643   10.3398
    7.5000   45.0000   30.000011917.1621   10.3429
   -7.5000  -45.0000   37.5000 7898.8120   11.3292
    0.0000  -45.0000   37.5000 8204.4463   11.3201
    7.5000  -45.0000   37.5000 7864.3560   11.3200
   -7.5000  -37.5000   37.5000 8386.3291   10.9195
    0.0000  -37.5000   37.5000 8710.3086   10.9082
    7.5000  -37.5000   37.5000 8342.9297   10.9064
   -7.5000  -30.0000   37.5000 9289.1943   10.5708
    0.0000  -30.0000   37.5000 9649.8438   10.5629
    7.5000  -30.0000   37.5000 9243.0352   10.5622
   -7.5000  -22.5000   37.500010313.1279   10.3612
    0.0000  -22.5000   37.500010715.4043   10.3585
    7.5000  -22.5000   37.500010249.3213   10.3585
   -7.5000  -15.0000   37.500011354.6299   10.2560
    0.0000  -15.0000   37.500011792.5137   10.2545
    7.5000  -15.0000   37.500011258.5596   10.2549
   -7.5000   -7.5000   37.500012441.5215   10.2176
    0.0000   -7.5000   37.500012930.1855   10.2132
    7.5000   -7.5000   37.500012302.5947   10.2135
   -7.5000    0.0000   37.500013484.6758   10.2134
    0.0000    0.0000   37.500014013.0664   10.2045
    7.5000    0.0000   37.500013314.9746   10.2046
   -7.5000    7.5000   37.500013542.9375   10.2171
    0.0000    7.5000   37.500014070.7754   10.2079
    7.5000    7.5000   37.500013329.0518   10.2082
   -7.5000   15.0000   37.500013379.0723   10.3329
    0.0000   15.0000   37.500013887.9521   10.3271
    7.5000   15.0000   37.500013158.8809   10.3271
   -7.5000   22.5000   37.500013002.8613   10.4497
    0.0000   22.5000   37.500013470.2354   10.4461
    7.5000   22.5000   37.500012790.0762   10.4451
   -7.5000   30.0000   37.500012441.2354   10.4417
    0.0000   30.0000   37.500012857.9648   10.4391
    7.5000   30.0000   37.500012279.9629   10.4367
   -7.5000   37.5000   37.500012275.8555   10.5455
    0.0000   37.5000   37.500012708.6562   10.5408
    7.5000   37.5000   37.500012162.2197   10.5393
   -7.5000   45.0000   37.500011659.1797   10.3892
    0.0000   45.0000   37.500012065.5068   10.3797
    7.5000   45.0000   37.500011555.0029   10.3787
   -7.5000  -45.0000   45.0000 7349.5234   11.3748
    0.0000  -45.0000   45.0000 7615.5444   11.3705
    7.5000  -45.0000   45.0000 7253.5771   11.3701
   -7.5000  -37.5000   45.0000 7814.0918   10.9559
    0.0000  -37.5000   45.0000 8097.5312   10.9491
    7.5000  -37.5000   45.0000 7709.1060   10.9476
   -7.5000  -30.0000   45.0000 8663.7061   10.6010
    0.0000  -30.0000   45.0000 8981.2109   10.5965
    7.5000  -30.0000   45.0000 8561.9043   10.5964
   -7.5000  -22.5000   45.0000 9601.8457   10.3908
    0.0000  -22.5000   45.0000 9963.5078   10.3898
    7.5000  -22.5000   45.0000 9490.9424   10.3893
   -7.5000  -15.0000   45.000010549.8701   10.2883
    0.0000  -15.0000   45.000010959.4170   10.2883
    7.5000  -15.0000   45.000010413.8770   10.2880
   -7.5000   -7.5000   45.000011518.8643   10.2542
    0.0000   -7.5000   45.000012004.2197   10.2524
    7.5000   -7.5000   45.000011360.1338   10.2522
   -7.5000    0.0000   45.000012468.5781   10.2506
    0.0000    0.0000   45.000012990.3330   10.2456
    7.5000    0.0000   45.000012286.2930   10.2451
   -7.5000    7.5000   45.000012515.5527   10.2483
    0.0000    7.5000   45.000013024.2100   10.2431
    7.5000    7.5000   45.000012318.3613   10.2431
   -7.5000   15.0000   45.000012316.8877   10.3573
    0.0000   15.0000   45.000012813.0791   10.3545
    7.5000   15.0000   45.000012130.0830   10.3543
   -7.5000   22.5000   45.000011934.8379   10.4738
    0.0000   22.5000   45.000012389.5742   10.4718
    7.5000   22.5000   45.000011764.0137   10.4695
   -7.5000   30.0000   45.000011412.4180   10.4676
    0.0000   30.0000   45.000011826.5088   10.4671
    7.5000   30.0000   45.000011281.1250   10.4637
   -7.5000   37.5000   45.000011283.5156   10.5757
    0.0000   37.5000   45.000011694.8086   10.5733
    7.5000   37.5000   45.000011170.9902   10.5711
   -7.5000   45.0000   45.000010734.5498   10.4251
    0.0000   45.0000   45.000011110.2871   10.4187
    7.5000   45.0000   45.000010615.6992   10.4166

---------------------------------------------------------------------
imgreg_4dfp /home/aracena/freesurfer/average/711-2C_as_mni_average_305 /home/aracena/freesurfer/average/711-2B_as_mni_average_305_mask talsrcimg_g11 none talsrcimg_to_711-2C_as_mni_average_305_t4 4355
---------------------------------------------------------------------

freesurfer imgreg_4dfp.c
/home/aracena/freesurfer/average/711-2C_as_mni_average_305.4dfp.img
       256       256       256         1
  1.000000  1.000000  1.000000
orientation T byte_order littleendian
Reading image: /home/aracena/freesurfer/average/711-2C_as_mni_average_305.4dfp.img
dimensions:      256       256       256
mmppix:       1.0000   -1.0000   -1.0000
center:     128.0000 -129.0000 -129.0000
/home/aracena/freesurfer/average/711-2B_as_mni_average_305_mask.4dfp.img
       256       256       256         1
  1.000000  1.000000  1.000000
orientation T byte_order littleendian
Reading mask: /home/aracena/freesurfer/average/711-2B_as_mni_average_305_mask.4dfp.img (2306576 pixels)
talsrcimg_g11.4dfp.img
       256       256       256         1
  1.000000  1.000000  1.000000
orientation T byte_order littleendian
Reading image: talsrcimg_g11.4dfp.img
dimensions:      256       256       256
mmppix:       1.0000   -1.0000   -1.0000
center:     128.0000 -129.0000 -129.0000
rotation matrix determinant  1.000000
image alignment mode   4355 decimal     1103 hex
   -7.5000  -37.5000  -45.0000 2046.7374   15.1357
    0.0000  -37.5000  -45.0000 2055.6704   15.1240
    7.5000  -37.5000  -45.0000 2045.7177   15.2473
   -7.5000  -30.0000  -45.0000 2101.6926   14.1056
    0.0000  -30.0000  -45.0000 2107.9607   14.1302
    7.5000  -30.0000  -45.0000 2092.2937   14.2731
   -7.5000  -22.5000  -45.0000 2150.4692   13.3070
    0.0000  -22.5000  -45.0000 2149.1189   13.3399
    7.5000  -22.5000  -45.0000 2131.6748   13.4863
   -7.5000  -15.0000  -45.0000 2186.3508   12.6667
    0.0000  -15.0000  -45.0000 2185.3157   12.7017
    7.5000  -15.0000  -45.0000 2166.6138   12.8593
   -7.5000   -7.5000  -45.0000 2221.2800   12.1779
    0.0000   -7.5000  -45.0000 2216.0044   12.2065
    7.5000   -7.5000  -45.0000 2198.5732   12.3552
   -7.5000    0.0000  -45.0000 2250.5713   11.8113
    0.0000    0.0000  -45.0000 2244.7495   11.8389
    7.5000    0.0000  -45.0000 2227.2532   11.9877
   -7.5000    7.5000  -45.0000 2265.9775   11.5582
    0.0000    7.5000  -45.0000 2261.4495   11.5998
    7.5000    7.5000  -45.0000 2241.1978   11.7254
   -7.5000   15.0000  -45.0000 2268.1875   11.3974
    0.0000   15.0000  -45.0000 2265.3875   11.4193
    7.5000   15.0000  -45.0000 2247.4797   11.5646
   -7.5000   22.5000  -45.0000 2260.2336   11.3042
    0.0000   22.5000  -45.0000 2258.2427   11.3317
    7.5000   22.5000  -45.0000 2239.1775   11.5070
   -7.5000   30.0000  -45.0000 2246.9819   11.3110
    0.0000   30.0000  -45.0000 2245.1982   11.3309
    7.5000   30.0000  -45.0000 2224.5430   11.5399
   -7.5000   37.5000  -45.0000 2235.2866   11.4404
    0.0000   37.5000  -45.0000 2232.2588   11.4563
    7.5000   37.5000  -45.0000 2209.7666   11.6520
   -7.5000   45.0000  -45.0000 2209.3577   11.6716
    0.0000   45.0000  -45.0000 2205.2375   11.6915
    7.5000   45.0000  -45.0000 2182.2542   11.9227
   -7.5000   52.5000  -45.0000 2148.9705   12.0704
    0.0000   52.5000  -45.0000 2145.5430   12.0824
    7.5000   52.5000  -45.0000 2126.8857   12.3472
   -7.5000  -37.5000  -37.5000 2108.4685   14.2092
    0.0000  -37.5000  -37.5000 2116.8191   14.2174
    7.5000  -37.5000  -37.5000 2107.0913   14.2781
   -7.5000  -30.0000  -37.5000 2166.9329   13.1546
    0.0000  -30.0000  -37.5000 2174.0278   13.1850
    7.5000  -30.0000  -37.5000 2159.6382   13.2776
   -7.5000  -22.5000  -37.5000 2226.0288   12.3284
    0.0000  -22.5000  -37.5000 2226.1697   12.3507
    7.5000  -22.5000  -37.5000 2213.5786   12.4477
   -7.5000  -15.0000  -37.5000 2276.3362   11.6584
    0.0000  -15.0000  -37.5000 2275.3491   11.6945
    7.5000  -15.0000  -37.5000 2257.6455   11.8112
   -7.5000   -7.5000  -37.5000 2322.0615   11.1610
    0.0000   -7.5000  -37.5000 2317.1748   11.2073
    7.5000   -7.5000  -37.5000 2294.4329   11.3114
   -7.5000    0.0000  -37.5000 2357.0630   10.7957
    0.0000    0.0000  -37.5000 2351.4688   10.8444
    7.5000    0.0000  -37.5000 2328.9717   10.9627
   -7.5000    7.5000  -37.5000 2376.4846   10.5747
    0.0000    7.5000  -37.5000 2371.3926   10.6310
    7.5000    7.5000  -37.5000 2349.7368   10.7373
   -7.5000   15.0000  -37.5000 2379.4746   10.4376
    0.0000   15.0000  -37.5000 2376.1057   10.4630
    7.5000   15.0000  -37.5000 2356.5032   10.5727
   -7.5000   22.5000  -37.5000 2369.8159   10.3288
    0.0000   22.5000  -37.5000 2367.4697   10.3494
    7.5000   22.5000  -37.5000 2345.3159   10.4818
   -7.5000   30.0000  -37.5000 2357.5334   10.3112
    0.0000   30.0000  -37.5000 2355.0532   10.3370
    7.5000   30.0000  -37.5000 2330.6011   10.4998
   -7.5000   37.5000  -37.5000 2339.4553   10.4037
    0.0000   37.5000  -37.5000 2336.6250   10.4262
    7.5000   37.5000  -37.5000 2313.7429   10.6092
   -7.5000   45.0000  -37.5000 2316.5452   10.5899
    0.0000   45.0000  -37.5000 2311.1597   10.6284
    7.5000   45.0000  -37.5000 2287.5188   10.8514
   -7.5000   52.5000  -37.5000 2259.8572   10.9724
    0.0000   52.5000  -37.5000 2254.7710   10.9917
    7.5000   52.5000  -37.5000 2232.3706   11.2311
   -7.5000  -37.5000  -30.0000 2193.4216   13.8286
    0.0000  -37.5000  -30.0000 2205.0396   13.7844
    7.5000  -37.5000  -30.0000 2196.8088   13.8363
   -7.5000  -30.0000  -30.0000 2259.4841   12.7292
    0.0000  -30.0000  -30.0000 2268.4836   12.7250
    7.5000  -30.0000  -30.0000 2259.6956   12.7867
   -7.5000  -22.5000  -30.0000 2327.8438   11.8745
    0.0000  -22.5000  -30.0000 2333.0356   11.8869
    7.5000  -22.5000  -30.0000 2322.5149   11.9619
   -7.5000  -15.0000  -30.0000 2393.1243   11.1863
    0.0000  -15.0000  -30.0000 2393.4070   11.2127
    7.5000  -15.0000  -30.0000 2374.2812   11.3040
   -7.5000   -7.5000  -30.0000 2452.8257   10.6475
    0.0000   -7.5000  -30.0000 2449.8674   10.6616
    7.5000   -7.5000  -30.0000 2426.3284   10.7762
   -7.5000    0.0000  -30.0000 2496.3936   10.2733
    0.0000    0.0000  -30.0000 2497.6599   10.2882
    7.5000    0.0000  -30.0000 2474.8916   10.3911
   -7.5000    7.5000  -30.0000 2521.1489    9.9976
    0.0000    7.5000  -30.0000 2520.4368   10.0406
    7.5000    7.5000  -30.0000 2497.6824   10.1465
   -7.5000   15.0000  -30.0000 2523.6135    9.8503
    0.0000   15.0000  -30.0000 2521.5850    9.8770
    7.5000   15.0000  -30.0000 2503.4563    9.9939
   -7.5000   22.5000  -30.0000 2523.8704    9.7628
    0.0000   22.5000  -30.0000 2519.2949    9.7725
    7.5000   22.5000  -30.0000 2492.5928    9.9021
   -7.5000   30.0000  -30.0000 2513.9749    9.7357
    0.0000   30.0000  -30.0000 2512.0361    9.7496
    7.5000   30.0000  -30.0000 2487.9551    9.8922
   -7.5000   37.5000  -30.0000 2497.7361    9.8131
    0.0000   37.5000  -30.0000 2495.3940    9.8156
    7.5000   37.5000  -30.0000 2471.1497   10.0029
   -7.5000   45.0000  -30.0000 2473.6584   10.0139
    0.0000   45.0000  -30.0000 2467.4453   10.0339
    7.5000   45.0000  -30.0000 2440.4373   10.2343
   -7.5000   52.5000  -30.0000 2412.1685   10.3793
    0.0000   52.5000  -30.0000 2409.2319   10.3914
    7.5000   52.5000  -30.0000 2381.1899   10.6127
   -7.5000  -37.5000  -22.5000 2256.2395   13.3692
    0.0000  -37.5000  -22.5000 2267.4036   13.3124
    7.5000  -37.5000  -22.5000 2260.6963   13.3736
   -7.5000  -30.0000  -22.5000 2322.2209   12.2718
    0.0000  -30.0000  -22.5000 2330.1958   12.2547
    7.5000  -30.0000  -22.5000 2328.5908   12.3264
   -7.5000  -22.5000  -22.5000 2401.7385   11.4021
    0.0000  -22.5000  -22.5000 2404.9656   11.3867
    7.5000  -22.5000  -22.5000 2396.4255   11.4695
   -7.5000  -15.0000  -22.5000 2476.1399   10.6963
    0.0000  -15.0000  -22.5000 2479.5132   10.6742
    7.5000  -15.0000  -22.5000 2462.3447   10.7867
   -7.5000   -7.5000  -22.5000 2546.6519   10.1236
    0.0000   -7.5000  -22.5000 2548.3528   10.1074
    7.5000   -7.5000  -22.5000 2523.3074   10.2231
   -7.5000    0.0000  -22.5000 2599.7551    9.7083
    0.0000    0.0000  -22.5000 2602.8923    9.6871
    7.5000    0.0000  -22.5000 2576.1226    9.8114
   -7.5000    7.5000  -22.5000 2634.4436    9.4122
    0.0000    7.5000  -22.5000 2636.8516    9.4005
    7.5000    7.5000  -22.5000 2610.9482    9.5214
   -7.5000   15.0000  -22.5000 2640.7422    9.2287
    0.0000   15.0000  -22.5000 2643.5254    9.2215
    7.5000   15.0000  -22.5000 2623.0806    9.3558
   -7.5000   22.5000  -22.5000 2648.7261    9.1219
    0.0000   22.5000  -22.5000 2644.0010    9.1176
    7.5000   22.5000  -22.5000 2621.8994    9.2572
   -7.5000   30.0000  -22.5000 2649.0076    9.0989
    0.0000   30.0000  -22.5000 2644.2595    9.0896
    7.5000   30.0000  -22.5000 2618.0486    9.2364
   -7.5000   37.5000  -22.5000 2640.7427    9.1802
    0.0000   37.5000  -22.5000 2635.2292    9.1694
    7.5000   37.5000  -22.5000 2607.0994    9.3355
   -7.5000   45.0000  -22.5000 2611.8464    9.3960
    0.0000   45.0000  -22.5000 2608.8545    9.3869
    7.5000   45.0000  -22.5000 2576.2229    9.5763
   -7.5000   52.5000  -22.5000 2546.2388    9.7606
    0.0000   52.5000  -22.5000 2543.8369    9.7554
    7.5000   52.5000  -22.5000 2508.3269    9.9540
   -7.5000  -37.5000  -15.0000 2292.2866   12.9563
    0.0000  -37.5000  -15.0000 2303.8796   12.8720
    7.5000  -37.5000  -15.0000 2300.3271   12.9376
   -7.5000  -30.0000  -15.0000 2370.7646   11.8689
    0.0000  -30.0000  -15.0000 2376.8472   11.7964
    7.5000  -30.0000  -15.0000 2371.3154   11.8830
   -7.5000  -22.5000  -15.0000 2458.3232   10.9600
    0.0000  -22.5000  -15.0000 2460.0598   10.9203
    7.5000  -22.5000  -15.0000 2446.7737   11.0211
   -7.5000  -15.0000  -15.0000 2537.1921   10.2446
    0.0000  -15.0000  -15.0000 2537.9932   10.2142
    7.5000  -15.0000  -15.0000 2523.0537   10.3295
   -7.5000   -7.5000  -15.0000 2609.5173    9.6437
    0.0000   -7.5000  -15.0000 2614.2009    9.6136
    7.5000   -7.5000  -15.0000 2592.6233    9.7472
   -7.5000    0.0000  -15.0000 2667.3069    9.1832
    0.0000    0.0000  -15.0000 2672.1404    9.1616
    7.5000    0.0000  -15.0000 2649.0762    9.2967
   -7.5000    7.5000  -15.0000 2710.1919    8.8633
    0.0000    7.5000  -15.0000 2715.5950    8.8462
    7.5000    7.5000  -15.0000 2688.7979    8.9817
   -7.5000   15.0000  -15.0000 2728.9358    8.6413
    0.0000   15.0000  -15.0000 2732.8440    8.6262
    7.5000   15.0000  -15.0000 2708.9829    8.7525
   -7.5000   22.5000  -15.0000 2742.1191    8.5112
    0.0000   22.5000  -15.0000 2741.1746    8.5017
    7.5000   22.5000  -15.0000 2717.6863    8.6489
   -7.5000   30.0000  -15.0000 2755.2607    8.5028
    0.0000   30.0000  -15.0000 2752.8208    8.4755
    7.5000   30.0000  -15.0000 2719.4846    8.6340
   -7.5000   37.5000  -15.0000 2753.1541    8.5619
    0.0000   37.5000  -15.0000 2747.9124    8.5465
    7.5000   37.5000  -15.0000 2713.0310    8.7163
   -7.5000   45.0000  -15.0000 2728.0376    8.7918
    0.0000   45.0000  -15.0000 2724.5603    8.7804
    7.5000   45.0000  -15.0000 2689.7454    8.9484
   -7.5000   52.5000  -15.0000 2657.8259    9.1675
    0.0000   52.5000  -15.0000 2656.6907    9.1451
    7.5000   52.5000  -15.0000 2617.0845    9.3420
   -7.5000  -37.5000   -7.5000 2331.2798   12.5043
    0.0000  -37.5000   -7.5000 2337.2336   12.3828
    7.5000  -37.5000   -7.5000 2332.6934   12.5111
   -7.5000  -30.0000   -7.5000 2413.7090   11.4209
    0.0000  -30.0000   -7.5000 2420.7471   11.3364
    7.5000  -30.0000   -7.5000 2407.6208   11.4389
   -7.5000  -22.5000   -7.5000 2503.6707   10.5293
    0.0000  -22.5000   -7.5000 2506.2683   10.4659
    7.5000  -22.5000   -7.5000 2490.8462   10.5886
   -7.5000  -15.0000   -7.5000 2581.5288    9.8173
    0.0000  -15.0000   -7.5000 2585.9102    9.7736
    7.5000  -15.0000   -7.5000 2568.0596    9.8932
   -7.5000   -7.5000   -7.5000 2654.1702    9.2347
    0.0000   -7.5000   -7.5000 2657.0398    9.1873
    7.5000   -7.5000   -7.5000 2638.9727    9.3278
   -7.5000    0.0000   -7.5000 2709.6372    8.7578
    0.0000    0.0000   -7.5000 2713.4138    8.7209
    7.5000    0.0000   -7.5000 2692.8867    8.8647
   -7.5000    7.5000   -7.5000 2765.9780    8.3727
    0.0000    7.5000   -7.5000 2767.2202    8.3473
    7.5000    7.5000   -7.5000 2745.6348    8.4944
   -7.5000   15.0000   -7.5000 2801.3157    8.1123
    0.0000   15.0000   -7.5000 2804.1641    8.0890
    7.5000   15.0000   -7.5000 2779.4048    8.2296
   -7.5000   22.5000   -7.5000 2828.3784    7.9646
    0.0000   22.5000   -7.5000 2826.6411    7.9443
    7.5000   22.5000   -7.5000 2801.1438    8.1011
   -7.5000   30.0000   -7.5000 2847.6160    7.9336
    0.0000   30.0000   -7.5000 2847.8569    7.9177
    7.5000   30.0000   -7.5000 2809.5908    8.0869
   -7.5000   37.5000   -7.5000 2851.8979    8.0084
    0.0000   37.5000   -7.5000 2849.4133    7.9957
    7.5000   37.5000   -7.5000 2805.3796    8.1770
   -7.5000   45.0000   -7.5000 2828.9219    8.2435
    0.0000   45.0000   -7.5000 2828.7126    8.2253
    7.5000   45.0000   -7.5000 2788.8784    8.4092
   -7.5000   52.5000   -7.5000 2750.5400    8.6154
    0.0000   52.5000   -7.5000 2752.0476    8.5889
    7.5000   52.5000   -7.5000 2712.3750    8.7756
   -7.5000  -37.5000    0.0000 2362.8010   12.2168
    0.0000  -37.5000    0.0000 2369.4475   12.0848
    7.5000  -37.5000    0.0000 2357.0925   12.2591
   -7.5000  -30.0000    0.0000 2449.6719   11.1072
    0.0000  -30.0000    0.0000 2457.1724   11.0217
    7.5000  -30.0000    0.0000 2439.4009   11.1808
   -7.5000  -22.5000    0.0000 2535.1899   10.2271
    0.0000  -22.5000    0.0000 2541.4482   10.1536
    7.5000  -22.5000    0.0000 2522.5337   10.3034
   -7.5000  -15.0000    0.0000 2612.3967    9.5127
    0.0000  -15.0000    0.0000 2615.9663    9.4516
    7.5000  -15.0000    0.0000 2596.6326    9.5884
   -7.5000   -7.5000    0.0000 2680.5403    8.9270
    0.0000   -7.5000    0.0000 2682.8162    8.8628
    7.5000   -7.5000    0.0000 2662.7544    9.0104
   -7.5000    0.0000    0.0000 2736.4902    8.4308
    0.0000    0.0000    0.0000 2742.5576    8.3793
    7.5000    0.0000    0.0000 2718.0845    8.5334
   -7.5000    7.5000    0.0000 2802.5232    8.0054
    0.0000    7.5000    0.0000 2802.4216    7.9745
    7.5000    7.5000    0.0000 2775.8787    8.1406
   -7.5000   15.0000    0.0000 2856.1216    7.7013
    0.0000   15.0000    0.0000 2855.4966    7.6773
    7.5000   15.0000    0.0000 2830.7048    7.8420
   -7.5000   22.5000    0.0000 2900.4944    7.5346
    0.0000   22.5000    0.0000 2903.6677    7.5151
    7.5000   22.5000    0.0000 2871.9128    7.6860
   -7.5000   30.0000    0.0000 2930.6326    7.5053
    0.0000   30.0000    0.0000 2931.9385    7.4879
    7.5000   30.0000    0.0000 2887.3074    7.6824
   -7.5000   37.5000    0.0000 2944.1702    7.5794
    0.0000   37.5000    0.0000 2944.9238    7.5788
    7.5000   37.5000    0.0000 2888.6191    7.7912
   -7.5000   45.0000    0.0000 2914.3225    7.8326
    0.0000   45.0000    0.0000 2915.2642    7.8199
    7.5000   45.0000    0.0000 2867.4956    8.0292
   -7.5000   52.5000    0.0000 2825.4050    8.1888
    0.0000   52.5000    0.0000 2826.3647    8.1681
    7.5000   52.5000    0.0000 2782.7620    8.3904
   -7.5000  -37.5000    7.5000 2378.9783   11.9833
    0.0000  -37.5000    7.5000 2391.5386   11.8789
    7.5000  -37.5000    7.5000 2368.0000   12.0884
   -7.5000  -30.0000    7.5000 2470.6201   10.9312
    0.0000  -30.0000    7.5000 2477.7605   10.8134
    7.5000  -30.0000    7.5000 2452.7322   11.0327
   -7.5000  -22.5000    7.5000 2554.1685   10.0539
    0.0000  -22.5000    7.5000 2561.7717    9.9524
    7.5000  -22.5000    7.5000 2532.7495   10.1626
   -7.5000  -15.0000    7.5000 2626.6489    9.3362
    0.0000  -15.0000    7.5000 2636.2317    9.2489
    7.5000  -15.0000    7.5000 2608.4419    9.4392
   -7.5000   -7.5000    7.5000 2690.4167    8.7266
    0.0000   -7.5000    7.5000 2696.8892    8.6549
    7.5000   -7.5000    7.5000 2670.0996    8.8538
   -7.5000    0.0000    7.5000 2751.9275    8.1953
    0.0000    0.0000    7.5000 2755.9963    8.1326
    7.5000    0.0000    7.5000 2729.4221    8.3318
   -7.5000    7.5000    7.5000 2819.0461    7.7676
    0.0000    7.5000    7.5000 2821.6172    7.7129
    7.5000    7.5000    7.5000 2794.7366    7.9036
   -7.5000   15.0000    7.5000 2886.2324    7.4452
    0.0000   15.0000    7.5000 2886.6814    7.3988
    7.5000   15.0000    7.5000 2861.4216    7.5928
   -7.5000   22.5000    7.5000 2949.6621    7.2600
    0.0000   22.5000    7.5000 2954.2554    7.2200
    7.5000   22.5000    7.5000 2919.4521    7.4253
   -7.5000   30.0000    7.5000 3000.1758    7.2552
    0.0000   30.0000    7.5000 3007.4443    7.2228
    7.5000   30.0000    7.5000 2949.1978    7.4301
   -7.5000   37.5000    7.5000 3020.9639    7.3423
    0.0000   37.5000    7.5000 3025.0930    7.3462
    7.5000   37.5000    7.5000 2952.4177    7.5620
   -7.5000   45.0000    7.5000 2976.6360    7.6110
    0.0000   45.0000    7.5000 2981.5271    7.6011
    7.5000   45.0000    7.5000 2923.0923    7.8099
   -7.5000   52.5000    7.5000 2878.5728    7.9425
    0.0000   52.5000    7.5000 2880.4570    7.9291
    7.5000   52.5000    7.5000 2827.9678    8.1513
   -7.5000  -37.5000   15.0000 2368.5798   11.9399
    0.0000  -37.5000   15.0000 2384.6787   11.8189
    7.5000  -37.5000   15.0000 2363.2639   12.1006
   -7.5000  -30.0000   15.0000 2466.8008   10.8911
    0.0000  -30.0000   15.0000 2478.1240   10.7659
    7.5000  -30.0000   15.0000 2453.4402   11.0369
   -7.5000  -22.5000   15.0000 2557.7290    9.9955
    0.0000  -22.5000   15.0000 2565.9629    9.8910
    7.5000  -22.5000   15.0000 2535.5837   10.1411
   -7.5000  -15.0000   15.0000 2625.0044    9.2673
    0.0000  -15.0000   15.0000 2633.5701    9.1800
    7.5000  -15.0000   15.0000 2605.8503    9.4122
   -7.5000   -7.5000   15.0000 2684.6465    8.6362
    0.0000   -7.5000   15.0000 2690.2336    8.5627
    7.5000   -7.5000   15.0000 2663.5244    8.7950
   -7.5000    0.0000   15.0000 2749.5608    8.0956
    0.0000    0.0000   15.0000 2752.8899    8.0274
    7.5000    0.0000   15.0000 2722.9351    8.2544
   -7.5000    7.5000   15.0000 2820.6069    7.6459
    0.0000    7.5000   15.0000 2824.2937    7.5851
    7.5000    7.5000   15.0000 2797.2539    7.8082
   -7.5000   15.0000   15.0000 2892.3574    7.3242
    0.0000   15.0000   15.0000 2894.5186    7.2612
    7.5000   15.0000   15.0000 2868.3711    7.4841
   -7.5000   22.5000   15.0000 2962.7908    7.1774
    0.0000   22.5000   15.0000 2969.4326    7.1202
    7.5000   22.5000   15.0000 2933.8960    7.3410
   -7.5000   30.0000   15.0000 3030.3850    7.2298
    0.0000   30.0000   15.0000 3040.4158    7.1767
    7.5000   30.0000   15.0000 2975.8870    7.3284
   -7.5000   37.5000   15.0000 3064.1125    7.3061
    0.0000   37.5000   15.0000 3076.3835    7.2724
    7.5000   37.5000   15.0000 2984.2861    7.4569
   -7.5000   45.0000   15.0000 3012.4260    7.5392
    0.0000   45.0000   15.0000 3016.6392    7.5193
    7.5000   45.0000   15.0000 2945.5610    7.7280
   -7.5000   52.5000   15.0000 2896.0212    7.8504
    0.0000   52.5000   15.0000 2900.9104    7.8334
    7.5000   52.5000   15.0000 2847.8096    8.0451
   -7.5000  -37.5000   22.5000 2325.6423   12.1214
    0.0000  -37.5000   22.5000 2346.4573   11.9449
    7.5000  -37.5000   22.5000 2323.4302   12.2725
   -7.5000  -30.0000   22.5000 2426.6135   11.0296
    0.0000  -30.0000   22.5000 2441.0569   10.8938
    7.5000  -30.0000   22.5000 2417.1267   11.1985
   -7.5000  -22.5000   22.5000 2525.1731   10.1236
    0.0000  -22.5000   22.5000 2538.7917   10.0171
    7.5000  -22.5000   22.5000 2507.0796   10.3066
   -7.5000  -15.0000   22.5000 2601.1262    9.3416
    0.0000  -15.0000   22.5000 2612.3501    9.2594
    7.5000  -15.0000   22.5000 2583.5293    9.5333
   -7.5000   -7.5000   22.5000 2668.2397    8.6841
    0.0000   -7.5000   22.5000 2675.9617    8.5995
    7.5000   -7.5000   22.5000 2649.5818    8.8619
   -7.5000    0.0000   22.5000 2735.5781    8.1433
    0.0000    0.0000   22.5000 2740.3013    8.0520
    7.5000    0.0000   22.5000 2715.0042    8.3036
   -7.5000    7.5000   22.5000 2807.7786    7.7183
    0.0000    7.5000   22.5000 2809.0112    7.6504
    7.5000    7.5000   22.5000 2787.9250    7.8738
   -7.5000   15.0000   22.5000 2879.5789    7.4143
    0.0000   15.0000   22.5000 2878.9990    7.3710
    7.5000   15.0000   22.5000 2855.7097    7.5856
   -7.5000   22.5000   22.5000 2950.8442    7.2802
    0.0000   22.5000   22.5000 2952.8518    7.2391
    7.5000   22.5000   22.5000 2919.1289    7.4340
   -7.5000   30.0000   22.5000 3010.5063    7.3141
    0.0000   30.0000   22.5000 3014.0181    7.2636
    7.5000   30.0000   22.5000 2962.5774    7.4290
   -7.5000   37.5000   22.5000 3031.0488    7.4341
    0.0000   37.5000   22.5000 3038.8384    7.3680
    7.5000   37.5000   22.5000 2968.2986    7.5613
   -7.5000   45.0000   22.5000 2987.4954    7.6563
    0.0000   45.0000   22.5000 2993.3853    7.6007
    7.5000   45.0000   22.5000 2932.1899    7.8040
   -7.5000   52.5000   22.5000 2879.5789    7.9408
    0.0000   52.5000   22.5000 2885.6262    7.9069
    7.5000   52.5000   22.5000 2834.1743    8.1131
   -7.5000  -37.5000   30.0000 2251.6741   12.5619
    0.0000  -37.5000   30.0000 2274.1033   12.3770
    7.5000  -37.5000   30.0000 2253.3862   12.7321
   -7.5000  -30.0000   30.0000 2358.9138   11.3959
    0.0000  -30.0000   30.0000 2377.7869   11.2487
    7.5000  -30.0000   30.0000 2355.4924   11.5789
   -7.5000  -22.5000   30.0000 2463.4695   10.4289
    0.0000  -22.5000   30.0000 2478.5396   10.3060
    7.5000  -22.5000   30.0000 2457.4414   10.6228
   -7.5000  -15.0000   30.0000 2548.0996    9.6184
    0.0000  -15.0000   30.0000 2558.9622    9.5235
    7.5000  -15.0000   30.0000 2538.0720    9.8148
   -7.5000   -7.5000   30.0000 2628.0239    8.9518
    0.0000   -7.5000   30.0000 2636.5625    8.8701
    7.5000   -7.5000   30.0000 2610.1951    9.1204
   -7.5000    0.0000   30.0000 2698.3191    8.4129
    0.0000    0.0000   30.0000 2708.0374    8.3300
    7.5000    0.0000   30.0000 2684.2441    8.5570
   -7.5000    7.5000   30.0000 2775.6199    8.0098
    0.0000    7.5000   30.0000 2782.9902    7.9228
    7.5000    7.5000   30.0000 2757.5991    8.1392
   -7.5000   15.0000   30.0000 2846.2412    7.7130
    0.0000   15.0000   30.0000 2852.0967    7.6404
    7.5000   15.0000   30.0000 2824.8552    7.8470
   -7.5000   22.5000   30.0000 2911.5623    7.5584
    0.0000   22.5000   30.0000 2917.2886    7.4958
    7.5000   22.5000   30.0000 2885.6262    7.6905
   -7.5000   30.0000   30.0000 2957.6145    7.5015
    0.0000   30.0000   30.0000 2962.8672    7.4295
    7.5000   30.0000   30.0000 2922.5457    7.6624
   -7.5000   37.5000   30.0000 2965.5232    7.5858
    0.0000   37.5000   30.0000 2967.5779    7.5338
    7.5000   37.5000   30.0000 2922.6084    7.7691
   -7.5000   45.0000   30.0000 2924.2871    7.8526
    0.0000   45.0000   30.0000 2931.8347    7.7972
    7.5000   45.0000   30.0000 2886.2375    8.0003
   -7.5000   52.5000   30.0000 2824.8411    8.1673
    0.0000   52.5000   30.0000 2831.1907    8.1187
    7.5000   52.5000   30.0000 2790.2239    8.3133
   -7.5000  -37.5000   37.5000 2166.5959   13.3196
    0.0000  -37.5000   37.5000 2186.7148   13.0999
    7.5000  -37.5000   37.5000 2178.7808   13.4639
   -7.5000  -30.0000   37.5000 2274.4653   12.0276
    0.0000  -30.0000   37.5000 2291.3269   11.8451
    7.5000  -30.0000   37.5000 2286.4583   12.1856
   -7.5000  -22.5000   37.5000 2387.9468   10.9957
    0.0000  -22.5000   37.5000 2402.0425   10.8699
    7.5000  -22.5000   37.5000 2392.8923   11.1620
   -7.5000  -15.0000   37.5000 2477.6055   10.1579
    0.0000  -15.0000   37.5000 2490.8232   10.0538
    7.5000  -15.0000   37.5000 2475.4524   10.3224
   -7.5000   -7.5000   37.5000 2568.0388    9.4633
    0.0000   -7.5000   37.5000 2580.1782    9.3652
    7.5000   -7.5000   37.5000 2557.0754    9.6113
   -7.5000    0.0000   37.5000 2646.3560    8.8793
    0.0000    0.0000   37.5000 2658.3130    8.7871
    7.5000    0.0000   37.5000 2639.5720    9.0093
   -7.5000    7.5000   37.5000 2729.9517    8.4576
    0.0000    7.5000   37.5000 2741.6665    8.3672
    7.5000    7.5000   37.5000 2714.7964    8.5648
   -7.5000   15.0000   37.5000 2798.8323    8.1421
    0.0000   15.0000   37.5000 2807.1877    8.0664
    7.5000   15.0000   37.5000 2779.6130    8.2521
   -7.5000   22.5000   37.5000 2857.9187    7.9604
    0.0000   22.5000   37.5000 2864.5403    7.8780
    7.5000   22.5000   37.5000 2833.1235    8.0764
   -7.5000   30.0000   37.5000 2890.0574    7.8757
    0.0000   30.0000   37.5000 2892.8254    7.7916
    7.5000   30.0000   37.5000 2858.7444    8.0392
   -7.5000   37.5000   37.5000 2884.5273    7.9488
    0.0000   37.5000   37.5000 2889.0442    7.8889
    7.5000   37.5000   37.5000 2854.7981    8.1211
   -7.5000   45.0000   37.5000 2844.3567    8.1653
    0.0000   45.0000   37.5000 2851.4685    8.1160
    7.5000   45.0000   37.5000 2812.1272    8.3382
   -7.5000   52.5000   37.5000 2749.7349    8.4796
    0.0000   52.5000   37.5000 2756.0117    8.4257
    7.5000   52.5000   37.5000 2725.0083    8.6328
   -7.5000  -37.5000   45.0000 2071.5596   14.4900
    0.0000  -37.5000   45.0000 2088.0181   14.2163
    7.5000  -37.5000   45.0000 2086.7644   14.5303
   -7.5000  -30.0000   45.0000 2189.3535   13.0020
    0.0000  -30.0000   45.0000 2202.8848   12.7884
    7.5000  -30.0000   45.0000 2202.4795   13.0803
   -7.5000  -22.5000   45.0000 2306.9685   11.8402
    0.0000  -22.5000   45.0000 2319.7026   11.6892
    7.5000  -22.5000   45.0000 2314.8967   11.9462
   -7.5000  -15.0000   45.0000 2404.7595   10.9052
    0.0000  -15.0000   45.0000 2416.5957   10.7978
    7.5000  -15.0000   45.0000 2403.9536   11.0290
   -7.5000   -7.5000   45.0000 2498.2202   10.1251
    0.0000   -7.5000   45.0000 2514.7632   10.0471
    7.5000   -7.5000   45.0000 2490.6135   10.2515
   -7.5000    0.0000   45.0000 2586.9004    9.4949
    0.0000    0.0000   45.0000 2599.6475    9.4278
    7.5000    0.0000   45.0000 2575.3591    9.6074
   -7.5000    7.5000   45.0000 2670.1160    9.0315
    0.0000    7.5000   45.0000 2680.6111    8.9627
    7.5000    7.5000   45.0000 2652.9475    9.1329
   -7.5000   15.0000   45.0000 2730.6843    8.6816
    0.0000   15.0000   45.0000 2742.1716    8.6216
    7.5000   15.0000   45.0000 2712.8284    8.7933
   -7.5000   22.5000   45.0000 2779.9060    8.4792
    0.0000   22.5000   45.0000 2788.3508    8.4084
    7.5000   22.5000   45.0000 2756.0183    8.6040
   -7.5000   30.0000   45.0000 2800.2671    8.3819
    0.0000   30.0000   45.0000 2803.8804    8.3168
    7.5000   30.0000   45.0000 2775.1304    8.5286
   -7.5000   37.5000   45.0000 2793.1099    8.4488
    0.0000   37.5000   45.0000 2798.4236    8.3879
    7.5000   37.5000   45.0000 2768.6995    8.6084
   -7.5000   45.0000   45.0000 2751.5244    8.6472
    0.0000   45.0000   45.0000 2759.9985    8.5930
    7.5000   45.0000   45.0000 2724.9736    8.8197
   -7.5000   52.5000   45.0000 2662.4771    8.9228
    0.0000   52.5000   45.0000 2666.5215    8.8783
    7.5000   52.5000   45.0000 2643.6455    9.0884

---------------------------------------------------------------------
imgreg_4dfp /home/aracena/freesurfer/average/711-2C_as_mni_average_305 /home/aracena/freesurfer/average/711-2B_as_mni_average_305_mask talsrcimg_g11 none talsrcimg_to_711-2C_as_mni_average_305_t4 1283
---------------------------------------------------------------------

freesurfer imgreg_4dfp.c
/home/aracena/freesurfer/average/711-2C_as_mni_average_305.4dfp.img
       256       256       256         1
  1.000000  1.000000  1.000000
orientation T byte_order littleendian
Reading image: /home/aracena/freesurfer/average/711-2C_as_mni_average_305.4dfp.img
dimensions:      256       256       256
mmppix:       1.0000   -1.0000   -1.0000
center:     128.0000 -129.0000 -129.0000
/home/aracena/freesurfer/average/711-2B_as_mni_average_305_mask.4dfp.img
       256       256       256         1
  1.000000  1.000000  1.000000
orientation T byte_order littleendian
Reading mask: /home/aracena/freesurfer/average/711-2B_as_mni_average_305_mask.4dfp.img (2306576 pixels)
talsrcimg_g11.4dfp.img
       256       256       256         1
  1.000000  1.000000  1.000000
orientation T byte_order littleendian
Reading image: talsrcimg_g11.4dfp.img
dimensions:      256       256       256
mmppix:       1.0000   -1.0000   -1.0000
center:     128.0000 -129.0000 -129.0000
rotation matrix determinant  1.000000
fimgreg.f
image alignment mode   1283 decimal      503 hex
parameters
    0.0000   37.5000   15.0000    0.0000    0.0000    0.0000
eta,q 0.96527  7.29678
niter,ni,del,rscale     5    3   12.0000    1.2000
parameter  1  0.672856 ->  0.500000 qaram    1.1500
parameters
   -3.4500   36.6987   15.7989   -1.5650    0.0250    0.5210
eta,q 0.97025  7.20988
  0.0350  0.0381  0.0456  0.0329  0.0380  0.0361
  0.0310  0.0341  0.0389  0.0305  0.0331  0.0334
  0.0320  0.0313  0.0331  0.0297  0.0304  0.0311
  0.0369  0.0307  0.0307  0.0305  0.0298  0.0298
  0.0444  0.0327  0.0313  0.0323  0.0307  0.0302
  0.0525  0.0376  0.0347  0.0341  0.0332  0.0319
  0.0596  0.0438  0.0394  0.0362  0.0376  0.0345
niter,ni,del,rscale     5    3   12.0000    1.2000
parameters
   -3.2030   36.8601   15.7021   -1.6059   -0.0942    0.6422
eta,q 0.97031  7.21192
  0.0520  0.0410  0.0414  0.0353  0.0372  0.0354
  0.0419  0.0362  0.0345  0.0322  0.0327  0.0327
  0.0331  0.0322  0.0304  0.0302  0.0303  0.0306
  0.0298  0.0298  0.0297  0.0297  0.0297  0.0297
  0.0325  0.0306  0.0317  0.0308  0.0306  0.0304
  0.0397  0.0349  0.0360  0.0328  0.0332  0.0324
  0.0491  0.0406  0.0411  0.0349  0.0377  0.0350
niter,ni,del,rscale     4    3   12.0000    1.2000
parameters
   -3.1331   36.8915   15.6986   -1.6167   -0.1349    0.6754
eta,q 0.97030  7.21249
  0.0510  0.0406  0.0417  0.0353  0.0374  0.0352
  0.0410  0.0359  0.0348  0.0323  0.0328  0.0326
  0.0324  0.0319  0.0305  0.0302  0.0304  0.0305
  0.0297  0.0297  0.0297  0.0297  0.0297  0.0297
  0.0328  0.0308  0.0316  0.0308  0.0305  0.0305
  0.0405  0.0354  0.0358  0.0328  0.0331  0.0325
  0.0499  0.0410  0.0408  0.0349  0.0375  0.0351
niter,ni,del,rscale     3    3   12.0000    1.2000
parameters
   -3.1118   36.8974   15.7008   -1.6179   -0.1475    0.6856
eta,q 0.97030  7.21261
  0.0508  0.0406  0.0417  0.0354  0.0374  0.0352
  0.0407  0.0358  0.0348  0.0323  0.0328  0.0326
  0.0322  0.0318  0.0305  0.0302  0.0304  0.0305
  0.0297  0.0297  0.0297  0.0297  0.0297  0.0297
  0.0329  0.0309  0.0316  0.0308  0.0305  0.0305
  0.0407  0.0354  0.0357  0.0328  0.0330  0.0326
  0.0501  0.0410  0.0408  0.0349  0.0374  0.0351
registration optimization eta report
parameter search radius
    6.9000    6.0000    6.0000    6.0000    6.0000    6.0000
100000*second partial in parameter space
       43.       30.       32.       15.       22.       15.
  0.0508  0.0406  0.0417  0.0354  0.0374  0.0352
  0.0407  0.0358  0.0348  0.0323  0.0328  0.0326
  0.0322  0.0318  0.0305  0.0302  0.0304  0.0305
  0.0297  0.0297  0.0297  0.0297  0.0297  0.0297
  0.0329  0.0309  0.0316  0.0308  0.0305  0.0305
  0.0407  0.0354  0.0357  0.0328  0.0330  0.0326
  0.0501  0.0410  0.0408  0.0349  0.0374  0.0351
   -3.1118   36.8974   15.7008   -1.6179   -0.1475    0.6856
eta,q 0.97030  7.21261

---------------------------------------------------------------------
imgreg_4dfp /home/aracena/freesurfer/average/711-2C_as_mni_average_305 /home/aracena/freesurfer/average/711-2B_as_mni_average_305_mask talsrcimg_g11 none talsrcimg_to_711-2C_as_mni_average_305_t4 3335
---------------------------------------------------------------------

freesurfer imgreg_4dfp.c
/home/aracena/freesurfer/average/711-2C_as_mni_average_305.4dfp.img
       256       256       256         1
  1.000000  1.000000  1.000000
orientation T byte_order littleendian
Reading image: /home/aracena/freesurfer/average/711-2C_as_mni_average_305.4dfp.img
dimensions:      256       256       256
mmppix:       1.0000   -1.0000   -1.0000
center:     128.0000 -129.0000 -129.0000
/home/aracena/freesurfer/average/711-2B_as_mni_average_305_mask.4dfp.img
       256       256       256         1
  1.000000  1.000000  1.000000
orientation T byte_order littleendian
Reading mask: /home/aracena/freesurfer/average/711-2B_as_mni_average_305_mask.4dfp.img (2306576 pixels)
talsrcimg_g11.4dfp.img
       256       256       256         1
  1.000000  1.000000  1.000000
orientation T byte_order littleendian
Reading image: talsrcimg_g11.4dfp.img
dimensions:      256       256       256
mmppix:       1.0000   -1.0000   -1.0000
center:     128.0000 -129.0000 -129.0000
fimgreg.f
image alignment mode   3335 decimal      D07 hex
parameters
   -3.1118   36.8974   15.7008   -0.0075   -0.0471   -0.0402
   -1.2033    0.2236    1.1965    2.8263   -0.2575   -2.8234
eta,q 0.97070  7.26219
niter,ni,del,rscale     5    3    5.0000    1.2000
parameter  4  0.559220 ->  0.500000 qaram    1.1500
parameter  5  0.794566 ->  0.500000 qaram    1.1500
parameter  6  0.580412 ->  0.500000 qaram    1.1500
parameters
   -3.0726   37.3242   15.2503   -4.1475   -4.1871   -4.1802
   -1.2200    1.1692    3.8751    0.8823   -0.8242   -0.1095
eta,q 0.97596  7.03976
  0.0321  0.0317  0.0305  0.0289  0.0263  0.0256  0.0271  0.0293  0.0277  0.0259  0.0254  0.0268
  0.0307  0.0305  0.0296  0.0278  0.0261  0.0251  0.0259  0.0273  0.0265  0.0247  0.0248  0.0257
  0.0297  0.0297  0.0292  0.0279  0.0266  0.0251  0.0252  0.0258  0.0255  0.0243  0.0244  0.0248
  0.0293  0.0293  0.0292  0.0291  0.0277  0.0262  0.0250  0.0250  0.0249  0.0246  0.0243  0.0243
  0.0295  0.0293  0.0297  0.0312  0.0294  0.0290  0.0252  0.0250  0.0246  0.0255  0.0245  0.0240
  0.0305  0.0297  0.0306  0.0340  0.0316  0.0326  0.0259  0.0259  0.0247  0.0267  0.0250  0.0242
  0.0321  0.0305  0.0319  0.0373  0.0343  0.0369  0.0271  0.0277  0.0253  0.0281  0.0259  0.0246
niter,ni,del,rscale     7    3    5.0000    1.2000
parameters
   -3.0476   37.7504   15.0328   -3.1675   -5.2233   -6.0258
   -1.9590    1.1318    4.1856    0.7935   -1.1853    0.7672
eta,q 0.97605  6.98499
  0.0272  0.0271  0.0254  0.0289  0.0267  0.0260  0.0259  0.0276  0.0261  0.0266  0.0251  0.0256
  0.0255  0.0256  0.0246  0.0272  0.0251  0.0249  0.0248  0.0257  0.0250  0.0250  0.0244  0.0248
  0.0244  0.0246  0.0241  0.0254  0.0240  0.0242  0.0241  0.0244  0.0243  0.0242  0.0241  0.0242
  0.0240  0.0240  0.0240  0.0240  0.0238  0.0237  0.0240  0.0240  0.0240  0.0240  0.0240  0.0240
  0.0244  0.0240  0.0243  0.0239  0.0246  0.0244  0.0244  0.0244  0.0241  0.0244  0.0242  0.0240
  0.0254  0.0245  0.0250  0.0252  0.0263  0.0270  0.0254  0.0257  0.0247  0.0253  0.0246  0.0244
  0.0271  0.0255  0.0260  0.0276  0.0287  0.0314  0.0269  0.0277  0.0258  0.0265  0.0253  0.0250
niter,ni,del,rscale     6    3    5.0000    1.2000
parameters
   -3.0272   37.7543   15.0270   -2.7649   -5.2482   -6.4971
   -2.0831    1.1608    4.2969    0.6376   -1.2280    1.0259
eta,q 0.97599  6.97676
  0.0270  0.0261  0.0254  0.0284  0.0275  0.0267  0.0263  0.0277  0.0260  0.0265  0.0251  0.0254
  0.0254  0.0249  0.0246  0.0268  0.0258  0.0254  0.0251  0.0258  0.0249  0.0250  0.0245  0.0246
  0.0243  0.0242  0.0241  0.0250  0.0245  0.0245  0.0243  0.0245  0.0243  0.0242  0.0241  0.0242
  0.0240  0.0240  0.0240  0.0240  0.0239  0.0239  0.0240  0.0240  0.0240  0.0240  0.0240  0.0240
  0.0243  0.0242  0.0241  0.0242  0.0243  0.0238  0.0243  0.0244  0.0242  0.0244  0.0241  0.0241
  0.0253  0.0249  0.0246  0.0256  0.0257  0.0251  0.0252  0.0257  0.0248  0.0253  0.0245  0.0245
  0.0270  0.0261  0.0254  0.0282  0.0277  0.0286  0.0265  0.0277  0.0259  0.0266  0.0252  0.0252
niter,ni,del,rscale     5    3    5.0000    1.2000
parameters
   -3.0135   37.7243   15.0266   -2.7006   -5.2388   -6.5297
   -2.1316    1.1748    4.3097    0.5602   -1.2087    1.0687
eta,q 0.97600  6.97703
  0.0270  0.0261  0.0253  0.0282  0.0276  0.0270  0.0264  0.0277  0.0259  0.0266  0.0252  0.0253
  0.0254  0.0249  0.0246  0.0266  0.0259  0.0256  0.0251  0.0258  0.0249  0.0251  0.0245  0.0246
  0.0244  0.0242  0.0241  0.0249  0.0246  0.0246  0.0243  0.0245  0.0242  0.0242  0.0241  0.0241
  0.0240  0.0240  0.0240  0.0240  0.0240  0.0240  0.0240  0.0240  0.0240  0.0240  0.0240  0.0240
  0.0243  0.0243  0.0241  0.0244  0.0244  0.0237  0.0243  0.0244  0.0242  0.0244  0.0241  0.0242
  0.0254  0.0250  0.0246  0.0260  0.0257  0.0247  0.0251  0.0257  0.0249  0.0253  0.0245  0.0246
  0.0270  0.0262  0.0253  0.0286  0.0277  0.0279  0.0265  0.0277  0.0259  0.0266  0.0252  0.0252
niter,ni,del,rscale     4    3    5.0000    1.2000
parameters
   -3.0093   37.7122   15.0263   -2.6878   -5.2314   -6.5319
   -2.1427    1.1801    4.3025    0.5346   -1.2003    1.0827
eta,q 0.97600  6.97734
  0.0270  0.0261  0.0253  0.0282  0.0276  0.0270  0.0264  0.0276  0.0259  0.0266  0.0252  0.0253
  0.0254  0.0250  0.0246  0.0266  0.0259  0.0256  0.0251  0.0258  0.0249  0.0251  0.0245  0.0246
  0.0244  0.0242  0.0241  0.0249  0.0246  0.0246  0.0243  0.0245  0.0242  0.0242  0.0241  0.0241
  0.0240  0.0240  0.0240  0.0240  0.0240  0.0240  0.0240  0.0240  0.0240  0.0240  0.0240  0.0240
  0.0243  0.0243  0.0242  0.0244  0.0244  0.0237  0.0242  0.0244  0.0242  0.0244  0.0241  0.0242
  0.0254  0.0250  0.0246  0.0260  0.0257  0.0247  0.0251  0.0257  0.0249  0.0253  0.0245  0.0246
  0.0270  0.0262  0.0253  0.0287  0.0277  0.0278  0.0265  0.0277  0.0259  0.0265  0.0252  0.0252
registration optimization eta report
parameter search radius
    2.4000    2.4000    2.4000    8.2800    8.2800    8.2800
    7.2000    7.2000    7.2000    7.2000    7.2000    7.2000
100000*second partial in parameter space
       52.       37.       23.        6.        5.        5.
        5.        7.        4.        5.        2.        2.
  0.0270  0.0261  0.0253  0.0282  0.0276  0.0270  0.0264  0.0276  0.0259  0.0266  0.0252  0.0253
  0.0254  0.0250  0.0246  0.0266  0.0259  0.0256  0.0251  0.0258  0.0249  0.0251  0.0245  0.0246
  0.0244  0.0242  0.0241  0.0249  0.0246  0.0246  0.0243  0.0245  0.0242  0.0242  0.0241  0.0241
  0.0240  0.0240  0.0240  0.0240  0.0240  0.0240  0.0240  0.0240  0.0240  0.0240  0.0240  0.0240
  0.0243  0.0243  0.0242  0.0244  0.0244  0.0237  0.0242  0.0244  0.0242  0.0244  0.0241  0.0242
  0.0254  0.0250  0.0246  0.0260  0.0257  0.0247  0.0251  0.0257  0.0249  0.0253  0.0245  0.0246
  0.0270  0.0262  0.0253  0.0287  0.0277  0.0278  0.0265  0.0277  0.0259  0.0265  0.0252  0.0252
   -3.0093   37.7122   15.0263   -2.6878   -5.2314   -6.5319
   -2.1427    1.1801    4.3025    0.5346   -1.2003    1.0827
eta,q 0.97600  6.97734

---------------------------------------------------------------------
imgreg_4dfp /home/aracena/freesurfer/average/711-2C_as_mni_average_305 /home/aracena/freesurfer/average/711-2B_as_mni_average_305_mask talsrcimg_g11 none talsrcimg_to_711-2C_as_mni_average_305_t4 2311
---------------------------------------------------------------------

freesurfer imgreg_4dfp.c
/home/aracena/freesurfer/average/711-2C_as_mni_average_305.4dfp.img
       256       256       256         1
  1.000000  1.000000  1.000000
orientation T byte_order littleendian
Reading image: /home/aracena/freesurfer/average/711-2C_as_mni_average_305.4dfp.img
dimensions:      256       256       256
mmppix:       1.0000   -1.0000   -1.0000
center:     128.0000 -129.0000 -129.0000
/home/aracena/freesurfer/average/711-2B_as_mni_average_305_mask.4dfp.img
       256       256       256         1
  1.000000  1.000000  1.000000
orientation T byte_order littleendian
Reading mask: /home/aracena/freesurfer/average/711-2B_as_mni_average_305_mask.4dfp.img (2306576 pixels)
talsrcimg_g11.4dfp.img
       256       256       256         1
  1.000000  1.000000  1.000000
orientation T byte_order littleendian
Reading image: talsrcimg_g11.4dfp.img
dimensions:      256       256       256
mmppix:       1.0000   -1.0000   -1.0000
center:     128.0000 -129.0000 -129.0000
fimgreg.f
image alignment mode   2311 decimal      907 hex
parameters
   -3.0093   37.7122   15.0263   -2.6878   -5.2314   -6.5319
   -2.1427    1.1801    4.3025    0.5346   -1.2003    1.0827
eta,q 0.97600  6.97734
niter,ni,del,rscale     5    3    5.0000    0.8000
parameters
   -3.0005   37.6999   15.0299   -2.2467   -5.1370   -5.0066
   -2.1229    1.3384    4.1424    0.1527   -0.8850    0.3259
eta,q 0.97631  7.03676
  0.0254  0.0250  0.0246  0.0261  0.0254  0.0253  0.0249  0.0258  0.0246  0.0248  0.0244  0.0242
  0.0246  0.0244  0.0243  0.0251  0.0247  0.0247  0.0243  0.0247  0.0241  0.0241  0.0241  0.0239
  0.0242  0.0241  0.0241  0.0243  0.0242  0.0243  0.0239  0.0240  0.0238  0.0238  0.0238  0.0237
  0.0240  0.0240  0.0240  0.0240  0.0240  0.0240  0.0237  0.0237  0.0237  0.0237  0.0237  0.0237
  0.0241  0.0241  0.0241  0.0241  0.0241  0.0237  0.0239  0.0239  0.0239  0.0240  0.0238  0.0239
  0.0246  0.0245  0.0243  0.0246  0.0246  0.0238  0.0242  0.0245  0.0242  0.0245  0.0239  0.0242
  0.0254  0.0250  0.0246  0.0255  0.0254  0.0244  0.0249  0.0256  0.0247  0.0252  0.0243  0.0245
niter,ni,del,rscale     4    3    5.0000    0.7000
parameters
   -3.0151   37.6914   14.9709   -2.3135   -5.0706   -4.9283
   -2.1413    1.3629    3.9961    0.1961   -0.7903    0.1613
eta,q 0.97633  7.03941
  0.0248  0.0245  0.0242  0.0252  0.0249  0.0246  0.0246  0.0252  0.0243  0.0248  0.0242  0.0242
  0.0242  0.0240  0.0239  0.0244  0.0242  0.0243  0.0241  0.0244  0.0240  0.0241  0.0239  0.0239
  0.0238  0.0238  0.0237  0.0238  0.0238  0.0240  0.0238  0.0239  0.0237  0.0238  0.0237  0.0237
  0.0237  0.0237  0.0237  0.0237  0.0237  0.0237  0.0237  0.0237  0.0237  0.0237  0.0237  0.0237
  0.0238  0.0238  0.0238  0.0239  0.0238  0.0237  0.0238  0.0238  0.0238  0.0238  0.0237  0.0238
  0.0242  0.0240  0.0240  0.0244  0.0242  0.0240  0.0241  0.0243  0.0240  0.0241  0.0239  0.0239
  0.0248  0.0245  0.0243  0.0253  0.0248  0.0248  0.0246  0.0252  0.0244  0.0247  0.0242  0.0242
niter,ni,del,rscale     3    3    5.0000    0.6000
parameters
   -3.0153   37.7085   14.9589   -2.3279   -5.0243   -4.6720
   -2.1129    1.3975    3.9344    0.1519   -0.6934    0.0062
eta,q 0.97635  7.04769
  0.0245  0.0243  0.0241  0.0248  0.0245  0.0245  0.0243  0.0248  0.0242  0.0244  0.0240  0.0240
  0.0240  0.0239  0.0239  0.0242  0.0241  0.0242  0.0240  0.0242  0.0239  0.0240  0.0238  0.0238
  0.0238  0.0237  0.0237  0.0238  0.0238  0.0239  0.0237  0.0238  0.0237  0.0237  0.0237  0.0237
  0.0237  0.0237  0.0237  0.0237  0.0237  0.0237  0.0236  0.0236  0.0236  0.0236  0.0237  0.0236
  0.0238  0.0237  0.0237  0.0238  0.0238  0.0236  0.0237  0.0238  0.0237  0.0238  0.0237  0.0237
  0.0240  0.0239  0.0239  0.0242  0.0240  0.0239  0.0239  0.0241  0.0239  0.0240  0.0238  0.0239
  0.0245  0.0242  0.0241  0.0248  0.0245  0.0244  0.0243  0.0248  0.0242  0.0244  0.0240  0.0241
niter,ni,del,rscale     2    3    5.0000    0.5000
parameters
   -3.0229   37.7140   14.9608   -2.3784   -4.9946   -4.4337
   -2.1038    1.4343    3.8759    0.1140   -0.6252   -0.1177
eta,q 0.97637  7.05424
  0.0242  0.0241  0.0240  0.0245  0.0242  0.0243  0.0241  0.0245  0.0240  0.0242  0.0239  0.0239
  0.0239  0.0238  0.0238  0.0240  0.0239  0.0240  0.0238  0.0240  0.0238  0.0239  0.0238  0.0237
  0.0237  0.0237  0.0237  0.0237  0.0237  0.0238  0.0237  0.0237  0.0237  0.0237  0.0237  0.0237
  0.0236  0.0236  0.0236  0.0236  0.0236  0.0236  0.0236  0.0236  0.0236  0.0236  0.0236  0.0236
  0.0237  0.0237  0.0237  0.0238  0.0237  0.0236  0.0237  0.0237  0.0237  0.0237  0.0237  0.0237
  0.0239  0.0238  0.0238  0.0241  0.0239  0.0238  0.0238  0.0240  0.0238  0.0239  0.0237  0.0238
  0.0242  0.0241  0.0240  0.0245  0.0242  0.0242  0.0241  0.0244  0.0240  0.0242  0.0239  0.0239
niter,ni,del,rscale     1    3    5.0000    0.4000
parameters
   -3.0299   37.7197   14.9735   -2.4363   -4.9791   -4.2631
   -2.0838    1.4603    3.8454    0.0737   -0.5650   -0.1666
eta,q 0.97638  7.05833
  0.0240  0.0239  0.0238  0.0242  0.0240  0.0241  0.0239  0.0241  0.0238  0.0240  0.0238  0.0238
  0.0238  0.0238  0.0237  0.0238  0.0238  0.0239  0.0238  0.0239  0.0237  0.0238  0.0237  0.0237
  0.0237  0.0237  0.0236  0.0237  0.0237  0.0237  0.0236  0.0237  0.0236  0.0236  0.0236  0.0236
  0.0236  0.0236  0.0236  0.0236  0.0236  0.0236  0.0236  0.0236  0.0236  0.0236  0.0236  0.0236
  0.0237  0.0237  0.0237  0.0237  0.0237  0.0236  0.0236  0.0237  0.0236  0.0237  0.0236  0.0236
  0.0238  0.0237  0.0237  0.0239  0.0238  0.0238  0.0237  0.0238  0.0237  0.0238  0.0237  0.0237
  0.0240  0.0239  0.0238  0.0242  0.0240  0.0240  0.0239  0.0241  0.0239  0.0240  0.0238  0.0238
registration optimization eta report
parameter search radius
    0.8000    0.8000    0.8000    2.4000    2.4000    2.4000
    2.4000    2.4000    2.4000    2.4000    2.4000    2.4000
100000*second partial in parameter space
       59.       42.       32.       10.        7.        7.
        5.        9.        4.        6.        3.        3.
  0.0240  0.0239  0.0238  0.0242  0.0240  0.0241  0.0239  0.0241  0.0238  0.0240  0.0238  0.0238
  0.0238  0.0238  0.0237  0.0238  0.0238  0.0239  0.0238  0.0239  0.0237  0.0238  0.0237  0.0237
  0.0237  0.0237  0.0236  0.0237  0.0237  0.0237  0.0236  0.0237  0.0236  0.0236  0.0236  0.0236
  0.0236  0.0236  0.0236  0.0236  0.0236  0.0236  0.0236  0.0236  0.0236  0.0236  0.0236  0.0236
  0.0237  0.0237  0.0237  0.0237  0.0237  0.0236  0.0236  0.0237  0.0236  0.0237  0.0236  0.0236
  0.0238  0.0237  0.0237  0.0239  0.0238  0.0238  0.0237  0.0238  0.0237  0.0238  0.0237  0.0237
  0.0240  0.0239  0.0238  0.0242  0.0240  0.0240  0.0239  0.0241  0.0239  0.0240  0.0238  0.0238
   -3.0299   37.7197   14.9735   -2.4363   -4.9791   -4.2631
   -2.0838    1.4603    3.8454    0.0737   -0.5650   -0.1666
eta,q 0.97638  7.05833

---------------------------------------------------------------------
imgreg_4dfp /home/aracena/freesurfer/average/711-2C_as_mni_average_305 /home/aracena/freesurfer/average/711-2B_as_mni_average_305_mask talsrcimg_g11 none talsrcimg_to_711-2C_as_mni_average_305_t4 2311
---------------------------------------------------------------------

freesurfer imgreg_4dfp.c
/home/aracena/freesurfer/average/711-2C_as_mni_average_305.4dfp.img
       256       256       256         1
  1.000000  1.000000  1.000000
orientation T byte_order littleendian
Reading image: /home/aracena/freesurfer/average/711-2C_as_mni_average_305.4dfp.img
dimensions:      256       256       256
mmppix:       1.0000   -1.0000   -1.0000
center:     128.0000 -129.0000 -129.0000
/home/aracena/freesurfer/average/711-2B_as_mni_average_305_mask.4dfp.img
       256       256       256         1
  1.000000  1.000000  1.000000
orientation T byte_order littleendian
Reading mask: /home/aracena/freesurfer/average/711-2B_as_mni_average_305_mask.4dfp.img (2306576 pixels)
talsrcimg_g11.4dfp.img
       256       256       256         1
  1.000000  1.000000  1.000000
orientation T byte_order littleendian
Reading image: talsrcimg_g11.4dfp.img
dimensions:      256       256       256
mmppix:       1.0000   -1.0000   -1.0000
center:     128.0000 -129.0000 -129.0000
fimgreg.f
image alignment mode   2311 decimal      907 hex
parameters
   -3.0299   37.7197   14.9735   -2.4363   -4.9791   -4.2631
   -2.0838    1.4603    3.8454    0.0737   -0.5650   -0.1666
eta,q 0.97638  7.05833
niter,ni,del,rscale     5    3    5.0000    0.8000
parameters
   -3.0329   37.7113   14.9756   -2.4136   -5.0788   -4.9531
   -2.0848    1.3022    3.8983    0.3508   -0.7514    0.1123
eta,q 0.97632  7.03673
  0.0251  0.0247  0.0244  0.0257  0.0251  0.0246  0.0248  0.0255  0.0246  0.0252  0.0243  0.0244
  0.0243  0.0241  0.0240  0.0246  0.0243  0.0242  0.0242  0.0245  0.0241  0.0244  0.0239  0.0240
  0.0238  0.0237  0.0237  0.0239  0.0238  0.0239  0.0238  0.0239  0.0238  0.0238  0.0237  0.0238
  0.0236  0.0236  0.0236  0.0236  0.0236  0.0236  0.0237  0.0237  0.0237  0.0237  0.0237  0.0237
  0.0238  0.0237  0.0237  0.0239  0.0238  0.0238  0.0238  0.0239  0.0238  0.0238  0.0238  0.0237
  0.0243  0.0241  0.0240  0.0246  0.0243  0.0245  0.0242  0.0246  0.0241  0.0242  0.0240  0.0239
  0.0251  0.0247  0.0244  0.0256  0.0252  0.0260  0.0248  0.0258  0.0246  0.0248  0.0244  0.0243
niter,ni,del,rscale     4    3    5.0000    0.7000
parameters
   -3.0244   37.7273   14.9525   -2.3177   -5.0442   -4.8898
   -2.0608    1.3358    3.9576    0.2590   -0.7407    0.0754
eta,q 0.97633  7.04108
  0.0248  0.0245  0.0242  0.0253  0.0248  0.0246  0.0246  0.0252  0.0244  0.0247  0.0242  0.0242
  0.0242  0.0240  0.0239  0.0244  0.0242  0.0243  0.0241  0.0244  0.0240  0.0241  0.0239  0.0239
  0.0238  0.0238  0.0237  0.0239  0.0238  0.0240  0.0238  0.0239  0.0238  0.0237  0.0237  0.0237
  0.0237  0.0237  0.0237  0.0237  0.0237  0.0237  0.0237  0.0237  0.0237  0.0237  0.0237  0.0237
  0.0238  0.0238  0.0238  0.0239  0.0238  0.0237  0.0238  0.0238  0.0237  0.0238  0.0237  0.0237
  0.0242  0.0240  0.0240  0.0244  0.0242  0.0240  0.0241  0.0243  0.0240  0.0242  0.0239  0.0239
  0.0248  0.0245  0.0243  0.0252  0.0248  0.0248  0.0246  0.0252  0.0244  0.0247  0.0242  0.0242
niter,ni,del,rscale     3    3    5.0000    0.6000
parameters
   -3.0235   37.7217   14.9519   -2.3385   -5.0189   -4.6695
   -2.0945    1.3852    3.9281    0.1791   -0.6889   -0.0302
eta,q 0.97636  7.04772
  0.0245  0.0243  0.0241  0.0248  0.0245  0.0244  0.0243  0.0248  0.0242  0.0244  0.0240  0.0240
  0.0240  0.0239  0.0239  0.0242  0.0241  0.0242  0.0239  0.0242  0.0239  0.0240  0.0238  0.0238
  0.0238  0.0237  0.0237  0.0238  0.0238  0.0239  0.0237  0.0238  0.0237  0.0237  0.0237  0.0237
  0.0237  0.0237  0.0237  0.0237  0.0237  0.0237  0.0236  0.0236  0.0236  0.0236  0.0236  0.0236
  0.0238  0.0237  0.0237  0.0238  0.0237  0.0237  0.0237  0.0238  0.0237  0.0238  0.0237  0.0237
  0.0240  0.0239  0.0239  0.0242  0.0240  0.0239  0.0239  0.0241  0.0239  0.0240  0.0238  0.0239
  0.0245  0.0243  0.0241  0.0248  0.0245  0.0244  0.0243  0.0248  0.0242  0.0244  0.0240  0.0241
niter,ni,del,rscale     2    3    5.0000    0.5000
parameters
   -3.0252   37.7159   14.9578   -2.3751   -4.9998   -4.4331
   -2.0963    1.4318    3.8638    0.1182   -0.6156   -0.1308
eta,q 0.97637  7.05421
  0.0242  0.0241  0.0240  0.0245  0.0242  0.0243  0.0241  0.0245  0.0240  0.0242  0.0239  0.0239
  0.0239  0.0238  0.0238  0.0240  0.0239  0.0240  0.0238  0.0240  0.0238  0.0238  0.0238  0.0237
  0.0237  0.0237  0.0237  0.0237  0.0237  0.0238  0.0237  0.0237  0.0237  0.0237  0.0237  0.0237
  0.0236  0.0236  0.0236  0.0236  0.0236  0.0236  0.0236  0.0236  0.0236  0.0236  0.0236  0.0236
  0.0237  0.0237  0.0237  0.0238  0.0237  0.0236  0.0237  0.0237  0.0237  0.0237  0.0237  0.0237
  0.0239  0.0238  0.0238  0.0240  0.0239  0.0238  0.0238  0.0240  0.0238  0.0239  0.0237  0.0238
  0.0242  0.0241  0.0240  0.0245  0.0242  0.0242  0.0241  0.0244  0.0240  0.0242  0.0239  0.0239
niter,ni,del,rscale     1    3    5.0000    0.4000
parameters
   -3.0306   37.7200   14.9691   -2.4328   -4.9800   -4.2701
   -2.0843    1.4587    3.8254    0.0844   -0.5720   -0.1742
eta,q 0.97638  7.05818
  0.0240  0.0239  0.0238  0.0242  0.0240  0.0241  0.0239  0.0242  0.0239  0.0240  0.0238  0.0238
  0.0238  0.0238  0.0237  0.0239  0.0238  0.0239  0.0238  0.0239  0.0237  0.0238  0.0237  0.0237
  0.0237  0.0237  0.0236  0.0237  0.0237  0.0237  0.0237  0.0237  0.0236  0.0236  0.0236  0.0236
  0.0236  0.0236  0.0236  0.0236  0.0236  0.0236  0.0236  0.0236  0.0236  0.0236  0.0236  0.0236
  0.0237  0.0237  0.0237  0.0237  0.0237  0.0236  0.0236  0.0237  0.0236  0.0237  0.0236  0.0236
  0.0238  0.0237  0.0237  0.0239  0.0238  0.0238  0.0237  0.0238  0.0237  0.0238  0.0237  0.0237
  0.0240  0.0239  0.0238  0.0242  0.0240  0.0240  0.0239  0.0241  0.0239  0.0240  0.0238  0.0238
registration optimization eta report
parameter search radius
    0.8000    0.8000    0.8000    2.4000    2.4000    2.4000
    2.4000    2.4000    2.4000    2.4000    2.4000    2.4000
100000*second partial in parameter space
       59.       42.       31.       10.        7.        7.
        5.        9.        4.        6.        3.        3.
  0.0240  0.0239  0.0238  0.0242  0.0240  0.0241  0.0239  0.0242  0.0239  0.0240  0.0238  0.0238
  0.0238  0.0238  0.0237  0.0239  0.0238  0.0239  0.0238  0.0239  0.0237  0.0238  0.0237  0.0237
  0.0237  0.0237  0.0236  0.0237  0.0237  0.0237  0.0237  0.0237  0.0236  0.0236  0.0236  0.0236
  0.0236  0.0236  0.0236  0.0236  0.0236  0.0236  0.0236  0.0236  0.0236  0.0236  0.0236  0.0236
  0.0237  0.0237  0.0237  0.0237  0.0237  0.0236  0.0236  0.0237  0.0236  0.0237  0.0236  0.0236
  0.0238  0.0237  0.0237  0.0239  0.0238  0.0238  0.0237  0.0238  0.0237  0.0238  0.0237  0.0237
  0.0240  0.0239  0.0238  0.0242  0.0240  0.0240  0.0239  0.0241  0.0239  0.0240  0.0238  0.0238
   -3.0306   37.7200   14.9691   -2.4328   -4.9800   -4.2701
   -2.0843    1.4587    3.8254    0.0844   -0.5720   -0.1742
eta,q 0.97638  7.05818

---------------------------------------------------------------------
compute_vox2vox talsrcimg talsrcimg_to_711-2C_as_mni_average_305_t4 /home/aracena/freesurfer/average/711-2C_as_mni_average_305
---------------------------------------------------------------------

freesurfer compute_vox2vox.c
Reading: talsrcimg.4dfp.ifh
Reading: talsrcimg_to_711-2C_as_mni_average_305_t4
Reading: /home/aracena/freesurfer/average/711-2C_as_mni_average_305.4dfp.ifh
Writing: talsrcimg_to_711-2C_as_mni_average_305_t4_vox2vox.txt

start time mar 28 dic 2021 13:35:09 -03
end		time mar 28 dic 2021 13:35:38 -03

mpr2mni305 success

avi2talxfm orig_nu.mgz /home/aracena/freesurfer/average/mni305.cor.mgz talsrcimg_to_711-2C_as_mni_average_305_t4_vox2vox.txt transforms/talairach.auto.xfm
avi2talxfm done
lta_convert --src orig_nu.mgz --trg /home/aracena/freesurfer/average/mni305.cor.mgz --inxfm transforms/talairach.auto.xfm --outlta transforms/talairach.auto.xfm.lta --subject fsaverage
7.2.0

--src: orig_nu.mgz src image (geometry).
--trg: /home/aracena/freesurfer/average/mni305.cor.mgz trg image (geometry).
--inmni: transforms/talairach.auto.xfm input MNI/XFM transform.
--outlta: transforms/talairach.auto.xfm.lta output LTA.
--s: fsaverage subject name
 LTA read, type : 1
 1.02396  -0.01562   0.02243   0.02864;
 0.00604   1.04451   0.00205   0.09732;
-0.04123  -0.00030   1.05150  -2.18411;
 0.00000   0.00000   0.00000   1.00000;
setting subject to fsaverage
Writing  LTA to file transforms/talairach.auto.xfm.lta...
lta_convert successful.
 
 
Started at mar 28 dic 2021 13:35:08 -03
Ended   at mar 28 dic 2021 13:35:39 -03
talairach_avi done
