/opt/home/aracena/thesis_practica/tips_nibabel/3_recon-all_freesurfer/output/freesurfer/sub-05/mri
/home/aracena/freesurfer/bin/talairach_avi
--i orig_nu.mgz --xfm transforms/talairach.auto.xfm
talairach_avi 7.2.0
Linux daniela-MS-7760 5.11.0-41-generic #45-Ubuntu SMP Fri Nov 5 11:37:01 UTC 2021 x86_64 x86_64 x86_64 GNU/Linux
mar 28 dic 2021 13:34:49 -03
mri_convert orig_nu.mgz talsrcimg.img 
reading from orig_nu.mgz...
TR=0.00, TE=0.00, TI=0.00, flip angle=0.00
i_ras = (-1, 2.32831e-10, 0)
j_ras = (-3.72529e-09, 0, -1)
k_ras = (0, 1, 0)
writing to talsrcimg.img...
Analyze Output Matrix
-1.00000  -0.00000   0.00000   128.02960;
 0.00000   0.00000   1.00000  -138.27568;
 0.00000  -1.00000   0.00000   101.84724;
 0.00000   0.00000   0.00000   1.00000;
--------------------
INFO: set hdr.hist.orient to -1
mpr2mni305 talsrcimg
mar 28 dic 2021 13:34:50 -03
/home/aracena/freesurfer/bin/mpr2mni305 talsrcimg
mpr2mni305 7.2.0
target=711-2C_as_mni_average_305

---------------------------------------------------------------------
analyzeto4dfp talsrcimg -O0 -y
---------------------------------------------------------------------

freesurfer ifh2hdr.c
Tue Dec 28 13:34:50 2021
Writing: talsrcimg.4dfp.hdr
freesurfer analyzeto4dfp.c
Reading: talsrcimg.hdr
header size 348 bytes
hdr.dime.datatype	offset=70	value=2
hdr.dime.bitpix		offset=72	value=8
hdr.hist.orient		offset=252	value=-1
dimensionality     4
dimensions       256       256       256         1
Reading: talsrcimg.img
Writing: talsrcimg.4dfp.img
Writing: talsrcimg.4dfp.ifh
ifh2hdr talsrcimg -r0to226
ori=2

---------------------------------------------------------------------
gauss_4dfp talsrcimg 1.1
---------------------------------------------------------------------

freesurfer gauss_4dfp.c
Reading: talsrcimg.4dfp.img
Writing: talsrcimg_g11.4dfp.img
image dimensions 256 256 256 padded to 288 288 288
processing volume 1freesurfer ifh2hdr.c
Tue Dec 28 13:34:57 2021
Writing: talsrcimg_g11.4dfp.hdr

Writing: talsrcimg_g11.4dfp.ifh
including: talsrcimg.4dfp.img.rec in talsrcimg_g11.4dfp.img.rec

---------------------------------------------------------------------
imgreg_4dfp /home/aracena/freesurfer/average/711-2C_as_mni_average_305 none talsrcimg_g11 none talsrcimg_to_711-2C_as_mni_average_305_t4 4355
---------------------------------------------------------------------

freesurfer imgreg_4dfp.c
/home/aracena/freesurfer/average/711-2C_as_mni_average_305.4dfp.img
       256       256       256         1
  1.000000  1.000000  1.000000
orientation T byte_order littleendian
Reading image: /home/aracena/freesurfer/average/711-2C_as_mni_average_305.4dfp.img
dimensions:      256       256       256
mmppix:       1.0000   -1.0000   -1.0000
center:     128.0000 -129.0000 -129.0000
talsrcimg_g11.4dfp.img
       256       256       256         1
  1.000000  1.000000  1.000000
orientation T byte_order littleendian
Reading image: talsrcimg_g11.4dfp.img
dimensions:      256       256       256
mmppix:       1.0000   -1.0000   -1.0000
center:     128.0000 -129.0000 -129.0000
t4_read: open error in t4_sub.f l:  41 t4_file(1:l)talsrcimg_to_711-2C_as_mni_average_305_t4 
t4_read: transform initialized to I4
rotation matrix determinant  1.000000
image alignment mode   4355 decimal     1103 hex
   -7.5000  -45.0000  -45.0000 8124.1440   11.6076
    0.0000  -45.0000  -45.0000 8470.5527   11.6150
    7.5000  -45.0000  -45.0000 8080.4766   11.5942
   -7.5000  -37.5000  -45.0000 8438.8320   11.3573
    0.0000  -37.5000  -45.0000 8801.4287   11.3639
    7.5000  -37.5000  -45.0000 8398.3818   11.3473
   -7.5000  -30.0000  -45.0000 9101.6855   11.1072
    0.0000  -30.0000  -45.0000 9491.2920   11.1143
    7.5000  -30.0000  -45.0000 9087.5918   11.0991
   -7.5000  -22.5000  -45.0000 9816.9160   10.9311
    0.0000  -22.5000  -45.000010236.8633   10.9373
    7.5000  -22.5000  -45.0000 9809.9033   10.9219
   -7.5000  -15.0000  -45.000010564.2393   10.8205
    0.0000  -15.0000  -45.000011006.9014   10.8255
    7.5000  -15.0000  -45.000010561.8877   10.8077
   -7.5000   -7.5000  -45.000011343.4062   10.8035
    0.0000   -7.5000  -45.000011807.8535   10.8078
    7.5000   -7.5000  -45.000011336.3799   10.7878
   -7.5000    0.0000  -45.000012071.4385   10.8170
    0.0000    0.0000  -45.000012581.5283   10.8214
    7.5000    0.0000  -45.000012052.5850   10.8025
   -7.5000    7.5000  -45.000011853.4697   10.8698
    0.0000    7.5000  -45.000012360.2041   10.8756
    7.5000    7.5000  -45.000011838.6367   10.8602
   -7.5000   15.0000  -45.000011583.6338   11.0105
    0.0000   15.0000  -45.000012067.7285   11.0176
    7.5000   15.0000  -45.000011540.1299   11.0044
   -7.5000   22.5000  -45.000011089.0010   11.1395
    0.0000   22.5000  -45.000011562.2207   11.1464
    7.5000   22.5000  -45.000011072.7715   11.1319
   -7.5000   30.0000  -45.000010524.8184   11.1254
    0.0000   30.0000  -45.000010967.4551   11.1323
    7.5000   30.0000  -45.000010528.3398   11.1160
   -7.5000   37.5000  -45.000010318.3809   11.2629
    0.0000   37.5000  -45.000010775.6152   11.2702
    7.5000   37.5000  -45.000010352.0420   11.2525
   -7.5000   45.0000  -45.0000 9740.8389   11.1034
    0.0000   45.0000  -45.000010175.8076   11.1120
    7.5000   45.0000  -45.0000 9789.8613   11.0958
   -7.5000  -45.0000  -37.5000 8456.6738   11.5416
    0.0000  -45.0000  -37.5000 8823.3896   11.5440
    7.5000  -45.0000  -37.5000 8397.9932   11.5218
   -7.5000  -37.5000  -37.5000 8792.8545   11.2926
    0.0000  -37.5000  -37.5000 9167.2529   11.2947
    7.5000  -37.5000  -37.5000 8743.6191   11.2764
   -7.5000  -30.0000  -37.5000 9500.6299   11.0453
    0.0000  -30.0000  -37.5000 9912.0752   11.0489
    7.5000  -30.0000  -37.5000 9472.0020   11.0325
   -7.5000  -22.5000  -37.500010255.0078   10.8706
    0.0000  -22.5000  -37.500010701.2568   10.8742
    7.5000  -22.5000  -37.500010244.2490   10.8582
   -7.5000  -15.0000  -37.500011070.8555   10.7588
    0.0000  -15.0000  -37.500011546.7529   10.7616
    7.5000  -15.0000  -37.500011041.6289   10.7435
   -7.5000   -7.5000  -37.500011948.1484   10.7396
    0.0000   -7.5000  -37.500012458.6982   10.7408
    7.5000   -7.5000  -37.500011898.0107   10.7201
   -7.5000    0.0000  -37.500012725.5986   10.7532
    0.0000    0.0000  -37.500013276.2656   10.7534
    7.5000    0.0000  -37.500012677.8887   10.7326
   -7.5000    7.5000  -37.500012508.8174   10.8071
    0.0000    7.5000  -37.500013038.6201   10.8086
    7.5000    7.5000  -37.500012481.5000   10.7912
   -7.5000   15.0000  -37.500012188.8818   10.9518
    0.0000   15.0000  -37.500012714.2461   10.9552
    7.5000   15.0000  -37.500012153.2715   10.9408
   -7.5000   22.5000  -37.500011697.6602   11.0836
    0.0000   22.5000  -37.500012202.0723   11.0877
    7.5000   22.5000  -37.500011693.4395   11.0726
   -7.5000   30.0000  -37.500011089.4990   11.0684
    0.0000   30.0000  -37.500011565.0859   11.0729
    7.5000   30.0000  -37.500011122.8135   11.0562
   -7.5000   37.5000  -37.500010859.1836   11.2021
    0.0000   37.5000  -37.500011319.5850   11.2064
    7.5000   37.5000  -37.500010891.8564   11.1879
   -7.5000   45.0000  -37.500010264.8457   11.0426
    0.0000   45.0000  -37.500010696.1602   11.0469
    7.5000   45.0000  -37.500010316.0771   11.0292
   -7.5000  -45.0000  -30.0000 8890.1035   11.9923
    0.0000  -45.0000  -30.0000 9267.2012   11.9912
    7.5000  -45.0000  -30.0000 8838.8721   11.9701
   -7.5000  -37.5000  -30.0000 9260.5488   11.7320
    0.0000  -37.5000  -30.0000 9642.3066   11.7323
    7.5000  -37.5000  -30.0000 9218.1074   11.7147
   -7.5000  -30.0000  -30.000010036.3682   11.4723
    0.0000  -30.0000  -30.000010479.5625   11.4752
    7.5000  -30.0000  -30.000010019.7412   11.4602
   -7.5000  -22.5000  -30.000010872.5127   11.2896
    0.0000  -22.5000  -30.000011373.3564   11.2926
    7.5000  -22.5000  -30.000010868.4111   11.2785
   -7.5000  -15.0000  -30.000011771.1709   11.1725
    0.0000  -15.0000  -30.000012309.7812   11.1741
    7.5000  -15.0000  -30.000011734.4248   11.1581
   -7.5000   -7.5000  -30.000012723.5996   11.1530
    0.0000   -7.5000  -30.000013289.4258   11.1517
    7.5000   -7.5000  -30.000012670.6221   11.1329
   -7.5000    0.0000  -30.000013586.5039   11.1686
    0.0000    0.0000  -30.000014186.9180   11.1659
    7.5000    0.0000  -30.000013546.6885   11.1461
   -7.5000    7.5000  -30.000013363.8428   11.2248
    0.0000    7.5000  -30.000013950.8242   11.2245
    7.5000    7.5000  -30.000013346.1875   11.2078
   -7.5000   15.0000  -30.000013028.3906   11.3752
    0.0000   15.0000  -30.000013599.7871   11.3777
    7.5000   15.0000  -30.000013011.9775   11.3646
   -7.5000   22.5000  -30.000012517.1562   11.5124
    0.0000   22.5000  -30.000013051.8652   11.5156
    7.5000   22.5000  -30.000012533.4023   11.5021
   -7.5000   30.0000  -30.000011880.4883   11.4996
    0.0000   30.0000  -30.000012365.2666   11.5024
    7.5000   30.0000  -30.000011926.8037   11.4869
   -7.5000   37.5000  -30.000011639.7109   11.6405
    0.0000   37.5000  -30.000012089.7227   11.6415
    7.5000   37.5000  -30.000011667.6250   11.6233
   -7.5000   45.0000  -30.000010995.3848   11.4846
    0.0000   45.0000  -30.000011428.4766   11.4848
    7.5000   45.0000  -30.000011042.2646   11.4661
   -7.5000  -45.0000  -22.5000 9303.1523   12.3830
    0.0000  -45.0000  -22.5000 9687.4229   12.3840
    7.5000  -45.0000  -22.5000 9251.3574   12.3659
   -7.5000  -37.5000  -22.5000 9718.4746   12.1121
    0.0000  -37.5000  -22.500010123.0117   12.1160
    7.5000  -37.5000  -22.5000 9675.5439   12.1013
   -7.5000  -30.0000  -22.500010577.0244   11.8382
    0.0000  -30.0000  -22.500011055.0430   11.8454
    7.5000  -30.0000  -22.500010555.7051   11.8344
   -7.5000  -22.5000  -22.500011503.0117   11.6476
    0.0000  -22.5000  -22.500012071.4375   11.6543
    7.5000  -22.5000  -22.500011482.1182   11.6444
   -7.5000  -15.0000  -22.500012471.8447   11.5291
    0.0000  -15.0000  -22.500013100.4150   11.5328
    7.5000  -15.0000  -22.500012434.8467   11.5204
   -7.5000   -7.5000  -22.500013491.8076   11.5131
    0.0000   -7.5000  -22.500014167.6094   11.5129
    7.5000   -7.5000  -22.500013475.4033   11.4975
   -7.5000    0.0000  -22.500014435.8984   11.5309
    0.0000    0.0000  -22.500015165.9746   11.5299
    7.5000    0.0000  -22.500014439.1729   11.5132
   -7.5000    7.5000  -22.500014250.6758   11.5859
    0.0000    7.5000  -22.500014935.1641   11.5890
    7.5000    7.5000  -22.500014260.3252   11.5756
   -7.5000   15.0000  -22.500013895.5703   11.7337
    0.0000   15.0000  -22.500014530.1777   11.7406
    7.5000   15.0000  -22.500013915.1982   11.7312
   -7.5000   22.5000  -22.500013342.5215   11.8706
    0.0000   22.5000  -22.500013941.5518   11.8773
    7.5000   22.5000  -22.500013375.7031   11.8676
   -7.5000   30.0000  -22.500012666.5107   11.8622
    0.0000   30.0000  -22.500013240.6494   11.8668
    7.5000   30.0000  -22.500012730.2422   11.8544
   -7.5000   37.5000  -22.500012432.9561   12.0138
    0.0000   37.5000  -22.500012957.5146   12.0151
    7.5000   37.5000  -22.500012478.7500   11.9983
   -7.5000   45.0000  -22.500011747.4229   11.8629
    0.0000   45.0000  -22.500012211.8330   11.8635
    7.5000   45.0000  -22.500011793.4893   11.8452
   -7.5000  -45.0000  -15.0000 9715.1465   12.6640
    0.0000  -45.0000  -15.000010114.6934   12.6700
    7.5000  -45.0000  -15.0000 9692.8369   12.6525
   -7.5000  -37.5000  -15.000010200.9053   12.3860
    0.0000  -37.5000  -15.000010620.7705   12.3949
    7.5000  -37.5000  -15.000010171.7031   12.3819
   -7.5000  -30.0000  -15.000011137.9990   12.1023
    0.0000  -30.0000  -15.000011654.2520   12.1143
    7.5000  -30.0000  -15.000011120.2295   12.1058
   -7.5000  -22.5000  -15.000012144.6426   11.9070
    0.0000  -22.5000  -15.000012764.7979   11.9173
    7.5000  -22.5000  -15.000012123.1660   11.9093
   -7.5000  -15.0000  -15.000013195.8613   11.7888
    0.0000  -15.0000  -15.000013876.4717   11.7949
    7.5000  -15.0000  -15.000013176.5293   11.7834
   -7.5000   -7.5000  -15.000014295.7305   11.7757
    0.0000   -7.5000  -15.000015062.2061   11.7785
    7.5000   -7.5000  -15.000014310.2139   11.7633
   -7.5000    0.0000  -15.000015309.5342   11.7936
    0.0000    0.0000  -15.000016156.0264   11.7969
    7.5000    0.0000  -15.000015364.1572   11.7813
   -7.5000    7.5000  -15.000015128.9736   11.8465
    0.0000    7.5000  -15.000015959.9883   11.8544
    7.5000    7.5000  -15.000015188.8643   11.8430
   -7.5000   15.0000  -15.000014758.0439   11.9905
    0.0000   15.0000  -15.000015536.2891   12.0023
    7.5000   15.0000  -15.000014816.8672   11.9952
   -7.5000   22.5000  -15.000014160.6318   12.1256
    0.0000   22.5000  -15.000014897.0918   12.1360
    7.5000   22.5000  -15.000014237.5068   12.1284
   -7.5000   30.0000  -15.000013454.5361   12.1217
    0.0000   30.0000  -15.000014170.5322   12.1288
    7.5000   30.0000  -15.000013549.9854   12.1173
   -7.5000   37.5000  -15.000013212.3428   12.2811
    0.0000   37.5000  -15.000013858.0469   12.2850
    7.5000   37.5000  -15.000013297.3174   12.2681
   -7.5000   45.0000  -15.000012456.2588   12.1329
    0.0000   45.0000  -15.000013042.5713   12.1374
    7.5000   45.0000  -15.000012549.7988   12.1193
   -7.5000  -45.0000   -7.500010193.5684   12.7914
    0.0000  -45.0000   -7.500010630.2168   12.8008
    7.5000  -45.0000   -7.500010190.0752   12.7813
   -7.5000  -37.5000   -7.500010713.3721   12.5123
    0.0000  -37.5000   -7.500011179.4141   12.5226
    7.5000  -37.5000   -7.500010711.4678   12.5081
   -7.5000  -30.0000   -7.500011725.1875   12.2294
    0.0000  -30.0000   -7.500012283.1641   12.2409
    7.5000  -30.0000   -7.500011728.1504   12.2296
   -7.5000  -22.5000   -7.500012806.4814   12.0330
    0.0000  -22.5000   -7.500013457.0479   12.0426
    7.5000  -22.5000   -7.500012811.2441   12.0310
   -7.5000  -15.0000   -7.500013925.0918   11.9132
    0.0000  -15.0000   -7.500014666.6338   11.9196
    7.5000  -15.0000   -7.500013940.4951   11.9046
   -7.5000   -7.5000   -7.500015094.3164   11.8974
    0.0000   -7.5000   -7.500015953.3477   11.9024
    7.5000   -7.5000   -7.500015138.3965   11.8842
   -7.5000    0.0000   -7.500016171.2119   11.9135
    0.0000    0.0000   -7.500017155.1914   11.9196
    7.5000    0.0000   -7.500016258.1992   11.9022
   -7.5000    7.5000   -7.500015992.7344   11.9673
    0.0000    7.5000   -7.500016983.4316   11.9765
    7.5000    7.5000   -7.500016098.6465   11.9635
   -7.5000   15.0000   -7.500015624.9961   12.1142
    0.0000   15.0000   -7.500016555.9766   12.1257
    7.5000   15.0000   -7.500015753.5371   12.1162
   -7.5000   22.5000   -7.500014990.7979   12.2494
    0.0000   22.5000   -7.500015902.0576   12.2595
    7.5000   22.5000   -7.500015153.8516   12.2486
   -7.5000   30.0000   -7.500014250.1895   12.2464
    0.0000   30.0000   -7.500015117.8545   12.2544
    7.5000   30.0000   -7.500014389.2441   12.2404
   -7.5000   37.5000   -7.500014002.3389   12.4053
    0.0000   37.5000   -7.500014813.9297   12.4124
    7.5000   37.5000   -7.500014136.0322   12.3946
   -7.5000   45.0000   -7.500013198.9854   12.2567
    0.0000   45.0000   -7.500013935.2383   12.2656
    7.5000   45.0000   -7.500013336.5352   12.2482
   -7.5000  -45.0000    0.000010610.8643   12.8136
    0.0000  -45.0000    0.000011094.1680   12.8218
    7.5000  -45.0000    0.000010640.1133   12.7994
   -7.5000  -37.5000    0.000011186.7471   12.5360
    0.0000  -37.5000    0.000011701.9551   12.5432
    7.5000  -37.5000    0.000011206.8115   12.5254
   -7.5000  -30.0000    0.000012261.9766   12.2582
    0.0000  -30.0000    0.000012865.2617   12.2659
    7.5000  -30.0000    0.000012271.7246   12.2498
   -7.5000  -22.5000    0.000013404.6807   12.0626
    0.0000  -22.5000    0.000014107.0908   12.0693
    7.5000  -22.5000    0.000013407.5703   12.0530
   -7.5000  -15.0000    0.000014561.2354   11.9396
    0.0000  -15.0000    0.000015357.9512   11.9450
    7.5000  -15.0000    0.000014578.1523   11.9260
   -7.5000   -7.5000    0.000015776.4658   11.9192
    0.0000   -7.5000    0.000016713.6777   11.9237
    7.5000   -7.5000    0.000015822.4014   11.9022
   -7.5000    0.0000    0.000016888.7148   11.9337
    0.0000    0.0000    0.000017974.0215   11.9385
    7.5000    0.0000    0.000016983.2012   11.9179
   -7.5000    7.5000    0.000016744.4668   11.9904
    0.0000    7.5000    0.000017865.3730   11.9967
    7.5000    7.5000    0.000016883.1543   11.9801
   -7.5000   15.0000    0.000016441.5000   12.1448
    0.0000   15.0000    0.000017591.5840   12.1525
    7.5000   15.0000    0.000016655.6387   12.1386
   -7.5000   22.5000    0.000015832.2461   12.2836
    0.0000   22.5000    0.000017030.2305   12.2911
    7.5000   22.5000    0.000016080.2979   12.2758
   -7.5000   30.0000    0.000015053.9902   12.2784
    0.0000   30.0000    0.000016128.8242   12.2859
    7.5000   30.0000    0.000015199.5576   12.2686
   -7.5000   37.5000    0.000014756.5889   12.4319
    0.0000   37.5000    0.000015739.2314   12.4399
    7.5000   37.5000    0.000014880.0146   12.4209
   -7.5000   45.0000    0.000013910.0762   12.2810
    0.0000   45.0000    0.000014793.8359   12.2904
    7.5000   45.0000    0.000014044.9219   12.2730
   -7.5000  -45.0000    7.500010249.7080   12.8010
    0.0000  -45.0000    7.500010713.2627   12.8033
    7.5000  -45.0000    7.500010271.7715   12.7791
   -7.5000  -37.5000    7.500010805.4814   12.5240
    0.0000  -37.5000    7.500011314.1719   12.5260
    7.5000  -37.5000    7.500010817.2168   12.5062
   -7.5000  -30.0000    7.500011863.7607   12.2483
    0.0000  -30.0000    7.500012468.2021   12.2520
    7.5000  -30.0000    7.500011874.9492   12.2342
   -7.5000  -22.5000    7.500012986.2715   12.0530
    0.0000  -22.5000    7.500013667.8027   12.0566
    7.5000  -22.5000    7.500012996.0293   12.0393
   -7.5000  -15.0000    7.500014108.3516   11.9275
    0.0000  -15.0000    7.500014868.6279   11.9300
    7.5000  -15.0000    7.500014113.2588   11.9104
   -7.5000   -7.5000    7.500015293.8584   11.9042
    0.0000   -7.5000    7.500016155.0205   11.9048
    7.5000   -7.5000    7.500015294.4014   11.8823
   -7.5000    0.0000    7.500016398.1348   11.9190
    0.0000    0.0000    7.500017372.4434   11.9187
    7.5000    0.0000    7.500016417.0977   11.8961
   -7.5000    7.5000    7.500016255.2549   11.9783
    0.0000    7.5000    7.500017366.1191   11.9796
    7.5000    7.5000    7.500016351.4580   11.9607
   -7.5000   15.0000    7.500016002.9580   12.1393
    0.0000   15.0000    7.500017378.5762   12.1427
    7.5000   15.0000    7.500016279.9912   12.1273
   -7.5000   22.5000    7.500015529.0713   12.2826
    0.0000   22.5000    7.500017021.3027   12.2867
    7.5000   22.5000    7.500015869.7500   12.2705
   -7.5000   30.0000    7.500014824.6230   12.2760
    0.0000   30.0000    7.500016063.1846   12.2805
    7.5000   30.0000    7.500014989.6768   12.2624
   -7.5000   37.5000    7.500014517.8467   12.4261
    0.0000   37.5000    7.500015538.6982   12.4302
    7.5000   37.5000    7.500014596.9189   12.4100
   -7.5000   45.0000    7.500013587.8086   12.2748
    0.0000   45.0000    7.500014447.7578   12.2792
    7.5000   45.0000    7.500013691.5156   12.2599
   -7.5000  -45.0000   15.0000 9797.5596   12.8163
    0.0000  -45.0000   15.000010222.4424   12.8146
    7.5000  -45.0000   15.0000 9804.1631   12.7922
   -7.5000  -37.5000   15.000010337.6182   12.5379
    0.0000  -37.5000   15.000010818.0488   12.5379
    7.5000  -37.5000   15.000010334.7217   12.5192
   -7.5000  -30.0000   15.000011341.9766   12.2599
    0.0000  -30.0000   15.000011918.7129   12.2626
    7.5000  -30.0000   15.000011354.1143   12.2468
   -7.5000  -22.5000   15.000012420.6045   12.0636
    0.0000  -22.5000   15.000013060.4043   12.0665
    7.5000  -22.5000   15.000012411.7344   12.0517
   -7.5000  -15.0000   15.000013512.9043   11.9377
    0.0000  -15.0000   15.000014243.2656   11.9389
    7.5000  -15.0000   15.000013487.6982   11.9220
   -7.5000   -7.5000   15.000014667.5371   11.9158
    0.0000   -7.5000   15.000015501.6074   11.9139
    7.5000   -7.5000   15.000014622.7256   11.8938
   -7.5000    0.0000   15.000015756.5723   11.9326
    0.0000    0.0000   15.000016687.5312   11.9291
    7.5000    0.0000   15.000015722.4082   11.9080
   -7.5000    7.5000   15.000015666.5059   11.9925
    0.0000    7.5000   15.000016663.0820   11.9917
    7.5000    7.5000   15.000015638.7393   11.9739
   -7.5000   15.0000   15.000015392.2314   12.1535
    0.0000   15.0000   15.000016549.5098   12.1558
    7.5000   15.0000   15.000015515.1406   12.1419
   -7.5000   22.5000   15.000014901.2354   12.2977
    0.0000   22.5000   15.000016087.9189   12.3007
    7.5000   22.5000   15.000015098.7363   12.2865
   -7.5000   30.0000   15.000014242.7012   12.2911
    0.0000   30.0000   15.000015265.4395   12.2935
    7.5000   30.0000   15.000014368.1309   12.2771
   -7.5000   37.5000   15.000013961.8213   12.4426
    0.0000   37.5000   15.000014852.7803   12.4431
    7.5000   37.5000   15.000014044.0557   12.4236
   -7.5000   45.0000   15.000013034.3271   12.2934
    0.0000   45.0000   15.000013804.6943   12.2931
    7.5000   45.0000   15.000013123.3184   12.2731
   -7.5000  -45.0000   22.5000 9263.6475   12.8485
    0.0000  -45.0000   22.5000 9678.8672   12.8491
    7.5000  -45.0000   22.5000 9257.3545   12.8302
   -7.5000  -37.5000   22.5000 9761.3838   12.5677
    0.0000  -37.5000   22.500010241.6748   12.5713
    7.5000  -37.5000   22.5000 9766.0957   12.5561
   -7.5000  -30.0000   22.500010722.2070   12.2836
    0.0000  -30.0000   22.500011289.0439   12.2907
    7.5000  -30.0000   22.500010739.5215   12.2794
   -7.5000  -22.5000   22.500011777.1963   12.0858
    0.0000  -22.5000   22.500012403.7012   12.0923
    7.5000  -22.5000   22.500011773.1299   12.0821
   -7.5000  -15.0000   22.500012837.7588   11.9629
    0.0000  -15.0000   22.500013547.4834   11.9663
    7.5000  -15.0000   22.500012811.9727   11.9534
   -7.5000   -7.5000   22.500013965.4844   11.9466
    0.0000   -7.5000   22.500014746.5010   11.9459
    7.5000   -7.5000   22.500013916.3281   11.9297
   -7.5000    0.0000   22.500015014.8740   11.9652
    0.0000    0.0000   22.500015851.3926   11.9637
    7.5000    0.0000   22.500014967.1230   11.9462
   -7.5000    7.5000   22.500014893.0889   12.0222
    0.0000    7.5000   22.500015760.3965   12.0250
    7.5000    7.5000   22.500014872.4082   12.0109
   -7.5000   15.0000   22.500014581.7510   12.1752
    0.0000   15.0000   22.500015472.7764   12.1820
    7.5000   15.0000   22.500014653.5088   12.1721
   -7.5000   22.5000   22.500014048.1367   12.3151
    0.0000   22.5000   22.500014848.4316   12.3215
    7.5000   22.5000   22.500014136.4727   12.3115
   -7.5000   30.0000   22.500013369.1504   12.3100
    0.0000   30.0000   22.500014095.3838   12.3142
    7.5000   30.0000   22.500013444.1855   12.3012
   -7.5000   37.5000   22.500013151.3838   12.4675
    0.0000   37.5000   22.500013854.4062   12.4683
    7.5000   37.5000   22.500013217.2656   12.4507
   -7.5000   45.0000   22.500012332.1240   12.3201
    0.0000   45.0000   22.500013005.2920   12.3203
    7.5000   45.0000   22.500012400.7168   12.3011
   -7.5000  -45.0000   30.0000 8673.4375   12.9475
    0.0000  -45.0000   30.0000 9079.6680   12.9535
    7.5000  -45.0000   30.0000 8668.2158   12.9354
   -7.5000  -37.5000   30.0000 9145.2607   12.6625
    0.0000  -37.5000   30.0000 9600.4395   12.6714
    7.5000  -37.5000   30.0000 9142.3955   12.6581
   -7.5000  -30.0000   30.000010061.5117   12.3719
    0.0000  -30.0000   30.000010606.7598   12.3839
    7.5000  -30.0000   30.000010078.2236   12.3753
   -7.5000  -22.5000   30.000011063.9170   12.1719
    0.0000  -22.5000   30.000011677.7383   12.1821
    7.5000  -22.5000   30.000011080.1436   12.1740
   -7.5000  -15.0000   30.000012101.5186   12.0517
    0.0000  -15.0000   30.000012771.1816   12.0577
    7.5000  -15.0000   30.000012084.2500   12.0457
   -7.5000   -7.5000   30.000013144.0527   12.0398
    0.0000   -7.5000   30.000013862.8936   12.0425
    7.5000   -7.5000   30.000013123.8877   12.0267
   -7.5000    0.0000   30.000014086.4033   12.0587
    0.0000    0.0000   30.000014855.3691   12.0619
    7.5000    0.0000   30.000014087.6855   12.0457
   -7.5000    7.5000   30.000013930.1494   12.1128
    0.0000    7.5000   30.000014715.6318   12.1207
    7.5000    7.5000   30.000013958.7549   12.1089
   -7.5000   15.0000   30.000013591.2021   12.2594
    0.0000   15.0000   30.000014371.7656   12.2711
    7.5000   15.0000   30.000013650.8545   12.2638
   -7.5000   22.5000   30.000013057.0664   12.3954
    0.0000   22.5000   30.000013735.1826   12.4056
    7.5000   22.5000   30.000013110.0908   12.3978
   -7.5000   30.0000   30.000012406.9189   12.3923
    0.0000   30.0000   30.000013022.9502   12.3993
    7.5000   30.0000   30.000012455.8779   12.3875
   -7.5000   37.5000   30.000012212.7520   12.5554
    0.0000   37.5000   30.000012814.4053   12.5592
    7.5000   37.5000   30.000012254.9883   12.5418
   -7.5000   45.0000   30.000011494.7402   12.4071
    0.0000   45.0000   30.000012060.8252   12.4116
    7.5000   45.0000   30.000011539.8047   12.3931
   -7.5000  -45.0000   37.5000 8436.0527   13.1043
    0.0000  -45.0000   37.5000 8852.6123   13.1140
    7.5000  -45.0000   37.5000 8411.8604   13.0939
   -7.5000  -37.5000   37.5000 8897.5156   12.8151
    0.0000  -37.5000   37.5000 9359.2539   12.8255
    7.5000  -37.5000   37.5000 8891.1592   12.8103
   -7.5000  -30.0000   37.5000 9787.8232   12.5235
    0.0000  -30.0000   37.500010312.6250   12.5355
    7.5000  -30.0000   37.5000 9808.3779   12.5234
   -7.5000  -22.5000   37.500010738.1387   12.3217
    0.0000  -22.5000   37.500011319.7168   12.3321
    7.5000  -22.5000   37.500010778.0811   12.3199
   -7.5000  -15.0000   37.500011682.0635   12.1993
    0.0000  -15.0000   37.500012306.3164   12.2066
    7.5000  -15.0000   37.500011718.2227   12.1912
   -7.5000   -7.5000   37.500012658.3682   12.1850
    0.0000   -7.5000   37.500013315.5537   12.1905
    7.5000   -7.5000   37.500012698.2578   12.1719
   -7.5000    0.0000   37.500013547.0762   12.2017
    0.0000    0.0000   37.500014244.5000   12.2079
    7.5000    0.0000   37.500013591.9209   12.1900
   -7.5000    7.5000   37.500013389.9541   12.2572
    0.0000    7.5000   37.500014089.0752   12.2666
    7.5000    7.5000   37.500013417.4336   12.2529
   -7.5000   15.0000   37.500013011.6201   12.4078
    0.0000   15.0000   37.500013700.5674   12.4197
    7.5000   15.0000   37.500013051.8867   12.4095
   -7.5000   22.5000   37.500012481.6494   12.5460
    0.0000   22.5000   37.500013082.8184   12.5569
    7.5000   22.5000   37.500012506.9795   12.5454
   -7.5000   30.0000   37.500011863.5928   12.5427
    0.0000   30.0000   37.500012417.2676   12.5517
    7.5000   30.0000   37.500011893.4902   12.5373
   -7.5000   37.5000   37.500011682.7969   12.7049
    0.0000   37.5000   37.500012249.6006   12.7127
    7.5000   37.5000   37.500011719.8594   12.6946
   -7.5000   45.0000   37.500011031.8174   12.5527
    0.0000   45.0000   37.500011559.6846   12.5619
    7.5000   45.0000   37.500011063.3555   12.5442
   -7.5000  -45.0000   45.0000 7772.3169   13.2753
    0.0000  -45.0000   45.0000 8165.8486   13.2844
    7.5000  -45.0000   45.0000 7748.9834   13.2609
   -7.5000  -37.5000   45.0000 8198.6445   12.9806
    0.0000  -37.5000   45.0000 8610.1016   12.9885
    7.5000  -37.5000   45.0000 8195.3496   12.9698
   -7.5000  -30.0000   45.0000 8987.5703   12.6873
    0.0000  -30.0000   45.0000 9430.5713   12.6960
    7.5000  -30.0000   45.0000 9010.6113   12.6786
   -7.5000  -22.5000   45.0000 9809.6348   12.4807
    0.0000  -22.5000   45.000010297.4355   12.4885
    7.5000  -22.5000   45.0000 9871.0996   12.4708
   -7.5000  -15.0000   45.000010645.4131   12.3513
    0.0000  -15.0000   45.000011175.5244   12.3576
    7.5000  -15.0000   45.000010712.4121   12.3374
   -7.5000   -7.5000   45.000011538.0088   12.3323
    0.0000   -7.5000   45.000012103.0107   12.3376
    7.5000   -7.5000   45.000011586.8682   12.3149
   -7.5000    0.0000   45.000012353.5205   12.3488
    0.0000    0.0000   45.000012961.2236   12.3541
    7.5000    0.0000   45.000012395.1914   12.3326
   -7.5000    7.5000   45.000012210.1504   12.4096
    0.0000    7.5000   45.000012815.9150   12.4166
    7.5000    7.5000   45.000012243.1650   12.3990
   -7.5000   15.0000   45.000011865.5947   12.5714
    0.0000   15.0000   45.000012439.5576   12.5802
    7.5000   15.0000   45.000011875.5420   12.5651
   -7.5000   22.5000   45.000011373.3213   12.7153
    0.0000   22.5000   45.000011890.3164   12.7240
    7.5000   22.5000   45.000011380.4355   12.7074
   -7.5000   30.0000   45.000010788.5469   12.7087
    0.0000   30.0000   45.000011285.5977   12.7173
    7.5000   30.0000   45.000010816.3945   12.6989
   -7.5000   37.5000   45.000010639.0615   12.8684
    0.0000   37.5000   45.000011123.9102   12.8774
    7.5000   37.5000   45.000010659.2461   12.8576
   -7.5000   45.0000   45.000010083.0947   12.7208
    0.0000   45.0000   45.000010539.2627   12.7312
    7.5000   45.0000   45.000010108.5527   12.7132

---------------------------------------------------------------------
imgreg_4dfp /home/aracena/freesurfer/average/711-2C_as_mni_average_305 /home/aracena/freesurfer/average/711-2B_as_mni_average_305_mask talsrcimg_g11 none talsrcimg_to_711-2C_as_mni_average_305_t4 4355
---------------------------------------------------------------------

freesurfer imgreg_4dfp.c
/home/aracena/freesurfer/average/711-2C_as_mni_average_305.4dfp.img
       256       256       256         1
  1.000000  1.000000  1.000000
orientation T byte_order littleendian
Reading image: /home/aracena/freesurfer/average/711-2C_as_mni_average_305.4dfp.img
dimensions:      256       256       256
mmppix:       1.0000   -1.0000   -1.0000
center:     128.0000 -129.0000 -129.0000
/home/aracena/freesurfer/average/711-2B_as_mni_average_305_mask.4dfp.img
       256       256       256         1
  1.000000  1.000000  1.000000
orientation T byte_order littleendian
Reading mask: /home/aracena/freesurfer/average/711-2B_as_mni_average_305_mask.4dfp.img (2306576 pixels)
talsrcimg_g11.4dfp.img
       256       256       256         1
  1.000000  1.000000  1.000000
orientation T byte_order littleendian
Reading image: talsrcimg_g11.4dfp.img
dimensions:      256       256       256
mmppix:       1.0000   -1.0000   -1.0000
center:     128.0000 -129.0000 -129.0000
rotation matrix determinant  1.000000
image alignment mode   4355 decimal     1103 hex
   -7.5000  -45.0000  -45.0000 2169.8237   17.4370
    0.0000  -45.0000  -45.0000 2183.9233   17.3276
    7.5000  -45.0000  -45.0000 2187.3757   17.1900
   -7.5000  -37.5000  -45.0000 2224.8691   16.4465
    0.0000  -37.5000  -45.0000 2243.0898   16.3558
    7.5000  -37.5000  -45.0000 2246.7905   16.2564
   -7.5000  -30.0000  -45.0000 2275.2507   15.6167
    0.0000  -30.0000  -45.0000 2294.7554   15.4692
    7.5000  -30.0000  -45.0000 2298.8242   15.4164
   -7.5000  -22.5000  -45.0000 2326.2795   14.8843
    0.0000  -22.5000  -45.0000 2345.3525   14.7162
    7.5000  -22.5000  -45.0000 2342.9827   14.7249
   -7.5000  -15.0000  -45.0000 2364.5471   14.3082
    0.0000  -15.0000  -45.0000 2384.2158   14.1191
    7.5000  -15.0000  -45.0000 2380.2185   14.1615
   -7.5000   -7.5000  -45.0000 2395.5613   13.8980
    0.0000   -7.5000  -45.0000 2408.9819   13.7179
    7.5000   -7.5000  -45.0000 2405.3818   13.7876
   -7.5000    0.0000  -45.0000 2411.9885   13.6386
    0.0000    0.0000  -45.0000 2426.4004   13.4844
    7.5000    0.0000  -45.0000 2418.4731   13.5746
   -7.5000    7.5000  -45.0000 2419.3245   13.5177
    0.0000    7.5000  -45.0000 2439.2039   13.3512
    7.5000    7.5000  -45.0000 2427.8311   13.4289
   -7.5000   15.0000  -45.0000 2416.2500   13.4373
    0.0000   15.0000  -45.0000 2437.4536   13.2583
    7.5000   15.0000  -45.0000 2427.9824   13.3465
   -7.5000   22.5000  -45.0000 2402.5908   13.4564
    0.0000   22.5000  -45.0000 2423.7031   13.2747
    7.5000   22.5000  -45.0000 2418.4712   13.3320
   -7.5000   30.0000  -45.0000 2385.5156   13.6245
    0.0000   30.0000  -45.0000 2401.9912   13.3966
    7.5000   30.0000  -45.0000 2397.0088   13.4891
   -7.5000   37.5000  -45.0000 2362.9365   13.9234
    0.0000   37.5000  -45.0000 2385.7844   13.7201
    7.5000   37.5000  -45.0000 2378.6975   13.8013
   -7.5000   45.0000  -45.0000 2330.4675   14.5595
    0.0000   45.0000  -45.0000 2350.1233   14.3420
    7.5000   45.0000  -45.0000 2344.4509   14.3963
   -7.5000  -45.0000  -37.5000 2216.2600   16.6427
    0.0000  -45.0000  -37.5000 2235.1306   16.4863
    7.5000  -45.0000  -37.5000 2238.8047   16.3344
   -7.5000  -37.5000  -37.5000 2272.9048   15.6540
    0.0000  -37.5000  -37.5000 2293.4695   15.4904
    7.5000  -37.5000  -37.5000 2299.7927   15.3891
   -7.5000  -30.0000  -37.5000 2329.9534   14.7490
    0.0000  -30.0000  -37.5000 2352.7295   14.5756
    7.5000  -30.0000  -37.5000 2357.0356   14.5208
   -7.5000  -22.5000  -37.5000 2386.7542   13.9794
    0.0000  -22.5000  -37.5000 2406.0288   13.8233
    7.5000  -22.5000  -37.5000 2407.9141   13.7961
   -7.5000  -15.0000  -37.5000 2438.2166   13.3949
    0.0000  -15.0000  -37.5000 2458.7581   13.2369
    7.5000  -15.0000  -37.5000 2454.5222   13.2528
   -7.5000   -7.5000  -37.5000 2482.1855   12.9682
    0.0000   -7.5000  -37.5000 2499.6750   12.8035
    7.5000   -7.5000  -37.5000 2492.4436   12.8607
   -7.5000    0.0000  -37.5000 2504.8804   12.6845
    0.0000    0.0000  -37.5000 2524.6187   12.5133
    7.5000    0.0000  -37.5000 2513.8997   12.5887
   -7.5000    7.5000  -37.5000 2514.1147   12.4951
    0.0000    7.5000  -37.5000 2532.7256   12.3205
    7.5000    7.5000  -37.5000 2527.3950   12.3904
   -7.5000   15.0000  -37.5000 2511.4070   12.3953
    0.0000   15.0000  -37.5000 2530.1309   12.2124
    7.5000   15.0000  -37.5000 2522.6489   12.2762
   -7.5000   22.5000  -37.5000 2510.3242   12.3856
    0.0000   22.5000  -37.5000 2528.5122   12.2121
    7.5000   22.5000  -37.5000 2520.3809   12.2793
   -7.5000   30.0000  -37.5000 2493.3186   12.5508
    0.0000   30.0000  -37.5000 2513.2446   12.3416
    7.5000   30.0000  -37.5000 2506.7510   12.4296
   -7.5000   37.5000  -37.5000 2467.1392   12.8453
    0.0000   37.5000  -37.5000 2491.2029   12.6375
    7.5000   37.5000  -37.5000 2483.0835   12.7215
   -7.5000   45.0000  -37.5000 2430.3972   13.3712
    0.0000   45.0000  -37.5000 2453.0850   13.1629
    7.5000   45.0000  -37.5000 2448.5891   13.2279
   -7.5000  -45.0000  -30.0000 2290.7554   16.4677
    0.0000  -45.0000  -30.0000 2314.5942   16.2652
    7.5000  -45.0000  -30.0000 2317.0642   16.1309
   -7.5000  -37.5000  -30.0000 2349.9119   15.4244
    0.0000  -37.5000  -30.0000 2371.2095   15.2074
    7.5000  -37.5000  -30.0000 2378.4629   15.1375
   -7.5000  -30.0000  -30.0000 2413.4739   14.4534
    0.0000  -30.0000  -30.0000 2439.6973   14.2425
    7.5000  -30.0000  -30.0000 2444.9937   14.2086
   -7.5000  -22.5000  -30.0000 2483.7124   13.6475
    0.0000  -22.5000  -30.0000 2507.6917   13.4519
    7.5000  -22.5000  -30.0000 2508.6890   13.4350
   -7.5000  -15.0000  -30.0000 2547.6223   12.9840
    0.0000  -15.0000  -30.0000 2572.1377   12.8110
    7.5000  -15.0000  -30.0000 2565.8015   12.8223
   -7.5000   -7.5000  -30.0000 2599.1946   12.5166
    0.0000   -7.5000  -30.0000 2619.5632   12.3442
    7.5000   -7.5000  -30.0000 2616.4297   12.3703
   -7.5000    0.0000  -30.0000 2633.5769   12.1650
    0.0000    0.0000  -30.0000 2650.7788   11.9921
    7.5000    0.0000  -30.0000 2646.6201   12.0511
   -7.5000    7.5000  -30.0000 2650.7395   11.9448
    0.0000    7.5000  -30.0000 2668.1125   11.7322
    7.5000    7.5000  -30.0000 2665.3384   11.8078
   -7.5000   15.0000  -30.0000 2656.6409   11.8180
    0.0000   15.0000  -30.0000 2676.6326   11.6436
    7.5000   15.0000  -30.0000 2671.0400   11.7052
   -7.5000   22.5000  -30.0000 2659.6892   11.8246
    0.0000   22.5000  -30.0000 2678.7048   11.6443
    7.5000   22.5000  -30.0000 2669.5920   11.6912
   -7.5000   30.0000  -30.0000 2645.8269   11.9590
    0.0000   30.0000  -30.0000 2665.3196   11.7687
    7.5000   30.0000  -30.0000 2658.9346   11.8361
   -7.5000   37.5000  -30.0000 2622.4221   12.2658
    0.0000   37.5000  -30.0000 2639.9131   12.0550
    7.5000   37.5000  -30.0000 2633.4016   12.1413
   -7.5000   45.0000  -30.0000 2579.7683   12.7746
    0.0000   45.0000  -30.0000 2603.3228   12.5374
    7.5000   45.0000  -30.0000 2596.7405   12.6227
   -7.5000  -45.0000  -22.5000 2337.6560   16.1483
    0.0000  -45.0000  -22.5000 2358.6553   15.9631
    7.5000  -45.0000  -22.5000 2362.6206   15.8635
   -7.5000  -37.5000  -22.5000 2402.4558   15.0714
    0.0000  -37.5000  -22.5000 2420.8115   14.8886
    7.5000  -37.5000  -22.5000 2424.2922   14.8271
   -7.5000  -30.0000  -22.5000 2474.8132   14.0632
    0.0000  -30.0000  -22.5000 2492.5498   13.8931
    7.5000  -30.0000  -22.5000 2495.0320   13.8604
   -7.5000  -22.5000  -22.5000 2549.1321   13.2124
    0.0000  -22.5000  -22.5000 2570.6897   13.0509
    7.5000  -22.5000  -22.5000 2569.3325   13.0331
   -7.5000  -15.0000  -22.5000 2621.1333   12.4975
    0.0000  -15.0000  -22.5000 2646.2710   12.3492
    7.5000  -15.0000  -22.5000 2636.6589   12.3504
   -7.5000   -7.5000  -22.5000 2679.2097   11.9845
    0.0000   -7.5000  -22.5000 2700.7803   11.8110
    7.5000   -7.5000  -22.5000 2696.3425   11.8290
   -7.5000    0.0000  -22.5000 2724.4045   11.5901
    0.0000    0.0000  -22.5000 2747.0039   11.4219
    7.5000    0.0000  -22.5000 2741.4482   11.4514
   -7.5000    7.5000  -22.5000 2752.6370   11.3073
    0.0000    7.5000  -22.5000 2775.9570   11.1425
    7.5000    7.5000  -22.5000 2772.2253   11.1668
   -7.5000   15.0000  -22.5000 2761.9209   11.1441
    0.0000   15.0000  -22.5000 2785.2419   10.9676
    7.5000   15.0000  -22.5000 2783.5835   11.0112
   -7.5000   22.5000  -22.5000 2775.7000   11.1406
    0.0000   22.5000  -22.5000 2794.8721   10.9507
    7.5000   22.5000  -22.5000 2786.7527   11.0138
   -7.5000   30.0000  -22.5000 2766.7915   11.3013
    0.0000   30.0000  -22.5000 2790.5046   11.0963
    7.5000   30.0000  -22.5000 2779.9692   11.1733
   -7.5000   37.5000  -22.5000 2746.0671   11.6178
    0.0000   37.5000  -22.5000 2768.0754   11.4020
    7.5000   37.5000  -22.5000 2759.3789   11.4795
   -7.5000   45.0000  -22.5000 2708.9763   12.1313
    0.0000   45.0000  -22.5000 2733.5503   11.8895
    7.5000   45.0000  -22.5000 2724.7837   11.9575
   -7.5000  -45.0000  -15.0000 2366.5251   15.8209
    0.0000  -45.0000  -15.0000 2385.2581   15.6318
    7.5000  -45.0000  -15.0000 2388.2344   15.5473
   -7.5000  -37.5000  -15.0000 2435.1882   14.7396
    0.0000  -37.5000  -15.0000 2452.8306   14.5099
    7.5000  -37.5000  -15.0000 2457.7454   14.4560
   -7.5000  -30.0000  -15.0000 2509.5667   13.7116
    0.0000  -30.0000  -15.0000 2524.0232   13.5255
    7.5000  -30.0000  -15.0000 2529.4412   13.4544
   -7.5000  -22.5000  -15.0000 2587.0996   12.8191
    0.0000  -22.5000  -15.0000 2602.8960   12.6850
    7.5000  -22.5000  -15.0000 2603.6218   12.5992
   -7.5000  -15.0000  -15.0000 2660.7332   12.0905
    0.0000  -15.0000  -15.0000 2674.2185   11.9521
    7.5000  -15.0000  -15.0000 2678.8750   11.9094
   -7.5000   -7.5000  -15.0000 2721.7021   11.5127
    0.0000   -7.5000  -15.0000 2742.0974   11.3790
    7.5000   -7.5000  -15.0000 2745.5227   11.3654
   -7.5000    0.0000  -15.0000 2771.4041   11.0643
    0.0000    0.0000  -15.0000 2800.3967   10.9195
    7.5000    0.0000  -15.0000 2797.5571   10.9363
   -7.5000    7.5000  -15.0000 2815.3376   10.7461
    0.0000    7.5000  -15.0000 2841.4092   10.5704
    7.5000    7.5000  -15.0000 2838.6821   10.6099
   -7.5000   15.0000  -15.0000 2835.8281   10.5352
    0.0000   15.0000  -15.0000 2861.1499   10.3543
    7.5000   15.0000  -15.0000 2861.9707   10.3951
   -7.5000   22.5000  -15.0000 2854.3699   10.4757
    0.0000   22.5000  -15.0000 2880.4602   10.2861
    7.5000   22.5000  -15.0000 2874.5989   10.3540
   -7.5000   30.0000  -15.0000 2857.9553   10.6503
    0.0000   30.0000  -15.0000 2885.9119   10.4363
    7.5000   30.0000  -15.0000 2873.1707   10.5207
   -7.5000   37.5000  -15.0000 2840.5249   10.9903
    0.0000   37.5000  -15.0000 2867.1016   10.7746
    7.5000   37.5000  -15.0000 2858.3423   10.8395
   -7.5000   45.0000  -15.0000 2797.6021   11.4964
    0.0000   45.0000  -15.0000 2828.3687   11.2634
    7.5000   45.0000  -15.0000 2818.7920   11.3209
   -7.5000  -45.0000   -7.5000 2389.1521   15.4668
    0.0000  -45.0000   -7.5000 2404.5874   15.2245
    7.5000  -45.0000   -7.5000 2407.5713   15.1821
   -7.5000  -37.5000   -7.5000 2458.5432   14.3668
    0.0000  -37.5000   -7.5000 2473.7812   14.1274
    7.5000  -37.5000   -7.5000 2477.8411   14.0789
   -7.5000  -30.0000   -7.5000 2532.6023   13.3469
    0.0000  -30.0000   -7.5000 2547.4434   13.1681
    7.5000  -30.0000   -7.5000 2549.2434   13.0901
   -7.5000  -22.5000   -7.5000 2610.1790   12.4547
    0.0000  -22.5000   -7.5000 2624.8904   12.3101
    7.5000  -22.5000   -7.5000 2626.3162   12.2393
   -7.5000  -15.0000   -7.5000 2683.4910   11.7217
    0.0000  -15.0000   -7.5000 2695.7000   11.6043
    7.5000  -15.0000   -7.5000 2699.9263   11.5581
   -7.5000   -7.5000   -7.5000 2745.0515   11.1204
    0.0000   -7.5000   -7.5000 2761.5981   11.0243
    7.5000   -7.5000   -7.5000 2764.2317   10.9843
   -7.5000    0.0000   -7.5000 2799.7969   10.6339
    0.0000    0.0000   -7.5000 2820.8306   10.5272
    7.5000    0.0000   -7.5000 2820.6042   10.5055
   -7.5000    7.5000   -7.5000 2850.8435   10.2534
    0.0000    7.5000   -7.5000 2878.1077   10.1301
    7.5000    7.5000   -7.5000 2877.3896   10.1245
   -7.5000   15.0000   -7.5000 2889.1428   10.0111
    0.0000   15.0000   -7.5000 2918.0161    9.8606
    7.5000   15.0000   -7.5000 2919.0793    9.8882
   -7.5000   22.5000   -7.5000 2919.4932    9.9585
    0.0000   22.5000   -7.5000 2947.5203    9.7834
    7.5000   22.5000   -7.5000 2944.3965    9.8250
   -7.5000   30.0000   -7.5000 2929.5352   10.0792
    0.0000   30.0000   -7.5000 2963.7083    9.8984
    7.5000   30.0000   -7.5000 2948.9158    9.9595
   -7.5000   37.5000   -7.5000 2912.0249   10.4325
    0.0000   37.5000   -7.5000 2943.9312   10.2367
    7.5000   37.5000   -7.5000 2931.9905   10.2875
   -7.5000   45.0000   -7.5000 2861.3848   10.9345
    0.0000   45.0000   -7.5000 2898.2478   10.7333
    7.5000   45.0000   -7.5000 2886.8906   10.7820
   -7.5000  -45.0000    0.0000 2392.3994   15.2717
    0.0000  -45.0000    0.0000 2412.8901   15.0110
    7.5000  -45.0000    0.0000 2415.4983   14.9995
   -7.5000  -37.5000    0.0000 2467.4072   14.1722
    0.0000  -37.5000    0.0000 2487.7634   13.9444
    7.5000  -37.5000    0.0000 2488.0825   13.9132
   -7.5000  -30.0000    0.0000 2542.0229   13.1556
    0.0000  -30.0000    0.0000 2557.7227   12.9528
    7.5000  -30.0000    0.0000 2557.4182   12.9139
   -7.5000  -22.5000    0.0000 2616.9939   12.2356
    0.0000  -22.5000    0.0000 2634.5415   12.0934
    7.5000  -22.5000    0.0000 2629.3203   12.0239
   -7.5000  -15.0000    0.0000 2684.8186   11.4818
    0.0000  -15.0000    0.0000 2699.1702   11.3783
    7.5000  -15.0000    0.0000 2697.0718   11.3112
   -7.5000   -7.5000    0.0000 2747.5823   10.8475
    0.0000   -7.5000    0.0000 2767.5879   10.7745
    7.5000   -7.5000    0.0000 2762.9172   10.7174
   -7.5000    0.0000    0.0000 2805.0266   10.3295
    0.0000    0.0000    0.0000 2824.5417   10.2746
    7.5000    0.0000    0.0000 2821.1841   10.2261
   -7.5000    7.5000    0.0000 2869.5081    9.9372
    0.0000    7.5000    0.0000 2890.1360    9.8868
    7.5000    7.5000    0.0000 2890.7104    9.8354
   -7.5000   15.0000    0.0000 2921.2935    9.7118
    0.0000   15.0000    0.0000 2956.1597    9.6396
    7.5000   15.0000    0.0000 2953.6958    9.5951
   -7.5000   22.5000    0.0000 2966.0889    9.6442
    0.0000   22.5000    0.0000 3006.7881    9.5513
    7.5000   22.5000    0.0000 2994.4695    9.5345
   -7.5000   30.0000    0.0000 2984.9023    9.7516
    0.0000   30.0000    0.0000 3031.2878    9.6353
    7.5000   30.0000    0.0000 3005.7141    9.6480
   -7.5000   37.5000    0.0000 2960.8862   10.0688
    0.0000   37.5000    0.0000 2996.7937    9.9309
    7.5000   37.5000    0.0000 2977.8354    9.9430
   -7.5000   45.0000    0.0000 2904.3865   10.5748
    0.0000   45.0000    0.0000 2939.8643   10.3931
    7.5000   45.0000    0.0000 2928.1853   10.4249
   -7.5000  -45.0000    7.5000 2389.6816   15.2498
    0.0000  -45.0000    7.5000 2404.1582   14.9692
    7.5000  -45.0000    7.5000 2407.8528   14.9823
   -7.5000  -37.5000    7.5000 2468.5439   14.1399
    0.0000  -37.5000    7.5000 2480.9204   13.8867
    7.5000  -37.5000    7.5000 2480.4248   13.8864
   -7.5000  -30.0000    7.5000 2541.0327   13.0983
    0.0000  -30.0000    7.5000 2557.0715   12.9050
    7.5000  -30.0000    7.5000 2549.4392   12.8782
   -7.5000  -22.5000    7.5000 2612.8489   12.1755
    0.0000  -22.5000    7.5000 2625.0544   12.0254
    7.5000  -22.5000    7.5000 2617.3091   11.9956
   -7.5000  -15.0000    7.5000 2675.4058   11.4038
    0.0000  -15.0000    7.5000 2688.7617   11.2755
    7.5000  -15.0000    7.5000 2683.8032   11.2361
   -7.5000   -7.5000    7.5000 2740.7810   10.7598
    0.0000   -7.5000    7.5000 2754.1370   10.6531
    7.5000   -7.5000    7.5000 2749.0195   10.6102
   -7.5000    0.0000    7.5000 2803.9434   10.2231
    0.0000    0.0000    7.5000 2817.7417   10.1507
    7.5000    0.0000    7.5000 2817.6958   10.0853
   -7.5000    7.5000    7.5000 2868.5884    9.8352
    0.0000    7.5000    7.5000 2886.0806    9.7809
    7.5000    7.5000    7.5000 2887.0085    9.7207
   -7.5000   15.0000    7.5000 2933.2036    9.6439
    0.0000   15.0000    7.5000 2965.3540    9.6336
    7.5000   15.0000    7.5000 2958.9141    9.5570
   -7.5000   22.5000    7.5000 2991.3623    9.6348
    0.0000   22.5000    7.5000 3038.8530    9.6667
    7.5000   22.5000    7.5000 3018.1233    9.5779
   -7.5000   30.0000    7.5000 3020.2354    9.7180
    0.0000   30.0000    7.5000 3078.8159    9.6748
    7.5000   30.0000    7.5000 3037.8599    9.6261
   -7.5000   37.5000    7.5000 2994.1907    9.9744
    0.0000   37.5000    7.5000 3034.2756    9.8176
    7.5000   37.5000    7.5000 3005.8650    9.8407
   -7.5000   45.0000    7.5000 2928.2385   10.4122
    0.0000   45.0000    7.5000 2958.9553   10.1916
    7.5000   45.0000    7.5000 2947.0745   10.2578
   -7.5000  -45.0000   15.0000 2356.5205   15.4538
    0.0000  -45.0000   15.0000 2363.5405   15.1746
    7.5000  -45.0000   15.0000 2367.7371   15.1995
   -7.5000  -37.5000   15.0000 2437.5188   14.3161
    0.0000  -37.5000   15.0000 2444.6040   14.0729
    7.5000  -37.5000   15.0000 2443.8271   14.0833
   -7.5000  -30.0000   15.0000 2515.2676   13.2339
    0.0000  -30.0000   15.0000 2523.8523   13.0382
    7.5000  -30.0000   15.0000 2519.5793   13.0168
   -7.5000  -22.5000   15.0000 2592.0547   12.2772
    0.0000  -22.5000   15.0000 2595.8000   12.1020
    7.5000  -22.5000   15.0000 2591.7285   12.0814
   -7.5000  -15.0000   15.0000 2655.0732   11.4887
    0.0000  -15.0000   15.0000 2660.9238   11.3430
    7.5000  -15.0000   15.0000 2658.0415   11.3063
   -7.5000   -7.5000   15.0000 2717.7444   10.8590
    0.0000   -7.5000   15.0000 2726.1238   10.7515
    7.5000   -7.5000   15.0000 2722.4404   10.6875
   -7.5000    0.0000   15.0000 2785.5229   10.3560
    0.0000    0.0000   15.0000 2795.4849   10.2716
    7.5000    0.0000   15.0000 2793.5146   10.2061
   -7.5000    7.5000   15.0000 2860.0796   10.0059
    0.0000    7.5000   15.0000 2872.9363    9.9229
    7.5000    7.5000   15.0000 2868.8584    9.8628
   -7.5000   15.0000   15.0000 2924.5923    9.8121
    0.0000   15.0000   15.0000 2949.2717    9.7448
    7.5000   15.0000   15.0000 2941.8428    9.6900
   -7.5000   22.5000   15.0000 2980.2852    9.7496
    0.0000   22.5000   15.0000 3017.9302    9.6915
    7.5000   22.5000   15.0000 3000.9189    9.6713
   -7.5000   30.0000   15.0000 3010.8130    9.8363
    0.0000   30.0000   15.0000 3059.8428    9.6958
    7.5000   30.0000   15.0000 3024.2031    9.7295
   -7.5000   37.5000   15.0000 2988.2478   10.1162
    0.0000   37.5000   15.0000 3027.3940    9.9114
    7.5000   37.5000   15.0000 2998.3074    9.9904
   -7.5000   45.0000   15.0000 2921.2432   10.5189
    0.0000   45.0000   15.0000 2951.0686   10.3147
    7.5000   45.0000   15.0000 2936.1912   10.3814
   -7.5000  -45.0000   22.5000 2297.9668   15.9271
    0.0000  -45.0000   22.5000 2299.7983   15.6134
    7.5000  -45.0000   22.5000 2305.3560   15.6559
   -7.5000  -37.5000   22.5000 2375.8914   14.6752
    0.0000  -37.5000   22.5000 2381.1265   14.4399
    7.5000  -37.5000   22.5000 2383.8083   14.4411
   -7.5000  -30.0000   22.5000 2462.1211   13.5501
    0.0000  -30.0000   22.5000 2463.8928   13.3440
    7.5000  -30.0000   22.5000 2466.2598   13.3411
   -7.5000  -22.5000   22.5000 2547.4927   12.5829
    0.0000  -22.5000   22.5000 2548.1841   12.3937
    7.5000  -22.5000   22.5000 2550.4702   12.3811
   -7.5000  -15.0000   22.5000 2620.9011   11.7996
    0.0000  -15.0000   22.5000 2624.4805   11.6526
    7.5000  -15.0000   22.5000 2618.9128   11.6069
   -7.5000   -7.5000   22.5000 2692.8706   11.2043
    0.0000   -7.5000   22.5000 2700.9031   11.0750
    7.5000   -7.5000   22.5000 2692.7712   11.0178
   -7.5000    0.0000   22.5000 2761.3198   10.7116
    0.0000    0.0000   22.5000 2772.1860   10.5951
    7.5000    0.0000   22.5000 2765.8594   10.5344
   -7.5000    7.5000   22.5000 2830.3818   10.3402
    0.0000    7.5000   22.5000 2844.8887   10.2190
    7.5000    7.5000   22.5000 2841.2485   10.1809
   -7.5000   15.0000   22.5000 2898.4236   10.0968
    0.0000   15.0000   22.5000 2917.5974    9.9827
    7.5000   15.0000   22.5000 2912.4641    9.9823
   -7.5000   22.5000   22.5000 2952.3511   10.0016
    0.0000   22.5000   22.5000 2980.1418    9.8320
    7.5000   22.5000   22.5000 2972.3101    9.8693
   -7.5000   30.0000   22.5000 2970.6492   10.0753
    0.0000   30.0000   22.5000 3003.8271    9.8240
    7.5000   30.0000   22.5000 2988.3955    9.9150
   -7.5000   37.5000   22.5000 2952.9841   10.3913
    0.0000   37.5000   22.5000 2981.7825   10.1640
    7.5000   37.5000   22.5000 2965.9075   10.2449
   -7.5000   45.0000   22.5000 2885.7947   10.8668
    0.0000   45.0000   22.5000 2916.1042   10.6444
    7.5000   45.0000   22.5000 2900.8455   10.7179
   -7.5000  -45.0000   30.0000 2211.5459   16.7072
    0.0000  -45.0000   30.0000 2213.2629   16.3722
    7.5000  -45.0000   30.0000 2220.3301   16.3985
   -7.5000  -37.5000   30.0000 2297.2874   15.3816
    0.0000  -37.5000   30.0000 2300.5632   15.1103
    7.5000  -37.5000   30.0000 2305.1892   15.1220
   -7.5000  -30.0000   30.0000 2390.3066   14.1889
    0.0000  -30.0000   30.0000 2393.2720   13.9853
    7.5000  -30.0000   30.0000 2397.0432   13.9504
   -7.5000  -22.5000   30.0000 2485.9048   13.2239
    0.0000  -22.5000   30.0000 2487.0364   13.0473
    7.5000  -22.5000   30.0000 2490.9507   13.0017
   -7.5000  -15.0000   30.0000 2575.4070   12.4318
    0.0000  -15.0000   30.0000 2580.4360   12.2669
    7.5000  -15.0000   30.0000 2576.3440   12.2233
   -7.5000   -7.5000   30.0000 2655.3752   11.7530
    0.0000   -7.5000   30.0000 2665.1626   11.5974
    7.5000   -7.5000   30.0000 2660.1804   11.5630
   -7.5000    0.0000   30.0000 2724.2871   11.2321
    0.0000    0.0000   30.0000 2739.4983   11.0706
    7.5000    0.0000   30.0000 2734.3135   11.0390
   -7.5000    7.5000   30.0000 2793.8521   10.8266
    0.0000    7.5000   30.0000 2812.0994   10.6651
    7.5000    7.5000   30.0000 2805.0251   10.6618
   -7.5000   15.0000   30.0000 2857.2043   10.5604
    0.0000   15.0000   30.0000 2877.3662   10.3948
    7.5000   15.0000   30.0000 2867.2949   10.4056
   -7.5000   22.5000   30.0000 2900.2273   10.4326
    0.0000   22.5000   30.0000 2923.8894   10.2186
    7.5000   22.5000   30.0000 2916.6252   10.2725
   -7.5000   30.0000   30.0000 2911.8191   10.4913
    0.0000   30.0000   30.0000 2937.0789   10.2512
    7.5000   30.0000   30.0000 2927.5798   10.3307
   -7.5000   37.5000   30.0000 2889.5085   10.8161
    0.0000   37.5000   30.0000 2915.1089   10.5778
    7.5000   37.5000   30.0000 2904.2080   10.6536
   -7.5000   45.0000   30.0000 2827.3362   11.3271
    0.0000   45.0000   30.0000 2848.5886   11.0753
    7.5000   45.0000   30.0000 2840.3411   11.1494
   -7.5000  -45.0000   37.5000 2124.2581   18.0587
    0.0000  -45.0000   37.5000 2126.2280   17.7594
    7.5000  -45.0000   37.5000 2137.8110   17.6914
   -7.5000  -37.5000   37.5000 2215.3616   16.5695
    0.0000  -37.5000   37.5000 2220.6975   16.3311
    7.5000  -37.5000   37.5000 2231.1665   16.2626
   -7.5000  -30.0000   37.5000 2316.5083   15.2517
    0.0000  -30.0000   37.5000 2320.1230   15.0563
    7.5000  -30.0000   37.5000 2331.1404   14.9940
   -7.5000  -22.5000   37.5000 2419.5654   14.1642
    0.0000  -22.5000   37.5000 2424.3623   13.9794
    7.5000  -22.5000   37.5000 2433.0791   13.9364
   -7.5000  -15.0000   37.5000 2516.8469   13.2188
    0.0000  -15.0000   37.5000 2524.5315   13.0230
    7.5000  -15.0000   37.5000 2527.7507   13.0234
   -7.5000   -7.5000   37.5000 2609.4958   12.4712
    0.0000   -7.5000   37.5000 2617.5591   12.2771
    7.5000   -7.5000   37.5000 2619.8062   12.2866
   -7.5000    0.0000   37.5000 2680.9741   11.9182
    0.0000    0.0000   37.5000 2695.3665   11.7093
    7.5000    0.0000   37.5000 2693.7197   11.7154
   -7.5000    7.5000   37.5000 2750.0881   11.4850
    0.0000    7.5000   37.5000 2770.5327   11.2738
    7.5000    7.5000   37.5000 2763.4016   11.2828
   -7.5000   15.0000   37.5000 2801.3000   11.2008
    0.0000   15.0000   37.5000 2827.4822   10.9626
    7.5000   15.0000   37.5000 2816.5217   10.9771
   -7.5000   22.5000   37.5000 2836.7505   11.0652
    0.0000   22.5000   37.5000 2861.6882   10.8118
    7.5000   22.5000   37.5000 2850.9861   10.8547
   -7.5000   30.0000   37.5000 2840.7314   11.0879
    0.0000   30.0000   37.5000 2862.0583   10.8567
    7.5000   30.0000   37.5000 2851.9014   10.9116
   -7.5000   37.5000   37.5000 2810.7778   11.4138
    0.0000   37.5000   37.5000 2837.0217   11.1833
    7.5000   37.5000   37.5000 2828.7981   11.2413
   -7.5000   45.0000   37.5000 2752.4578   11.9020
    0.0000   45.0000   37.5000 2772.6311   11.6453
    7.5000   45.0000   37.5000 2766.8936   11.7215
   -7.5000  -45.0000   45.0000 2037.5803   20.0666
    0.0000  -45.0000   45.0000 2037.3004   19.6287
    7.5000  -45.0000   45.0000 2046.9305   19.5753
   -7.5000  -37.5000   45.0000 2134.8428   18.2167
    0.0000  -37.5000   45.0000 2140.6504   17.8864
    7.5000  -37.5000   45.0000 2150.7793   17.8319
   -7.5000  -30.0000   45.0000 2242.6348   16.6393
    0.0000  -30.0000   45.0000 2247.3464   16.3751
    7.5000  -30.0000   45.0000 2255.9868   16.3087
   -7.5000  -22.5000   45.0000 2347.4963   15.2935
    0.0000  -22.5000   45.0000 2356.3079   15.0541
    7.5000  -22.5000   45.0000 2363.3269   15.0594
   -7.5000  -15.0000   45.0000 2447.9050   14.1865
    0.0000  -15.0000   45.0000 2458.3728   13.9621
    7.5000  -15.0000   45.0000 2464.2056   14.0144
   -7.5000   -7.5000   45.0000 2545.6982   13.3454
    0.0000   -7.5000   45.0000 2559.4963   13.1505
    7.5000   -7.5000   45.0000 2559.2371   13.1742
   -7.5000    0.0000   45.0000 2619.7405   12.7635
    0.0000    0.0000   45.0000 2636.6755   12.5445
    7.5000    0.0000   45.0000 2633.8030   12.5566
   -7.5000    7.5000   45.0000 2685.5540   12.3203
    0.0000    7.5000   45.0000 2706.3994   12.0664
    7.5000    7.5000   45.0000 2701.4753   12.0861
   -7.5000   15.0000   45.0000 2731.8101   12.0454
    0.0000   15.0000   45.0000 2757.6233   11.7546
    7.5000   15.0000   45.0000 2747.7429   11.7966
   -7.5000   22.5000   45.0000 2756.7410   11.8892
    0.0000   22.5000   45.0000 2778.4167   11.6032
    7.5000   22.5000   45.0000 2768.0945   11.6552
   -7.5000   30.0000   45.0000 2752.5547   11.8958
    0.0000   30.0000   45.0000 2777.3938   11.6531
    7.5000   30.0000   45.0000 2767.2180   11.7101
   -7.5000   37.5000   45.0000 2723.8330   12.1883
    0.0000   37.5000   45.0000 2748.4883   11.9249
    7.5000   37.5000   45.0000 2738.3386   11.9982
   -7.5000   45.0000   45.0000 2671.2688   12.6428
    0.0000   45.0000   45.0000 2690.9653   12.3733
    7.5000   45.0000   45.0000 2683.2859   12.4723

---------------------------------------------------------------------
imgreg_4dfp /home/aracena/freesurfer/average/711-2C_as_mni_average_305 /home/aracena/freesurfer/average/711-2B_as_mni_average_305_mask talsrcimg_g11 none talsrcimg_to_711-2C_as_mni_average_305_t4 1283
---------------------------------------------------------------------

freesurfer imgreg_4dfp.c
/home/aracena/freesurfer/average/711-2C_as_mni_average_305.4dfp.img
       256       256       256         1
  1.000000  1.000000  1.000000
orientation T byte_order littleendian
Reading image: /home/aracena/freesurfer/average/711-2C_as_mni_average_305.4dfp.img
dimensions:      256       256       256
mmppix:       1.0000   -1.0000   -1.0000
center:     128.0000 -129.0000 -129.0000
/home/aracena/freesurfer/average/711-2B_as_mni_average_305_mask.4dfp.img
       256       256       256         1
  1.000000  1.000000  1.000000
orientation T byte_order littleendian
Reading mask: /home/aracena/freesurfer/average/711-2B_as_mni_average_305_mask.4dfp.img (2306576 pixels)
talsrcimg_g11.4dfp.img
       256       256       256         1
  1.000000  1.000000  1.000000
orientation T byte_order littleendian
Reading image: talsrcimg_g11.4dfp.img
dimensions:      256       256       256
mmppix:       1.0000   -1.0000   -1.0000
center:     128.0000 -129.0000 -129.0000
rotation matrix determinant  1.000000
fimgreg.f
image alignment mode   1283 decimal      503 hex
parameters
    0.0000   30.0000    7.5000    0.0000    0.0000    0.0000
eta,q 0.96517  9.72571
niter,ni,del,rscale     5    3   12.0000    1.2000
parameters
    1.3807   29.7897    8.9890   -2.0933    0.7133   -2.6825
eta,q 0.96785  9.68933
  0.0511  0.0428  0.0452  0.0350  0.0401  0.0336
  0.0441  0.0389  0.0398  0.0334  0.0370  0.0324
  0.0388  0.0353  0.0355  0.0332  0.0347  0.0322
  0.0350  0.0337  0.0336  0.0338  0.0332  0.0330
  0.0339  0.0357  0.0338  0.0350  0.0330  0.0346
  0.0364  0.0398  0.0350  0.0376  0.0347  0.0375
  0.0417  0.0440  0.0373  0.0408  0.0379  0.0398
niter,ni,del,rscale     4    3   12.0000    1.2000
parameters
    1.1661   30.3240    8.8608   -2.5542    0.8141   -2.5858
eta,q 0.96816  9.68666
  0.0452  0.0427  0.0398  0.0363  0.0387  0.0362
  0.0386  0.0385  0.0349  0.0338  0.0354  0.0340
  0.0339  0.0345  0.0321  0.0324  0.0331  0.0325
  0.0321  0.0321  0.0319  0.0319  0.0319  0.0318
  0.0346  0.0322  0.0333  0.0329  0.0324  0.0322
  0.0402  0.0349  0.0359  0.0349  0.0349  0.0335
  0.0469  0.0406  0.0398  0.0377  0.0386  0.0362
niter,ni,del,rscale     3    3   12.0000    1.2000
parameters
    1.0894   30.4210    8.7279   -2.6620    0.8950   -2.5610
eta,q 0.96828  9.68669
  0.0458  0.0414  0.0396  0.0367  0.0386  0.0360
  0.0389  0.0372  0.0347  0.0340  0.0353  0.0338
  0.0339  0.0336  0.0319  0.0324  0.0330  0.0323
  0.0318  0.0318  0.0318  0.0317  0.0317  0.0317
  0.0340  0.0324  0.0333  0.0325  0.0323  0.0321
  0.0396  0.0359  0.0357  0.0344  0.0349  0.0334
  0.0464  0.0417  0.0395  0.0370  0.0386  0.0362
niter,ni,del,rscale     2    3   12.0000    1.2000
parameters
    1.0548   30.4301    8.6893   -2.6896    0.9278   -2.5548
eta,q 0.96831  9.68667
  0.0461  0.0410  0.0398  0.0368  0.0385  0.0359
  0.0390  0.0369  0.0348  0.0341  0.0353  0.0338
  0.0338  0.0334  0.0319  0.0324  0.0330  0.0323
  0.0317  0.0317  0.0317  0.0317  0.0317  0.0317
  0.0339  0.0324  0.0332  0.0325  0.0323  0.0320
  0.0395  0.0361  0.0355  0.0342  0.0350  0.0334
  0.0462  0.0418  0.0393  0.0368  0.0387  0.0362
registration optimization eta report
parameter search radius
    6.0000    6.0000    6.0000    6.0000    6.0000    6.0000
100000*second partial in parameter space
       39.       27.       22.       14.       19.       12.
  0.0461  0.0410  0.0398  0.0368  0.0385  0.0359
  0.0390  0.0369  0.0348  0.0341  0.0353  0.0338
  0.0338  0.0334  0.0319  0.0324  0.0330  0.0323
  0.0317  0.0317  0.0317  0.0317  0.0317  0.0317
  0.0339  0.0324  0.0332  0.0325  0.0323  0.0320
  0.0395  0.0361  0.0355  0.0342  0.0350  0.0334
  0.0462  0.0418  0.0393  0.0368  0.0387  0.0362
    1.0548   30.4301    8.6893   -2.6896    0.9278   -2.5548
eta,q 0.96831  9.68667

---------------------------------------------------------------------
imgreg_4dfp /home/aracena/freesurfer/average/711-2C_as_mni_average_305 /home/aracena/freesurfer/average/711-2B_as_mni_average_305_mask talsrcimg_g11 none talsrcimg_to_711-2C_as_mni_average_305_t4 3335
---------------------------------------------------------------------

freesurfer imgreg_4dfp.c
/home/aracena/freesurfer/average/711-2C_as_mni_average_305.4dfp.img
       256       256       256         1
  1.000000  1.000000  1.000000
orientation T byte_order littleendian
Reading image: /home/aracena/freesurfer/average/711-2C_as_mni_average_305.4dfp.img
dimensions:      256       256       256
mmppix:       1.0000   -1.0000   -1.0000
center:     128.0000 -129.0000 -129.0000
/home/aracena/freesurfer/average/711-2B_as_mni_average_305_mask.4dfp.img
       256       256       256         1
  1.000000  1.000000  1.000000
orientation T byte_order littleendian
Reading mask: /home/aracena/freesurfer/average/711-2B_as_mni_average_305_mask.4dfp.img (2306576 pixels)
talsrcimg_g11.4dfp.img
       256       256       256         1
  1.000000  1.000000  1.000000
orientation T byte_order littleendian
Reading image: talsrcimg_g11.4dfp.img
dimensions:      256       256       256
mmppix:       1.0000   -1.0000   -1.0000
center:     128.0000 -129.0000 -129.0000
fimgreg.f
image alignment mode   3335 decimal      D07 hex
parameters
    1.0548   30.4301    8.6893   -0.1125   -0.2128   -0.1233
    4.5284   -1.4067   -4.4568    4.7599    1.6193   -4.6919
eta,q 0.96899  9.73129
niter,ni,del,rscale     5    3    5.0000    1.2000
parameter  5  1.044369 ->  0.500000 qaram    1.1500
parameters
    0.8898   30.3239    8.6076    1.3263   -4.3528   -2.0854
    6.3628   -1.1529   -2.5066    5.0614    1.5821   -7.1683
eta,q 0.97163  9.65699
  0.0331  0.0327  0.0325  0.0347  0.0284  0.0304  0.0316  0.0324  0.0311  0.0316  0.0296  0.0289
  0.0319  0.0317  0.0317  0.0332  0.0286  0.0297  0.0303  0.0305  0.0299  0.0299  0.0290  0.0285
  0.0312  0.0311  0.0311  0.0319  0.0294  0.0289  0.0294  0.0292  0.0291  0.0288  0.0287  0.0284
  0.0310  0.0310  0.0310  0.0310  0.0307  0.0288  0.0288  0.0287  0.0286  0.0285  0.0285  0.0285
  0.0314  0.0313  0.0312  0.0308  0.0327  0.0299  0.0287  0.0290  0.0285  0.0288  0.0286  0.0290
  0.0323  0.0320  0.0318  0.0314  0.0351  0.0321  0.0290  0.0301  0.0288  0.0297  0.0290  0.0297
  0.0338  0.0330  0.0327  0.0329  0.0377  0.0352  0.0297  0.0320  0.0294  0.0310  0.0296  0.0306
niter,ni,del,rscale     5    3    5.0000    1.2000
parameters
    0.7832   30.6682    8.3048    2.6085   -8.0122   -2.1961
    5.9970   -1.2862   -1.9532    6.3207    1.7725   -8.7954
eta,q 0.97244  9.59810
  0.0307  0.0308  0.0294  0.0321  0.0284  0.0303  0.0294  0.0312  0.0295  0.0312  0.0288  0.0282
  0.0294  0.0296  0.0287  0.0306  0.0279  0.0293  0.0284  0.0293  0.0285  0.0295  0.0282  0.0278
  0.0286  0.0288  0.0283  0.0292  0.0277  0.0285  0.0278  0.0281  0.0279  0.0283  0.0278  0.0276
  0.0284  0.0284  0.0283  0.0283  0.0281  0.0277  0.0277  0.0277  0.0277  0.0277  0.0276  0.0276
  0.0288  0.0284  0.0286  0.0282  0.0294  0.0276  0.0280  0.0282  0.0278  0.0277  0.0277  0.0279
  0.0297  0.0288  0.0293  0.0289  0.0314  0.0288  0.0287  0.0295  0.0283  0.0283  0.0281  0.0285
  0.0312  0.0297  0.0301  0.0304  0.0341  0.0312  0.0298  0.0315  0.0290  0.0293  0.0287  0.0292
niter,ni,del,rscale     4    3    5.0000    1.2000
parameters
    0.7993   30.7414    8.1247    3.2719   -9.2505   -2.1350
    5.9044   -1.3713   -1.5850    7.1662    1.8044   -9.4343
eta,q 0.97250  9.58053
  0.0303  0.0294  0.0288  0.0310  0.0290  0.0303  0.0294  0.0312  0.0291  0.0306  0.0287  0.0285
  0.0288  0.0284  0.0280  0.0296  0.0283  0.0293  0.0284  0.0293  0.0283  0.0290  0.0281  0.0278
  0.0279  0.0278  0.0276  0.0283  0.0277  0.0284  0.0278  0.0280  0.0277  0.0280  0.0276  0.0275
  0.0276  0.0276  0.0276  0.0275  0.0275  0.0275  0.0275  0.0275  0.0275  0.0275  0.0275  0.0275
  0.0278  0.0278  0.0278  0.0277  0.0278  0.0275  0.0278  0.0280  0.0277  0.0277  0.0276  0.0277
  0.0288  0.0283  0.0284  0.0286  0.0289  0.0286  0.0285  0.0294  0.0281  0.0284  0.0280  0.0282
  0.0302  0.0292  0.0292  0.0301  0.0308  0.0310  0.0295  0.0314  0.0288  0.0294  0.0287  0.0288
niter,ni,del,rscale     3    3    5.0000    1.2000
parameters
    0.7977   30.7967    8.0274    3.3827   -9.7335   -2.1445
    5.9016   -1.4292   -1.3287    7.6393    1.7914   -9.7162
eta,q 0.97247  9.56978
  0.0302  0.0292  0.0289  0.0306  0.0292  0.0304  0.0294  0.0312  0.0289  0.0302  0.0287  0.0286
  0.0287  0.0282  0.0281  0.0292  0.0283  0.0293  0.0284  0.0293  0.0282  0.0288  0.0281  0.0279
  0.0278  0.0277  0.0276  0.0280  0.0278  0.0284  0.0278  0.0280  0.0277  0.0279  0.0277  0.0276
  0.0275  0.0275  0.0275  0.0275  0.0275  0.0275  0.0275  0.0275  0.0275  0.0275  0.0275  0.0275
  0.0278  0.0277  0.0277  0.0278  0.0276  0.0275  0.0277  0.0280  0.0277  0.0278  0.0277  0.0277
  0.0287  0.0282  0.0283  0.0289  0.0284  0.0287  0.0284  0.0293  0.0280  0.0285  0.0280  0.0281
  0.0302  0.0290  0.0291  0.0305  0.0299  0.0311  0.0294  0.0313  0.0287  0.0295  0.0287  0.0287
niter,ni,del,rscale     2    3    5.0000    1.2000
parameters
    0.7920   30.8758    7.9656    3.3894   -9.9668   -2.1870
    5.8992   -1.4628   -1.1821    7.9682    1.7654   -9.8795
eta,q 0.97244  9.56333
  0.0302  0.0292  0.0290  0.0305  0.0292  0.0304  0.0294  0.0312  0.0288  0.0300  0.0287  0.0287
  0.0288  0.0282  0.0281  0.0291  0.0284  0.0294  0.0284  0.0293  0.0282  0.0287  0.0281  0.0280
  0.0278  0.0277  0.0276  0.0280  0.0278  0.0284  0.0278  0.0280  0.0277  0.0278  0.0277  0.0276
  0.0275  0.0275  0.0275  0.0275  0.0275  0.0275  0.0276  0.0276  0.0276  0.0276  0.0276  0.0276
  0.0278  0.0277  0.0277  0.0279  0.0276  0.0275  0.0278  0.0280  0.0277  0.0278  0.0277  0.0277
  0.0288  0.0282  0.0283  0.0290  0.0283  0.0288  0.0284  0.0293  0.0281  0.0285  0.0281  0.0281
  0.0302  0.0289  0.0291  0.0306  0.0297  0.0312  0.0294  0.0313  0.0288  0.0295  0.0288  0.0287
niter,ni,del,rscale     1    3    5.0000    1.2000
parameters
    0.7890   30.9557    7.9168    3.3879  -10.1355   -2.2362
    5.8972   -1.4834   -1.0764    8.2420    1.7309  -10.0088
eta,q 0.97242  9.55809
  0.0302  0.0291  0.0290  0.0305  0.0292  0.0304  0.0294  0.0312  0.0288  0.0299  0.0287  0.0287
  0.0288  0.0282  0.0282  0.0292  0.0284  0.0294  0.0285  0.0293  0.0281  0.0286  0.0281  0.0280
  0.0279  0.0277  0.0277  0.0280  0.0278  0.0285  0.0278  0.0280  0.0277  0.0278  0.0277  0.0277
  0.0276  0.0276  0.0276  0.0276  0.0276  0.0276  0.0276  0.0276  0.0276  0.0276  0.0276  0.0276
  0.0279  0.0277  0.0278  0.0279  0.0276  0.0276  0.0278  0.0280  0.0277  0.0279  0.0277  0.0277
  0.0288  0.0282  0.0283  0.0290  0.0282  0.0288  0.0285  0.0293  0.0281  0.0285  0.0281  0.0281
  0.0302  0.0289  0.0291  0.0307  0.0296  0.0312  0.0295  0.0313  0.0288  0.0295  0.0288  0.0287
registration optimization eta report
parameter search radius
    2.4000    2.4000    2.4000    7.2000    8.2800    7.2000
    7.2000    7.2000    7.2000    7.2000    7.2000    7.2000
100000*second partial in parameter space
       46.       25.       26.        6.        3.        6.
        4.        7.        2.        4.        2.        2.
  0.0302  0.0291  0.0290  0.0305  0.0292  0.0304  0.0294  0.0312  0.0288  0.0299  0.0287  0.0287
  0.0288  0.0282  0.0282  0.0292  0.0284  0.0294  0.0285  0.0293  0.0281  0.0286  0.0281  0.0280
  0.0279  0.0277  0.0277  0.0280  0.0278  0.0285  0.0278  0.0280  0.0277  0.0278  0.0277  0.0277
  0.0276  0.0276  0.0276  0.0276  0.0276  0.0276  0.0276  0.0276  0.0276  0.0276  0.0276  0.0276
  0.0279  0.0277  0.0278  0.0279  0.0276  0.0276  0.0278  0.0280  0.0277  0.0279  0.0277  0.0277
  0.0288  0.0282  0.0283  0.0290  0.0282  0.0288  0.0285  0.0293  0.0281  0.0285  0.0281  0.0281
  0.0302  0.0289  0.0291  0.0307  0.0296  0.0312  0.0295  0.0313  0.0288  0.0295  0.0288  0.0287
    0.7890   30.9557    7.9168    3.3879  -10.1355   -2.2362
    5.8972   -1.4834   -1.0764    8.2420    1.7309  -10.0088
eta,q 0.97242  9.55809

---------------------------------------------------------------------
imgreg_4dfp /home/aracena/freesurfer/average/711-2C_as_mni_average_305 /home/aracena/freesurfer/average/711-2B_as_mni_average_305_mask talsrcimg_g11 none talsrcimg_to_711-2C_as_mni_average_305_t4 2311
---------------------------------------------------------------------

freesurfer imgreg_4dfp.c
/home/aracena/freesurfer/average/711-2C_as_mni_average_305.4dfp.img
       256       256       256         1
  1.000000  1.000000  1.000000
orientation T byte_order littleendian
Reading image: /home/aracena/freesurfer/average/711-2C_as_mni_average_305.4dfp.img
dimensions:      256       256       256
mmppix:       1.0000   -1.0000   -1.0000
center:     128.0000 -129.0000 -129.0000
/home/aracena/freesurfer/average/711-2B_as_mni_average_305_mask.4dfp.img
       256       256       256         1
  1.000000  1.000000  1.000000
orientation T byte_order littleendian
Reading mask: /home/aracena/freesurfer/average/711-2B_as_mni_average_305_mask.4dfp.img (2306576 pixels)
talsrcimg_g11.4dfp.img
       256       256       256         1
  1.000000  1.000000  1.000000
orientation T byte_order littleendian
Reading image: talsrcimg_g11.4dfp.img
dimensions:      256       256       256
mmppix:       1.0000   -1.0000   -1.0000
center:     128.0000 -129.0000 -129.0000
fimgreg.f
image alignment mode   2311 decimal      907 hex
parameters
    0.7890   30.9557    7.9168    3.3879  -10.1355   -2.2362
    5.8972   -1.4834   -1.0764    8.2420    1.7309  -10.0088
eta,q 0.97242  9.55809
niter,ni,del,rscale     5    3    5.0000    0.8000
parameters
    0.7919   30.9618    7.8438    3.5063   -9.6245   -1.5956
    5.8659   -1.4169   -1.0151    7.7972    1.8098  -10.2314
eta,q 0.97259  9.59152
  0.0288  0.0282  0.0282  0.0292  0.0282  0.0294  0.0283  0.0294  0.0280  0.0283  0.0280  0.0279
  0.0281  0.0278  0.0278  0.0284  0.0279  0.0288  0.0279  0.0283  0.0277  0.0278  0.0277  0.0276
  0.0277  0.0276  0.0276  0.0278  0.0277  0.0281  0.0276  0.0277  0.0275  0.0275  0.0275  0.0274
  0.0276  0.0276  0.0276  0.0276  0.0276  0.0276  0.0274  0.0274  0.0274  0.0274  0.0274  0.0274
  0.0277  0.0277  0.0277  0.0277  0.0276  0.0274  0.0275  0.0276  0.0275  0.0277  0.0275  0.0275
  0.0281  0.0279  0.0279  0.0282  0.0277  0.0279  0.0279  0.0283  0.0277  0.0281  0.0277  0.0277
  0.0288  0.0282  0.0283  0.0290  0.0280  0.0289  0.0284  0.0293  0.0280  0.0287  0.0280  0.0280
niter,ni,del,rscale     4    3    5.0000    0.7000
parameters
    0.7899   30.8283    7.9741    3.3680   -9.5024   -1.2639
    5.8183   -1.4272   -1.2221    7.4415    1.8583  -10.1436
eta,q 0.97265  9.59968
  0.0284  0.0278  0.0281  0.0286  0.0279  0.0290  0.0280  0.0288  0.0278  0.0281  0.0278  0.0278
  0.0278  0.0276  0.0277  0.0279  0.0276  0.0284  0.0277  0.0280  0.0275  0.0276  0.0276  0.0275
  0.0275  0.0274  0.0275  0.0275  0.0275  0.0278  0.0274  0.0275  0.0274  0.0274  0.0274  0.0274
  0.0274  0.0274  0.0274  0.0274  0.0274  0.0274  0.0274  0.0274  0.0274  0.0274  0.0273  0.0273
  0.0275  0.0275  0.0274  0.0276  0.0274  0.0274  0.0274  0.0275  0.0274  0.0275  0.0274  0.0274
  0.0278  0.0277  0.0276  0.0280  0.0276  0.0279  0.0277  0.0280  0.0276  0.0279  0.0275  0.0275
  0.0284  0.0280  0.0279  0.0287  0.0279  0.0287  0.0281  0.0289  0.0278  0.0284  0.0278  0.0277
niter,ni,del,rscale     3    3    5.0000    0.6000
parameters
    0.7958   30.7211    8.0729    3.3151   -9.2882   -1.0474
    5.8285   -1.4086   -1.3708    7.1226    1.8547  -10.0079
eta,q 0.97270  9.60874
  0.0281  0.0277  0.0279  0.0283  0.0277  0.0286  0.0278  0.0284  0.0276  0.0279  0.0277  0.0277
  0.0277  0.0275  0.0276  0.0278  0.0275  0.0281  0.0276  0.0278  0.0274  0.0275  0.0275  0.0274
  0.0274  0.0274  0.0274  0.0274  0.0274  0.0276  0.0274  0.0274  0.0273  0.0273  0.0273  0.0273
  0.0273  0.0273  0.0273  0.0273  0.0273  0.0273  0.0273  0.0273  0.0273  0.0273  0.0273  0.0273
  0.0274  0.0274  0.0274  0.0275  0.0273  0.0274  0.0274  0.0274  0.0274  0.0275  0.0273  0.0273
  0.0277  0.0276  0.0275  0.0278  0.0274  0.0277  0.0275  0.0278  0.0275  0.0277  0.0275  0.0274
  0.0281  0.0278  0.0277  0.0283  0.0277  0.0284  0.0278  0.0284  0.0277  0.0281  0.0277  0.0276
niter,ni,del,rscale     2    3    5.0000    0.5000
parameters
    0.8016   30.6534    8.1441    3.2663   -9.1258   -0.8836
    5.8348   -1.3736   -1.4896    6.8931    1.8399   -9.8998
eta,q 0.97272  9.61542
  0.0278  0.0276  0.0277  0.0280  0.0276  0.0282  0.0277  0.0281  0.0275  0.0277  0.0275  0.0275
  0.0275  0.0274  0.0275  0.0276  0.0274  0.0278  0.0275  0.0277  0.0274  0.0275  0.0274  0.0274
  0.0274  0.0273  0.0273  0.0274  0.0274  0.0275  0.0273  0.0274  0.0273  0.0273  0.0273  0.0273
  0.0273  0.0273  0.0273  0.0273  0.0273  0.0273  0.0273  0.0273  0.0273  0.0273  0.0273  0.0273
  0.0274  0.0274  0.0273  0.0274  0.0273  0.0273  0.0273  0.0274  0.0273  0.0274  0.0273  0.0273
  0.0275  0.0275  0.0274  0.0276  0.0274  0.0276  0.0274  0.0276  0.0274  0.0276  0.0274  0.0274
  0.0278  0.0276  0.0276  0.0280  0.0276  0.0281  0.0277  0.0281  0.0276  0.0279  0.0275  0.0275
niter,ni,del,rscale     1    3    5.0000    0.4000
parameters
    0.8071   30.6143    8.1956    3.2298   -9.0074   -0.7696
    5.8383   -1.3482   -1.5484    6.7510    1.8164   -9.7908
eta,q 0.97273  9.62015
  0.0276  0.0275  0.0275  0.0277  0.0275  0.0279  0.0275  0.0278  0.0274  0.0276  0.0274  0.0274
  0.0274  0.0274  0.0274  0.0275  0.0274  0.0276  0.0274  0.0275  0.0273  0.0274  0.0273  0.0273
  0.0273  0.0273  0.0273  0.0273  0.0273  0.0274  0.0273  0.0273  0.0273  0.0273  0.0273  0.0273
  0.0273  0.0273  0.0273  0.0273  0.0273  0.0273  0.0273  0.0273  0.0273  0.0273  0.0273  0.0273
  0.0273  0.0273  0.0273  0.0273  0.0273  0.0273  0.0273  0.0273  0.0273  0.0273  0.0273  0.0273
  0.0274  0.0274  0.0274  0.0275  0.0273  0.0275  0.0274  0.0275  0.0274  0.0275  0.0273  0.0273
  0.0276  0.0275  0.0275  0.0277  0.0275  0.0278  0.0275  0.0278  0.0275  0.0277  0.0274  0.0274
registration optimization eta report
parameter search radius
    0.8000    0.8000    0.8000    2.4000    2.4000    2.4000
    2.4000    2.4000    2.4000    2.4000    2.4000    2.4000
100000*second partial in parameter space
       51.       32.       30.        8.        3.       10.
        4.        9.        3.        6.        3.        2.
  0.0276  0.0275  0.0275  0.0277  0.0275  0.0279  0.0275  0.0278  0.0274  0.0276  0.0274  0.0274
  0.0274  0.0274  0.0274  0.0275  0.0274  0.0276  0.0274  0.0275  0.0273  0.0274  0.0273  0.0273
  0.0273  0.0273  0.0273  0.0273  0.0273  0.0274  0.0273  0.0273  0.0273  0.0273  0.0273  0.0273
  0.0273  0.0273  0.0273  0.0273  0.0273  0.0273  0.0273  0.0273  0.0273  0.0273  0.0273  0.0273
  0.0273  0.0273  0.0273  0.0273  0.0273  0.0273  0.0273  0.0273  0.0273  0.0273  0.0273  0.0273
  0.0274  0.0274  0.0274  0.0275  0.0273  0.0275  0.0274  0.0275  0.0274  0.0275  0.0273  0.0273
  0.0276  0.0275  0.0275  0.0277  0.0275  0.0278  0.0275  0.0278  0.0275  0.0277  0.0274  0.0274
    0.8071   30.6143    8.1956    3.2298   -9.0074   -0.7696
    5.8383   -1.3482   -1.5484    6.7510    1.8164   -9.7908
eta,q 0.97273  9.62015

---------------------------------------------------------------------
imgreg_4dfp /home/aracena/freesurfer/average/711-2C_as_mni_average_305 /home/aracena/freesurfer/average/711-2B_as_mni_average_305_mask talsrcimg_g11 none talsrcimg_to_711-2C_as_mni_average_305_t4 2311
---------------------------------------------------------------------

freesurfer imgreg_4dfp.c
/home/aracena/freesurfer/average/711-2C_as_mni_average_305.4dfp.img
       256       256       256         1
  1.000000  1.000000  1.000000
orientation T byte_order littleendian
Reading image: /home/aracena/freesurfer/average/711-2C_as_mni_average_305.4dfp.img
dimensions:      256       256       256
mmppix:       1.0000   -1.0000   -1.0000
center:     128.0000 -129.0000 -129.0000
/home/aracena/freesurfer/average/711-2B_as_mni_average_305_mask.4dfp.img
       256       256       256         1
  1.000000  1.000000  1.000000
orientation T byte_order littleendian
Reading mask: /home/aracena/freesurfer/average/711-2B_as_mni_average_305_mask.4dfp.img (2306576 pixels)
talsrcimg_g11.4dfp.img
       256       256       256         1
  1.000000  1.000000  1.000000
orientation T byte_order littleendian
Reading image: talsrcimg_g11.4dfp.img
dimensions:      256       256       256
mmppix:       1.0000   -1.0000   -1.0000
center:     128.0000 -129.0000 -129.0000
fimgreg.f
image alignment mode   2311 decimal      907 hex
parameters
    0.8071   30.6143    8.1956    3.2298   -9.0074   -0.7696
    5.8383   -1.3482   -1.5484    6.7510    1.8164   -9.7908
eta,q 0.97273  9.62015
niter,ni,del,rscale     5    3    5.0000    0.8000
parameters
    0.8039   30.6180    8.2571    3.1919   -9.3145   -1.1048
    5.8137   -1.3811   -1.4897    6.9396    1.8363   -9.6509
eta,q 0.97269  9.60382
  0.0285  0.0281  0.0281  0.0289  0.0279  0.0289  0.0282  0.0292  0.0280  0.0287  0.0279  0.0279
  0.0278  0.0276  0.0277  0.0280  0.0276  0.0282  0.0277  0.0282  0.0276  0.0279  0.0276  0.0275
  0.0274  0.0274  0.0274  0.0275  0.0274  0.0276  0.0274  0.0275  0.0274  0.0275  0.0274  0.0274
  0.0273  0.0273  0.0273  0.0273  0.0273  0.0273  0.0273  0.0273  0.0273  0.0273  0.0273  0.0273
  0.0274  0.0274  0.0274  0.0275  0.0273  0.0275  0.0274  0.0275  0.0274  0.0274  0.0274  0.0274
  0.0278  0.0276  0.0276  0.0281  0.0276  0.0283  0.0277  0.0282  0.0276  0.0278  0.0276  0.0275
  0.0286  0.0281  0.0280  0.0289  0.0282  0.0297  0.0282  0.0292  0.0279  0.0284  0.0279  0.0278
niter,ni,del,rscale     4    3    5.0000    0.7000
parameters
    0.8107   30.6251    8.1911    3.2972   -9.1985   -1.0855
    5.8145   -1.3743   -1.4619    6.8953    1.8446   -9.7059
eta,q 0.97270  9.60896
  0.0283  0.0279  0.0278  0.0286  0.0278  0.0287  0.0280  0.0288  0.0278  0.0283  0.0278  0.0277
  0.0277  0.0276  0.0275  0.0279  0.0276  0.0282  0.0276  0.0280  0.0275  0.0277  0.0275  0.0275
  0.0274  0.0274  0.0273  0.0275  0.0274  0.0276  0.0274  0.0275  0.0274  0.0274  0.0274  0.0273
  0.0273  0.0273  0.0273  0.0273  0.0273  0.0273  0.0273  0.0273  0.0273  0.0273  0.0273  0.0273
  0.0274  0.0274  0.0274  0.0274  0.0273  0.0274  0.0274  0.0275  0.0274  0.0274  0.0274  0.0274
  0.0277  0.0276  0.0276  0.0279  0.0275  0.0279  0.0276  0.0280  0.0275  0.0278  0.0275  0.0275
  0.0283  0.0279  0.0279  0.0285  0.0278  0.0289  0.0280  0.0288  0.0278  0.0283  0.0278  0.0277
niter,ni,del,rscale     3    3    5.0000    0.6000
parameters
    0.8049   30.6166    8.1833    3.2877   -9.0950   -0.9698
    5.8105   -1.3696   -1.5022    6.8188    1.8429   -9.7247
eta,q 0.97272  9.61420
  0.0280  0.0277  0.0277  0.0282  0.0277  0.0285  0.0278  0.0284  0.0277  0.0280  0.0276  0.0276
  0.0276  0.0275  0.0275  0.0277  0.0275  0.0280  0.0275  0.0278  0.0274  0.0276  0.0274  0.0274
  0.0274  0.0273  0.0273  0.0274  0.0274  0.0275  0.0273  0.0274  0.0273  0.0274  0.0273  0.0273
  0.0273  0.0273  0.0273  0.0273  0.0273  0.0273  0.0273  0.0273  0.0273  0.0273  0.0273  0.0273
  0.0274  0.0274  0.0274  0.0274  0.0273  0.0274  0.0273  0.0274  0.0273  0.0274  0.0273  0.0273
  0.0276  0.0275  0.0275  0.0277  0.0274  0.0278  0.0275  0.0278  0.0275  0.0277  0.0274  0.0274
  0.0280  0.0277  0.0277  0.0283  0.0277  0.0285  0.0278  0.0284  0.0277  0.0280  0.0276  0.0276
niter,ni,del,rscale     2    3    5.0000    0.5000
parameters
    0.8069   30.6110    8.2039    3.2552   -8.9994   -0.8504
    5.8140   -1.3569   -1.5438    6.7450    1.8428   -9.7082
eta,q 0.97272  9.61892
  0.0278  0.0276  0.0276  0.0279  0.0276  0.0282  0.0276  0.0281  0.0275  0.0278  0.0275  0.0275
  0.0275  0.0274  0.0274  0.0276  0.0274  0.0278  0.0274  0.0276  0.0274  0.0275  0.0274  0.0274
  0.0274  0.0273  0.0273  0.0274  0.0273  0.0275  0.0273  0.0274  0.0273  0.0273  0.0273  0.0273
  0.0273  0.0273  0.0273  0.0273  0.0273  0.0273  0.0273  0.0273  0.0273  0.0273  0.0273  0.0273
  0.0273  0.0273  0.0273  0.0274  0.0273  0.0273  0.0273  0.0274  0.0273  0.0273  0.0273  0.0273
  0.0275  0.0274  0.0274  0.0276  0.0274  0.0276  0.0274  0.0276  0.0274  0.0275  0.0274  0.0274
  0.0278  0.0276  0.0276  0.0280  0.0276  0.0281  0.0277  0.0281  0.0275  0.0278  0.0275  0.0275
niter,ni,del,rscale     1    3    5.0000    0.4000
parameters
    0.8088   30.5934    8.2293    3.2293   -8.9372   -0.7629
    5.8259   -1.3403   -1.5767    6.6701    1.8245   -9.7015
eta,q 0.97273  9.62194
  0.0276  0.0275  0.0275  0.0277  0.0275  0.0279  0.0275  0.0278  0.0274  0.0276  0.0274  0.0274
  0.0274  0.0274  0.0274  0.0275  0.0274  0.0276  0.0274  0.0275  0.0273  0.0274  0.0273  0.0273
  0.0273  0.0273  0.0273  0.0273  0.0273  0.0274  0.0273  0.0273  0.0273  0.0273  0.0273  0.0273
  0.0273  0.0273  0.0273  0.0273  0.0273  0.0273  0.0273  0.0273  0.0273  0.0273  0.0273  0.0273
  0.0273  0.0273  0.0273  0.0273  0.0273  0.0273  0.0273  0.0273  0.0273  0.0273  0.0273  0.0273
  0.0274  0.0274  0.0274  0.0275  0.0273  0.0275  0.0274  0.0275  0.0274  0.0274  0.0273  0.0273
  0.0276  0.0275  0.0275  0.0277  0.0275  0.0278  0.0275  0.0278  0.0274  0.0276  0.0274  0.0274
registration optimization eta report
parameter search radius
    0.8000    0.8000    0.8000    2.4000    2.4000    2.4000
    2.4000    2.4000    2.4000    2.4000    2.4000    2.4000
100000*second partial in parameter space
       50.       33.       31.        8.        3.       10.
        4.        9.        3.        6.        3.        2.
  0.0276  0.0275  0.0275  0.0277  0.0275  0.0279  0.0275  0.0278  0.0274  0.0276  0.0274  0.0274
  0.0274  0.0274  0.0274  0.0275  0.0274  0.0276  0.0274  0.0275  0.0273  0.0274  0.0273  0.0273
  0.0273  0.0273  0.0273  0.0273  0.0273  0.0274  0.0273  0.0273  0.0273  0.0273  0.0273  0.0273
  0.0273  0.0273  0.0273  0.0273  0.0273  0.0273  0.0273  0.0273  0.0273  0.0273  0.0273  0.0273
  0.0273  0.0273  0.0273  0.0273  0.0273  0.0273  0.0273  0.0273  0.0273  0.0273  0.0273  0.0273
  0.0274  0.0274  0.0274  0.0275  0.0273  0.0275  0.0274  0.0275  0.0274  0.0274  0.0273  0.0273
  0.0276  0.0275  0.0275  0.0277  0.0275  0.0278  0.0275  0.0278  0.0274  0.0276  0.0274  0.0274
    0.8088   30.5934    8.2293    3.2293   -8.9372   -0.7629
    5.8259   -1.3403   -1.5767    6.6701    1.8245   -9.7015
eta,q 0.97273  9.62194

---------------------------------------------------------------------
compute_vox2vox talsrcimg talsrcimg_to_711-2C_as_mni_average_305_t4 /home/aracena/freesurfer/average/711-2C_as_mni_average_305
---------------------------------------------------------------------

freesurfer compute_vox2vox.c
Reading: talsrcimg.4dfp.ifh
Reading: talsrcimg_to_711-2C_as_mni_average_305_t4
Reading: /home/aracena/freesurfer/average/711-2C_as_mni_average_305.4dfp.ifh
Writing: talsrcimg_to_711-2C_as_mni_average_305_t4_vox2vox.txt

start time mar 28 dic 2021 13:34:50 -03
end		time mar 28 dic 2021 13:35:17 -03

mpr2mni305 success

avi2talxfm orig_nu.mgz /home/aracena/freesurfer/average/mni305.cor.mgz talsrcimg_to_711-2C_as_mni_average_305_t4_vox2vox.txt transforms/talairach.auto.xfm
avi2talxfm done
lta_convert --src orig_nu.mgz --trg /home/aracena/freesurfer/average/mni305.cor.mgz --inxfm transforms/talairach.auto.xfm --outlta transforms/talairach.auto.xfm.lta --subject fsaverage
7.2.0

--src: orig_nu.mgz src image (geometry).
--trg: /home/aracena/freesurfer/average/mni305.cor.mgz trg image (geometry).
--inmni: transforms/talairach.auto.xfm input MNI/XFM transform.
--outlta: transforms/talairach.auto.xfm.lta output LTA.
--s: fsaverage subject name
 LTA read, type : 1
 0.96750   0.01711  -0.06007   0.39807;
-0.01603   1.00024   0.10759   0.67415;
 0.01793  -0.07297   1.08922  -3.89408;
 0.00000   0.00000   0.00000   1.00000;
setting subject to fsaverage
Writing  LTA to file transforms/talairach.auto.xfm.lta...
lta_convert successful.
 
 
Started at mar 28 dic 2021 13:34:49 -03
Ended   at mar 28 dic 2021 13:35:18 -03
talairach_avi done
