/opt/home/aracena/thesis_practica/tips_nibabel/3_recon-all_freesurfer/output/freesurfer/sub-08/mri
/home/aracena/freesurfer/bin/talairach_avi
--i orig_nu.mgz --xfm transforms/talairach.auto.xfm
talairach_avi 7.2.0
Linux daniela-MS-7760 5.11.0-41-generic #45-Ubuntu SMP Fri Nov 5 11:37:01 UTC 2021 x86_64 x86_64 x86_64 GNU/Linux
mar 28 dic 2021 13:35:08 -03
mri_convert orig_nu.mgz talsrcimg.img 
reading from orig_nu.mgz...
TR=0.00, TE=0.00, TI=0.00, flip angle=0.00
i_ras = (-1, 1.86265e-09, 0)
j_ras = (3.72529e-09, 9.48785e-09, -1)
k_ras = (0, 1, -1.11177e-08)
writing to talsrcimg.img...
Analyze Output Matrix
-1.00000   0.00000   0.00000   127.28864;
 0.00000   0.00000   1.00000  -142.86497;
 0.00000  -1.00000  -0.00000   94.59981;
 0.00000   0.00000   0.00000   1.00000;
--------------------
INFO: set hdr.hist.orient to -1
mpr2mni305 talsrcimg
mar 28 dic 2021 13:35:09 -03
/home/aracena/freesurfer/bin/mpr2mni305 talsrcimg
mpr2mni305 7.2.0
target=711-2C_as_mni_average_305

---------------------------------------------------------------------
analyzeto4dfp talsrcimg -O0 -y
---------------------------------------------------------------------

freesurfer ifh2hdr.c
Tue Dec 28 13:35:10 2021
Writing: talsrcimg.4dfp.hdr
freesurfer analyzeto4dfp.c
Reading: talsrcimg.hdr
header size 348 bytes
hdr.dime.datatype	offset=70	value=2
hdr.dime.bitpix		offset=72	value=8
hdr.hist.orient		offset=252	value=-1
dimensionality     4
dimensions       256       256       256         1
Reading: talsrcimg.img
Writing: talsrcimg.4dfp.img
Writing: talsrcimg.4dfp.ifh
ifh2hdr talsrcimg -r0to244
ori=2

---------------------------------------------------------------------
gauss_4dfp talsrcimg 1.1
---------------------------------------------------------------------

freesurfer gauss_4dfp.c
Reading: talsrcimg.4dfp.img
Writing: talsrcimg_g11.4dfp.img
image dimensions 256 256 256 padded to 288 288 288
processing volume 1freesurfer ifh2hdr.c
Tue Dec 28 13:35:18 2021
Writing: talsrcimg_g11.4dfp.hdr

Writing: talsrcimg_g11.4dfp.ifh
including: talsrcimg.4dfp.img.rec in talsrcimg_g11.4dfp.img.rec

---------------------------------------------------------------------
imgreg_4dfp /home/aracena/freesurfer/average/711-2C_as_mni_average_305 none talsrcimg_g11 none talsrcimg_to_711-2C_as_mni_average_305_t4 4355
---------------------------------------------------------------------

freesurfer imgreg_4dfp.c
/home/aracena/freesurfer/average/711-2C_as_mni_average_305.4dfp.img
       256       256       256         1
  1.000000  1.000000  1.000000
orientation T byte_order littleendian
Reading image: /home/aracena/freesurfer/average/711-2C_as_mni_average_305.4dfp.img
dimensions:      256       256       256
mmppix:       1.0000   -1.0000   -1.0000
center:     128.0000 -129.0000 -129.0000
talsrcimg_g11.4dfp.img
       256       256       256         1
  1.000000  1.000000  1.000000
orientation T byte_order littleendian
Reading image: talsrcimg_g11.4dfp.img
dimensions:      256       256       256
mmppix:       1.0000   -1.0000   -1.0000
center:     128.0000 -129.0000 -129.0000
t4_read: open error in t4_sub.f l:  41 t4_file(1:l)talsrcimg_to_711-2C_as_mni_average_305_t4 
t4_read: transform initialized to I4
rotation matrix determinant  1.000000
image alignment mode   4355 decimal     1103 hex
   -7.5000  -45.0000  -45.0000 7931.0049   11.6684
    0.0000  -45.0000  -45.0000 8231.2344   11.6678
    7.5000  -45.0000  -45.0000 7977.5215   11.6737
   -7.5000  -37.5000  -45.0000 8420.2197   11.2690
    0.0000  -37.5000  -45.0000 8737.0713   11.2695
    7.5000  -37.5000  -45.0000 8446.1582   11.2823
   -7.5000  -30.0000  -45.0000 9020.3955   10.9598
    0.0000  -30.0000  -45.0000 9345.9102   10.9620
    7.5000  -30.0000  -45.0000 9017.2852   10.9802
   -7.5000  -22.5000  -45.0000 9620.9062   10.7683
    0.0000  -22.5000  -45.0000 9967.3105   10.7676
    7.5000  -22.5000  -45.0000 9622.9717   10.7819
   -7.5000  -15.0000  -45.000010229.6904   10.6492
    0.0000  -15.0000  -45.000010615.6035   10.6465
    7.5000  -15.0000  -45.000010248.2568   10.6558
   -7.5000   -7.5000  -45.000010863.2568   10.5840
    0.0000   -7.5000  -45.000011299.4619   10.5819
    7.5000   -7.5000  -45.000010911.1582   10.5891
   -7.5000    0.0000  -45.000011539.1953   10.5666
    0.0000    0.0000  -45.000012021.8809   10.5663
    7.5000    0.0000  -45.000011597.0078   10.5753
   -7.5000    7.5000  -45.000011406.7168   10.5523
    0.0000    7.5000  -45.000011893.3809   10.5539
    7.5000    7.5000  -45.000011460.5732   10.5676
   -7.5000   15.0000  -45.000011150.1084   10.5845
    0.0000   15.0000  -45.000011634.7969   10.5864
    7.5000   15.0000  -45.000011194.4688   10.6031
   -7.5000   22.5000  -45.000010765.8799   10.7558
    0.0000   22.5000  -45.000011249.2695   10.7572
    7.5000   22.5000  -45.000010806.6914   10.7738
   -7.5000   30.0000  -45.000010310.7207   10.8270
    0.0000   30.0000  -45.000010795.8701   10.8271
    7.5000   30.0000  -45.000010373.0479   10.8385
   -7.5000   37.5000  -45.000010180.5430   11.0207
    0.0000   37.5000  -45.000010676.4902   11.0222
    7.5000   37.5000  -45.000010256.4658   11.0313
   -7.5000   45.0000  -45.0000 9652.3047   10.9132
    0.0000   45.0000  -45.000010145.6816   10.9172
    7.5000   45.0000  -45.0000 9733.0107   10.9291
   -7.5000  -45.0000  -37.5000 8164.6216   11.6068
    0.0000  -45.0000  -37.5000 8509.7607   11.6068
    7.5000  -45.0000  -37.5000 8226.3545   11.6101
   -7.5000  -37.5000  -37.5000 8658.2139   11.2135
    0.0000  -37.5000  -37.5000 9002.6084   11.2147
    7.5000  -37.5000  -37.5000 8677.8828   11.2244
   -7.5000  -30.0000  -37.5000 9280.4033   10.9110
    0.0000  -30.0000  -37.5000 9635.4443   10.9154
    7.5000  -30.0000  -37.5000 9283.8945   10.9305
   -7.5000  -22.5000  -37.5000 9927.4941   10.7202
    0.0000  -22.5000  -37.500010297.9248   10.7224
    7.5000  -22.5000  -37.5000 9934.3760   10.7338
   -7.5000  -15.0000  -37.500010605.5967   10.5990
    0.0000  -15.0000  -37.500011019.9336   10.5984
    7.5000  -15.0000  -37.500010616.0928   10.6046
   -7.5000   -7.5000  -37.500011324.0596   10.5290
    0.0000   -7.5000  -37.500011796.3145   10.5276
    7.5000   -7.5000  -37.500011346.8418   10.5323
   -7.5000    0.0000  -37.500012084.8867   10.5104
    0.0000    0.0000  -37.500012608.6240   10.5098
    7.5000    0.0000  -37.500012123.2988   10.5165
   -7.5000    7.5000  -37.500011987.1357   10.5004
    0.0000    7.5000  -37.500012541.9043   10.5026
    7.5000    7.5000  -37.500012044.7246   10.5136
   -7.5000   15.0000  -37.500011738.4678   10.5376
    0.0000   15.0000  -37.500012268.4062   10.5416
    7.5000   15.0000  -37.500011782.7188   10.5553
   -7.5000   22.5000  -37.500011349.2627   10.7077
    0.0000   22.5000  -37.500011873.7930   10.7118
    7.5000   22.5000  -37.500011386.4570   10.7251
   -7.5000   30.0000  -37.500010898.7480   10.7736
    0.0000   30.0000  -37.500011413.3604   10.7753
    7.5000   30.0000  -37.500010963.2939   10.7840
   -7.5000   37.5000  -37.500010764.0391   10.9597
    0.0000   37.5000  -37.500011277.3672   10.9609
    7.5000   37.5000  -37.500010832.7803   10.9674
   -7.5000   45.0000  -37.500010183.5430   10.8463
    0.0000   45.0000  -37.500010694.8389   10.8487
    7.5000   45.0000  -37.500010268.1104   10.8583
   -7.5000  -45.0000  -30.0000 8581.5771   12.0338
    0.0000  -45.0000  -30.0000 8953.4717   12.0346
    7.5000  -45.0000  -30.0000 8637.3613   12.0364
   -7.5000  -37.5000  -30.0000 9070.6924   11.6339
    0.0000  -37.5000  -30.0000 9456.3027   11.6346
    7.5000  -37.5000  -30.0000 9100.0195   11.6424
   -7.5000  -30.0000  -30.0000 9726.1162   11.3279
    0.0000  -30.0000  -30.000010150.5498   11.3317
    7.5000  -30.0000  -30.0000 9751.7764   11.3444
   -7.5000  -22.5000  -30.000010442.0996   11.1267
    0.0000  -22.5000  -30.000010904.3838   11.1298
    7.5000  -22.5000  -30.000010469.3906   11.1398
   -7.5000  -15.0000  -30.000011224.4131   10.9922
    0.0000  -15.0000  -30.000011725.3311   10.9934
    7.5000  -15.0000  -30.000011250.8428   10.9988
   -7.5000   -7.5000  -30.000012049.1924   10.9128
    0.0000   -7.5000  -30.000012593.2324   10.9125
    7.5000   -7.5000  -30.000012080.2246   10.9163
   -7.5000    0.0000  -30.000012896.2832   10.8953
    0.0000    0.0000  -30.000013490.5752   10.8944
    7.5000    0.0000  -30.000012949.3096   10.8995
   -7.5000    7.5000  -30.000012804.4834   10.8947
    0.0000    7.5000  -30.000013423.9688   10.8957
    7.5000    7.5000  -30.000012883.3604   10.9042
   -7.5000   15.0000  -30.000012546.8721   10.9413
    0.0000   15.0000  -30.000013118.1357   10.9444
    7.5000   15.0000  -30.000012608.7559   10.9557
   -7.5000   22.5000  -30.000012143.8877   11.1151
    0.0000   22.5000  -30.000012711.1396   11.1198
    7.5000   22.5000  -30.000012198.3418   11.1313
   -7.5000   30.0000  -30.000011669.3066   11.1771
    0.0000   30.0000  -30.000012220.8115   11.1804
    7.5000   30.0000  -30.000011736.2920   11.1886
   -7.5000   37.5000  -30.000011528.8750   11.3612
    0.0000   37.5000  -30.000012073.7285   11.3631
    7.5000   37.5000  -30.000011594.4883   11.3689
   -7.5000   45.0000  -30.000010917.1484   11.2507
    0.0000   45.0000  -30.000011438.5664   11.2519
    7.5000   45.0000  -30.000011003.1807   11.2601
   -7.5000  -45.0000  -22.5000 9025.4492   12.3995
    0.0000  -45.0000  -22.5000 9428.5156   12.4016
    7.5000  -45.0000  -22.5000 9097.1338   12.4057
   -7.5000  -37.5000  -22.5000 9543.1328   11.9924
    0.0000  -37.5000  -22.5000 9968.6787   11.9928
    7.5000  -37.5000  -22.5000 9592.5469   12.0029
   -7.5000  -30.0000  -22.500010272.5186   11.6799
    0.0000  -30.0000  -22.500010746.2334   11.6812
    7.5000  -30.0000  -22.500010303.4297   11.6951
   -7.5000  -22.5000  -22.500011054.5225   11.4693
    0.0000  -22.5000  -22.500011581.0967   11.4703
    7.5000  -22.5000  -22.500011088.9473   11.4821
   -7.5000  -15.0000  -22.500011914.6045   11.3244
    0.0000  -15.0000  -22.500012494.5557   11.3251
    7.5000  -15.0000  -22.500011954.7803   11.3331
   -7.5000   -7.5000  -22.500012820.2949   11.2413
    0.0000   -7.5000  -22.500013443.1250   11.2419
    7.5000   -7.5000  -22.500012844.7920   11.2480
   -7.5000    0.0000  -22.500013737.1074   11.2270
    0.0000    0.0000  -22.500014417.5449   11.2269
    7.5000    0.0000  -22.500013783.8008   11.2335
   -7.5000    7.5000  -22.500013653.9863   11.2328
    0.0000    7.5000  -22.500014364.8945   11.2326
    7.5000    7.5000  -22.500013738.1025   11.2420
   -7.5000   15.0000  -22.500013388.6465   11.2835
    0.0000   15.0000  -22.500014055.6709   11.2840
    7.5000   15.0000  -22.500013461.9824   11.2962
   -7.5000   22.5000  -22.500012963.3955   11.4598
    0.0000   22.5000  -22.500013617.9385   11.4626
    7.5000   22.5000  -22.500013043.5850   11.4758
   -7.5000   30.0000  -22.500012463.5352   11.5215
    0.0000   30.0000  -22.500013091.3027   11.5250
    7.5000   30.0000  -22.500012545.4922   11.5357
   -7.5000   37.5000  -22.500012311.7891   11.7075
    0.0000   37.5000  -22.500012938.9453   11.7112
    7.5000   37.5000  -22.500012403.3574   11.7196
   -7.5000   45.0000  -22.500011668.5977   11.6074
    0.0000   45.0000  -22.500012253.8330   11.6104
    7.5000   45.0000  -22.500011775.4180   11.6199
   -7.5000  -45.0000  -15.0000 9481.9590   12.6648
    0.0000  -45.0000  -15.0000 9926.5508   12.6661
    7.5000  -45.0000  -15.0000 9573.8594   12.6750
   -7.5000  -37.5000  -15.000010041.8574   12.2468
    0.0000  -37.5000  -15.000010524.2754   12.2460
    7.5000  -37.5000  -15.000010104.1631   12.2612
   -7.5000  -30.0000  -15.000010840.5742   11.9227
    0.0000  -30.0000  -15.000011377.5801   11.9211
    7.5000  -30.0000  -15.000010893.4307   11.9393
   -7.5000  -22.5000  -15.000011710.0674   11.7073
    0.0000  -22.5000  -15.000012291.2529   11.7044
    7.5000  -22.5000  -15.000011751.3115   11.7200
   -7.5000  -15.0000  -15.000012638.9609   11.5621
    0.0000  -15.0000  -15.000013284.5439   11.5599
    7.5000  -15.0000  -15.000012684.2100   11.5720
   -7.5000   -7.5000  -15.000013594.1699   11.4833
    0.0000   -7.5000  -15.000014281.1338   11.4828
    7.5000   -7.5000  -15.000013635.2656   11.4930
   -7.5000    0.0000  -15.000014546.9639   11.4713
    0.0000    0.0000  -15.000015333.7178   11.4710
    7.5000    0.0000  -15.000014634.0996   11.4816
   -7.5000    7.5000  -15.000014480.5029   11.4740
    0.0000    7.5000  -15.000015317.1777   11.4725
    7.5000    7.5000  -15.000014621.6182   11.4861
   -7.5000   15.0000  -15.000014213.5977   11.5201
    0.0000   15.0000  -15.000015025.3262   11.5176
    7.5000   15.0000  -15.000014363.4844   11.5337
   -7.5000   22.5000  -15.000013804.2988   11.6975
    0.0000   22.5000  -15.000014580.9658   11.6967
    7.5000   22.5000  -15.000013945.8193   11.7141
   -7.5000   30.0000  -15.000013268.0625   11.7656
    0.0000   30.0000  -15.000014013.8818   11.7667
    7.5000   30.0000  -15.000013416.7070   11.7810
   -7.5000   37.5000  -15.000013122.4424   11.9601
    0.0000   37.5000  -15.000013845.6230   11.9636
    7.5000   37.5000  -15.000013276.1641   11.9761
   -7.5000   45.0000  -15.000012429.0547   11.8697
    0.0000   45.0000  -15.000013105.6133   11.8741
    7.5000   45.0000  -15.000012595.0430   11.8876
   -7.5000  -45.0000   -7.5000 9952.4551   12.8164
    0.0000  -45.0000   -7.500010469.7930   12.8159
    7.5000  -45.0000   -7.500010098.4600   12.8259
   -7.5000  -37.5000   -7.500010564.0547   12.3861
    0.0000  -37.5000   -7.500011117.6572   12.3850
    7.5000  -37.5000   -7.500010687.5391   12.4018
   -7.5000  -30.0000   -7.500011431.9463   12.0498
    0.0000  -30.0000   -7.500012017.0000   12.0484
    7.5000  -30.0000   -7.500011537.9561   12.0694
   -7.5000  -22.5000   -7.500012384.5547   11.8348
    0.0000  -22.5000   -7.500013020.2646   11.8309
    7.5000  -22.5000   -7.500012464.6152   11.8485
   -7.5000  -15.0000   -7.500013377.0264   11.6977
    0.0000  -15.0000   -7.500014072.8760   11.6934
    7.5000  -15.0000   -7.500013442.4795   11.7068
   -7.5000   -7.5000   -7.500014377.4219   11.6257
    0.0000   -7.5000   -7.500015140.7061   11.6234
    7.5000   -7.5000   -7.500014457.4287   11.6346
   -7.5000    0.0000   -7.500015405.4814   11.6120
    0.0000    0.0000   -7.500016277.7451   11.6112
    7.5000    0.0000   -7.500015532.4375   11.6236
   -7.5000    7.5000   -7.500015371.8193   11.6046
    0.0000    7.5000   -7.500016297.7891   11.6038
    7.5000    7.5000   -7.500015554.7402   11.6200
   -7.5000   15.0000   -7.500015101.7852   11.6427
    0.0000   15.0000   -7.500016026.8350   11.6408
    7.5000   15.0000   -7.500015309.9355   11.6598
   -7.5000   22.5000   -7.500014729.4971   11.8214
    0.0000   22.5000   -7.500015611.2266   11.8198
    7.5000   22.5000   -7.500014922.4102   11.8396
   -7.5000   30.0000   -7.500014150.7822   11.8994
    0.0000   30.0000   -7.500014992.6338   11.8983
    7.5000   30.0000   -7.500014367.4590   11.9136
   -7.5000   37.5000   -7.500013959.9541   12.1056
    0.0000   37.5000   -7.500014764.8164   12.1076
    7.5000   37.5000   -7.500014153.7910   12.1208
   -7.5000   45.0000   -7.500013244.6719   12.0158
    0.0000   45.0000   -7.500014009.2969   12.0204
    7.5000   45.0000   -7.500013448.9111   12.0355
   -7.5000  -45.0000    0.000010369.3779   12.8600
    0.0000  -45.0000    0.000010925.3750   12.8591
    7.5000  -45.0000    0.000010544.4277   12.8662
   -7.5000  -37.5000    0.000011041.6143   12.4224
    0.0000  -37.5000    0.000011633.0010   12.4227
    7.5000  -37.5000    0.000011185.9141   12.4372
   -7.5000  -30.0000    0.000011986.9600   12.0818
    0.0000  -30.0000    0.000012621.1934   12.0838
    7.5000  -30.0000    0.000012116.5498   12.1041
   -7.5000  -22.5000    0.000013016.5322   11.8700
    0.0000  -22.5000    0.000013709.1631   11.8689
    7.5000  -22.5000    0.000013116.1885   11.8850
   -7.5000  -15.0000    0.000014060.5996   11.7396
    0.0000  -15.0000    0.000014804.9639   11.7363
    7.5000  -15.0000    0.000014136.5889   11.7470
   -7.5000   -7.5000    0.000015095.7061   11.6690
    0.0000   -7.5000    0.000015924.3906   11.6664
    7.5000   -7.5000    0.000015202.1699   11.6749
   -7.5000    0.0000    0.000016163.8369   11.6508
    0.0000    0.0000    0.000017129.9121   11.6503
    7.5000    0.0000    0.000016333.3154   11.6608
   -7.5000    7.5000    0.000016111.4668   11.6365
    0.0000    7.5000    0.000017137.8691   11.6380
    7.5000    7.5000    0.000016355.1299   11.6535
   -7.5000   15.0000    0.000015842.8750   11.6720
    0.0000   15.0000    0.000016851.6152   11.6738
    7.5000   15.0000    0.000016086.8809   11.6924
   -7.5000   22.5000    0.000015523.2891   11.8541
    0.0000   22.5000    0.000016543.6133   11.8553
    7.5000   22.5000    0.000015796.4678   11.8737
   -7.5000   30.0000    0.000014992.7734   11.9377
    0.0000   30.0000    0.000015988.3271   11.9373
    7.5000   30.0000    0.000015305.4414   11.9502
   -7.5000   37.5000    0.000014808.0146   12.1493
    0.0000   37.5000    0.000015710.8311   12.1505
    7.5000   37.5000    0.000015051.2412   12.1609
   -7.5000   45.0000    0.000014030.0518   12.0533
    0.0000   45.0000    0.000014878.0283   12.0575
    7.5000   45.0000    0.000014265.6094   12.0709
   -7.5000  -45.0000    7.500010049.4805   12.8851
    0.0000  -45.0000    7.500010569.1201   12.8844
    7.5000  -45.0000    7.500010186.7490   12.8882
   -7.5000  -37.5000    7.500010686.4092   12.4481
    0.0000  -37.5000    7.500011248.1084   12.4489
    7.5000  -37.5000    7.500010816.6562   12.4598
   -7.5000  -30.0000    7.500011613.1572   12.1114
    0.0000  -30.0000    7.500012240.7275   12.1158
    7.5000  -30.0000    7.500011743.3486   12.1325
   -7.5000  -22.5000    7.500012598.1094   11.8993
    0.0000  -22.5000    7.500013324.3730   11.9013
    7.5000  -22.5000    7.500012739.5225   11.9141
   -7.5000  -15.0000    7.500013616.1836   11.7658
    0.0000  -15.0000    7.500014388.3604   11.7648
    7.5000  -15.0000    7.500013737.4619   11.7718
   -7.5000   -7.5000    7.500014676.1396   11.6886
    0.0000   -7.5000    7.500015510.2705   11.6866
    7.5000   -7.5000    7.500014804.8857   11.6920
   -7.5000    0.0000    7.500015769.9365   11.6680
    0.0000    0.0000    7.500016714.5449   11.6669
    7.5000    0.0000    7.500015949.5830   11.6746
   -7.5000    7.5000    7.500015708.9043   11.6572
    0.0000    7.5000    7.500016688.2578   11.6592
    7.5000    7.5000    7.500015943.1279   11.6715
   -7.5000   15.0000    7.500015384.2480   11.6988
    0.0000   15.0000    7.500016391.9277   11.7027
    7.5000   15.0000    7.500015664.2334   11.7179
   -7.5000   22.5000    7.500015066.4219   11.8829
    0.0000   22.5000    7.500016270.1172   11.8869
    7.5000   22.5000    7.500015507.7119   11.9018
   -7.5000   30.0000    7.500014669.2021   11.9633
    0.0000   30.0000    7.500016012.0049   11.9648
    7.5000   30.0000    7.500015207.6777   11.9745
   -7.5000   37.5000    7.500014615.4736   12.1690
    0.0000   37.5000    7.500015884.0586   12.1699
    7.5000   37.5000    7.500015082.1025   12.1772
   -7.5000   45.0000    7.500013816.3809   12.0659
    0.0000   45.0000    7.500014900.1953   12.0680
    7.5000   45.0000    7.500014155.9736   12.0788
   -7.5000  -45.0000   15.0000 9615.2324   12.8907
    0.0000  -45.0000   15.000010101.9658   12.8913
    7.5000  -45.0000   15.0000 9751.3877   12.8933
   -7.5000  -37.5000   15.000010231.8398   12.4605
    0.0000  -37.5000   15.000010750.4170   12.4611
    7.5000  -37.5000   15.000010344.6484   12.4694
   -7.5000  -30.0000   15.000011148.8975   12.1310
    0.0000  -30.0000   15.000011722.8965   12.1348
    7.5000  -30.0000   15.000011240.1260   12.1483
   -7.5000  -22.5000   15.000012111.7568   11.9148
    0.0000  -22.5000   15.000012791.2803   11.9179
    7.5000  -22.5000   15.000012241.5332   11.9287
   -7.5000  -15.0000   15.000013102.7607   11.7713
    0.0000  -15.0000   15.000013846.3945   11.7724
    7.5000  -15.0000   15.000013224.3252   11.7782
   -7.5000   -7.5000   15.000014121.9873   11.6864
    0.0000   -7.5000   15.000014972.8691   11.6860
    7.5000   -7.5000   15.000014286.2705   11.6901
   -7.5000    0.0000   15.000015177.1484   11.6676
    0.0000    0.0000   15.000016203.4736   11.6665
    7.5000    0.0000   15.000015421.7246   11.6721
   -7.5000    7.5000   15.000015134.9014   11.6671
    0.0000    7.5000   15.000016238.8564   11.6680
    7.5000    7.5000   15.000015431.9248   11.6772
   -7.5000   15.0000   15.000014804.1416   11.7172
    0.0000   15.0000   15.000016004.7051   11.7202
    7.5000   15.0000   15.000015181.0801   11.7323
   -7.5000   22.5000   15.000014455.7998   11.9005
    0.0000   22.5000   15.000015845.0166   11.9053
    7.5000   22.5000   15.000014990.7998   11.9177
   -7.5000   30.0000   15.000014053.1660   11.9719
    0.0000   30.0000   15.000015456.6855   11.9754
    7.5000   30.0000   15.000014609.0547   11.9842
   -7.5000   37.5000   15.000013993.9316   12.1676
    0.0000   37.5000   15.000015386.9219   12.1695
    7.5000   37.5000   15.000014503.1982   12.1759
   -7.5000   45.0000   15.000013239.2998   12.0638
    0.0000   45.0000   15.000014444.1953   12.0649
    7.5000   45.0000   15.000013644.4424   12.0736
   -7.5000  -45.0000   22.5000 9125.8965   12.8890
    0.0000  -45.0000   22.5000 9595.4580   12.8911
    7.5000  -45.0000   22.5000 9260.2832   12.8952
   -7.5000  -37.5000   22.5000 9704.9863   12.4635
    0.0000  -37.5000   22.500010196.2754   12.4638
    7.5000  -37.5000   22.5000 9817.3018   12.4740
   -7.5000  -30.0000   22.500010600.5723   12.1368
    0.0000  -30.0000   22.500011161.6895   12.1380
    7.5000  -30.0000   22.500010715.0166   12.1522
   -7.5000  -22.5000   22.500011548.3760   11.9170
    0.0000  -22.5000   22.500012205.5088   11.9179
    7.5000  -22.5000   22.500011705.1807   11.9300
   -7.5000  -15.0000   22.500012527.0967   11.7662
    0.0000  -15.0000   22.500013291.8770   11.7670
    7.5000  -15.0000   22.500012701.2412   11.7752
   -7.5000   -7.5000   22.500013510.8926   11.6798
    0.0000   -7.5000   22.500014425.3164   11.6805
    7.5000   -7.5000   22.500013726.7979   11.6868
   -7.5000    0.0000   22.500014522.8887   11.6650
    0.0000    0.0000   22.500015564.0518   11.6649
    7.5000    0.0000   22.500014764.8291   11.6715
   -7.5000    7.5000   22.500014451.1465   11.6711
    0.0000    7.5000   22.500015490.0264   11.6707
    7.5000    7.5000   22.500014685.4990   11.6804
   -7.5000   15.0000   22.500014093.0781   11.7239
    0.0000   15.0000   22.500015169.1709   11.7242
    7.5000   15.0000   22.500014373.9229   11.7367
   -7.5000   22.5000   22.500013721.4717   11.9053
    0.0000   22.5000   22.500014798.2227   11.9081
    7.5000   22.5000   22.500014053.8418   11.9216
   -7.5000   30.0000   22.500013235.9004   11.9710
    0.0000   30.0000   22.500014175.2734   11.9747
    7.5000   30.0000   22.500013508.4492   11.9856
   -7.5000   37.5000   22.500013116.7969   12.1616
    0.0000   37.5000   22.500014002.4111   12.1654
    7.5000   37.5000   22.500013340.6035   12.1740
   -7.5000   45.0000   22.500012471.7217   12.0638
    0.0000   45.0000   22.500013321.4277   12.0668
    7.5000   45.0000   22.500012686.6328   12.0764
   -7.5000  -45.0000   30.0000 8540.3311   12.9414
    0.0000  -45.0000   30.0000 9004.6484   12.9427
    7.5000  -45.0000   30.0000 8702.1104   12.9514
   -7.5000  -37.5000   30.0000 9055.5762   12.5111
    0.0000  -37.5000   30.0000 9561.2812   12.5102
    7.5000  -37.5000   30.0000 9201.7402   12.5253
   -7.5000  -30.0000   30.0000 9902.6465   12.1773
    0.0000  -30.0000   30.000010478.6377   12.1756
    7.5000  -30.0000   30.000010058.1445   12.1939
   -7.5000  -22.5000   30.000010828.0264   11.9560
    0.0000  -22.5000   30.000011488.3975   11.9530
    7.5000  -22.5000   30.000011013.0361   11.9687
   -7.5000  -15.0000   30.000011773.1387   11.8071
    0.0000  -15.0000   30.000012481.3184   11.8048
    7.5000  -15.0000   30.000011947.6221   11.8170
   -7.5000   -7.5000   30.000012698.1191   11.7263
    0.0000   -7.5000   30.000013462.1260   11.7259
    7.5000   -7.5000   30.000012865.6982   11.7361
   -7.5000    0.0000   30.000013589.3262   11.7141
    0.0000    0.0000   30.000014411.0186   11.7139
    7.5000    0.0000   30.000013760.8057   11.7244
   -7.5000    7.5000   30.000013465.1748   11.7168
    0.0000    7.5000   30.000014289.8213   11.7152
    7.5000    7.5000   30.000013629.0693   11.7289
   -7.5000   15.0000   30.000013122.4180   11.7640
    0.0000   15.0000   30.000013959.5928   11.7614
    7.5000   15.0000   30.000013313.7715   11.7776
   -7.5000   22.5000   30.000012751.8799   11.9450
    0.0000   22.5000   30.000013539.5996   11.9443
    7.5000   22.5000   30.000012926.4844   11.9618
   -7.5000   30.0000   30.000012271.2061   12.0140
    0.0000   30.0000   30.000012944.6309   12.0152
    7.5000   30.0000   30.000012393.7812   12.0297
   -7.5000   37.5000   30.000012135.5674   12.2096
    0.0000   37.5000   30.000012800.3955   12.2133
    7.5000   37.5000   30.000012289.2041   12.2257
   -7.5000   45.0000   30.000011574.1035   12.1176
    0.0000   45.0000   30.000012244.5693   12.1221
    7.5000   45.0000   30.000011742.6699   12.1355
   -7.5000  -45.0000   37.5000 8164.7627   13.1246
    0.0000  -45.0000   37.5000 8574.1289   13.1245
    7.5000  -45.0000   37.5000 8281.0771   13.1347
   -7.5000  -37.5000   37.5000 8643.4541   12.6747
    0.0000  -37.5000   37.5000 9088.3086   12.6741
    7.5000  -37.5000   37.5000 8755.5322   12.6914
   -7.5000  -30.0000   37.5000 9480.8984   12.3220
    0.0000  -30.0000   37.5000 9972.1416   12.3213
    7.5000  -30.0000   37.5000 9600.5791   12.3431
   -7.5000  -22.5000   37.500010407.8779   12.0980
    0.0000  -22.5000   37.500010942.6816   12.0946
    7.5000  -22.5000   37.500010525.9551   12.1130
   -7.5000  -15.0000   37.500011294.1289   11.9570
    0.0000  -15.0000   37.500011878.0303   11.9531
    7.5000  -15.0000   37.500011414.1094   11.9672
   -7.5000   -7.5000   37.500012165.7461   11.8849
    0.0000   -7.5000   37.500012824.0430   11.8831
    7.5000   -7.5000   37.500012311.6191   11.8948
   -7.5000    0.0000   37.500013029.2588   11.8727
    0.0000    0.0000   37.500013758.9482   11.8724
    7.5000    0.0000   37.500013191.0771   11.8852
   -7.5000    7.5000   37.500012943.8047   11.8639
    0.0000    7.5000   37.500013716.4170   11.8635
    7.5000    7.5000   37.500013116.9668   11.8803
   -7.5000   15.0000   37.500012603.9414   11.9012
    0.0000   15.0000   37.500013373.3018   11.8998
    7.5000   15.0000   37.500012776.6016   11.9196
   -7.5000   22.5000   37.500012246.9199   12.0850
    0.0000   22.5000   37.500012941.0771   12.0840
    7.5000   22.5000   37.500012366.8076   12.1046
   -7.5000   30.0000   37.500011775.1084   12.1594
    0.0000   30.0000   37.500012388.1768   12.1589
    7.5000   30.0000   37.500011865.7490   12.1749
   -7.5000   37.5000   37.500011655.7979   12.3682
    0.0000   37.5000   37.500012278.4951   12.3707
    7.5000   37.5000   37.500011777.9434   12.3845
   -7.5000   45.0000   37.500011133.8887   12.2751
    0.0000   45.0000   37.500011744.4766   12.2801
    7.5000   45.0000   37.500011259.0742   12.2957
   -7.5000  -45.0000   45.0000 7342.5503   13.3807
    0.0000  -45.0000   45.0000 7690.5928   13.3806
    7.5000  -45.0000   45.0000 7425.1982   13.3884
   -7.5000  -37.5000   45.0000 7792.1362   12.9094
    0.0000  -37.5000   45.0000 8175.5854   12.9106
    7.5000  -37.5000   45.0000 7878.9888   12.9273
   -7.5000  -30.0000   45.0000 8586.9219   12.5385
    0.0000  -30.0000   45.0000 9010.8564   12.5417
    7.5000  -30.0000   45.0000 8684.8955   12.5651
   -7.5000  -22.5000   45.0000 9437.8379   12.3074
    0.0000  -22.5000   45.0000 9895.5713   12.3073
    7.5000  -22.5000   45.0000 9536.0615   12.3256
   -7.5000  -15.0000   45.000010278.9570   12.1678
    0.0000  -15.0000   45.000010779.3145   12.1652
    7.5000  -15.0000   45.000010378.9834   12.1772
   -7.5000   -7.5000   45.000011125.8281   12.0970
    0.0000   -7.5000   45.000011705.2998   12.0951
    7.5000   -7.5000   45.000011245.0312   12.1043
   -7.5000    0.0000   45.000011958.4062   12.0830
    0.0000    0.0000   45.000012609.8652   12.0833
    7.5000    0.0000   45.000012096.5811   12.0949
   -7.5000    7.5000   45.000011910.8740   12.0676
    0.0000    7.5000   45.000012580.9990   12.0701
    7.5000    7.5000   45.000012062.6973   12.0878
   -7.5000   15.0000   45.000011593.7637   12.1021
    0.0000   15.0000   45.000012247.3984   12.1050
    7.5000   15.0000   45.000011728.8018   12.1264
   -7.5000   22.5000   45.000011236.5049   12.2840
    0.0000   22.5000   45.000011818.7637   12.2863
    7.5000   22.5000   45.000011325.4248   12.3073
   -7.5000   30.0000   45.000010775.7188   12.3507
    0.0000   30.0000   45.000011321.4629   12.3511
    7.5000   30.0000   45.000010858.3555   12.3652
   -7.5000   37.5000   45.000010686.3799   12.5636
    0.0000   37.5000   45.000011238.0225   12.5652
    7.5000   37.5000   45.000010782.3359   12.5762
   -7.5000   45.0000   45.000010229.5078   12.4699
    0.0000   45.0000   45.000010758.2754   12.4743
    7.5000   45.0000   45.000010312.8857   12.4888

---------------------------------------------------------------------
imgreg_4dfp /home/aracena/freesurfer/average/711-2C_as_mni_average_305 /home/aracena/freesurfer/average/711-2B_as_mni_average_305_mask talsrcimg_g11 none talsrcimg_to_711-2C_as_mni_average_305_t4 4355
---------------------------------------------------------------------

freesurfer imgreg_4dfp.c
/home/aracena/freesurfer/average/711-2C_as_mni_average_305.4dfp.img
       256       256       256         1
  1.000000  1.000000  1.000000
orientation T byte_order littleendian
Reading image: /home/aracena/freesurfer/average/711-2C_as_mni_average_305.4dfp.img
dimensions:      256       256       256
mmppix:       1.0000   -1.0000   -1.0000
center:     128.0000 -129.0000 -129.0000
/home/aracena/freesurfer/average/711-2B_as_mni_average_305_mask.4dfp.img
       256       256       256         1
  1.000000  1.000000  1.000000
orientation T byte_order littleendian
Reading mask: /home/aracena/freesurfer/average/711-2B_as_mni_average_305_mask.4dfp.img (2306576 pixels)
talsrcimg_g11.4dfp.img
       256       256       256         1
  1.000000  1.000000  1.000000
orientation T byte_order littleendian
Reading image: talsrcimg_g11.4dfp.img
dimensions:      256       256       256
mmppix:       1.0000   -1.0000   -1.0000
center:     128.0000 -129.0000 -129.0000
rotation matrix determinant  1.000000
image alignment mode   4355 decimal     1103 hex
   -7.5000  -37.5000  -45.0000 2220.0383   16.2554
    0.0000  -37.5000  -45.0000 2246.5996   15.9552
    7.5000  -37.5000  -45.0000 2254.1926   15.8574
   -7.5000  -30.0000  -45.0000 2253.2012   15.6161
    0.0000  -30.0000  -45.0000 2277.3784   15.3935
    7.5000  -30.0000  -45.0000 2279.7378   15.3068
   -7.5000  -22.5000  -45.0000 2280.3711   15.1469
    0.0000  -22.5000  -45.0000 2304.0740   14.9147
    7.5000  -22.5000  -45.0000 2306.2346   14.8622
   -7.5000  -15.0000  -45.0000 2308.9119   14.7221
    0.0000  -15.0000  -45.0000 2329.6785   14.4984
    7.5000  -15.0000  -45.0000 2332.8057   14.4688
   -7.5000   -7.5000  -45.0000 2339.4480   14.3077
    0.0000   -7.5000  -45.0000 2357.6833   14.1437
    7.5000   -7.5000  -45.0000 2361.2764   14.1187
   -7.5000    0.0000  -45.0000 2367.8367   13.9931
    0.0000    0.0000  -45.0000 2381.9158   13.8726
    7.5000    0.0000  -45.0000 2381.0007   13.8906
   -7.5000    7.5000  -45.0000 2380.9897   13.8401
    0.0000    7.5000  -45.0000 2396.1758   13.7363
    7.5000    7.5000  -45.0000 2392.1021   13.7712
   -7.5000   15.0000  -45.0000 2383.7039   13.7512
    0.0000   15.0000  -45.0000 2401.5618   13.6341
    7.5000   15.0000  -45.0000 2395.6753   13.7005
   -7.5000   22.5000  -45.0000 2377.1907   13.7365
    0.0000   22.5000  -45.0000 2396.9822   13.6262
    7.5000   22.5000  -45.0000 2391.3608   13.6831
   -7.5000   30.0000  -45.0000 2365.3069   13.8287
    0.0000   30.0000  -45.0000 2384.8235   13.6805
    7.5000   30.0000  -45.0000 2381.6052   13.7298
   -7.5000   37.5000  -45.0000 2359.6809   13.9976
    0.0000   37.5000  -45.0000 2380.0837   13.8223
    7.5000   37.5000  -45.0000 2374.6892   13.8851
   -7.5000   45.0000  -45.0000 2343.5718   14.3813
    0.0000   45.0000  -45.0000 2367.7827   14.1947
    7.5000   45.0000  -45.0000 2362.6550   14.2576
   -7.5000   52.5000  -45.0000 2291.9192   14.9058
    0.0000   52.5000  -45.0000 2315.2627   14.7040
    7.5000   52.5000  -45.0000 2311.1938   14.7630
   -7.5000  -37.5000  -37.5000 2258.1025   15.4709
    0.0000  -37.5000  -37.5000 2288.5393   15.2621
    7.5000  -37.5000  -37.5000 2297.8328   15.1011
   -7.5000  -30.0000  -37.5000 2300.7434   14.7904
    0.0000  -30.0000  -37.5000 2329.8538   14.6132
    7.5000  -30.0000  -37.5000 2336.3596   14.4746
   -7.5000  -22.5000  -37.5000 2342.5579   14.2313
    0.0000  -22.5000  -37.5000 2368.5469   14.0464
    7.5000  -22.5000  -37.5000 2374.5203   13.9642
   -7.5000  -15.0000  -37.5000 2381.4934   13.7391
    0.0000  -15.0000  -37.5000 2407.9402   13.5654
    7.5000  -15.0000  -37.5000 2408.9592   13.4949
   -7.5000   -7.5000  -37.5000 2422.7913   13.3064
    0.0000   -7.5000  -37.5000 2447.7842   13.1655
    7.5000   -7.5000  -37.5000 2446.4382   13.1246
   -7.5000    0.0000  -37.5000 2458.2529   12.9636
    0.0000    0.0000  -37.5000 2475.6794   12.8660
    7.5000    0.0000  -37.5000 2472.3286   12.8555
   -7.5000    7.5000  -37.5000 2480.9114   12.7701
    0.0000    7.5000  -37.5000 2500.5049   12.6720
    7.5000    7.5000  -37.5000 2494.4253   12.7016
   -7.5000   15.0000  -37.5000 2489.7019   12.6689
    0.0000   15.0000  -37.5000 2504.8582   12.5586
    7.5000   15.0000  -37.5000 2496.3506   12.6243
   -7.5000   22.5000  -37.5000 2483.8574   12.6416
    0.0000   22.5000  -37.5000 2502.2368   12.5255
    7.5000   22.5000  -37.5000 2493.6616   12.5772
   -7.5000   30.0000  -37.5000 2475.0359   12.6997
    0.0000   30.0000  -37.5000 2497.6665   12.5690
    7.5000   30.0000  -37.5000 2490.5605   12.6231
   -7.5000   37.5000  -37.5000 2466.0581   12.8596
    0.0000   37.5000  -37.5000 2487.3494   12.6996
    7.5000   37.5000  -37.5000 2484.1909   12.7517
   -7.5000   45.0000  -37.5000 2444.3301   13.2152
    0.0000   45.0000  -37.5000 2475.5349   13.0222
    7.5000   45.0000  -37.5000 2468.5801   13.0878
   -7.5000   52.5000  -37.5000 2388.7168   13.7034
    0.0000   52.5000  -37.5000 2417.4246   13.5013
    7.5000   52.5000  -37.5000 2413.8752   13.5817
   -7.5000  -37.5000  -30.0000 2339.5129   15.2497
    0.0000  -37.5000  -30.0000 2372.2080   14.9796
    7.5000  -37.5000  -30.0000 2379.9492   14.7893
   -7.5000  -30.0000  -30.0000 2385.9241   14.5441
    0.0000  -30.0000  -30.0000 2414.9177   14.3046
    7.5000  -30.0000  -30.0000 2425.3867   14.1406
   -7.5000  -22.5000  -30.0000 2441.3135   13.8937
    0.0000  -22.5000  -30.0000 2468.7598   13.6886
    7.5000  -22.5000  -30.0000 2476.4512   13.5625
   -7.5000  -15.0000  -30.0000 2492.7354   13.3274
    0.0000  -15.0000  -30.0000 2522.7683   13.1348
    7.5000  -15.0000  -30.0000 2523.6104   13.0385
   -7.5000   -7.5000  -30.0000 2543.9929   12.8235
    0.0000   -7.5000  -30.0000 2573.3071   12.6569
    7.5000   -7.5000  -30.0000 2571.5530   12.6067
   -7.5000    0.0000  -30.0000 2588.2339   12.4448
    0.0000    0.0000  -30.0000 2611.2578   12.3012
    7.5000    0.0000  -30.0000 2609.9160   12.2947
   -7.5000    7.5000  -30.0000 2616.9080   12.2153
    0.0000    7.5000  -30.0000 2636.4443   12.0967
    7.5000    7.5000  -30.0000 2631.6343   12.1302
   -7.5000   15.0000  -30.0000 2628.4089   12.0853
    0.0000   15.0000  -30.0000 2641.7898   11.9782
    7.5000   15.0000  -30.0000 2638.2332   12.0431
   -7.5000   22.5000  -30.0000 2631.4131   12.0368
    0.0000   22.5000  -30.0000 2651.0642   11.9021
    7.5000   22.5000  -30.0000 2642.4893   11.9978
   -7.5000   30.0000  -30.0000 2629.9092   12.0721
    0.0000   30.0000  -30.0000 2650.7668   11.9265
    7.5000   30.0000  -30.0000 2641.7136   12.0247
   -7.5000   37.5000  -30.0000 2620.8005   12.2223
    0.0000   37.5000  -30.0000 2642.4321   12.0623
    7.5000   37.5000  -30.0000 2636.8828   12.1331
   -7.5000   45.0000  -30.0000 2600.5537   12.5553
    0.0000   45.0000  -30.0000 2626.8774   12.3552
    7.5000   45.0000  -30.0000 2621.3784   12.4609
   -7.5000   52.5000  -30.0000 2539.2551   13.0646
    0.0000   52.5000  -30.0000 2567.3169   12.8447
    7.5000   52.5000  -30.0000 2565.8672   12.9358
   -7.5000  -37.5000  -22.5000 2402.4387   14.8305
    0.0000  -37.5000  -22.5000 2431.1094   14.5837
    7.5000  -37.5000  -22.5000 2440.0586   14.3961
   -7.5000  -30.0000  -22.5000 2458.0701   14.0932
    0.0000  -30.0000  -22.5000 2480.3865   13.8769
    7.5000  -30.0000  -22.5000 2492.1064   13.7301
   -7.5000  -22.5000  -22.5000 2515.9341   13.4129
    0.0000  -22.5000  -22.5000 2539.8586   13.2087
    7.5000  -22.5000  -22.5000 2546.6677   13.0986
   -7.5000  -15.0000  -22.5000 2573.6899   12.7983
    0.0000  -15.0000  -22.5000 2605.9043   12.6151
    7.5000  -15.0000  -22.5000 2605.2126   12.5527
   -7.5000   -7.5000  -22.5000 2633.1013   12.2654
    0.0000   -7.5000  -22.5000 2662.2087   12.0869
    7.5000   -7.5000  -22.5000 2658.3992   12.0647
   -7.5000    0.0000  -22.5000 2679.8760   11.8548
    0.0000    0.0000  -22.5000 2705.1868   11.7072
    7.5000    0.0000  -22.5000 2702.9976   11.7164
   -7.5000    7.5000  -22.5000 2714.9326   11.5762
    0.0000    7.5000  -22.5000 2735.7595   11.4645
    7.5000    7.5000  -22.5000 2730.6853   11.5093
   -7.5000   15.0000  -22.5000 2728.4790   11.4300
    0.0000   15.0000  -22.5000 2743.6902   11.3222
    7.5000   15.0000  -22.5000 2744.6521   11.3716
   -7.5000   22.5000  -22.5000 2736.9497   11.3513
    0.0000   22.5000  -22.5000 2755.1150   11.2191
    7.5000   22.5000  -22.5000 2753.2603   11.2845
   -7.5000   30.0000  -22.5000 2748.7710   11.3549
    0.0000   30.0000  -22.5000 2771.3096   11.1954
    7.5000   30.0000  -22.5000 2763.4514   11.2897
   -7.5000   37.5000  -22.5000 2746.9033   11.5198
    0.0000   37.5000  -22.5000 2772.9146   11.3370
    7.5000   37.5000  -22.5000 2765.5144   11.4150
   -7.5000   45.0000  -22.5000 2725.0623   11.8950
    0.0000   45.0000  -22.5000 2754.4795   11.6748
    7.5000   45.0000  -22.5000 2746.5125   11.7579
   -7.5000   52.5000  -22.5000 2666.8376   12.3991
    0.0000   52.5000  -22.5000 2697.4346   12.1748
    7.5000   52.5000  -22.5000 2690.5447   12.2540
   -7.5000  -37.5000  -15.0000 2439.3499   14.4519
    0.0000  -37.5000  -15.0000 2469.6775   14.1920
    7.5000  -37.5000  -15.0000 2479.2717   14.0226
   -7.5000  -30.0000  -15.0000 2498.7637   13.6714
    0.0000  -30.0000  -15.0000 2525.8682   13.4563
    7.5000  -30.0000  -15.0000 2533.2673   13.3263
   -7.5000  -22.5000  -15.0000 2560.5308   12.9513
    0.0000  -22.5000  -15.0000 2581.8176   12.7512
    7.5000  -22.5000  -15.0000 2589.4338   12.6693
   -7.5000  -15.0000  -15.0000 2620.0718   12.3224
    0.0000  -15.0000  -15.0000 2645.0386   12.1331
    7.5000  -15.0000  -15.0000 2652.1313   12.0789
   -7.5000   -7.5000  -15.0000 2681.4639   11.7817
    0.0000   -7.5000  -15.0000 2704.0322   11.5966
    7.5000   -7.5000  -15.0000 2707.2046   11.5768
   -7.5000    0.0000  -15.0000 2727.4841   11.3470
    0.0000    0.0000  -15.0000 2751.5986   11.1816
    7.5000    0.0000  -15.0000 2751.7935   11.1996
   -7.5000    7.5000  -15.0000 2767.6851   11.0297
    0.0000    7.5000  -15.0000 2792.3311   10.8853
    7.5000    7.5000  -15.0000 2789.2375   10.9216
   -7.5000   15.0000  -15.0000 2792.0120   10.8194
    0.0000   15.0000  -15.0000 2812.0637   10.6766
    7.5000   15.0000  -15.0000 2815.3147   10.7272
   -7.5000   22.5000  -15.0000 2810.4180   10.7192
    0.0000   22.5000  -15.0000 2833.6934   10.5651
    7.5000   22.5000  -15.0000 2833.8516   10.6188
   -7.5000   30.0000  -15.0000 2829.7439   10.7266
    0.0000   30.0000  -15.0000 2856.9739   10.5308
    7.5000   30.0000  -15.0000 2852.0779   10.6106
   -7.5000   37.5000  -15.0000 2841.8979   10.8729
    0.0000   37.5000  -15.0000 2868.2361   10.6680
    7.5000   37.5000  -15.0000 2863.5618   10.7506
   -7.5000   45.0000  -15.0000 2821.1379   11.2592
    0.0000   45.0000  -15.0000 2851.4175   11.0200
    7.5000   45.0000  -15.0000 2845.7361   11.1120
   -7.5000   52.5000  -15.0000 2758.8345   11.7511
    0.0000   52.5000  -15.0000 2792.5947   11.5127
    7.5000   52.5000  -15.0000 2781.8398   11.5987
   -7.5000  -37.5000   -7.5000 2459.5869   14.1918
    0.0000  -37.5000   -7.5000 2495.3323   13.9279
    7.5000  -37.5000   -7.5000 2505.0889   13.7782
   -7.5000  -30.0000   -7.5000 2521.6733   13.3497
    0.0000  -30.0000   -7.5000 2552.5581   13.1239
    7.5000  -30.0000   -7.5000 2562.3169   13.0141
   -7.5000  -22.5000   -7.5000 2586.7988   12.5919
    0.0000  -22.5000   -7.5000 2612.0173   12.3838
    7.5000  -22.5000   -7.5000 2620.4021   12.3181
   -7.5000  -15.0000   -7.5000 2647.2285   11.9690
    0.0000  -15.0000   -7.5000 2672.5894   11.7738
    7.5000  -15.0000   -7.5000 2677.1902   11.7263
   -7.5000   -7.5000   -7.5000 2704.0215   11.4195
    0.0000   -7.5000   -7.5000 2727.3179   11.2235
    7.5000   -7.5000   -7.5000 2730.6277   11.2182
   -7.5000    0.0000   -7.5000 2750.4248   10.9697
    0.0000    0.0000   -7.5000 2775.3137   10.7849
    7.5000    0.0000   -7.5000 2776.7173   10.7903
   -7.5000    7.5000   -7.5000 2801.7954   10.5884
    0.0000    7.5000   -7.5000 2824.1443   10.4304
    7.5000    7.5000   -7.5000 2825.1965   10.4513
   -7.5000   15.0000   -7.5000 2839.6455   10.3302
    0.0000   15.0000   -7.5000 2862.5076   10.1603
    7.5000   15.0000   -7.5000 2867.3999   10.2102
   -7.5000   22.5000   -7.5000 2872.3857   10.1975
    0.0000   22.5000   -7.5000 2895.2759   10.0211
    7.5000   22.5000   -7.5000 2898.5481   10.0731
   -7.5000   30.0000   -7.5000 2896.8979   10.2087
    0.0000   30.0000   -7.5000 2929.5725    9.9999
    7.5000   30.0000   -7.5000 2924.7310   10.0618
   -7.5000   37.5000   -7.5000 2909.1021   10.3483
    0.0000   37.5000   -7.5000 2944.0061   10.0822
    7.5000   37.5000   -7.5000 2933.7610   10.1782
   -7.5000   45.0000   -7.5000 2894.9385   10.7011
    0.0000   45.0000   -7.5000 2922.2095   10.4405
    7.5000   45.0000   -7.5000 2920.4695   10.5301
   -7.5000   52.5000   -7.5000 2822.3831   11.1903
    0.0000   52.5000   -7.5000 2856.4097   10.9223
    7.5000   52.5000   -7.5000 2847.5579   11.0143
   -7.5000  -37.5000    0.0000 2465.6587   14.1528
    0.0000  -37.5000    0.0000 2498.7573   13.8408
    7.5000  -37.5000    0.0000 2505.9407   13.7116
   -7.5000  -30.0000    0.0000 2531.1997   13.2856
    0.0000  -30.0000    0.0000 2561.7812   13.0166
    7.5000  -30.0000    0.0000 2569.1594   12.9191
   -7.5000  -22.5000    0.0000 2599.3291   12.5162
    0.0000  -22.5000    0.0000 2626.8320   12.2833
    7.5000  -22.5000    0.0000 2631.7512   12.1900
   -7.5000  -15.0000    0.0000 2659.1929   11.8374
    0.0000  -15.0000    0.0000 2684.3328   11.6352
    7.5000  -15.0000    0.0000 2688.1550   11.5599
   -7.5000   -7.5000    0.0000 2709.9739   11.2388
    0.0000   -7.5000    0.0000 2733.5798   11.0323
    7.5000   -7.5000    0.0000 2736.5129   10.9954
   -7.5000    0.0000    0.0000 2759.8110   10.7186
    0.0000    0.0000    0.0000 2781.6274   10.5222
    7.5000    0.0000    0.0000 2783.0632   10.5195
   -7.5000    7.5000    0.0000 2814.9614   10.2951
    0.0000    7.5000    0.0000 2835.2373   10.1302
    7.5000    7.5000    0.0000 2837.6655   10.1406
   -7.5000   15.0000    0.0000 2862.8086    9.9968
    0.0000   15.0000    0.0000 2884.2720    9.8467
    7.5000   15.0000    0.0000 2886.2419    9.8739
   -7.5000   22.5000    0.0000 2911.2112    9.8849
    0.0000   22.5000    0.0000 2932.4321    9.7232
    7.5000   22.5000    0.0000 2935.8420    9.7523
   -7.5000   30.0000    0.0000 2945.2495    9.9159
    0.0000   30.0000    0.0000 2981.8054    9.7289
    7.5000   30.0000    0.0000 2977.2275    9.7712
   -7.5000   37.5000    0.0000 2963.9807   10.0342
    0.0000   37.5000    0.0000 3008.7305    9.7755
    7.5000   37.5000    0.0000 2993.5220    9.8738
   -7.5000   45.0000    0.0000 2944.8464   10.3562
    0.0000   45.0000    0.0000 2980.0801   10.0842
    7.5000   45.0000    0.0000 2972.2729   10.1774
   -7.5000   52.5000    0.0000 2865.8420   10.8089
    0.0000   52.5000    0.0000 2898.9312   10.5328
    7.5000   52.5000    0.0000 2893.5576   10.6182
   -7.5000  -37.5000    7.5000 2451.4583   14.3313
    0.0000  -37.5000    7.5000 2476.4727   13.9658
    7.5000  -37.5000    7.5000 2489.1023   13.8262
   -7.5000  -30.0000    7.5000 2521.0945   13.3901
    0.0000  -30.0000    7.5000 2546.7246   13.0854
    7.5000  -30.0000    7.5000 2556.1865   12.9865
   -7.5000  -22.5000    7.5000 2591.9094   12.5720
    0.0000  -22.5000    7.5000 2616.9897   12.3203
    7.5000  -22.5000    7.5000 2618.9751   12.2217
   -7.5000  -15.0000    7.5000 2649.6580   11.8333
    0.0000  -15.0000    7.5000 2670.2415   11.6340
    7.5000  -15.0000    7.5000 2670.2979   11.5535
   -7.5000   -7.5000    7.5000 2703.3638   11.2056
    0.0000   -7.5000    7.5000 2718.3120   11.0089
    7.5000   -7.5000    7.5000 2717.9243   10.9670
   -7.5000    0.0000    7.5000 2757.9873   10.6523
    0.0000    0.0000    7.5000 2773.7834   10.4645
    7.5000    0.0000    7.5000 2772.6536   10.4494
   -7.5000    7.5000    7.5000 2817.2002   10.1898
    0.0000    7.5000    7.5000 2830.0017   10.0250
    7.5000    7.5000    7.5000 2831.7976   10.0353
   -7.5000   15.0000    7.5000 2872.2957    9.8843
    0.0000   15.0000    7.5000 2884.3535    9.7447
    7.5000   15.0000    7.5000 2888.3767    9.7579
   -7.5000   22.5000    7.5000 2933.2798    9.7749
    0.0000   22.5000    7.5000 2955.2864    9.6746
    7.5000   22.5000    7.5000 2960.5200    9.6743
   -7.5000   30.0000    7.5000 2981.7273    9.8103
    0.0000   30.0000    7.5000 3031.6909    9.7522
    7.5000   30.0000    7.5000 3021.1052    9.7417
   -7.5000   37.5000    7.5000 3006.0684    9.9285
    0.0000   37.5000    7.5000 3073.4666    9.8347
    7.5000   37.5000    7.5000 3048.6511    9.8481
   -7.5000   45.0000    7.5000 2978.0002   10.1867
    0.0000   45.0000    7.5000 3029.2468   10.0276
    7.5000   45.0000    7.5000 3010.7058   10.0527
   -7.5000   52.5000    7.5000 2890.8699   10.5738
    0.0000   52.5000    7.5000 2931.4868   10.3299
    7.5000   52.5000    7.5000 2920.5269   10.3798
   -7.5000  -37.5000   15.0000 2398.7837   14.6880
    0.0000  -37.5000   15.0000 2418.8066   14.2592
    7.5000  -37.5000   15.0000 2437.6145   14.1427
   -7.5000  -30.0000   15.0000 2480.9688   13.6978
    0.0000  -30.0000   15.0000 2497.9336   13.3367
    7.5000  -30.0000   15.0000 2508.8760   13.2505
   -7.5000  -22.5000   15.0000 2560.0125   12.8120
    0.0000  -22.5000   15.0000 2577.3037   12.5021
    7.5000  -22.5000   15.0000 2581.8101   12.4310
   -7.5000  -15.0000   15.0000 2625.3464   12.0078
    0.0000  -15.0000   15.0000 2636.1716   11.7416
    7.5000  -15.0000   15.0000 2635.2212   11.6867
   -7.5000   -7.5000   15.0000 2684.3992   11.3310
    0.0000   -7.5000   15.0000 2693.4976   11.0985
    7.5000   -7.5000   15.0000 2693.6846   11.0671
   -7.5000    0.0000   15.0000 2743.1384   10.7461
    0.0000    0.0000   15.0000 2755.2905   10.5736
    7.5000    0.0000   15.0000 2754.4094   10.5424
   -7.5000    7.5000   15.0000 2807.0415   10.2930
    0.0000    7.5000   15.0000 2822.6785   10.1757
    7.5000    7.5000   15.0000 2821.3584   10.1563
   -7.5000   15.0000   15.0000 2868.3630    9.9920
    0.0000   15.0000   15.0000 2887.1177    9.8963
    7.5000   15.0000   15.0000 2885.1367    9.8939
   -7.5000   22.5000   15.0000 2933.9746    9.8367
    0.0000   22.5000   15.0000 2966.1528    9.8045
    7.5000   22.5000   15.0000 2961.6516    9.7733
   -7.5000   30.0000   15.0000 2983.2207    9.8220
    0.0000   30.0000   15.0000 3043.6265    9.8142
    7.5000   30.0000   15.0000 3024.5127    9.8126
   -7.5000   37.5000   15.0000 3007.6914    9.9523
    0.0000   37.5000   15.0000 3092.6970    9.8714
    7.5000   37.5000   15.0000 3054.7104    9.9040
   -7.5000   45.0000   15.0000 2973.5317   10.2362
    0.0000   45.0000   15.0000 3038.6667   10.1116
    7.5000   45.0000   15.0000 3010.0205   10.1384
   -7.5000   52.5000   15.0000 2885.6104   10.6050
    0.0000   52.5000   15.0000 2930.1455   10.4266
    7.5000   52.5000   15.0000 2915.9856   10.4724
   -7.5000  -37.5000   22.5000 2337.9858   15.3219
    0.0000  -37.5000   22.5000 2353.5830   14.8245
    7.5000  -37.5000   22.5000 2370.8455   14.7277
   -7.5000  -30.0000   22.5000 2428.2349   14.2344
    0.0000  -30.0000   22.5000 2437.4954   13.8381
    7.5000  -30.0000   22.5000 2449.1724   13.7720
   -7.5000  -22.5000   22.5000 2514.2466   13.2653
    0.0000  -22.5000   22.5000 2525.4634   12.9485
    7.5000  -22.5000   22.5000 2533.2571   12.8949
   -7.5000  -15.0000   22.5000 2593.0256   12.3944
    0.0000  -15.0000   22.5000 2601.4319   12.1284
    7.5000  -15.0000   22.5000 2600.9028   12.1075
   -7.5000   -7.5000   22.5000 2657.4680   11.6775
    0.0000   -7.5000   22.5000 2673.0005   11.4762
    7.5000   -7.5000   22.5000 2666.5981   11.4390
   -7.5000    0.0000   22.5000 2725.0828   11.0941
    0.0000    0.0000   22.5000 2742.1514   10.9230
    7.5000    0.0000   22.5000 2735.1392   10.9058
   -7.5000    7.5000   22.5000 2792.9753   10.6302
    0.0000    7.5000   22.5000 2809.2114   10.4742
    7.5000    7.5000   22.5000 2803.0554   10.4707
   -7.5000   15.0000   22.5000 2854.0112   10.2891
    0.0000   15.0000   22.5000 2874.6313   10.1344
    7.5000   15.0000   22.5000 2867.5911   10.1574
   -7.5000   22.5000   22.5000 2917.9155   10.0719
    0.0000   22.5000   22.5000 2948.4485    9.9554
    7.5000   22.5000   22.5000 2944.6572    9.9743
   -7.5000   30.0000   22.5000 2961.8669   10.0117
    0.0000   30.0000   22.5000 3007.9373    9.8460
    7.5000   30.0000   22.5000 3002.1084    9.8995
   -7.5000   37.5000   22.5000 2978.6777   10.1233
    0.0000   37.5000   22.5000 3031.6672    9.8920
    7.5000   37.5000   22.5000 3017.4121    9.9614
   -7.5000   45.0000   22.5000 2947.6636   10.4628
    0.0000   45.0000   22.5000 2998.4211   10.2422
    7.5000   45.0000   22.5000 2980.4570   10.3167
   -7.5000   52.5000   22.5000 2860.8469   10.8852
    0.0000   52.5000   22.5000 2897.9062   10.6875
    7.5000   52.5000   22.5000 2889.5984   10.7547
   -7.5000  -37.5000   30.0000 2259.0583   16.3821
    0.0000  -37.5000   30.0000 2279.1218   15.8825
    7.5000  -37.5000   30.0000 2294.7363   15.7466
   -7.5000  -30.0000   30.0000 2356.1643   15.0968
    0.0000  -30.0000   30.0000 2371.0276   14.7476
    7.5000  -30.0000   30.0000 2384.1157   14.6547
   -7.5000  -22.5000   30.0000 2452.5042   14.0174
    0.0000  -22.5000   30.0000 2465.5400   13.7143
    7.5000  -22.5000   30.0000 2477.3958   13.6777
   -7.5000  -15.0000   30.0000 2539.5737   13.0771
    0.0000  -15.0000   30.0000 2547.8027   12.7881
    7.5000  -15.0000   30.0000 2554.7080   12.7780
   -7.5000   -7.5000   30.0000 2620.8579   12.2772
    0.0000   -7.5000   30.0000 2634.1814   12.0016
    7.5000   -7.5000   30.0000 2631.7986   12.0020
   -7.5000    0.0000   30.0000 2692.0312   11.6027
    0.0000    0.0000   30.0000 2711.0278   11.3248
    7.5000    0.0000   30.0000 2706.2778   11.3347
   -7.5000    7.5000   30.0000 2762.6853   11.0762
    0.0000    7.5000   30.0000 2778.3623   10.8194
    7.5000    7.5000   30.0000 2773.0103   10.8448
   -7.5000   15.0000   30.0000 2827.0159   10.6949
    0.0000   15.0000   30.0000 2845.2927   10.4669
    7.5000   15.0000   30.0000 2839.0076   10.4999
   -7.5000   22.5000   30.0000 2886.8184   10.4514
    0.0000   22.5000   30.0000 2913.8972   10.2467
    7.5000   22.5000   30.0000 2908.8591   10.2977
   -7.5000   30.0000   30.0000 2923.0173   10.3893
    0.0000   30.0000   30.0000 2952.8174   10.1068
    7.5000   30.0000   30.0000 2945.8386   10.1728
   -7.5000   37.5000   30.0000 2924.4810   10.4972
    0.0000   37.5000   30.0000 2959.3713   10.2161
    7.5000   37.5000   30.0000 2957.1150   10.3019
   -7.5000   45.0000   30.0000 2893.3909   10.8644
    0.0000   45.0000   30.0000 2936.5798   10.5998
    7.5000   45.0000   30.0000 2927.7410   10.6952
   -7.5000   52.5000   30.0000 2804.7859   11.3165
    0.0000   52.5000   30.0000 2839.3569   11.0690
    7.5000   52.5000   30.0000 2833.9958   11.1725
   -7.5000  -37.5000   37.5000 2179.5022   17.8868
    0.0000  -37.5000   37.5000 2195.5217   17.3127
    7.5000  -37.5000   37.5000 2214.8428   17.1728
   -7.5000  -30.0000   37.5000 2279.9084   16.3308
    0.0000  -30.0000   37.5000 2294.0305   15.8615
    7.5000  -30.0000   37.5000 2313.3257   15.7783
   -7.5000  -22.5000   37.5000 2384.7324   15.0149
    0.0000  -22.5000   37.5000 2394.8616   14.6414
    7.5000  -22.5000   37.5000 2411.0833   14.5957
   -7.5000  -15.0000   37.5000 2477.2288   13.9139
    0.0000  -15.0000   37.5000 2487.3025   13.5514
    7.5000  -15.0000   37.5000 2497.4341   13.5439
   -7.5000   -7.5000   37.5000 2562.7424   12.9807
    0.0000   -7.5000   37.5000 2581.2361   12.6319
    7.5000   -7.5000   37.5000 2584.6589   12.6427
   -7.5000    0.0000   37.5000 2645.6401   12.2321
    0.0000    0.0000   37.5000 2663.4678   11.9002
    7.5000    0.0000   37.5000 2665.1277   11.9136
   -7.5000    7.5000   37.5000 2722.3496   11.6638
    0.0000    7.5000   37.5000 2744.1311   11.3726
    7.5000    7.5000   37.5000 2740.4529   11.3851
   -7.5000   15.0000   37.5000 2786.3203   11.2694
    0.0000   15.0000   37.5000 2812.1294   10.9986
    7.5000   15.0000   37.5000 2806.4143   11.0151
   -7.5000   22.5000   37.5000 2839.2131   11.0396
    0.0000   22.5000   37.5000 2870.2561   10.7470
    7.5000   22.5000   37.5000 2867.2222   10.7742
   -7.5000   30.0000   37.5000 2864.8655   10.9461
    0.0000   30.0000   37.5000 2895.9995   10.6116
    7.5000   30.0000   37.5000 2891.5002   10.6707
   -7.5000   37.5000   37.5000 2862.0112   11.0370
    0.0000   37.5000   37.5000 2893.0618   10.7627
    7.5000   37.5000   37.5000 2889.3538   10.8193
   -7.5000   45.0000   37.5000 2824.6843   11.4001
    0.0000   45.0000   37.5000 2862.0056   11.1649
    7.5000   45.0000   37.5000 2854.6545   11.2171
   -7.5000   52.5000   37.5000 2737.8967   11.8568
    0.0000   52.5000   37.5000 2765.1121   11.6172
    7.5000   52.5000   37.5000 2760.0400   11.7010
   -7.5000  -37.5000   45.0000 2092.2219   19.6080
    0.0000  -37.5000   45.0000 2110.2180   18.8570
    7.5000  -37.5000   45.0000 2125.5542   18.7682
   -7.5000  -30.0000   45.0000 2200.4485   17.7338
    0.0000  -30.0000   45.0000 2217.5889   17.1464
    7.5000  -30.0000   45.0000 2232.7239   17.1004
   -7.5000  -22.5000   45.0000 2309.4626   16.1670
    0.0000  -22.5000   45.0000 2323.9395   15.6987
    7.5000  -22.5000   45.0000 2339.5996   15.6323
   -7.5000  -15.0000   45.0000 2405.7925   14.9192
    0.0000  -15.0000   45.0000 2421.4673   14.4815
    7.5000  -15.0000   45.0000 2433.8762   14.4404
   -7.5000   -7.5000   45.0000 2499.8738   13.8860
    0.0000   -7.5000   45.0000 2523.9075   13.4638
    7.5000   -7.5000   45.0000 2530.7261   13.4653
   -7.5000    0.0000   45.0000 2590.2070   13.0443
    0.0000    0.0000   45.0000 2614.0840   12.6752
    7.5000    0.0000   45.0000 2614.4216   12.6619
   -7.5000    7.5000   45.0000 2668.7671   12.4449
    0.0000    7.5000   45.0000 2693.3577   12.1152
    7.5000    7.5000   45.0000 2692.6841   12.1124
   -7.5000   15.0000   45.0000 2727.7112   12.0271
    0.0000   15.0000   45.0000 2756.1951   11.6812
    7.5000   15.0000   45.0000 2754.2659   11.6957
   -7.5000   22.5000   45.0000 2774.6274   11.7841
    0.0000   22.5000   45.0000 2804.3699   11.4154
    7.5000   22.5000   45.0000 2803.4761   11.4332
   -7.5000   30.0000   45.0000 2789.8547   11.6400
    0.0000   30.0000   45.0000 2820.3557   11.3249
    7.5000   30.0000   45.0000 2815.3792   11.3603
   -7.5000   37.5000   45.0000 2784.1687   11.7316
    0.0000   37.5000   45.0000 2817.7627   11.4513
    7.5000   37.5000   45.0000 2812.8645   11.5013
   -7.5000   45.0000   45.0000 2746.2261   12.0970
    0.0000   45.0000   45.0000 2779.7722   11.8477
    7.5000   45.0000   45.0000 2775.7686   11.8997
   -7.5000   52.5000   45.0000 2662.0996   12.5498
    0.0000   52.5000   45.0000 2686.8665   12.2941
    7.5000   52.5000   45.0000 2683.1960   12.3647

---------------------------------------------------------------------
imgreg_4dfp /home/aracena/freesurfer/average/711-2C_as_mni_average_305 /home/aracena/freesurfer/average/711-2B_as_mni_average_305_mask talsrcimg_g11 none talsrcimg_to_711-2C_as_mni_average_305_t4 1283
---------------------------------------------------------------------

freesurfer imgreg_4dfp.c
/home/aracena/freesurfer/average/711-2C_as_mni_average_305.4dfp.img
       256       256       256         1
  1.000000  1.000000  1.000000
orientation T byte_order littleendian
Reading image: /home/aracena/freesurfer/average/711-2C_as_mni_average_305.4dfp.img
dimensions:      256       256       256
mmppix:       1.0000   -1.0000   -1.0000
center:     128.0000 -129.0000 -129.0000
/home/aracena/freesurfer/average/711-2B_as_mni_average_305_mask.4dfp.img
       256       256       256         1
  1.000000  1.000000  1.000000
orientation T byte_order littleendian
Reading mask: /home/aracena/freesurfer/average/711-2B_as_mni_average_305_mask.4dfp.img (2306576 pixels)
talsrcimg_g11.4dfp.img
       256       256       256         1
  1.000000  1.000000  1.000000
orientation T byte_order littleendian
Reading image: talsrcimg_g11.4dfp.img
dimensions:      256       256       256
mmppix:       1.0000   -1.0000   -1.0000
center:     128.0000 -129.0000 -129.0000
rotation matrix determinant  1.000000
fimgreg.f
image alignment mode   1283 decimal      503 hex
parameters
    0.0000   37.5000   15.0000    0.0000    0.0000    0.0000
eta,q 0.96958  9.93759
niter,ni,del,rscale     5    3   12.0000    1.2000
parameter  6  0.503195 ->  0.500000 qaram    1.1500
parameters
    2.1999   37.2621   12.1419   -1.6431    0.6479   -3.4500
eta,q 0.97307  9.87279
  0.0571  0.0384  0.0315  0.0308  0.0381  0.0285
  0.0475  0.0343  0.0292  0.0293  0.0338  0.0272
  0.0397  0.0318  0.0291  0.0285  0.0307  0.0268
  0.0338  0.0311  0.0311  0.0288  0.0284  0.0281
  0.0313  0.0320  0.0341  0.0303  0.0284  0.0306
  0.0331  0.0346  0.0384  0.0323  0.0312  0.0334
  0.0382  0.0402  0.0442  0.0358  0.0351  0.0362
niter,ni,del,rscale     5    3   12.0000    1.2000
parameters
    2.0876   37.4468   12.2523   -1.9671    0.8948   -2.8693
eta,q 0.97327  9.87045
  0.0447  0.0369  0.0367  0.0314  0.0379  0.0348
  0.0359  0.0321  0.0311  0.0288  0.0328  0.0309
  0.0290  0.0284  0.0278  0.0276  0.0287  0.0283
  0.0269  0.0269  0.0268  0.0269  0.0269  0.0270
  0.0303  0.0269  0.0284  0.0273  0.0282  0.0269
  0.0373  0.0303  0.0314  0.0296  0.0318  0.0294
  0.0454  0.0367  0.0353  0.0328  0.0362  0.0326
niter,ni,del,rscale     4    3   12.0000    1.2000
parameters
    1.9938   37.5936   12.1824   -1.9940    0.9883   -2.7925
eta,q 0.97340  9.87334
  0.0449  0.0370  0.0359  0.0321  0.0373  0.0337
  0.0362  0.0320  0.0303  0.0291  0.0323  0.0300
  0.0290  0.0283  0.0272  0.0274  0.0282  0.0278
  0.0267  0.0267  0.0266  0.0266  0.0266  0.0266
  0.0303  0.0269  0.0283  0.0270  0.0282  0.0272
  0.0373  0.0306  0.0313  0.0292  0.0320  0.0301
  0.0455  0.0368  0.0356  0.0323  0.0366  0.0333
niter,ni,del,rscale     3    3   12.0000    1.2000
parameters
    1.9614   37.6157   12.1745   -1.9980    1.0158   -2.7811
eta,q 0.97342  9.87375
  0.0453  0.0366  0.0361  0.0322  0.0371  0.0335
  0.0365  0.0316  0.0304  0.0291  0.0321  0.0299
  0.0291  0.0281  0.0273  0.0274  0.0281  0.0278
  0.0266  0.0266  0.0266  0.0266  0.0266  0.0266
  0.0300  0.0270  0.0281  0.0270  0.0283  0.0272
  0.0371  0.0310  0.0311  0.0292  0.0322  0.0302
  0.0453  0.0372  0.0354  0.0323  0.0368  0.0334
registration optimization eta report
parameter search radius
    6.0000    6.0000    6.0000    6.0000    6.0000    6.9000
100000*second partial in parameter space
       50.       29.       25.       16.       28.       14.
  0.0453  0.0366  0.0361  0.0322  0.0371  0.0335
  0.0365  0.0316  0.0304  0.0291  0.0321  0.0299
  0.0291  0.0281  0.0273  0.0274  0.0281  0.0278
  0.0266  0.0266  0.0266  0.0266  0.0266  0.0266
  0.0300  0.0270  0.0281  0.0270  0.0283  0.0272
  0.0371  0.0310  0.0311  0.0292  0.0322  0.0302
  0.0453  0.0372  0.0354  0.0323  0.0368  0.0334
    1.9614   37.6157   12.1745   -1.9980    1.0158   -2.7811
eta,q 0.97342  9.87375

---------------------------------------------------------------------
imgreg_4dfp /home/aracena/freesurfer/average/711-2C_as_mni_average_305 /home/aracena/freesurfer/average/711-2B_as_mni_average_305_mask talsrcimg_g11 none talsrcimg_to_711-2C_as_mni_average_305_t4 3335
---------------------------------------------------------------------

freesurfer imgreg_4dfp.c
/home/aracena/freesurfer/average/711-2C_as_mni_average_305.4dfp.img
       256       256       256         1
  1.000000  1.000000  1.000000
orientation T byte_order littleendian
Reading image: /home/aracena/freesurfer/average/711-2C_as_mni_average_305.4dfp.img
dimensions:      256       256       256
mmppix:       1.0000   -1.0000   -1.0000
center:     128.0000 -129.0000 -129.0000
/home/aracena/freesurfer/average/711-2B_as_mni_average_305_mask.4dfp.img
       256       256       256         1
  1.000000  1.000000  1.000000
orientation T byte_order littleendian
Reading mask: /home/aracena/freesurfer/average/711-2B_as_mni_average_305_mask.4dfp.img (2306576 pixels)
talsrcimg_g11.4dfp.img
       256       256       256         1
  1.000000  1.000000  1.000000
orientation T byte_order littleendian
Reading image: talsrcimg_g11.4dfp.img
dimensions:      256       256       256
mmppix:       1.0000   -1.0000   -1.0000
center:     128.0000 -129.0000 -129.0000
fimgreg.f
image alignment mode   3335 decimal      D07 hex
parameters
    1.9614   37.6157   12.1745   -0.1335   -0.1815   -0.0765
    4.9108   -1.6005   -4.8513    3.5683    1.7728   -3.4859
eta,q 0.97486  9.93775
niter,ni,del,rscale     5    3    5.0000    1.2000
parameter  5  1.124950 ->  0.500000 qaram    1.1500
parameters
    1.9745   37.5953   12.1573   -3.5556   -4.3215   -0.3296
    4.0984   -0.3304   -2.6710    3.4019    1.5425   -3.4215
eta,q 0.97831  9.78067
  0.0285  0.0271  0.0270  0.0256  0.0218  0.0254  0.0242  0.0284  0.0251  0.0248  0.0231  0.0233
  0.0267  0.0260  0.0260  0.0245  0.0220  0.0240  0.0229  0.0256  0.0237  0.0231  0.0223  0.0225
  0.0255  0.0254  0.0253  0.0242  0.0228  0.0228  0.0222  0.0234  0.0226  0.0220  0.0219  0.0220
  0.0251  0.0251  0.0251  0.0251  0.0242  0.0221  0.0222  0.0221  0.0219  0.0217  0.0217  0.0217
  0.0255  0.0254  0.0254  0.0272  0.0261  0.0223  0.0227  0.0220  0.0217  0.0222  0.0219  0.0219
  0.0266  0.0261  0.0260  0.0300  0.0282  0.0238  0.0238  0.0231  0.0220  0.0234  0.0225  0.0225
  0.0284  0.0272  0.0270  0.0330  0.0306  0.0265  0.0254  0.0253  0.0227  0.0250  0.0233  0.0233
niter,ni,del,rscale     5    3    5.0000    1.2000
parameters
    2.1263   37.5863   12.4538   -3.2556   -6.8129    0.1716
    3.6091   -0.2445   -2.4572    3.5106    1.3840   -3.0259
eta,q 0.97892  9.73982
  0.0257  0.0242  0.0240  0.0256  0.0231  0.0250  0.0236  0.0263  0.0233  0.0243  0.0226  0.0228
  0.0236  0.0228  0.0229  0.0240  0.0218  0.0235  0.0222  0.0236  0.0221  0.0226  0.0218  0.0220
  0.0223  0.0219  0.0221  0.0226  0.0212  0.0222  0.0213  0.0218  0.0214  0.0215  0.0213  0.0214
  0.0217  0.0217  0.0217  0.0216  0.0216  0.0212  0.0211  0.0211  0.0211  0.0211  0.0211  0.0211
  0.0219  0.0220  0.0217  0.0217  0.0228  0.0210  0.0216  0.0216  0.0213  0.0215  0.0213  0.0212
  0.0230  0.0229  0.0222  0.0231  0.0248  0.0222  0.0227  0.0234  0.0219  0.0225  0.0219  0.0218
  0.0248  0.0242  0.0231  0.0255  0.0273  0.0247  0.0244  0.0261  0.0231  0.0241  0.0228  0.0225
niter,ni,del,rscale     4    3    5.0000    1.2000
parameters
    2.1672   37.5902   12.6768   -2.9078   -7.1628    0.2637
    3.5023   -0.1992   -2.4115    3.4381    1.3263   -2.7569
eta,q 0.97902  9.74027
  0.0249  0.0237  0.0234  0.0252  0.0243  0.0246  0.0238  0.0262  0.0231  0.0240  0.0226  0.0227
  0.0229  0.0222  0.0222  0.0236  0.0226  0.0232  0.0224  0.0235  0.0219  0.0224  0.0217  0.0219
  0.0216  0.0214  0.0214  0.0221  0.0214  0.0219  0.0213  0.0217  0.0212  0.0213  0.0212  0.0213
  0.0211  0.0211  0.0211  0.0211  0.0210  0.0210  0.0210  0.0210  0.0210  0.0210  0.0210  0.0210
  0.0215  0.0214  0.0212  0.0212  0.0215  0.0210  0.0214  0.0216  0.0212  0.0214  0.0212  0.0212
  0.0227  0.0223  0.0217  0.0226  0.0229  0.0225  0.0224  0.0234  0.0219  0.0225  0.0218  0.0217
  0.0247  0.0236  0.0227  0.0249  0.0250  0.0251  0.0240  0.0261  0.0230  0.0241  0.0227  0.0225
niter,ni,del,rscale     3    3    5.0000    1.2000
parameters
    2.1724   37.5671   12.7261   -2.8426   -7.2260    0.2632
    3.4820   -0.1864   -2.4036    3.3688    1.3201   -2.6416
eta,q 0.97903  9.73946
  0.0248  0.0235  0.0230  0.0249  0.0245  0.0246  0.0239  0.0262  0.0231  0.0240  0.0226  0.0226
  0.0228  0.0221  0.0219  0.0234  0.0227  0.0232  0.0224  0.0235  0.0219  0.0224  0.0218  0.0218
  0.0215  0.0212  0.0212  0.0219  0.0215  0.0218  0.0213  0.0217  0.0212  0.0213  0.0212  0.0212
  0.0210  0.0210  0.0210  0.0210  0.0210  0.0210  0.0210  0.0210  0.0210  0.0210  0.0210  0.0210
  0.0214  0.0213  0.0212  0.0213  0.0214  0.0210  0.0213  0.0216  0.0212  0.0214  0.0212  0.0212
  0.0227  0.0222  0.0218  0.0228  0.0227  0.0226  0.0223  0.0235  0.0219  0.0225  0.0217  0.0217
  0.0248  0.0236  0.0228  0.0253  0.0247  0.0252  0.0240  0.0262  0.0231  0.0241  0.0227  0.0225
niter,ni,del,rscale     2    3    5.0000    1.2000
parameters
    2.1725   37.5537   12.7370   -2.8266   -7.2290    0.2566
    3.4775   -0.1831   -2.4047    3.3357    1.3255   -2.6039
eta,q 0.97902  9.73935
  0.0248  0.0236  0.0230  0.0249  0.0246  0.0246  0.0239  0.0262  0.0231  0.0241  0.0226  0.0226
  0.0228  0.0221  0.0219  0.0233  0.0228  0.0232  0.0224  0.0235  0.0219  0.0224  0.0218  0.0218
  0.0214  0.0212  0.0212  0.0219  0.0215  0.0218  0.0213  0.0217  0.0212  0.0213  0.0212  0.0212
  0.0210  0.0210  0.0210  0.0210  0.0210  0.0210  0.0210  0.0210  0.0210  0.0210  0.0210  0.0210
  0.0214  0.0213  0.0212  0.0213  0.0214  0.0210  0.0213  0.0216  0.0212  0.0214  0.0212  0.0212
  0.0227  0.0222  0.0219  0.0229  0.0227  0.0226  0.0223  0.0235  0.0219  0.0225  0.0217  0.0217
  0.0248  0.0236  0.0229  0.0253  0.0247  0.0253  0.0240  0.0262  0.0231  0.0241  0.0227  0.0225
registration optimization eta report
parameter search radius
    2.4000    2.4000    2.4000    7.2000    8.2800    7.2000
    7.2000    7.2000    7.2000    7.2000    7.2000    7.2000
100000*second partial in parameter space
       66.       45.       34.        8.        5.        8.
        6.       10.        4.        6.        3.        3.
  0.0248  0.0236  0.0230  0.0249  0.0246  0.0246  0.0239  0.0262  0.0231  0.0241  0.0226  0.0226
  0.0228  0.0221  0.0219  0.0233  0.0228  0.0232  0.0224  0.0235  0.0219  0.0224  0.0218  0.0218
  0.0214  0.0212  0.0212  0.0219  0.0215  0.0218  0.0213  0.0217  0.0212  0.0213  0.0212  0.0212
  0.0210  0.0210  0.0210  0.0210  0.0210  0.0210  0.0210  0.0210  0.0210  0.0210  0.0210  0.0210
  0.0214  0.0213  0.0212  0.0213  0.0214  0.0210  0.0213  0.0216  0.0212  0.0214  0.0212  0.0212
  0.0227  0.0222  0.0219  0.0229  0.0227  0.0226  0.0223  0.0235  0.0219  0.0225  0.0217  0.0217
  0.0248  0.0236  0.0229  0.0253  0.0247  0.0253  0.0240  0.0262  0.0231  0.0241  0.0227  0.0225
    2.1725   37.5537   12.7370   -2.8266   -7.2290    0.2566
    3.4775   -0.1831   -2.4047    3.3357    1.3255   -2.6039
eta,q 0.97902  9.73935

---------------------------------------------------------------------
imgreg_4dfp /home/aracena/freesurfer/average/711-2C_as_mni_average_305 /home/aracena/freesurfer/average/711-2B_as_mni_average_305_mask talsrcimg_g11 none talsrcimg_to_711-2C_as_mni_average_305_t4 2311
---------------------------------------------------------------------

freesurfer imgreg_4dfp.c
/home/aracena/freesurfer/average/711-2C_as_mni_average_305.4dfp.img
       256       256       256         1
  1.000000  1.000000  1.000000
orientation T byte_order littleendian
Reading image: /home/aracena/freesurfer/average/711-2C_as_mni_average_305.4dfp.img
dimensions:      256       256       256
mmppix:       1.0000   -1.0000   -1.0000
center:     128.0000 -129.0000 -129.0000
/home/aracena/freesurfer/average/711-2B_as_mni_average_305_mask.4dfp.img
       256       256       256         1
  1.000000  1.000000  1.000000
orientation T byte_order littleendian
Reading mask: /home/aracena/freesurfer/average/711-2B_as_mni_average_305_mask.4dfp.img (2306576 pixels)
talsrcimg_g11.4dfp.img
       256       256       256         1
  1.000000  1.000000  1.000000
orientation T byte_order littleendian
Reading image: talsrcimg_g11.4dfp.img
dimensions:      256       256       256
mmppix:       1.0000   -1.0000   -1.0000
center:     128.0000 -129.0000 -129.0000
fimgreg.f
image alignment mode   2311 decimal      907 hex
parameters
    2.1725   37.5537   12.7370   -2.8266   -7.2290    0.2566
    3.4775   -0.1831   -2.4047    3.3357    1.3255   -2.6039
eta,q 0.97902  9.73935
niter,ni,del,rscale     5    3    5.0000    0.8000
parameters
    2.1819   37.5281   12.7191   -2.4623   -7.1592    0.7209
    3.4821   -0.1926   -2.4037    3.2108    1.2466   -2.7574
eta,q 0.97915  9.76385
  0.0228  0.0221  0.0218  0.0233  0.0223  0.0231  0.0223  0.0235  0.0218  0.0223  0.0217  0.0216
  0.0218  0.0215  0.0213  0.0223  0.0216  0.0222  0.0215  0.0221  0.0213  0.0215  0.0212  0.0212
  0.0212  0.0211  0.0211  0.0215  0.0211  0.0214  0.0210  0.0212  0.0210  0.0210  0.0209  0.0209
  0.0210  0.0210  0.0210  0.0210  0.0209  0.0209  0.0209  0.0209  0.0209  0.0209  0.0209  0.0209
  0.0212  0.0211  0.0211  0.0210  0.0211  0.0208  0.0210  0.0212  0.0210  0.0211  0.0210  0.0210
  0.0218  0.0215  0.0214  0.0217  0.0215  0.0214  0.0215  0.0221  0.0213  0.0216  0.0212  0.0213
  0.0227  0.0222  0.0219  0.0229  0.0223  0.0226  0.0223  0.0235  0.0218  0.0224  0.0217  0.0217
niter,ni,del,rscale     4    3    5.0000    0.7000
parameters
    2.1888   37.5196   12.7505   -2.4614   -7.2054    0.8931
    3.4935   -0.1782   -2.4071    3.2086    1.2022   -2.7998
eta,q 0.97916  9.76794
  0.0223  0.0218  0.0216  0.0226  0.0219  0.0225  0.0219  0.0229  0.0216  0.0220  0.0215  0.0215
  0.0215  0.0212  0.0212  0.0218  0.0213  0.0217  0.0213  0.0218  0.0212  0.0214  0.0211  0.0211
  0.0210  0.0209  0.0209  0.0211  0.0210  0.0212  0.0210  0.0211  0.0209  0.0210  0.0209  0.0209
  0.0209  0.0208  0.0209  0.0209  0.0209  0.0209  0.0208  0.0208  0.0208  0.0208  0.0208  0.0208
  0.0210  0.0210  0.0209  0.0210  0.0210  0.0209  0.0210  0.0211  0.0209  0.0210  0.0209  0.0209
  0.0215  0.0213  0.0212  0.0216  0.0213  0.0214  0.0213  0.0218  0.0212  0.0214  0.0211  0.0212
  0.0222  0.0218  0.0215  0.0227  0.0220  0.0224  0.0219  0.0229  0.0216  0.0220  0.0215  0.0215
niter,ni,del,rscale     3    3    5.0000    0.6000
parameters
    2.1950   37.5203   12.7647   -2.4245   -7.2232    1.0085
    3.4862   -0.1681   -2.3874    3.1999    1.1742   -2.8189
eta,q 0.97918  9.77174
  0.0219  0.0215  0.0214  0.0222  0.0216  0.0221  0.0216  0.0224  0.0214  0.0217  0.0213  0.0213
  0.0213  0.0211  0.0211  0.0215  0.0212  0.0215  0.0212  0.0215  0.0211  0.0212  0.0210  0.0211
  0.0210  0.0209  0.0209  0.0210  0.0209  0.0211  0.0209  0.0210  0.0209  0.0209  0.0209  0.0209
  0.0208  0.0208  0.0208  0.0208  0.0208  0.0208  0.0208  0.0208  0.0208  0.0208  0.0208  0.0208
  0.0209  0.0209  0.0209  0.0210  0.0209  0.0208  0.0209  0.0210  0.0209  0.0209  0.0209  0.0209
  0.0213  0.0211  0.0211  0.0214  0.0212  0.0212  0.0212  0.0215  0.0211  0.0212  0.0210  0.0211
  0.0219  0.0215  0.0214  0.0222  0.0216  0.0220  0.0216  0.0224  0.0214  0.0217  0.0213  0.0213
niter,ni,del,rscale     2    3    5.0000    0.5000
parameters
    2.1983   37.5181   12.7757   -2.3993   -7.2396    1.1153
    3.4818   -0.1636   -2.3634    3.1808    1.1427   -2.8331
eta,q 0.97919  9.77503
  0.0216  0.0213  0.0212  0.0218  0.0214  0.0217  0.0214  0.0219  0.0212  0.0214  0.0211  0.0212
  0.0212  0.0210  0.0210  0.0213  0.0211  0.0213  0.0211  0.0213  0.0210  0.0211  0.0210  0.0210
  0.0209  0.0209  0.0209  0.0210  0.0209  0.0210  0.0209  0.0209  0.0209  0.0209  0.0208  0.0209
  0.0208  0.0208  0.0208  0.0208  0.0208  0.0208  0.0208  0.0208  0.0208  0.0208  0.0208  0.0208
  0.0209  0.0209  0.0209  0.0209  0.0209  0.0208  0.0209  0.0209  0.0208  0.0209  0.0208  0.0209
  0.0211  0.0210  0.0210  0.0212  0.0211  0.0211  0.0211  0.0213  0.0210  0.0211  0.0210  0.0210
  0.0216  0.0213  0.0212  0.0218  0.0214  0.0217  0.0214  0.0219  0.0212  0.0214  0.0212  0.0212
niter,ni,del,rscale     1    3    5.0000    0.4000
parameters
    2.2012   37.5152   12.7865   -2.3826   -7.2346    1.2292
    3.4603   -0.1574   -2.3442    3.1537    1.1318   -2.8445
eta,q 0.97920  9.77893
  0.0213  0.0211  0.0211  0.0215  0.0212  0.0214  0.0212  0.0215  0.0211  0.0212  0.0210  0.0210
  0.0210  0.0209  0.0209  0.0211  0.0210  0.0211  0.0210  0.0211  0.0209  0.0210  0.0209  0.0209
  0.0209  0.0208  0.0208  0.0209  0.0209  0.0209  0.0208  0.0209  0.0208  0.0208  0.0208  0.0208
  0.0208  0.0208  0.0208  0.0208  0.0208  0.0208  0.0208  0.0208  0.0208  0.0208  0.0208  0.0208
  0.0209  0.0208  0.0208  0.0209  0.0208  0.0208  0.0208  0.0209  0.0208  0.0209  0.0208  0.0208
  0.0210  0.0209  0.0209  0.0211  0.0210  0.0210  0.0210  0.0211  0.0209  0.0210  0.0209  0.0209
  0.0213  0.0211  0.0210  0.0215  0.0212  0.0213  0.0212  0.0215  0.0210  0.0212  0.0210  0.0210
registration optimization eta report
parameter search radius
    0.8000    0.8000    0.8000    2.4000    2.4000    2.4000
    2.4000    2.4000    2.4000    2.4000    2.4000    2.4000
100000*second partial in parameter space
       73.       47.       38.       11.        6.       10.
        6.       12.        4.        7.        4.        4.
  0.0213  0.0211  0.0211  0.0215  0.0212  0.0214  0.0212  0.0215  0.0211  0.0212  0.0210  0.0210
  0.0210  0.0209  0.0209  0.0211  0.0210  0.0211  0.0210  0.0211  0.0209  0.0210  0.0209  0.0209
  0.0209  0.0208  0.0208  0.0209  0.0209  0.0209  0.0208  0.0209  0.0208  0.0208  0.0208  0.0208
  0.0208  0.0208  0.0208  0.0208  0.0208  0.0208  0.0208  0.0208  0.0208  0.0208  0.0208  0.0208
  0.0209  0.0208  0.0208  0.0209  0.0208  0.0208  0.0208  0.0209  0.0208  0.0209  0.0208  0.0208
  0.0210  0.0209  0.0209  0.0211  0.0210  0.0210  0.0210  0.0211  0.0209  0.0210  0.0209  0.0209
  0.0213  0.0211  0.0210  0.0215  0.0212  0.0213  0.0212  0.0215  0.0210  0.0212  0.0210  0.0210
    2.2012   37.5152   12.7865   -2.3826   -7.2346    1.2292
    3.4603   -0.1574   -2.3442    3.1537    1.1318   -2.8445
eta,q 0.97920  9.77893

---------------------------------------------------------------------
imgreg_4dfp /home/aracena/freesurfer/average/711-2C_as_mni_average_305 /home/aracena/freesurfer/average/711-2B_as_mni_average_305_mask talsrcimg_g11 none talsrcimg_to_711-2C_as_mni_average_305_t4 2311
---------------------------------------------------------------------

freesurfer imgreg_4dfp.c
/home/aracena/freesurfer/average/711-2C_as_mni_average_305.4dfp.img
       256       256       256         1
  1.000000  1.000000  1.000000
orientation T byte_order littleendian
Reading image: /home/aracena/freesurfer/average/711-2C_as_mni_average_305.4dfp.img
dimensions:      256       256       256
mmppix:       1.0000   -1.0000   -1.0000
center:     128.0000 -129.0000 -129.0000
/home/aracena/freesurfer/average/711-2B_as_mni_average_305_mask.4dfp.img
       256       256       256         1
  1.000000  1.000000  1.000000
orientation T byte_order littleendian
Reading mask: /home/aracena/freesurfer/average/711-2B_as_mni_average_305_mask.4dfp.img (2306576 pixels)
talsrcimg_g11.4dfp.img
       256       256       256         1
  1.000000  1.000000  1.000000
orientation T byte_order littleendian
Reading image: talsrcimg_g11.4dfp.img
dimensions:      256       256       256
mmppix:       1.0000   -1.0000   -1.0000
center:     128.0000 -129.0000 -129.0000
fimgreg.f
image alignment mode   2311 decimal      907 hex
parameters
    2.2012   37.5152   12.7865   -2.3826   -7.2346    1.2292
    3.4603   -0.1574   -2.3442    3.1537    1.1318   -2.8445
eta,q 0.97920  9.77893
niter,ni,del,rscale     5    3    5.0000    0.8000
parameters
    2.1964   37.5228   12.8288   -2.5906   -7.3094    0.9133
    3.4935   -0.1576   -2.4023    3.2519    1.2100   -2.7320
eta,q 0.97916  9.76298
  0.0226  0.0220  0.0218  0.0229  0.0221  0.0226  0.0223  0.0235  0.0218  0.0224  0.0217  0.0217
  0.0216  0.0213  0.0213  0.0219  0.0214  0.0217  0.0215  0.0221  0.0213  0.0216  0.0212  0.0213
  0.0210  0.0209  0.0209  0.0211  0.0210  0.0211  0.0210  0.0212  0.0209  0.0210  0.0210  0.0210
  0.0208  0.0208  0.0208  0.0208  0.0208  0.0208  0.0208  0.0208  0.0208  0.0208  0.0208  0.0208
  0.0210  0.0209  0.0209  0.0211  0.0210  0.0210  0.0210  0.0211  0.0210  0.0210  0.0209  0.0209
  0.0216  0.0213  0.0212  0.0220  0.0214  0.0219  0.0215  0.0220  0.0213  0.0215  0.0212  0.0212
  0.0227  0.0220  0.0217  0.0234  0.0222  0.0234  0.0222  0.0235  0.0218  0.0223  0.0216  0.0216
niter,ni,del,rscale     4    3    5.0000    0.7000
parameters
    2.1951   37.5217   12.7908   -2.4832   -7.2571    0.9227
    3.4921   -0.1711   -2.3987    3.2101    1.2015   -2.7624
eta,q 0.97917  9.76697
  0.0222  0.0218  0.0215  0.0227  0.0219  0.0224  0.0219  0.0229  0.0216  0.0220  0.0215  0.0215
  0.0215  0.0212  0.0211  0.0218  0.0213  0.0216  0.0213  0.0218  0.0212  0.0213  0.0211  0.0211
  0.0210  0.0209  0.0209  0.0212  0.0210  0.0211  0.0210  0.0211  0.0209  0.0209  0.0209  0.0209
  0.0208  0.0208  0.0208  0.0208  0.0208  0.0208  0.0208  0.0208  0.0208  0.0208  0.0208  0.0208
  0.0210  0.0209  0.0209  0.0210  0.0209  0.0209  0.0210  0.0211  0.0209  0.0210  0.0209  0.0209
  0.0215  0.0212  0.0212  0.0216  0.0213  0.0215  0.0213  0.0218  0.0212  0.0214  0.0211  0.0212
  0.0223  0.0217  0.0216  0.0226  0.0219  0.0226  0.0219  0.0229  0.0216  0.0220  0.0215  0.0215
niter,ni,del,rscale     3    3    5.0000    0.6000
parameters
    2.1954   37.5176   12.7764   -2.4289   -7.2391    1.0128
    3.4887   -0.1676   -2.3927    3.1898    1.1695   -2.8062
eta,q 0.97918  9.77137
  0.0219  0.0215  0.0214  0.0222  0.0216  0.0220  0.0216  0.0224  0.0214  0.0217  0.0213  0.0213
  0.0213  0.0211  0.0211  0.0215  0.0212  0.0215  0.0212  0.0215  0.0211  0.0212  0.0210  0.0211
  0.0210  0.0209  0.0209  0.0210  0.0209  0.0211  0.0209  0.0210  0.0209  0.0209  0.0209  0.0209
  0.0208  0.0208  0.0208  0.0208  0.0208  0.0208  0.0208  0.0208  0.0208  0.0208  0.0208  0.0208
  0.0209  0.0209  0.0209  0.0209  0.0209  0.0208  0.0209  0.0210  0.0209  0.0209  0.0209  0.0209
  0.0213  0.0211  0.0211  0.0214  0.0212  0.0212  0.0212  0.0215  0.0211  0.0212  0.0210  0.0211
  0.0219  0.0215  0.0214  0.0222  0.0216  0.0221  0.0216  0.0224  0.0214  0.0217  0.0213  0.0213
niter,ni,del,rscale     2    3    5.0000    0.5000
parameters
    2.1961   37.5115   12.7792   -2.3977   -7.2303    1.1133
    3.4826   -0.1617   -2.3591    3.1739    1.1392   -2.8241
eta,q 0.97919  9.77516
  0.0216  0.0213  0.0212  0.0218  0.0214  0.0217  0.0214  0.0219  0.0212  0.0214  0.0211  0.0212
  0.0211  0.0210  0.0210  0.0213  0.0211  0.0213  0.0211  0.0213  0.0210  0.0211  0.0210  0.0210
  0.0209  0.0209  0.0209  0.0210  0.0209  0.0210  0.0209  0.0209  0.0209  0.0209  0.0208  0.0209
  0.0208  0.0208  0.0208  0.0208  0.0208  0.0208  0.0208  0.0208  0.0208  0.0208  0.0208  0.0208
  0.0209  0.0209  0.0209  0.0209  0.0209  0.0208  0.0209  0.0209  0.0209  0.0209  0.0208  0.0209
  0.0211  0.0210  0.0210  0.0212  0.0211  0.0211  0.0211  0.0213  0.0210  0.0211  0.0210  0.0210
  0.0216  0.0213  0.0212  0.0218  0.0214  0.0217  0.0214  0.0219  0.0212  0.0214  0.0212  0.0212
niter,ni,del,rscale     1    3    5.0000    0.4000
parameters
    2.2004   37.5076   12.7879   -2.3779   -7.2341    1.2286
    3.4604   -0.1547   -2.3360    3.1467    1.1177   -2.8377
eta,q 0.97920  9.77890
  0.0213  0.0211  0.0211  0.0215  0.0212  0.0214  0.0212  0.0215  0.0211  0.0212  0.0210  0.0210
  0.0210  0.0209  0.0209  0.0211  0.0210  0.0211  0.0210  0.0211  0.0209  0.0210  0.0209  0.0209
  0.0209  0.0208  0.0208  0.0209  0.0209  0.0209  0.0208  0.0209  0.0208  0.0208  0.0208  0.0208
  0.0208  0.0208  0.0208  0.0208  0.0208  0.0208  0.0208  0.0208  0.0208  0.0208  0.0208  0.0208
  0.0209  0.0208  0.0208  0.0209  0.0208  0.0208  0.0208  0.0209  0.0208  0.0209  0.0208  0.0208
  0.0210  0.0209  0.0209  0.0211  0.0210  0.0210  0.0210  0.0211  0.0209  0.0210  0.0209  0.0209
  0.0213  0.0211  0.0211  0.0215  0.0212  0.0213  0.0212  0.0215  0.0210  0.0212  0.0210  0.0210
registration optimization eta report
parameter search radius
    0.8000    0.8000    0.8000    2.4000    2.4000    2.4000
    2.4000    2.4000    2.4000    2.4000    2.4000    2.4000
100000*second partial in parameter space
       74.       47.       38.       11.        6.       10.
        6.       12.        4.        7.        4.        4.
  0.0213  0.0211  0.0211  0.0215  0.0212  0.0214  0.0212  0.0215  0.0211  0.0212  0.0210  0.0210
  0.0210  0.0209  0.0209  0.0211  0.0210  0.0211  0.0210  0.0211  0.0209  0.0210  0.0209  0.0209
  0.0209  0.0208  0.0208  0.0209  0.0209  0.0209  0.0208  0.0209  0.0208  0.0208  0.0208  0.0208
  0.0208  0.0208  0.0208  0.0208  0.0208  0.0208  0.0208  0.0208  0.0208  0.0208  0.0208  0.0208
  0.0209  0.0208  0.0208  0.0209  0.0208  0.0208  0.0208  0.0209  0.0208  0.0209  0.0208  0.0208
  0.0210  0.0209  0.0209  0.0211  0.0210  0.0210  0.0210  0.0211  0.0209  0.0210  0.0209  0.0209
  0.0213  0.0211  0.0211  0.0215  0.0212  0.0213  0.0212  0.0215  0.0210  0.0212  0.0210  0.0210
    2.2004   37.5076   12.7879   -2.3779   -7.2341    1.2286
    3.4604   -0.1547   -2.3360    3.1467    1.1177   -2.8377
eta,q 0.97920  9.77890

---------------------------------------------------------------------
compute_vox2vox talsrcimg talsrcimg_to_711-2C_as_mni_average_305_t4 /home/aracena/freesurfer/average/711-2C_as_mni_average_305
---------------------------------------------------------------------

freesurfer compute_vox2vox.c
Reading: talsrcimg.4dfp.ifh
Reading: talsrcimg_to_711-2C_as_mni_average_305_t4
Reading: /home/aracena/freesurfer/average/711-2C_as_mni_average_305.4dfp.ifh
Writing: talsrcimg_to_711-2C_as_mni_average_305_t4_vox2vox.txt

start time mar 28 dic 2021 13:35:09 -03
end		time mar 28 dic 2021 13:35:37 -03

mpr2mni305 success

avi2talxfm orig_nu.mgz /home/aracena/freesurfer/average/mni305.cor.mgz talsrcimg_to_711-2C_as_mni_average_305_t4_vox2vox.txt transforms/talairach.auto.xfm
avi2talxfm done
lta_convert --src orig_nu.mgz --trg /home/aracena/freesurfer/average/mni305.cor.mgz --inxfm transforms/talairach.auto.xfm --outlta transforms/talairach.auto.xfm.lta --subject fsaverage
7.2.0

--src: orig_nu.mgz src image (geometry).
--trg: /home/aracena/freesurfer/average/mni305.cor.mgz trg image (geometry).
--inmni: transforms/talairach.auto.xfm input MNI/XFM transform.
--outlta: transforms/talairach.auto.xfm.lta output LTA.
--s: fsaverage subject name
 LTA read, type : 1
 1.02341   0.00275  -0.03809  -0.37646;
-0.01057   0.98690   0.03058   0.95998;
 0.02613  -0.03341   1.07599  -3.42573;
 0.00000   0.00000   0.00000   1.00000;
setting subject to fsaverage
Writing  LTA to file transforms/talairach.auto.xfm.lta...
lta_convert successful.
 
 
Started at mar 28 dic 2021 13:35:08 -03
Ended   at mar 28 dic 2021 13:35:37 -03
talairach_avi done
