status file for recon-all
mar 28 dic 2021 13:30:12 -03
#@# MotionCor mar 28 dic 2021 13:30:18 -03
#@# Talairach mar 28 dic 2021 13:30:28 -03
#@# Talairach Failure Detection mar 28 dic 2021 13:34:14 -03
#@# Nu Intensity Correction mar 28 dic 2021 13:34:14 -03
#@# Intensity Normalization mar 28 dic 2021 13:39:30 -03
#@# Skull Stripping mar 28 dic 2021 13:42:08 -03
#@# EM Registration mar 28 dic 2021 14:07:42 -03
#@# CA Normalize mar 28 dic 2021 14:26:27 -03
#@# CA Reg mar 28 dic 2021 14:27:46 -03
#@# SubCort Seg mar 28 dic 2021 19:43:17 -03
#@# CC Seg mar 28 dic 2021 21:01:56 -03
#@# Merge ASeg mar 28 dic 2021 21:03:14 -03
#@# Intensity Normalization2 mar 28 dic 2021 21:03:14 -03
#@# Mask BFS mar 28 dic 2021 21:07:34 -03
#@# WM Segmentation mar 28 dic 2021 21:07:37 -03
#@# Fill mar 28 dic 2021 21:11:40 -03
#@# Tessellate lh mar 28 dic 2021 21:13:23 -03
#@# Tessellate rh mar 28 dic 2021 21:13:28 -03
#@# Smooth1 lh mar 28 dic 2021 21:13:34 -03
#@# Smooth1 rh mar 28 dic 2021 21:13:37 -03
#@# Inflation1 lh mar 28 dic 2021 21:13:41 -03
#@# Inflation1 rh mar 28 dic 2021 21:14:10 -03
#@# QSphere lh mar 28 dic 2021 21:14:40 -03
#@# QSphere rh mar 28 dic 2021 21:19:15 -03
#@# Fix Topology lh mar 28 dic 2021 21:22:44 -03
#@# Fix Topology rh mar 28 dic 2021 21:25:19 -03
#@# Smooth2 lh mar 28 dic 2021 21:49:12 -03
#@# Smooth2 rh mar 28 dic 2021 21:49:20 -03
#@# Inflation2 lh mar 28 dic 2021 21:49:28 -03
#@# Inflation2 rh mar 28 dic 2021 21:50:38 -03
#@# Curv .H and .K lh mar 28 dic 2021 21:51:52 -03
#@# Curv .H and .K rh mar 28 dic 2021 21:53:23 -03
#@# Sphere lh mar 28 dic 2021 21:54:54 -03
#@# Sphere rh mar 28 dic 2021 22:05:34 -03
#@# Surf Reg lh mar 28 dic 2021 22:22:54 -03
#@# Surf Reg rh mar 28 dic 2021 22:43:32 -03
#@# Jacobian white lh mar 28 dic 2021 23:08:20 -03
#@# Jacobian white rh mar 28 dic 2021 23:08:23 -03
#@# AvgCurv lh mar 28 dic 2021 23:08:26 -03
#@# AvgCurv rh mar 28 dic 2021 23:08:28 -03
#@# Cortical Parc lh mar 28 dic 2021 23:08:30 -03
#@# Cortical Parc rh mar 28 dic 2021 23:08:54 -03
#@# white curv lh mar 28 dic 2021 23:31:21 -03
#@# white area lh mar 28 dic 2021 23:31:26 -03
#@# pial curv lh mar 28 dic 2021 23:31:30 -03
#@# pial area lh mar 28 dic 2021 23:31:36 -03
#@# thickness lh mar 28 dic 2021 23:31:39 -03
#@# area and vertex vol lh mar 28 dic 2021 23:33:53 -03
#@# white curv rh mar 28 dic 2021 23:33:59 -03
#@# white area rh mar 28 dic 2021 23:34:06 -03
#@# pial curv rh mar 28 dic 2021 23:34:09 -03
#@# pial area rh mar 28 dic 2021 23:34:15 -03
#@# thickness rh mar 28 dic 2021 23:34:18 -03
#@# area and vertex vol rh mar 28 dic 2021 23:36:12 -03
#@# Curvature Stats lh mar 28 dic 2021 23:36:17 -03
#@# Curvature Stats rh mar 28 dic 2021 23:36:24 -03
#@# Cortical ribbon mask mar 28 dic 2021 23:36:31 -03
#@# Cortical Parc 2 lh mar 28 dic 2021 23:59:48 -03
#@# Cortical Parc 2 rh mié 29 dic 2021 00:00:19 -03
#@# Cortical Parc 3 lh mié 29 dic 2021 00:00:53 -03
#@# Cortical Parc 3 rh mié 29 dic 2021 00:01:16 -03
#@# WM/GM Contrast lh mié 29 dic 2021 00:01:42 -03
#@# WM/GM Contrast rh mié 29 dic 2021 00:01:48 -03
#@# Relabel Hypointensities mié 29 dic 2021 00:01:56 -03
#@# APas-to-ASeg mié 29 dic 2021 00:02:53 -03
#@# AParc-to-ASeg aparc mié 29 dic 2021 00:03:48 -03
#@# AParc-to-ASeg aparc.a2009s mié 29 dic 2021 00:16:53 -03
#@# AParc-to-ASeg aparc.DKTatlas mié 29 dic 2021 00:29:18 -03
#@# WMParc mié 29 dic 2021 00:36:22 -03
#@# Parcellation Stats lh mié 29 dic 2021 00:45:25 -03
#@# Parcellation Stats rh mié 29 dic 2021 00:46:01 -03
#@# Parcellation Stats 2 lh mié 29 dic 2021 00:46:37 -03
#@# Parcellation Stats 2 rh mié 29 dic 2021 00:46:57 -03
#@# Parcellation Stats 3 lh mié 29 dic 2021 00:47:18 -03
#@# Parcellation Stats 3 rh mié 29 dic 2021 00:47:36 -03
#@# ASeg Stats mié 29 dic 2021 00:47:55 -03
#@# BA_exvivo Labels lh mié 29 dic 2021 00:51:01 -03
#@# BA_exvivo Labels rh mié 29 dic 2021 00:55:25 -03
recon-all -s sub-06 finished without error at mié 29 dic 2021 00:59:37 -03
