/opt/home/aracena/thesis_practica/tips_nibabel/3_recon-all_freesurfer/output/freesurfer/sub-09/mri
/home/aracena/freesurfer/bin/mri_nu_correct.mni
--i orig.mgz --o nu.mgz --uchar transforms/talairach.xfm --n 2 --ants-n4
nIters 2
mri_nu_correct.mni 7.2.0
Linux daniela-MS-7760 5.11.0-41-generic #45-Ubuntu SMP Fri Nov 5 11:37:01 UTC 2021 x86_64 x86_64 x86_64 GNU/Linux
mar 28 dic 2021 13:35:41 -03
tmpdir is ./tmp.mri_nu_correct.mni.1012646
cd /opt/home/aracena/thesis_practica/tips_nibabel/3_recon-all_freesurfer/output/freesurfer/sub-09/mri
AntsN4BiasFieldCorrectionFs -i orig.mgz -o ./tmp.mri_nu_correct.mni.1012646/nu0.mgz --dtype uchar
AntsN4BiasFieldCorrectionFs done
mri_binarize --i ./tmp.mri_nu_correct.mni.1012646/nu0.mgz --min -1 --o ./tmp.mri_nu_correct.mni.1012646/ones.mgz

7.2.0
cwd /opt/home/aracena/thesis_practica/tips_nibabel/3_recon-all_freesurfer/output/freesurfer/sub-09/mri
cmdline mri_binarize --i ./tmp.mri_nu_correct.mni.1012646/nu0.mgz --min -1 --o ./tmp.mri_nu_correct.mni.1012646/ones.mgz 
sysname  Linux
hostname daniela-MS-7760
machine  x86_64
user     aracena

input      ./tmp.mri_nu_correct.mni.1012646/nu0.mgz
frame      0
nErode3d   0
nErode2d   0
output     ./tmp.mri_nu_correct.mni.1012646/ones.mgz
Binarizing based on threshold
min        -1
max        +infinity
binval        1
binvalnot     0
fstart = 0, fend = 0, nframes = 1
Starting parallel 1
Found 16777216 values in range
Counting number of voxels in first frame
Found 16777215 voxels in final mask
Writing output to ./tmp.mri_nu_correct.mni.1012646/ones.mgz
Count: 16777215 16777215.000000 16777216 99.999994
mri_binarize done
mri_segstats --id 1 --seg ./tmp.mri_nu_correct.mni.1012646/ones.mgz --i orig.mgz --sum ./tmp.mri_nu_correct.mni.1012646/sum.junk --avgwf ./tmp.mri_nu_correct.mni.1012646/input.mean.dat

7.2.0
cwd 
cmdline mri_segstats --id 1 --seg ./tmp.mri_nu_correct.mni.1012646/ones.mgz --i orig.mgz --sum ./tmp.mri_nu_correct.mni.1012646/sum.junk --avgwf ./tmp.mri_nu_correct.mni.1012646/input.mean.dat 
sysname  Linux
hostname daniela-MS-7760
machine  x86_64
user     aracena
whitesurfname  white
UseRobust  0
Loading ./tmp.mri_nu_correct.mni.1012646/ones.mgz
Loading orig.mgz
Voxel Volume is 1 mm^3
Generating list of segmentation ids
Found   1 segmentations
Computing statistics for each segmentation

Reporting on   1 segmentations
Using PrintSegStat
Computing spatial average of each frame
  0
Writing to ./tmp.mri_nu_correct.mni.1012646/input.mean.dat
mri_segstats done
mri_segstats --id 1 --seg ./tmp.mri_nu_correct.mni.1012646/ones.mgz --i ./tmp.mri_nu_correct.mni.1012646/nu0.mgz --sum ./tmp.mri_nu_correct.mni.1012646/sum.junk --avgwf ./tmp.mri_nu_correct.mni.1012646/output.mean.dat

7.2.0
cwd 
cmdline mri_segstats --id 1 --seg ./tmp.mri_nu_correct.mni.1012646/ones.mgz --i ./tmp.mri_nu_correct.mni.1012646/nu0.mgz --sum ./tmp.mri_nu_correct.mni.1012646/sum.junk --avgwf ./tmp.mri_nu_correct.mni.1012646/output.mean.dat 
sysname  Linux
hostname daniela-MS-7760
machine  x86_64
user     aracena
whitesurfname  white
UseRobust  0
Loading ./tmp.mri_nu_correct.mni.1012646/ones.mgz
Loading ./tmp.mri_nu_correct.mni.1012646/nu0.mgz
Voxel Volume is 1 mm^3
Generating list of segmentation ids
Found   1 segmentations
Computing statistics for each segmentation

Reporting on   1 segmentations
Using PrintSegStat
Computing spatial average of each frame
  0
Writing to ./tmp.mri_nu_correct.mni.1012646/output.mean.dat
mri_segstats done
mris_calc -o ./tmp.mri_nu_correct.mni.1012646/nu0.mgz ./tmp.mri_nu_correct.mni.1012646/nu0.mgz mul 1.04600856270931422764
mri_convert ./tmp.mri_nu_correct.mni.1012646/nu0.mgz nu.mgz --like orig.mgz
mri_convert ./tmp.mri_nu_correct.mni.1012646/nu0.mgz nu.mgz --like orig.mgz 
reading from ./tmp.mri_nu_correct.mni.1012646/nu0.mgz...
TR=0.00, TE=0.00, TI=0.00, flip angle=0.00
i_ras = (-1, 0, 3.72529e-09)
j_ras = (-3.72529e-09, 6.98492e-10, -1)
k_ras = (0, 1, 2.56114e-09)
INFO: transform src into the like-volume: orig.mgz
writing to nu.mgz...
mri_make_uchar nu.mgz transforms/talairach.xfm nu.mgz
type change took 0 minutes and 6 seconds.
mapping ( 8, 180) to ( 3, 110)
 
 
mar 28 dic 2021 13:40:35 -03
mri_nu_correct.mni done
