status file for recon-all
mar 28 dic 2021 13:30:12 -03
#@# MotionCor mar 28 dic 2021 13:30:20 -03
#@# Talairach mar 28 dic 2021 13:30:32 -03
#@# Talairach Failure Detection mar 28 dic 2021 13:34:15 -03
#@# Nu Intensity Correction mar 28 dic 2021 13:34:15 -03
#@# Intensity Normalization mar 28 dic 2021 13:39:35 -03
#@# Skull Stripping mar 28 dic 2021 13:42:55 -03
#@# EM Registration mar 28 dic 2021 13:54:45 -03
#@# CA Normalize mar 28 dic 2021 14:05:36 -03
#@# CA Reg mar 28 dic 2021 14:07:38 -03
#@# SubCort Seg mar 28 dic 2021 19:20:42 -03
#@# CC Seg mar 28 dic 2021 20:40:33 -03
#@# Merge ASeg mar 28 dic 2021 20:41:32 -03
#@# Intensity Normalization2 mar 28 dic 2021 20:41:32 -03
#@# Mask BFS mar 28 dic 2021 20:46:31 -03
#@# WM Segmentation mar 28 dic 2021 20:46:35 -03
#@# Fill mar 28 dic 2021 20:51:21 -03
#@# Tessellate lh mar 28 dic 2021 20:52:56 -03
#@# Tessellate rh mar 28 dic 2021 20:53:01 -03
#@# Smooth1 lh mar 28 dic 2021 20:53:06 -03
#@# Smooth1 rh mar 28 dic 2021 20:53:10 -03
#@# Inflation1 lh mar 28 dic 2021 20:53:13 -03
#@# Inflation1 rh mar 28 dic 2021 20:53:36 -03
#@# QSphere lh mar 28 dic 2021 20:54:11 -03
#@# QSphere rh mar 28 dic 2021 20:58:09 -03
#@# Fix Topology lh mar 28 dic 2021 21:01:41 -03
#@# Fix Topology rh mar 28 dic 2021 21:03:49 -03
#@# Smooth2 lh mar 28 dic 2021 21:21:42 -03
#@# Smooth2 rh mar 28 dic 2021 21:21:48 -03
#@# Inflation2 lh mar 28 dic 2021 21:21:54 -03
#@# Inflation2 rh mar 28 dic 2021 21:22:45 -03
#@# Curv .H and .K lh mar 28 dic 2021 21:23:17 -03
#@# Curv .H and .K rh mar 28 dic 2021 21:24:31 -03
#@# Sphere lh mar 28 dic 2021 21:25:45 -03
#@# Sphere rh mar 28 dic 2021 21:38:32 -03
#@# Surf Reg lh mar 28 dic 2021 21:57:34 -03
#@# Surf Reg rh mar 28 dic 2021 22:19:21 -03
#@# Jacobian white lh mar 28 dic 2021 22:45:54 -03
#@# Jacobian white rh mar 28 dic 2021 22:45:56 -03
#@# AvgCurv lh mar 28 dic 2021 22:45:58 -03
#@# AvgCurv rh mar 28 dic 2021 22:45:59 -03
#@# Cortical Parc lh mar 28 dic 2021 22:46:01 -03
#@# Cortical Parc rh mar 28 dic 2021 22:46:15 -03
#@# white curv lh mar 28 dic 2021 23:12:54 -03
#@# white area lh mar 28 dic 2021 23:12:57 -03
#@# pial curv lh mar 28 dic 2021 23:12:58 -03
#@# pial area lh mar 28 dic 2021 23:13:01 -03
#@# thickness lh mar 28 dic 2021 23:13:02 -03
#@# area and vertex vol lh mar 28 dic 2021 23:13:47 -03
#@# white curv rh mar 28 dic 2021 23:13:49 -03
#@# white area rh mar 28 dic 2021 23:13:52 -03
#@# pial curv rh mar 28 dic 2021 23:13:53 -03
#@# pial area rh mar 28 dic 2021 23:13:56 -03
#@# thickness rh mar 28 dic 2021 23:13:58 -03
#@# area and vertex vol rh mar 28 dic 2021 23:14:56 -03
#@# Curvature Stats lh mar 28 dic 2021 23:15:00 -03
#@# Curvature Stats rh mar 28 dic 2021 23:15:05 -03
#@# Cortical ribbon mask mar 28 dic 2021 23:15:10 -03
#@# Cortical Parc 2 lh mar 28 dic 2021 23:24:51 -03
#@# Cortical Parc 2 rh mar 28 dic 2021 23:25:07 -03
#@# Cortical Parc 3 lh mar 28 dic 2021 23:25:23 -03
#@# Cortical Parc 3 rh mar 28 dic 2021 23:25:41 -03
#@# WM/GM Contrast lh mar 28 dic 2021 23:25:59 -03
#@# WM/GM Contrast rh mar 28 dic 2021 23:26:05 -03
#@# Relabel Hypointensities mar 28 dic 2021 23:26:11 -03
#@# APas-to-ASeg mar 28 dic 2021 23:26:35 -03
#@# AParc-to-ASeg aparc mar 28 dic 2021 23:27:04 -03
#@# AParc-to-ASeg aparc.a2009s mar 28 dic 2021 23:31:03 -03
#@# AParc-to-ASeg aparc.DKTatlas mar 28 dic 2021 23:35:41 -03
#@# WMParc mar 28 dic 2021 23:40:57 -03
#@# Parcellation Stats lh mar 28 dic 2021 23:51:48 -03
#@# Parcellation Stats rh mar 28 dic 2021 23:52:29 -03
#@# Parcellation Stats 2 lh mar 28 dic 2021 23:53:06 -03
#@# Parcellation Stats 2 rh mar 28 dic 2021 23:53:28 -03
#@# Parcellation Stats 3 lh mar 28 dic 2021 23:53:52 -03
#@# Parcellation Stats 3 rh mar 28 dic 2021 23:54:12 -03
#@# ASeg Stats mar 28 dic 2021 23:54:36 -03
#@# BA_exvivo Labels lh mié 29 dic 2021 00:00:08 -03
#@# BA_exvivo Labels rh mié 29 dic 2021 00:09:43 -03
recon-all -s sub-10 finished without error at mié 29 dic 2021 00:20:48 -03
